{"numFailedTestSuites":0,"numFailedTests":0,"numPassedTestSuites":1,"numPassedTests":4,"numPendingTestSuites":0,"numPendingTests":0,"numRuntimeErrorTestSuites":0,"numTodoTests":0,"numTotalTestSuites":1,"numTotalTests":4,"openHandles":[],"snapshot":{"added":0,"didUpdate":false,"failure":false,"filesAdded":0,"filesRemoved":0,"filesRemovedList":[],"filesUnmatched":0,"filesUpdated":0,"matched":0,"total":0,"unchecked":0,"uncheckedKeysByFile":[],"unmatched":0,"updated":0},"startTime":1728616407287,"success":true,"testResults":[{"assertionResults":[{"ancestorTitles":["[utils]: svgToDataURL"],"duration":1,"failureDetails":[],"failureMessages":[],"fullName":"[utils]: svgToDataURL should return correct data URL for an empty SVG string","invocations":1,"location":null,"numPassingAsserts":1,"retryReasons":[],"status":"passed","title":"should return correct data URL for an empty SVG string"},{"ancestorTitles":["[utils]: svgToDataURL"],"duration":0,"failureDetails":[],"failureMessages":[],"fullName":"[utils]: svgToDataURL should return correct data URL for a valid simple SVG string","invocations":1,"location":null,"numPassingAsserts":1,"retryReasons":[],"status":"passed","title":"should return correct data URL for a valid simple SVG string"},{"ancestorTitles":["[utils]: svgToDataURL"],"duration":0,"failureDetails":[],"failureMessages":[],"fullName":"[utils]: svgToDataURL should correctly encode SVG string with special characters","invocations":1,"location":null,"numPassingAsserts":1,"retryReasons":[],"status":"passed","title":"should correctly encode SVG string with special characters"},{"ancestorTitles":["[utils]: svgToDataURL"],"duration":0,"failureDetails":[],"failureMessages":[],"fullName":"[utils]: svgToDataURL should return correct data URL for SVG string with attributes and styles","invocations":1,"location":null,"numPassingAsserts":1,"retryReasons":[],"status":"passed","title":"should return correct data URL for SVG string with attributes and styles"}],"endTime":1728616408670,"message":"","name":"/Users/ranantharaj/projects/nextgen-ui/libs/icons-platform/src/utils.spec.ts","startTime":1728616407677,"status":"passed","summary":""}],"wasInterrupted":false,"coverageMap":{"/Users/ranantharaj/projects/nextgen-ui/libs/icons-platform/src/utils.ts":{"path":"/Users/ranantharaj/projects/nextgen-ui/libs/icons-platform/src/utils.ts","all":false,"statementMap":{"0":{"start":{"line":1,"column":0},"end":{"line":1,"column":54}},"1":{"start":{"line":2,"column":0},"end":{"line":2,"column":70}},"2":{"start":{"line":3,"column":0},"end":{"line":3,"column":1}}},"s":{"0":1,"1":4,"2":4},"branchMap":{"0":{"type":"branch","line":1,"loc":{"start":{"line":1,"column":28},"end":{"line":3,"column":1}},"locations":[{"start":{"line":1,"column":28},"end":{"line":3,"column":1}}]}},"b":{"0":[4]},"fnMap":{"0":{"name":"svgToDataURL","decl":{"start":{"line":1,"column":28},"end":{"line":3,"column":1}},"loc":{"start":{"line":1,"column":28},"end":{"line":3,"column":1}},"line":1}},"f":{"0":4}}}}
