TN:
SF:jest.setup.ts
FNF:0
FNH:0
DA:1,1
DA:2,1
DA:3,1
DA:4,1
DA:5,1
DA:6,1
DA:7,1
DA:8,1
DA:9,1
DA:10,1
DA:11,1
DA:12,1
DA:13,1
DA:14,1
DA:15,1
DA:16,1
DA:17,1
DA:18,1
DA:19,1
DA:20,1
DA:21,1
DA:22,1
DA:23,1
DA:24,1
DA:25,1
DA:26,1
DA:27,1
DA:28,1
DA:29,1
DA:30,1
DA:31,1
DA:32,1
DA:33,1
DA:34,1
DA:35,1
DA:36,1
DA:37,1
DA:38,1
DA:39,1
DA:40,1
DA:41,1
DA:42,1
DA:43,1
DA:44,1
DA:45,1
DA:46,1
DA:47,1
DA:48,1
DA:49,1
DA:50,1
DA:51,1
DA:52,1
DA:53,1
DA:54,1
DA:55,1
DA:56,1
DA:57,1
DA:58,1
DA:59,1
DA:60,1
DA:61,1
DA:62,1
DA:63,1
DA:64,1
DA:65,1
DA:66,1
DA:67,1
DA:68,1
DA:69,1
DA:70,1
DA:71,1
DA:72,1
DA:73,1
DA:74,1
DA:75,1
DA:76,1
DA:77,1
DA:78,1
DA:79,1
DA:80,1
DA:81,1
DA:82,1
DA:83,1
DA:84,1
DA:85,1
DA:86,1
DA:87,1
DA:88,1
DA:89,1
DA:90,1
DA:91,1
DA:92,1
DA:93,1
DA:94,1
DA:95,1
DA:96,1
DA:97,1
DA:98,1
DA:99,1
DA:100,1
DA:101,1
DA:102,1
DA:103,1
DA:104,1
DA:105,1
DA:106,1
DA:107,1
DA:108,1
DA:109,1
DA:110,1
DA:111,1
DA:112,1
DA:113,1
DA:114,1
DA:115,1
DA:116,1
DA:117,1
DA:118,1
DA:119,1
DA:120,1
DA:121,1
DA:122,1
DA:123,1
DA:124,1
DA:125,1
DA:126,1
DA:127,1
DA:128,1
DA:129,1
DA:130,1
DA:131,1
DA:132,1
DA:133,1
DA:134,1
DA:135,1
DA:136,1
DA:137,1
DA:138,1
DA:139,1
DA:140,1
DA:141,1
DA:142,1
DA:143,1
DA:144,1
DA:145,1
DA:146,1
DA:147,1
DA:148,1
DA:149,1
DA:150,1
DA:151,1
DA:152,1
DA:153,1
DA:154,1
DA:155,1
DA:156,1
DA:157,1
DA:158,1
DA:159,1
DA:160,1
DA:161,1
DA:162,1
DA:163,1
DA:164,1
DA:165,1
DA:166,1
DA:167,1
DA:168,1
DA:169,1
DA:170,1
DA:171,1
DA:172,1
DA:173,1
DA:174,1
DA:175,1
DA:176,1
DA:177,1
DA:178,1
DA:179,1
DA:180,1
DA:181,1
DA:182,1
DA:183,1
DA:184,1
DA:185,1
DA:186,1
DA:187,1
DA:188,1
DA:189,1
DA:190,1
DA:191,1
DA:192,1
DA:193,1
DA:194,1
DA:195,1
DA:196,1
DA:197,1
DA:198,1
DA:199,1
DA:200,1
DA:201,1
DA:202,1
DA:203,1
DA:204,1
DA:205,1
DA:206,1
DA:207,1
DA:208,1
DA:209,1
DA:210,1
DA:211,1
DA:212,1
DA:213,1
DA:214,1
DA:215,1
DA:216,1
DA:217,1
DA:218,1
DA:219,1
DA:220,1
DA:221,1
DA:222,1
DA:223,1
DA:224,1
DA:225,1
DA:226,1
DA:227,1
DA:228,1
DA:229,1
DA:230,1
DA:231,1
DA:232,1
DA:233,1
DA:234,1
DA:235,1
DA:236,1
DA:237,1
DA:238,1
DA:239,1
DA:240,1
DA:241,1
LF:241
LH:241
BRF:0
BRH:0
end_of_record
TN:
SF:libs/shared-network/src/endpoints.ts
FNF:0
FNH:0
DA:1,1
DA:2,1
DA:3,1
DA:4,1
DA:5,1
DA:6,1
DA:7,1
DA:8,1
DA:9,1
DA:10,1
DA:11,1
DA:12,1
DA:13,1
DA:14,1
DA:15,1
LF:15
LH:15
BRF:0
BRH:0
end_of_record
TN:
SF:libs/shared-network/src/EntitlementsProvider/EntitlementsProvider.tsx
FN:17,EntitlementsProvider
FNF:1
FNH:1
FNDA:6,EntitlementsProvider
DA:1,1
DA:2,1
DA:3,1
DA:4,1
DA:5,1
DA:6,1
DA:7,1
DA:8,1
DA:9,1
DA:10,1
DA:11,1
DA:12,1
DA:13,1
DA:14,1
DA:15,1
DA:16,1
DA:17,1
DA:18,6
DA:19,6
DA:20,6
DA:21,6
DA:22,2
DA:23,2
DA:24,4
DA:25,4
DA:26,6
DA:27,6
DA:28,6
DA:29,6
LF:29
LH:29
BRDA:17,0,0,6
BRDA:21,1,0,2
BRDA:21,2,0,2
BRDA:23,3,0,4
BRDA:26,4,0,2
BRDA:26,5,0,2
BRF:6
BRH:6
end_of_record
TN:
SF:libs/shared-network/src/getURLSearchParams/getURLSearchParams.ts
FN:4,getURLSearchParams
FNF:1
FNH:1
FNDA:3,getURLSearchParams
DA:1,1
DA:2,1
DA:3,1
DA:4,1
DA:5,3
DA:6,3
DA:7,6
DA:8,6
DA:9,0
DA:10,1
DA:11,1
DA:12,0
DA:13,0
DA:14,0
DA:15,6
DA:16,6
DA:17,6
DA:18,3
DA:19,3
DA:20,3
LF:20
LH:16
BRDA:4,0,0,3
BRDA:6,1,0,6
BRDA:8,2,0,0
BRDA:9,3,0,1
BRF:4
BRH:3
end_of_record
TN:
SF:libs/shared-network/src/runFetch/runFetch.ts
FN:4,runFetch
FNF:1
FNH:1
FNDA:1,runFetch
DA:1,1
DA:2,1
DA:3,1
DA:4,1
DA:5,1
DA:6,1
DA:7,1
DA:8,1
DA:9,1
DA:10,1
DA:11,1
DA:12,1
DA:13,1
DA:14,0
DA:15,0
DA:16,1
DA:17,1
DA:18,0
DA:19,0
DA:20,1
DA:21,1
DA:22,1
DA:23,1
LF:23
LH:19
BRDA:4,0,0,1
BRDA:6,1,0,0
BRDA:8,2,0,0
BRDA:12,3,0,1
BRDA:13,4,0,0
BRDA:17,5,0,0
BRDA:17,6,0,0
BRF:7
BRH:2
end_of_record
TN:
SF:libs/shared-network/src/runPaginatedFetch/runPaginatedFetch.ts
FNF:0
FNH:0
DA:1,1
DA:2,1
DA:3,1
DA:4,1
DA:5,1
DA:6,1
DA:7,1
DA:8,1
DA:9,1
DA:10,1
DA:11,1
DA:12,1
DA:13,1
DA:14,1
DA:15,1
DA:16,1
DA:17,1
DA:18,1
DA:19,1
DA:20,1
DA:21,1
DA:22,1
DA:23,1
DA:24,1
DA:25,1
DA:26,1
DA:27,1
DA:28,1
DA:29,1
DA:30,1
DA:31,1
DA:32,1
DA:33,1
DA:34,1
DA:35,1
DA:36,1
DA:37,1
DA:38,1
DA:39,1
DA:40,1
DA:41,1
DA:42,1
DA:43,1
LF:43
LH:43
BRDA:8,0,0,1
BRDA:20,1,0,0
BRF:2
BRH:1
end_of_record
TN:
SF:libs/shared-network/src/useFetch/useFetch.ts
FN:13,useFetch
FN:71,fetch
FNF:2
FNH:2
FNDA:3,useFetch
FNDA:2,fetch
DA:1,1
DA:2,1
DA:3,1
DA:4,1
DA:5,1
DA:6,1
DA:7,1
DA:8,1
DA:9,1
DA:10,1
DA:11,1
DA:12,1
DA:13,1
DA:14,3
DA:15,3
DA:16,3
DA:17,3
DA:18,3
DA:19,3
DA:20,3
DA:21,3
DA:22,3
DA:23,3
DA:24,3
DA:25,3
DA:26,3
DA:27,3
DA:28,1
DA:29,1
DA:30,1
DA:31,1
DA:32,1
DA:33,1
DA:34,1
DA:35,1
DA:36,1
DA:37,1
DA:38,1
DA:39,1
DA:40,1
DA:41,1
DA:42,1
DA:43,1
DA:44,1
DA:45,1
DA:46,1
DA:47,1
DA:48,1
DA:49,1
DA:50,1
DA:51,1
DA:52,1
DA:53,1
DA:54,1
DA:55,1
DA:56,1
DA:57,1
DA:58,3
DA:59,3
DA:60,3
DA:61,3
DA:62,1
DA:63,1
DA:64,1
DA:65,1
DA:66,3
DA:67,3
DA:68,3
DA:69,3
DA:70,3
DA:71,3
DA:72,2
DA:73,2
DA:74,3
DA:75,3
LF:75
LH:75
BRDA:13,0,0,3
BRDA:24,1,0,0
BRDA:58,2,0,0
BRDA:26,3,0,3
BRDA:27,4,0,1
BRDA:37,5,0,0
BRDA:61,6,0,1
BRDA:71,7,0,2
BRDA:72,8,0,0
BRF:9
BRH:5
end_of_record
TN:
SF:libs/shared-network/src/useGetQueryFn/useGetQueryFn.ts
FN:7,useGetQueryFn
FNF:1
FNH:1
FNDA:6,useGetQueryFn
DA:1,1
DA:2,1
DA:3,1
DA:4,1
DA:5,1
DA:6,1
DA:7,1
DA:8,6
DA:9,6
DA:10,6
DA:11,3
DA:12,3
DA:13,3
DA:14,3
DA:15,3
DA:16,3
DA:17,1
DA:18,1
DA:19,3
DA:20,3
DA:21,3
DA:22,3
DA:23,3
DA:24,3
DA:25,3
DA:26,3
DA:27,3
DA:28,3
DA:29,0
DA:30,0
DA:31,3
DA:32,3
DA:33,3
DA:34,3
DA:35,3
DA:36,6
LF:36
LH:34
BRDA:7,0,0,6
BRDA:10,1,0,3
BRDA:12,2,0,0
BRDA:14,3,0,0
BRDA:28,4,0,0
BRDA:31,5,0,0
BRDA:16,6,0,1
BRF:7
BRH:3
end_of_record
TN:
SF:libs/shared-network/src/useGetUserData/useGetUserData.tsx
FN:16,useGetUserData
FN:31,select
FNF:2
FNH:1
FNDA:1,useGetUserData
FNDA:0,select
DA:1,1
DA:2,1
DA:3,1
DA:4,1
DA:5,1
DA:6,1
DA:7,1
DA:8,1
DA:9,1
DA:10,1
DA:11,1
DA:12,1
DA:13,1
DA:14,1
DA:15,1
DA:16,1
DA:17,1
DA:18,1
DA:19,1
DA:20,1
DA:21,1
DA:22,1
DA:23,1
DA:24,1
DA:25,1
DA:26,1
DA:27,1
DA:28,1
DA:29,1
DA:30,1
DA:31,1
DA:32,0
DA:33,0
DA:34,0
DA:35,0
DA:36,0
DA:37,0
DA:38,0
DA:39,0
DA:40,0
DA:41,0
DA:42,0
DA:43,0
DA:44,0
DA:45,0
DA:46,0
DA:47,0
DA:48,1
DA:49,1
DA:50,1
DA:51,1
LF:51
LH:35
BRDA:16,0,0,1
BRF:1
BRH:1
end_of_record
TN:
SF:libs/shared-network/src/useLicenseServiceFetch/useLicenseServiceFetch.ts
FN:7,useLicenseServiceFetch
FNF:1
FNH:1
FNDA:3,useLicenseServiceFetch
DA:1,1
DA:2,1
DA:3,1
DA:4,1
DA:5,1
DA:6,1
DA:7,1
DA:8,3
DA:9,3
DA:10,3
DA:11,3
DA:12,3
DA:13,3
DA:14,3
DA:15,3
DA:16,1
DA:17,1
DA:18,1
DA:19,1
DA:20,1
DA:21,1
DA:22,1
DA:23,1
DA:24,1
DA:25,1
DA:26,1
DA:27,1
DA:28,1
DA:29,1
DA:30,1
DA:31,1
DA:32,1
DA:33,3
DA:34,3
DA:35,3
LF:35
LH:35
BRDA:7,0,0,3
BRDA:15,1,0,1
BRF:2
BRH:2
end_of_record
TN:
SF:libs/shared-network/src/useLicenseServiceFetchFunction/useLicenseServiceFetchFunction.ts
FN:8,useLicenseServiceFetchFunction
FNF:1
FNH:1
FNDA:1,useLicenseServiceFetchFunction
DA:1,1
DA:2,1
DA:3,1
DA:4,1
DA:5,1
DA:6,1
DA:7,1
DA:8,1
DA:9,1
DA:10,1
DA:11,1
DA:12,1
DA:13,1
DA:14,1
DA:15,1
DA:16,1
DA:17,1
DA:18,1
DA:19,1
DA:20,1
DA:21,1
DA:22,1
DA:23,1
DA:24,1
DA:25,1
DA:26,1
DA:27,1
DA:28,1
DA:29,1
DA:30,1
DA:31,1
DA:32,1
DA:33,1
DA:34,1
LF:34
LH:34
BRDA:8,0,0,1
BRDA:11,1,0,1
BRDA:11,2,0,0
BRDA:27,3,0,1
BRDA:31,4,0,0
BRF:5
BRH:3
end_of_record
TN:
SF:libs/shared-network/src/usePrincipalRoles/usePrincipalRoles.tsx
FN:36,getAllOrgs
FN:58,usePrincipalRoles
FNF:2
FNH:2
FNDA:2,getAllOrgs
FNDA:1,usePrincipalRoles
DA:1,1
DA:2,1
DA:3,1
DA:4,1
DA:5,1
DA:6,1
DA:7,1
DA:8,1
DA:9,1
DA:10,1
DA:11,1
DA:12,1
DA:13,1
DA:14,1
DA:15,1
DA:16,1
DA:17,1
DA:18,1
DA:19,1
DA:20,1
DA:21,1
DA:22,1
DA:23,1
DA:24,1
DA:25,1
DA:26,1
DA:27,1
DA:28,1
DA:29,1
DA:30,1
DA:31,1
DA:32,1
DA:33,1
DA:34,1
DA:35,1
DA:36,1
DA:37,2
DA:38,2
DA:39,2
DA:40,1
DA:41,1
DA:42,1
DA:43,1
DA:44,2
DA:45,2
DA:46,2
DA:47,1
DA:48,1
DA:49,1
DA:50,1
DA:51,1
DA:52,1
DA:53,1
DA:54,1
DA:55,1
DA:56,1
DA:57,1
DA:58,1
DA:59,1
DA:60,1
DA:61,1
DA:62,1
DA:63,1
DA:64,1
DA:65,1
DA:66,1
DA:67,1
DA:68,1
DA:69,1
DA:70,1
DA:71,1
DA:72,1
DA:73,1
DA:74,1
DA:75,1
DA:76,1
DA:77,1
DA:78,1
DA:79,1
DA:80,1
DA:81,1
DA:82,1
DA:83,1
DA:84,1
DA:85,1
DA:86,1
DA:87,1
DA:88,0
DA:89,0
DA:90,0
DA:91,0
DA:92,0
DA:93,0
DA:94,0
DA:95,1
DA:96,1
DA:97,1
DA:98,1
DA:99,1
DA:100,1
DA:101,1
DA:102,1
DA:103,1
DA:104,1
DA:105,1
DA:106,1
DA:107,1
DA:108,1
DA:109,2
DA:110,2
DA:111,2
DA:112,1
DA:113,1
DA:114,0
DA:115,0
DA:116,1
DA:117,1
DA:118,1
DA:119,1
DA:120,1
DA:121,2
DA:122,2
DA:123,2
DA:124,2
DA:125,1
DA:126,1
DA:127,1
DA:128,1
DA:129,1
DA:130,1
DA:131,1
DA:132,1
DA:133,1
DA:134,1
DA:135,1
DA:136,1
DA:137,1
DA:138,1
DA:139,1
DA:140,1
DA:141,1
DA:142,1
DA:143,0
DA:144,0
DA:145,0
DA:146,1
DA:147,1
DA:148,0
DA:149,0
DA:150,1
DA:151,1
DA:152,1
DA:153,1
DA:154,0
DA:155,0
DA:156,0
DA:157,0
DA:158,0
DA:159,0
DA:160,0
DA:161,1
DA:162,1
DA:163,1
DA:164,1
DA:165,1
DA:166,1
DA:167,1
DA:168,1
DA:169,1
DA:170,1
DA:171,1
DA:172,1
DA:173,1
DA:174,1
DA:175,1
DA:176,1
DA:177,1
DA:178,1
DA:179,1
DA:180,1
DA:181,1
DA:182,0
DA:183,0
DA:184,0
DA:185,0
DA:186,0
DA:187,0
DA:188,0
DA:189,0
DA:190,0
DA:191,0
DA:192,0
DA:193,0
DA:194,0
DA:195,1
DA:196,1
DA:197,1
DA:198,1
DA:199,1
DA:200,1
DA:201,1
DA:202,1
DA:203,1
DA:204,1
LF:204
LH:170
BRDA:15,0,0,1
BRDA:36,1,0,2
BRDA:39,2,0,1
BRDA:40,3,0,1
BRDA:58,4,0,1
BRDA:62,5,0,0
BRDA:62,6,0,0
BRDA:66,7,0,0
BRDA:68,8,0,0
BRDA:71,9,0,0
BRDA:71,10,0,0
BRDA:71,11,0,0
BRDA:73,12,0,0
BRDA:78,13,0,0
BRDA:87,14,0,0
BRDA:104,15,0,0
BRDA:107,16,0,0
BRDA:113,17,0,0
BRDA:113,18,0,0
BRDA:113,19,0,0
BRDA:113,20,0,0
BRDA:97,21,0,1
BRDA:108,22,0,2
BRDA:120,23,0,2
BRDA:124,24,0,1
BRDA:142,25,0,0
BRDA:146,26,0,1
BRDA:147,27,0,0
BRDA:153,28,0,0
BRDA:163,29,0,1
BRDA:164,30,0,0
BRDA:164,31,0,0
BRDA:164,32,0,0
BRDA:165,33,0,0
BRDA:165,34,0,0
BRDA:170,35,0,0
BRDA:170,36,0,0
BRDA:167,37,0,0
BRDA:180,38,0,1
BRF:39
BRH:12
end_of_record
TN:
SF:libs/shared-network/src/useSubscriptionServiceFetch/useSubscriptionServiceFetch.ts
FN:1,(empty-report)
FNF:1
FNH:0
FNDA:0,(empty-report)
DA:1,0
DA:2,0
DA:3,0
DA:4,0
DA:5,0
DA:6,0
DA:7,0
DA:8,0
DA:9,0
DA:10,0
DA:11,0
DA:12,0
DA:13,0
DA:14,0
DA:15,0
DA:16,0
DA:17,0
DA:18,0
DA:19,0
DA:20,0
DA:21,0
DA:22,0
DA:23,0
DA:24,0
DA:25,0
DA:26,0
DA:27,0
DA:28,0
DA:29,0
DA:30,0
DA:31,0
DA:32,0
DA:33,0
LF:33
LH:0
BRDA:1,0,0,0
BRF:1
BRH:0
end_of_record
TN:
SF:libs/shared-network/src/useSubscriptionServiceFetchFunction/useSubscriptionServiceFetchFunction.ts
FN:9,useSubscriptionServiceFetchFunction
FNF:1
FNH:1
FNDA:1,useSubscriptionServiceFetchFunction
DA:1,1
DA:2,1
DA:3,1
DA:4,1
DA:5,1
DA:6,1
DA:7,1
DA:8,1
DA:9,1
DA:10,1
DA:11,1
DA:12,1
DA:13,1
DA:14,1
DA:15,1
DA:16,1
DA:17,1
DA:18,1
DA:19,1
DA:20,1
DA:21,1
DA:22,1
DA:23,1
DA:24,1
DA:25,1
DA:26,1
DA:27,1
DA:28,1
DA:29,1
DA:30,1
DA:31,1
DA:32,1
DA:33,1
DA:34,1
DA:35,1
LF:35
LH:35
BRDA:9,0,0,1
BRDA:12,1,0,1
BRDA:12,2,0,0
BRDA:28,3,0,1
BRDA:32,4,0,0
BRF:5
BRH:3
end_of_record
TN:
SF:libs/shared-network/src/useUDSFetch/useUDSFetch.ts
FN:8,useUDSFetch
FNF:1
FNH:1
FNDA:8,useUDSFetch
DA:1,1
DA:2,1
DA:3,1
DA:4,1
DA:5,1
DA:6,1
DA:7,1
DA:8,1
DA:9,8
DA:10,8
DA:11,8
DA:12,8
DA:13,8
DA:14,8
DA:15,8
DA:16,8
DA:17,3
DA:18,3
DA:19,3
DA:20,3
DA:21,3
DA:22,3
DA:23,3
DA:24,3
DA:25,3
DA:26,3
DA:27,3
DA:28,3
DA:29,3
DA:30,3
DA:31,3
DA:32,3
DA:33,3
DA:34,8
DA:35,8
DA:36,8
DA:37,1
DA:38,1
LF:38
LH:38
BRDA:8,0,0,8
BRDA:16,1,0,3
BRF:2
BRH:2
end_of_record
TN:
SF:libs/shared-network/src/useUDSFetchFunction/useUDSFetchFunction.ts
FN:10,useUDSFetchFunction
FNF:1
FNH:1
FNDA:1,useUDSFetchFunction
DA:1,1
DA:2,1
DA:3,1
DA:4,1
DA:5,1
DA:6,1
DA:7,1
DA:8,1
DA:9,1
DA:10,1
DA:11,1
DA:12,1
DA:13,1
DA:14,1
DA:15,1
DA:16,1
DA:17,1
DA:18,1
DA:19,1
DA:20,1
DA:21,1
DA:22,1
DA:23,1
DA:24,1
DA:25,1
DA:26,1
DA:27,1
DA:28,1
DA:29,1
DA:30,1
DA:31,1
DA:32,1
DA:33,1
DA:34,1
DA:35,1
DA:36,1
DA:37,1
DA:38,1
DA:39,1
DA:40,1
DA:41,1
DA:42,1
DA:43,1
LF:43
LH:43
BRDA:10,0,0,1
BRDA:14,1,0,1
BRDA:14,2,0,0
BRDA:32,3,0,1
BRDA:33,4,0,1
BRDA:38,5,0,0
BRF:6
BRH:4
end_of_record
TN:
SF:libs/shared-network/src/useUDSInfiniteQuery/useUDSInfiniteQuery.ts
FN:24,useUDSInfiniteQuery
FN:33,inifiniteQuery.getNextPageParam
FN:46,getNextPageParam
FNF:3
FNH:3
FNDA:6,useUDSInfiniteQuery
FNDA:3,inifiniteQuery.getNextPageParam
FNDA:14,getNextPageParam
DA:1,1
DA:2,1
DA:3,1
DA:4,1
DA:5,1
DA:6,1
DA:7,1
DA:8,1
DA:9,1
DA:10,1
DA:11,1
DA:12,1
DA:13,1
DA:14,1
DA:15,1
DA:16,1
DA:17,1
DA:18,1
DA:19,1
DA:20,1
DA:21,1
DA:22,1
DA:23,1
DA:24,1
DA:25,6
DA:26,6
DA:27,6
DA:28,6
DA:29,6
DA:30,6
DA:31,6
DA:32,6
DA:33,6
DA:34,3
DA:35,3
DA:36,3
DA:37,3
DA:38,3
DA:39,3
DA:40,3
DA:41,3
DA:42,3
DA:43,3
DA:44,3
DA:45,6
DA:46,6
DA:47,14
DA:48,7
DA:49,7
DA:50,7
DA:51,7
DA:52,7
DA:53,6
DA:54,6
DA:55,6
DA:56,6
DA:57,6
DA:58,1
DA:59,1
DA:60,6
DA:61,6
DA:62,6
DA:63,6
DA:64,6
DA:65,6
DA:66,6
DA:67,6
LF:67
LH:67
BRDA:24,0,0,6
BRDA:57,1,0,3
BRDA:57,2,0,1
BRDA:57,3,0,1
BRDA:63,4,0,2
BRDA:64,5,0,2
BRDA:64,6,0,4
BRDA:33,7,0,3
BRDA:39,8,0,1
BRDA:39,9,0,2
BRDA:46,10,0,14
BRDA:47,11,0,0
BRDA:47,12,0,7
BRF:13
BRH:12
end_of_record
TN:
SF:libs/shared-network/src/useUDSMutation/useUDSMutation.ts
FN:1,(empty-report)
FNF:1
FNH:0
FNDA:0,(empty-report)
DA:1,0
DA:2,0
DA:3,0
DA:4,0
DA:5,0
DA:6,0
DA:7,0
DA:8,0
DA:9,0
DA:10,0
DA:11,0
DA:12,0
DA:13,0
DA:14,0
DA:15,0
DA:16,0
DA:17,0
DA:18,0
DA:19,0
DA:20,0
DA:21,0
DA:22,0
DA:23,0
DA:24,0
DA:25,0
DA:26,0
DA:27,0
DA:28,0
DA:29,0
DA:30,0
DA:31,0
DA:32,0
DA:33,0
DA:34,0
DA:35,0
DA:36,0
DA:37,0
DA:38,0
DA:39,0
DA:40,0
DA:41,0
DA:42,0
DA:43,0
DA:44,0
DA:45,0
DA:46,0
DA:47,0
DA:48,0
DA:49,0
DA:50,0
DA:51,0
DA:52,0
DA:53,0
DA:54,0
DA:55,0
DA:56,0
DA:57,0
DA:58,0
DA:59,0
DA:60,0
DA:61,0
DA:62,0
DA:63,0
DA:64,0
DA:65,0
DA:66,0
DA:67,0
DA:68,0
DA:69,0
DA:70,0
DA:71,0
DA:72,0
DA:73,0
DA:74,0
DA:75,0
DA:76,0
DA:77,0
DA:78,0
DA:79,0
DA:80,0
DA:81,0
DA:82,0
DA:83,0
DA:84,0
DA:85,0
LF:85
LH:0
BRDA:1,0,0,0
BRF:1
BRH:0
end_of_record
