{"numFailedTestSuites":1,"numFailedTests":0,"numPassedTestSuites":61,"numPassedTests":372,"numPendingTestSuites":0,"numPendingTests":0,"numRuntimeErrorTestSuites":1,"numTodoTests":0,"numTotalTestSuites":62,"numTotalTests":372,"openHandles":[],"snapshot":{"added":0,"didUpdate":false,"failure":false,"filesAdded":0,"filesRemoved":0,"filesRemovedList":[],"filesUnmatched":0,"filesUpdated":0,"matched":97,"total":97,"unchecked":0,"uncheckedKeysByFile":[],"unmatched":0,"updated":0},"startTime":1728622397733,"success":false,"testResults":[{"assertionResults":[{"ancestorTitles":["BreadCrumbs"],"duration":23,"failureDetails":[],"failureMessages":[],"fullName":"BreadCrumbs renders correctly","invocations":1,"location":null,"numPassingAsserts":1,"retryReasons":[],"status":"passed","title":"renders correctly"},{"ancestorTitles":["BreadCrumbs"],"duration":36,"failureDetails":[],"failureMessages":[],"fullName":"BreadCrumbs renders an ellipsis when 5 matches and maxItems is 2","invocations":1,"location":null,"numPassingAsserts":1,"retryReasons":[],"status":"passed","title":"renders an ellipsis when 5 matches and maxItems is 2"}],"endTime":1728622399710,"message":"","name":"/Users/ranantharaj/projects/nextgen-ui/libs/shared-components/src/BreadCrumbs/BreadCrumbs.spec.tsx","startTime":1728622398026,"status":"passed","summary":""},{"assertionResults":[{"ancestorTitles":["CollapsibleItem"],"duration":18,"failureDetails":[],"failureMessages":[],"fullName":"CollapsibleItem should not render expand icon if there is only one item with no sub items","invocations":1,"location":null,"numPassingAsserts":3,"retryReasons":[],"status":"passed","title":"should not render expand icon if there is only one item with no sub items"},{"ancestorTitles":["CollapsibleItem"],"duration":99,"failureDetails":[],"failureMessages":[],"fullName":"CollapsibleItem should render CollapsibleItem and expand subItems on click","invocations":1,"location":null,"numPassingAsserts":3,"retryReasons":[],"status":"passed","title":"should render CollapsibleItem and expand subItems on click"},{"ancestorTitles":["CollapsibleItem"],"duration":18,"failureDetails":[],"failureMessages":[],"fullName":"CollapsibleItem should render deep tree correctly","invocations":1,"location":null,"numPassingAsserts":1,"retryReasons":[],"status":"passed","title":"should render deep tree correctly"}],"endTime":1728622400536,"message":"","name":"/Users/ranantharaj/projects/nextgen-ui/libs/shared-components/src/CollapsibleItem/CollapsibleItem.spec.tsx","startTime":1728622399736,"status":"passed","summary":""},{"assertionResults":[{"ancestorTitles":["DurationSelect"],"duration":127,"failureDetails":[],"failureMessages":[],"fullName":"DurationSelect should render and interact with date selector","invocations":1,"location":null,"numPassingAsserts":4,"retryReasons":[],"status":"passed","title":"should render and interact with date selector"}],"endTime":1728622401891,"message":"","name":"/Users/ranantharaj/projects/nextgen-ui/libs/shared-components/src/DurationSelect/DurationSelect.spec.tsx","startTime":1728622400551,"status":"passed","summary":""},{"assertionResults":[{"ancestorTitles":["DateRangePicker"],"duration":32,"failureDetails":[],"failureMessages":[],"fullName":"DateRangePicker should contain 2 inputs","invocations":1,"location":null,"numPassingAsserts":2,"retryReasons":[],"status":"passed","title":"should contain 2 inputs"},{"ancestorTitles":["DateRangePicker"],"duration":90,"failureDetails":[],"failureMessages":[],"fullName":"DateRangePicker should call handler function on change start date input value","invocations":1,"location":null,"numPassingAsserts":1,"retryReasons":[],"status":"passed","title":"should call handler function on change start date input value"},{"ancestorTitles":["DateRangePicker"],"duration":61,"failureDetails":[],"failureMessages":[],"fullName":"DateRangePicker should call handler function on change end date input value","invocations":1,"location":null,"numPassingAsserts":1,"retryReasons":[],"status":"passed","title":"should call handler function on change end date input value"},{"ancestorTitles":["DateRangePicker"],"duration":16,"failureDetails":[],"failureMessages":[],"fullName":"DateRangePicker should match snapshot","invocations":1,"location":null,"numPassingAsserts":1,"retryReasons":[],"status":"passed","title":"should match snapshot"}],"endTime":1728622403577,"message":"","name":"/Users/ranantharaj/projects/nextgen-ui/libs/shared-components/src/DateRangePicker/DateRangePicker.spec.tsx","startTime":1728622401902,"status":"passed","summary":""},{"assertionResults":[{"ancestorTitles":["JsonViewer"],"duration":18,"failureDetails":[],"failureMessages":[],"fullName":"JsonViewer should match snapshot","invocations":1,"location":null,"numPassingAsserts":1,"retryReasons":[],"status":"passed","title":"should match snapshot"}],"endTime":1728622404482,"message":"","name":"/Users/ranantharaj/projects/nextgen-ui/libs/shared-components/src/JsonViewer/JsonViewer.spec.tsx","startTime":1728622403592,"status":"passed","summary":""},{"assertionResults":[{"ancestorTitles":["CopyInput"],"duration":17,"failureDetails":[],"failureMessages":[],"fullName":"CopyInput should match snapshot","invocations":1,"location":null,"numPassingAsserts":1,"retryReasons":[],"status":"passed","title":"should match snapshot"},{"ancestorTitles":["CopyInput"],"duration":39,"failureDetails":[],"failureMessages":[],"fullName":"CopyInput should call onSuccessCallback when copy button is clicked","invocations":1,"location":null,"numPassingAsserts":1,"retryReasons":[],"status":"passed","title":"should call onSuccessCallback when copy button is clicked"}],"endTime":1728622405390,"message":"","name":"/Users/ranantharaj/projects/nextgen-ui/libs/shared-components/src/CopyInput/CopyInput.spec.tsx","startTime":1728622404492,"status":"passed","summary":""},{"assertionResults":[{"ancestorTitles":["TimeZoneSelect"],"duration":115,"failureDetails":[],"failureMessages":[],"fullName":"TimeZoneSelect renders with  initial value","invocations":1,"location":null,"numPassingAsserts":2,"retryReasons":[],"status":"passed","title":"renders with  initial value"},{"ancestorTitles":["TimeZoneSelect"],"duration":44,"failureDetails":[],"failureMessages":[],"fullName":"TimeZoneSelect calls onSelectChange with the selected timezone","invocations":1,"location":null,"numPassingAsserts":2,"retryReasons":[],"status":"passed","title":"calls onSelectChange with the selected timezone"}],"endTime":1728622406785,"message":"","name":"/Users/ranantharaj/projects/nextgen-ui/libs/shared-components/src/TimeZoneSelect/TimeZoneSelect.spec.tsx","startTime":1728622405401,"status":"passed","summary":""},{"assertionResults":[{"ancestorTitles":["Confirmation Modal"],"duration":24,"failureDetails":[],"failureMessages":[],"fullName":"Confirmation Modal should match snapshot","invocations":1,"location":null,"numPassingAsserts":1,"retryReasons":[],"status":"passed","title":"should match snapshot"}],"endTime":1728622408311,"message":"","name":"/Users/ranantharaj/projects/nextgen-ui/libs/shared-components/src/ConfirmationModal/ConfirmationModal.spec.tsx","startTime":1728622406795,"status":"passed","summary":""},{"assertionResults":[{"ancestorTitles":["Confirmation Nagivation"],"duration":32,"failureDetails":[],"failureMessages":[],"fullName":"Confirmation Nagivation should match snapshot","invocations":1,"location":null,"numPassingAsserts":6,"retryReasons":[],"status":"passed","title":"should match snapshot"}],"endTime":1728622409318,"message":"","name":"/Users/ranantharaj/projects/nextgen-ui/libs/shared-components/src/ConfirmNavigation/ConfirmNavigation.spec.tsx","startTime":1728622408328,"status":"passed","summary":""},{"assertionResults":[{"ancestorTitles":["WarningSvg"],"duration":4,"failureDetails":[],"failureMessages":[],"fullName":"WarningSvg should render the warning svg","invocations":1,"location":null,"numPassingAsserts":1,"retryReasons":[],"status":"passed","title":"should render the warning svg"}],"endTime":1728622409965,"message":"","name":"/Users/ranantharaj/projects/nextgen-ui/libs/shared-components/src/ErrorFallback/WarningSvg.spec.tsx","startTime":1728622409329,"status":"passed","summary":""},{"assertionResults":[{"ancestorTitles":["SplitButton"],"duration":12,"failureDetails":[],"failureMessages":[],"fullName":"SplitButton renders SplitButton component","invocations":1,"location":null,"numPassingAsserts":2,"retryReasons":[],"status":"passed","title":"renders SplitButton component"},{"ancestorTitles":["SplitButton"],"duration":72,"failureDetails":[],"failureMessages":[],"fullName":"SplitButton clicking on the button invokes onSubmit","invocations":1,"location":null,"numPassingAsserts":1,"retryReasons":[],"status":"passed","title":"clicking on the button invokes onSubmit"},{"ancestorTitles":["SplitButton"],"duration":94,"failureDetails":[],"failureMessages":[],"fullName":"SplitButton clicking on a menu item invokes the corresponding action","invocations":1,"location":null,"numPassingAsserts":1,"retryReasons":[],"status":"passed","title":"clicking on a menu item invokes the corresponding action"},{"ancestorTitles":["SplitButton"],"duration":53,"failureDetails":[],"failureMessages":[],"fullName":"SplitButton clicking away from the menu closes the menu","invocations":1,"location":null,"numPassingAsserts":2,"retryReasons":[],"status":"passed","title":"clicking away from the menu closes the menu"}],"endTime":1728622411426,"message":"","name":"/Users/ranantharaj/projects/nextgen-ui/libs/shared-components/src/SplitButton/SplitButton.spec.tsx","startTime":1728622409978,"status":"passed","summary":""},{"assertionResults":[{"ancestorTitles":["RowBuilder"],"duration":20,"failureDetails":[],"failureMessages":[],"fullName":"RowBuilder should match snapshot","invocations":1,"location":null,"numPassingAsserts":1,"retryReasons":[],"status":"passed","title":"should match snapshot"},{"ancestorTitles":["RowBuilder"],"duration":93,"failureDetails":[],"failureMessages":[],"fullName":"RowBuilder should be able to add and delete rows","invocations":1,"location":null,"numPassingAsserts":3,"retryReasons":[],"status":"passed","title":"should be able to add and delete rows"},{"ancestorTitles":["RowBuilder"],"duration":15,"failureDetails":[],"failureMessages":[],"fullName":"RowBuilder should be able to remove all rows when allowEmpty prop is true","invocations":1,"location":null,"numPassingAsserts":1,"retryReasons":[],"status":"passed","title":"should be able to remove all rows when allowEmpty prop is true"},{"ancestorTitles":["RowBuilder"],"duration":6,"failureDetails":[],"failureMessages":[],"fullName":"RowBuilder should not be able to remove last row when allowEmpty prop is false","invocations":1,"location":null,"numPassingAsserts":1,"retryReasons":[],"status":"passed","title":"should not be able to remove last row when allowEmpty prop is false"},{"ancestorTitles":["RowBuilder"],"duration":24,"failureDetails":[],"failureMessages":[],"fullName":"RowBuilder should not be able to add more rows when maxRows is equal to the amount of rows in screen","invocations":1,"location":null,"numPassingAsserts":2,"retryReasons":[],"status":"passed","title":"should not be able to add more rows when maxRows is equal to the amount of rows in screen"}],"endTime":1728622412459,"message":"","name":"/Users/ranantharaj/projects/nextgen-ui/libs/shared-components/src/RowBuilder/RowBuilder.spec.tsx","startTime":1728622411438,"status":"passed","summary":""},{"assertionResults":[{"ancestorTitles":["Overflow"],"duration":33,"failureDetails":[],"failureMessages":[],"fullName":"Overflow should render a complete OverflowMenu","invocations":1,"location":null,"numPassingAsserts":2,"retryReasons":[],"status":"passed","title":"should render a complete OverflowMenu"}],"endTime":1728622413370,"message":"","name":"/Users/ranantharaj/projects/nextgen-ui/libs/shared-components/src/OverflowMenu/OverflowMenu.spec.tsx","startTime":1728622412469,"status":"passed","summary":""},{"assertionResults":[{"ancestorTitles":["TableOfContents"],"duration":20,"failureDetails":[],"failureMessages":[],"fullName":"TableOfContents should render","invocations":1,"location":null,"numPassingAsserts":6,"retryReasons":[],"status":"passed","title":"should render"},{"ancestorTitles":["TableOfContents"],"duration":40,"failureDetails":[],"failureMessages":[],"fullName":"TableOfContents should scroll element into view when clicked","invocations":1,"location":null,"numPassingAsserts":1,"retryReasons":[],"status":"passed","title":"should scroll element into view when clicked"},{"ancestorTitles":["TableOfContents"],"duration":9,"failureDetails":[],"failureMessages":[],"fullName":"TableOfContents on render, element should scroll into view if id is in hash","invocations":1,"location":null,"numPassingAsserts":1,"retryReasons":[],"status":"passed","title":"on render, element should scroll into view if id is in hash"}],"endTime":1728622414329,"message":"","name":"/Users/ranantharaj/projects/nextgen-ui/libs/shared-components/src/TableOfContents/TableOfContents.spec.tsx","startTime":1728622413388,"status":"passed","summary":""},{"assertionResults":[{"ancestorTitles":["Banner"],"duration":24,"failureDetails":[],"failureMessages":[],"fullName":"Banner should have appropriate text in CTA","invocations":1,"location":null,"numPassingAsserts":1,"retryReasons":[],"status":"passed","title":"should have appropriate text in CTA"},{"ancestorTitles":["Banner"],"duration":6,"failureDetails":[],"failureMessages":[],"fullName":"Banner should match snapshots","invocations":1,"location":null,"numPassingAsserts":1,"retryReasons":[],"status":"passed","title":"should match snapshots"}],"endTime":1728622416201,"message":"","name":"/Users/ranantharaj/projects/nextgen-ui/libs/shared-components/src/Banner/Banner.spec.tsx","startTime":1728622414617,"status":"passed","summary":""},{"assertionResults":[{"ancestorTitles":["ErrorFallback"],"duration":47,"failureDetails":[],"failureMessages":[],"fullName":"ErrorFallback should match snapshot","invocations":1,"location":null,"numPassingAsserts":1,"retryReasons":[],"status":"passed","title":"should match snapshot"}],"endTime":1728622417024,"message":"","name":"/Users/ranantharaj/projects/nextgen-ui/libs/shared-components/src/ErrorFallback/ErrorFallback.spec.tsx","startTime":1728622416221,"status":"passed","summary":""},{"assertionResults":[{"ancestorTitles":["Charts Component"],"duration":3,"failureDetails":[],"failureMessages":[],"fullName":"Charts Component renders Charts line component with props","invocations":1,"location":null,"numPassingAsserts":1,"retryReasons":[],"status":"passed","title":"renders Charts line component with props"},{"ancestorTitles":["Charts Component"],"duration":4,"failureDetails":[],"failureMessages":[],"fullName":"Charts Component renders Charts bar component with props","invocations":1,"location":null,"numPassingAsserts":1,"retryReasons":[],"status":"passed","title":"renders Charts bar component with props"},{"ancestorTitles":["Charts Component"],"duration":3,"failureDetails":[],"failureMessages":[],"fullName":"Charts Component renders Charts stacked bar component with props","invocations":1,"location":null,"numPassingAsserts":1,"retryReasons":[],"status":"passed","title":"renders Charts stacked bar component with props"},{"ancestorTitles":["Charts Component"],"duration":2,"failureDetails":[],"failureMessages":[],"fullName":"Charts Component renders Charts box plot component with props","invocations":1,"location":null,"numPassingAsserts":1,"retryReasons":[],"status":"passed","title":"renders Charts box plot component with props"},{"ancestorTitles":["Charts Component"],"duration":2,"failureDetails":[],"failureMessages":[],"fullName":"Charts Component renders Charts horizontal bar component with props","invocations":1,"location":null,"numPassingAsserts":1,"retryReasons":[],"status":"passed","title":"renders Charts horizontal bar component with props"}],"endTime":1728622417908,"message":"","name":"/Users/ranantharaj/projects/nextgen-ui/libs/shared-components/src/Charts/Charts.spec.tsx","startTime":1728622417041,"status":"passed","summary":""},{"assertionResults":[{"ancestorTitles":["DocumentationSupportLinks"],"duration":13,"failureDetails":[],"failureMessages":[],"fullName":"DocumentationSupportLinks should match snapshot","invocations":1,"location":null,"numPassingAsserts":1,"retryReasons":[],"status":"passed","title":"should match snapshot"},{"ancestorTitles":["DocumentationSupportLinks"],"duration":6,"failureDetails":[],"failureMessages":[],"fullName":"DocumentationSupportLinks should match if org is not paid","invocations":1,"location":null,"numPassingAsserts":1,"retryReasons":[],"status":"passed","title":"should match if org is not paid"},{"ancestorTitles":["DocumentationSupportLinks"],"duration":73,"failureDetails":[],"failureMessages":[],"fullName":"DocumentationSupportLinks should call handleClick / handleClose","invocations":1,"location":null,"numPassingAsserts":2,"retryReasons":[],"status":"passed","title":"should call handleClick / handleClose"}],"endTime":1728622418870,"message":"","name":"/Users/ranantharaj/projects/nextgen-ui/libs/shared-components/src/DocumentationSupportLinks/DocumentationSupportLinks.spec.tsx","startTime":1728622417920,"status":"passed","summary":""},{"assertionResults":[{"ancestorTitles":["ShowMoreTypography"],"duration":5,"failureDetails":[],"failureMessages":[],"fullName":"ShowMoreTypography should render component successfully with 2 elements in array","invocations":1,"location":null,"numPassingAsserts":2,"retryReasons":[],"status":"passed","title":"should render component successfully with 2 elements in array"},{"ancestorTitles":["ShowMoreTypography"],"duration":5,"failureDetails":[],"failureMessages":[],"fullName":"ShowMoreTypography should render component successfully with 5 elements in array","invocations":1,"location":null,"numPassingAsserts":3,"retryReasons":[],"status":"passed","title":"should render component successfully with 5 elements in array"}],"endTime":1728622419661,"message":"","name":"/Users/ranantharaj/projects/nextgen-ui/libs/shared-components/src/ShowMoreTypography/ShowMoreTypography.spec.tsx","startTime":1728622418881,"status":"passed","summary":""},{"assertionResults":[{"ancestorTitles":["Pagination"],"duration":32,"failureDetails":[],"failureMessages":[],"fullName":"Pagination should match snapshot","invocations":1,"location":null,"numPassingAsserts":1,"retryReasons":[],"status":"passed","title":"should match snapshot"}],"endTime":1728622420579,"message":"","name":"/Users/ranantharaj/projects/nextgen-ui/libs/shared-components/src/Pagination/Pagination.spec.tsx","startTime":1728622419671,"status":"passed","summary":""},{"assertionResults":[{"ancestorTitles":["CopyButton"],"duration":8,"failureDetails":[],"failureMessages":[],"fullName":"CopyButton renders CopyButton component","invocations":1,"location":null,"numPassingAsserts":2,"retryReasons":[],"status":"passed","title":"renders CopyButton component"},{"ancestorTitles":["CopyButton"],"duration":27,"failureDetails":[],"failureMessages":[],"fullName":"CopyButton clicking on the button invokes onClick","invocations":1,"location":null,"numPassingAsserts":2,"retryReasons":[],"status":"passed","title":"clicking on the button invokes onClick"}],"endTime":1728622421404,"message":"","name":"/Users/ranantharaj/projects/nextgen-ui/libs/shared-components/src/CopyButton/CopyButton.spec.tsx","startTime":1728622420612,"status":"passed","summary":""},{"assertionResults":[{"ancestorTitles":["DateTime"],"duration":4,"failureDetails":[],"failureMessages":[],"fullName":"DateTime should mat snap","invocations":1,"location":null,"numPassingAsserts":1,"retryReasons":[],"status":"passed","title":"should mat snap"}],"endTime":1728622422213,"message":"","name":"/Users/ranantharaj/projects/nextgen-ui/libs/shared-components/src/DateTime/DateTime.spec.tsx","startTime":1728622421416,"status":"passed","summary":""},{"assertionResults":[{"ancestorTitles":["IndeterminateCheckbox"],"duration":10,"failureDetails":[],"failureMessages":[],"fullName":"IndeterminateCheckbox should match snapshot","invocations":1,"location":null,"numPassingAsserts":1,"retryReasons":[],"status":"passed","title":"should match snapshot"},{"ancestorTitles":["IndeterminateCheckbox"],"duration":5,"failureDetails":[],"failureMessages":[],"fullName":"IndeterminateCheckbox should match snapshot with checked","invocations":1,"location":null,"numPassingAsserts":1,"retryReasons":[],"status":"passed","title":"should match snapshot with checked"},{"ancestorTitles":["IndeterminateCheckbox"],"duration":3,"failureDetails":[],"failureMessages":[],"fullName":"IndeterminateCheckbox should match snapshot with disabled","invocations":1,"location":null,"numPassingAsserts":1,"retryReasons":[],"status":"passed","title":"should match snapshot with disabled"}],"endTime":1728622423010,"message":"","name":"/Users/ranantharaj/projects/nextgen-ui/libs/shared-components/src/IndeterminateCheckbox/IndeterminateCheckbox.spec.tsx","startTime":1728622422223,"status":"passed","summary":""},{"assertionResults":[{"ancestorTitles":["OnboardingCarousel"],"duration":19,"failureDetails":[],"failureMessages":[],"fullName":"OnboardingCarousel should match snapshots","invocations":1,"location":null,"numPassingAsserts":7,"retryReasons":[],"status":"passed","title":"should match snapshots"}],"endTime":1728622423840,"message":"","name":"/Users/ranantharaj/projects/nextgen-ui/libs/shared-components/src/OnboardingCarousel/OnboardingCarousel.spec.tsx","startTime":1728622423019,"status":"passed","summary":""},{"assertionResults":[{"ancestorTitles":["SamlEmptyStateIcon"],"duration":5,"failureDetails":[],"failureMessages":[],"fullName":"SamlEmptyStateIcon should render the icon","invocations":1,"location":null,"numPassingAsserts":1,"retryReasons":[],"status":"passed","title":"should render the icon"}],"endTime":1728622424568,"message":"","name":"/Users/ranantharaj/projects/nextgen-ui/libs/shared-components/src/ZeroState/customIcons/SamlEmptyState.spec.tsx","startTime":1728622423849,"status":"passed","summary":""},{"assertionResults":[{"ancestorTitles":["ZeroState"],"duration":16,"failureDetails":[],"failureMessages":[],"fullName":"ZeroState should match snapshot","invocations":1,"location":null,"numPassingAsserts":1,"retryReasons":[],"status":"passed","title":"should match snapshot"}],"endTime":1728622425364,"message":"","name":"/Users/ranantharaj/projects/nextgen-ui/libs/shared-components/src/ZeroState/ZeroState.spec.tsx","startTime":1728622424581,"status":"passed","summary":""},{"assertionResults":[{"ancestorTitles":["Illustration"],"duration":2,"failureDetails":[],"failureMessages":[],"fullName":"Illustration should match snapshot","invocations":1,"location":null,"numPassingAsserts":1,"retryReasons":[],"status":"passed","title":"should match snapshot"},{"ancestorTitles":["Illustration"],"duration":2,"failureDetails":[],"failureMessages":[],"fullName":"Illustration should support an alt text prop","invocations":1,"location":null,"numPassingAsserts":1,"retryReasons":[],"status":"passed","title":"should support an alt text prop"},{"ancestorTitles":["Illustration"],"duration":1,"failureDetails":[],"failureMessages":[],"fullName":"Illustration should fall back to variant name if no alt text is provided","invocations":1,"location":null,"numPassingAsserts":1,"retryReasons":[],"status":"passed","title":"should fall back to variant name if no alt text is provided"}],"endTime":1728622426002,"message":"","name":"/Users/ranantharaj/projects/nextgen-ui/libs/shared-components/src/Illustration/Illustration.spec.tsx","startTime":1728622425376,"status":"passed","summary":""},{"assertionResults":[{"ancestorTitles":["OverflowMenuItem"],"duration":8,"failureDetails":[],"failureMessages":[],"fullName":"OverflowMenuItem should render successfully","invocations":1,"location":null,"numPassingAsserts":2,"retryReasons":[],"status":"passed","title":"should render successfully"},{"ancestorTitles":["OverflowMenuItem"],"duration":2,"failureDetails":[],"failureMessages":[],"fullName":"OverflowMenuItem should render children","invocations":1,"location":null,"numPassingAsserts":1,"retryReasons":[],"status":"passed","title":"should render children"},{"ancestorTitles":["OverflowMenuItem"],"duration":3,"failureDetails":[],"failureMessages":[],"fullName":"OverflowMenuItem should call onClick when clicked","invocations":1,"location":null,"numPassingAsserts":1,"retryReasons":[],"status":"passed","title":"should call onClick when clicked"},{"ancestorTitles":["OverflowMenuItem"],"duration":2,"failureDetails":[],"failureMessages":[],"fullName":"OverflowMenuItem should render a link","invocations":1,"location":null,"numPassingAsserts":1,"retryReasons":[],"status":"passed","title":"should render a link"},{"ancestorTitles":["OverflowMenuItem"],"duration":4,"failureDetails":[],"failureMessages":[],"fullName":"OverflowMenuItem should render a link with target","invocations":1,"location":null,"numPassingAsserts":2,"retryReasons":[],"status":"passed","title":"should render a link with target"}],"endTime":1728622426863,"message":"","name":"/Users/ranantharaj/projects/nextgen-ui/libs/shared-components/src/OverflowMenu/OverflowMenuItem/OverflowMenuItem.spec.tsx","startTime":1728622426013,"status":"passed","summary":""},{"assertionResults":[{"ancestorTitles":["SidebarItemButton"],"duration":8,"failureDetails":[],"failureMessages":[],"fullName":"SidebarItemButton should match snapshot","invocations":1,"location":null,"numPassingAsserts":1,"retryReasons":[],"status":"passed","title":"should match snapshot"}],"endTime":1728622427656,"message":"","name":"/Users/ranantharaj/projects/nextgen-ui/libs/shared-components/src/SidebarItem/SidebarItemButton.spec.tsx","startTime":1728622426872,"status":"passed","summary":""},{"assertionResults":[{"ancestorTitles":["StatusIcon"],"duration":13,"failureDetails":[],"failureMessages":[],"fullName":"StatusIcon should render all states","invocations":1,"location":null,"numPassingAsserts":6,"retryReasons":[],"status":"passed","title":"should render all states"},{"ancestorTitles":["StatusIcon"],"duration":8,"failureDetails":[],"failureMessages":[],"fullName":"StatusIcon should render all states with both modifiers","invocations":1,"location":null,"numPassingAsserts":6,"retryReasons":[],"status":"passed","title":"should render all states with both modifiers"},{"ancestorTitles":["StatusIcon"],"duration":13,"failureDetails":[],"failureMessages":[],"fullName":"StatusIcon should render all states with alternating modifiers","invocations":1,"location":null,"numPassingAsserts":12,"retryReasons":[],"status":"passed","title":"should render all states with alternating modifiers"}],"endTime":1728622428425,"message":"","name":"/Users/ranantharaj/projects/nextgen-ui/libs/shared-components/src/StatusIcon/StatusIcon.spec.tsx","startTime":1728622427665,"status":"passed","summary":""},{"assertionResults":[{"ancestorTitles":["OverflowMenuItems"],"duration":16,"failureDetails":[],"failureMessages":[],"fullName":"OverflowMenuItems should render successfully","invocations":1,"location":null,"numPassingAsserts":2,"retryReasons":[],"status":"passed","title":"should render successfully"}],"endTime":1728622430240,"message":"","name":"/Users/ranantharaj/projects/nextgen-ui/libs/shared-components/src/OverflowMenu/OverflowMenuItems/OverflowMenuItems.spec.tsx","startTime":1728622428702,"status":"passed","summary":""},{"assertionResults":[{"ancestorTitles":["SidebarItem"],"duration":28,"failureDetails":[],"failureMessages":[],"fullName":"SidebarItem should match snapshot","invocations":1,"location":null,"numPassingAsserts":1,"retryReasons":[],"status":"passed","title":"should match snapshot"},{"ancestorTitles":["SidebarItem"],"duration":7,"failureDetails":[],"failureMessages":[],"fullName":"SidebarItem should match snapshot when it's disabled","invocations":1,"location":null,"numPassingAsserts":1,"retryReasons":[],"status":"passed","title":"should match snapshot when it's disabled"}],"endTime":1728622431027,"message":"","name":"/Users/ranantharaj/projects/nextgen-ui/libs/shared-components/src/SidebarItem/SidebarItem.spec.tsx","startTime":1728622430265,"status":"passed","summary":""},{"assertionResults":[{"ancestorTitles":["ExpandMore"],"duration":10,"failureDetails":[],"failureMessages":[],"fullName":"ExpandMore should match snapshot while expanded","invocations":1,"location":null,"numPassingAsserts":1,"retryReasons":[],"status":"passed","title":"should match snapshot while expanded"},{"ancestorTitles":["ExpandMore"],"duration":4,"failureDetails":[],"failureMessages":[],"fullName":"ExpandMore should match snapshot while collapsed","invocations":1,"location":null,"numPassingAsserts":1,"retryReasons":[],"status":"passed","title":"should match snapshot while collapsed"}],"endTime":1728622431693,"message":"","name":"/Users/ranantharaj/projects/nextgen-ui/libs/shared-components/src/ExpandMore/ExpandMore.spec.tsx","startTime":1728622431040,"status":"passed","summary":""},{"assertionResults":[{"ancestorTitles":["FeatureFlagsEmptyStateIcon"],"duration":4,"failureDetails":[],"failureMessages":[],"fullName":"FeatureFlagsEmptyStateIcon should render the icon","invocations":1,"location":null,"numPassingAsserts":1,"retryReasons":[],"status":"passed","title":"should render the icon"}],"endTime":1728622432343,"message":"","name":"/Users/ranantharaj/projects/nextgen-ui/libs/shared-components/src/ZeroState/customIcons/FeatureFlagsEmptyState.spec.tsx","startTime":1728622431704,"status":"passed","summary":""},{"assertionResults":[{"ancestorTitles":["Chart Options Component"],"duration":1,"failureDetails":[],"failureMessages":[],"fullName":"Chart Options Component formats boxPlotTooltip with params array","invocations":1,"location":null,"numPassingAsserts":1,"retryReasons":[],"status":"passed","title":"formats boxPlotTooltip with params array"},{"ancestorTitles":["Chart Options Component"],"duration":0,"failureDetails":[],"failureMessages":[],"fullName":"Chart Options Component formats boxPlotTooltip with params object","invocations":1,"location":null,"numPassingAsserts":1,"retryReasons":[],"status":"passed","title":"formats boxPlotTooltip with params object"}],"endTime":1728622433163,"message":"","name":"/Users/ranantharaj/projects/nextgen-ui/libs/shared-components/src/Charts/ChartOptions.spec.tsx","startTime":1728622432355,"status":"passed","summary":""},{"assertionResults":[{"ancestorTitles":["UpgradeLink"],"duration":9,"failureDetails":[],"failureMessages":[],"fullName":"UpgradeLink should match snapshot","invocations":1,"location":null,"numPassingAsserts":1,"retryReasons":[],"status":"passed","title":"should match snapshot"}],"endTime":1728622433810,"message":"","name":"/Users/ranantharaj/projects/nextgen-ui/libs/shared-components/src/SidebarItem/UpgradeLink.spec.tsx","startTime":1728622433172,"status":"passed","summary":""},{"assertionResults":[{"ancestorTitles":["GenericBreadCrumb"],"duration":4,"failureDetails":[],"failureMessages":[],"fullName":"GenericBreadCrumb renders correctly","invocations":1,"location":null,"numPassingAsserts":1,"retryReasons":[],"status":"passed","title":"renders correctly"},{"ancestorTitles":["GenericBreadCrumb"],"duration":3,"failureDetails":[],"failureMessages":[],"fullName":"GenericBreadCrumb renders the correct name","invocations":1,"location":null,"numPassingAsserts":1,"retryReasons":[],"status":"passed","title":"renders the correct name"}],"endTime":1728622434505,"message":"","name":"/Users/ranantharaj/projects/nextgen-ui/libs/shared-components/src/BreadCrumbs/GenericBreadCrumb.spec.tsx","startTime":1728622433821,"status":"passed","summary":""},{"assertionResults":[{"ancestorTitles":["ResponsiveGridLayout Component"],"duration":6,"failureDetails":[],"failureMessages":[],"fullName":"ResponsiveGridLayout Component renders ResponsiveGridLayout","invocations":1,"location":null,"numPassingAsserts":1,"retryReasons":[],"status":"passed","title":"renders ResponsiveGridLayout"},{"ancestorTitles":["ResponsiveGridLayout Component"],"duration":2,"failureDetails":[],"failureMessages":[],"fullName":"ResponsiveGridLayout Component ResponsiveGridLayout calls handleLayoutChange when layout changes","invocations":1,"location":null,"numPassingAsserts":1,"retryReasons":[],"status":"passed","title":"ResponsiveGridLayout calls handleLayoutChange when layout changes"},{"ancestorTitles":["ResponsiveGridLayout Component"],"duration":1,"failureDetails":[],"failureMessages":[],"fullName":"ResponsiveGridLayout Component ResponsiveGridLayout calls handleBreakpointChange when breakpoint changes","invocations":1,"location":null,"numPassingAsserts":1,"retryReasons":[],"status":"passed","title":"ResponsiveGridLayout calls handleBreakpointChange when breakpoint changes"}],"endTime":1728622435270,"message":"","name":"/Users/ranantharaj/projects/nextgen-ui/libs/shared-components/src/ResponsiveGridLayout/ResponsiveGridLayout.spec.tsx","startTime":1728622434516,"status":"passed","summary":""},{"assertionResults":[{"ancestorTitles":["OverflowMenuButton"],"duration":9,"failureDetails":[],"failureMessages":[],"fullName":"OverflowMenuButton should render successfully","invocations":1,"location":null,"numPassingAsserts":2,"retryReasons":[],"status":"passed","title":"should render successfully"}],"endTime":1728622436008,"message":"","name":"/Users/ranantharaj/projects/nextgen-ui/libs/shared-components/src/OverflowMenu/OverflowMenuButton/OverflowMenuButton.spec.tsx","startTime":1728622435280,"status":"passed","summary":""},{"assertionResults":[{"ancestorTitles":["SearchInput"],"duration":14,"failureDetails":[],"failureMessages":[],"fullName":"SearchInput should match snapshot","invocations":1,"location":null,"numPassingAsserts":1,"retryReasons":[],"status":"passed","title":"should match snapshot"}],"endTime":1728622436852,"message":"","name":"/Users/ranantharaj/projects/nextgen-ui/libs/shared-components/src/SearchInput/SearchInput.spec.tsx","startTime":1728622436018,"status":"passed","summary":""},{"assertionResults":[{"ancestorTitles":["ActionsDropdown"],"duration":16,"failureDetails":[],"failureMessages":[],"fullName":"ActionsDropdown should match snapshot","invocations":1,"location":null,"numPassingAsserts":1,"retryReasons":[],"status":"passed","title":"should match snapshot"}],"endTime":1728622437656,"message":"","name":"/Users/ranantharaj/projects/nextgen-ui/libs/shared-components/src/Accordion/Accordion.spec.tsx","startTime":1728622436861,"status":"passed","summary":""},{"assertionResults":[{"ancestorTitles":["HighlightTag"],"duration":3,"failureDetails":[],"failureMessages":[],"fullName":"HighlightTag should render successfully","invocations":1,"location":null,"numPassingAsserts":1,"retryReasons":[],"status":"passed","title":"should render successfully"}],"endTime":1728622438378,"message":"","name":"/Users/ranantharaj/projects/nextgen-ui/libs/shared-components/src/HighlightTag/HighlightTag.spec.tsx","startTime":1728622437664,"status":"passed","summary":""},{"assertionResults":[{"ancestorTitles":["ActionsDropdown"],"duration":53,"failureDetails":[],"failureMessages":[],"fullName":"ActionsDropdown should match snapshot","invocations":1,"location":null,"numPassingAsserts":1,"retryReasons":[],"status":"passed","title":"should match snapshot"},{"ancestorTitles":["ActionsDropdown"],"duration":68,"failureDetails":[],"failureMessages":[],"fullName":"ActionsDropdown should not have clickable area when disabled","invocations":1,"location":null,"numPassingAsserts":2,"retryReasons":[],"status":"passed","title":"should not have clickable area when disabled"}],"endTime":1728622439462,"message":"","name":"/Users/ranantharaj/projects/nextgen-ui/libs/shared-components/src/ActionsDropdown/ActionsDropdown.spec.tsx","startTime":1728622438390,"status":"passed","summary":""},{"assertionResults":[{"ancestorTitles":["EditorContainer"],"duration":2,"failureDetails":[],"failureMessages":[],"fullName":"EditorContainer should render the container","invocations":1,"location":null,"numPassingAsserts":1,"retryReasons":[],"status":"passed","title":"should render the container"}],"endTime":1728622440192,"message":"","name":"/Users/ranantharaj/projects/nextgen-ui/libs/shared-components/src/CodeEditor/EditorContainer.spec.tsx","startTime":1728622439473,"status":"passed","summary":""},{"assertionResults":[{"ancestorTitles":["ThreeDotsButton"],"duration":8,"failureDetails":[],"failureMessages":[],"fullName":"ThreeDotsButton should match snapshot","invocations":1,"location":null,"numPassingAsserts":1,"retryReasons":[],"status":"passed","title":"should match snapshot"},{"ancestorTitles":["ThreeDotsButton"],"duration":64,"failureDetails":[],"failureMessages":[],"fullName":"ThreeDotsButton onClick should work","invocations":1,"location":null,"numPassingAsserts":1,"retryReasons":[],"status":"passed","title":"onClick should work"}],"endTime":1728622441031,"message":"","name":"/Users/ranantharaj/projects/nextgen-ui/libs/shared-components/src/ThreeDotsButton/ThreeDotsButton.spec.tsx","startTime":1728622440201,"status":"passed","summary":""},{"assertionResults":[{"ancestorTitles":["CircularProgressCenterLoader"],"duration":5,"failureDetails":[],"failureMessages":[],"fullName":"CircularProgressCenterLoader should match snapshot","invocations":1,"location":null,"numPassingAsserts":1,"retryReasons":[],"status":"passed","title":"should match snapshot"},{"ancestorTitles":["CircularProgressCenterLoader"],"duration":2,"failureDetails":[],"failureMessages":[],"fullName":"CircularProgressCenterLoader should accept a data-testid","invocations":1,"location":null,"numPassingAsserts":1,"retryReasons":[],"status":"passed","title":"should accept a data-testid"}],"endTime":1728622441780,"message":"","name":"/Users/ranantharaj/projects/nextgen-ui/libs/shared-components/src/CircularProgressCenterLoader/CircularProgressCenterLoader.spec.tsx","startTime":1728622441039,"status":"passed","summary":""},{"assertionResults":[{"ancestorTitles":["BannerSubscriptionCTA","shown"],"duration":8,"failureDetails":[],"failureMessages":[],"fullName":"BannerSubscriptionCTA shown should have appropriate text in CTA","invocations":1,"location":null,"numPassingAsserts":1,"retryReasons":[],"status":"passed","title":"should have appropriate text in CTA"},{"ancestorTitles":["BannerSubscriptionCTA","shown"],"duration":4,"failureDetails":[],"failureMessages":[],"fullName":"BannerSubscriptionCTA shown should be in the document","invocations":1,"location":null,"numPassingAsserts":1,"retryReasons":[],"status":"passed","title":"should be in the document"},{"ancestorTitles":["BannerSubscriptionCTA","shown"],"duration":4,"failureDetails":[],"failureMessages":[],"fullName":"BannerSubscriptionCTA shown should match snapshots","invocations":1,"location":null,"numPassingAsserts":1,"retryReasons":[],"status":"passed","title":"should match snapshots"},{"ancestorTitles":["BannerSubscriptionCTA","not shown"],"duration":0,"failureDetails":[],"failureMessages":[],"fullName":"BannerSubscriptionCTA not shown should not be in the document","invocations":1,"location":null,"numPassingAsserts":1,"retryReasons":[],"status":"passed","title":"should not be in the document"}],"endTime":1728622442617,"message":"","name":"/Users/ranantharaj/projects/nextgen-ui/libs/shared-components/src/BannerSubscriptionCTA/BannerSubscriptionCTA.spec.tsx","startTime":1728622441789,"status":"passed","summary":""},{"assertionResults":[{"ancestorTitles":["ProductEmblem"],"duration":6,"failureDetails":[],"failureMessages":[],"fullName":"ProductEmblem should render Typography and Box components","invocations":1,"location":null,"numPassingAsserts":1,"retryReasons":[],"status":"passed","title":"should render Typography and Box components"},{"ancestorTitles":["ProductEmblem"],"duration":3,"failureDetails":[],"failureMessages":[],"fullName":"ProductEmblem should render and update title","invocations":1,"location":null,"numPassingAsserts":2,"retryReasons":[],"status":"passed","title":"should render and update title"},{"ancestorTitles":["ProductEmblem"],"duration":2,"failureDetails":[],"failureMessages":[],"fullName":"ProductEmblem should render and update subtitle","invocations":1,"location":null,"numPassingAsserts":2,"retryReasons":[],"status":"passed","title":"should render and update subtitle"}],"endTime":1728622443360,"message":"","name":"/Users/ranantharaj/projects/nextgen-ui/libs/shared-components/src/ProductEmblem/ProductEmblem.spec.tsx","startTime":1728622442626,"status":"passed","summary":""},{"assertionResults":[{"ancestorTitles":["GradientChip"],"duration":5,"failureDetails":[],"failureMessages":[],"fullName":"GradientChip should match snapshot","invocations":1,"location":null,"numPassingAsserts":1,"retryReasons":[],"status":"passed","title":"should match snapshot"},{"ancestorTitles":["GradientChip"],"duration":2,"failureDetails":[],"failureMessages":[],"fullName":"GradientChip accepts rest props","invocations":1,"location":null,"numPassingAsserts":1,"retryReasons":[],"status":"passed","title":"accepts rest props"},{"ancestorTitles":["GradientChip"],"duration":2,"failureDetails":[],"failureMessages":[],"fullName":"GradientChip should render a primary gradient chip","invocations":1,"location":null,"numPassingAsserts":1,"retryReasons":[],"status":"passed","title":"should render a primary gradient chip"},{"ancestorTitles":["GradientChip"],"duration":2,"failureDetails":[],"failureMessages":[],"fullName":"GradientChip should render a secondary gradient chip","invocations":1,"location":null,"numPassingAsserts":1,"retryReasons":[],"status":"passed","title":"should render a secondary gradient chip"},{"ancestorTitles":["getBackground"],"duration":1,"failureDetails":[],"failureMessages":[],"fullName":"getBackground should return a gradient background","invocations":1,"location":null,"numPassingAsserts":2,"retryReasons":[],"status":"passed","title":"should return a gradient background"}],"endTime":1728622444224,"message":"","name":"/Users/ranantharaj/projects/nextgen-ui/libs/shared-components/src/GradientChip/GradientChip.spec.tsx","startTime":1728622443369,"status":"passed","summary":""},{"assertionResults":[{"ancestorTitles":["lazy"],"duration":0,"failureDetails":[],"failureMessages":[],"fullName":"lazy should match snapshot","invocations":1,"location":null,"numPassingAsserts":1,"retryReasons":[],"status":"passed","title":"should match snapshot"},{"ancestorTitles":["lazy"],"duration":1,"failureDetails":[],"failureMessages":[],"fullName":"lazy should test Fallback","invocations":1,"location":null,"numPassingAsserts":0,"retryReasons":[],"status":"passed","title":"should test Fallback"}],"endTime":1728622444970,"message":"","name":"/Users/ranantharaj/projects/nextgen-ui/libs/shared-components/src/lazy/lazy.spec.tsx","startTime":1728622444235,"status":"passed","summary":""},{"assertionResults":[{"ancestorTitles":["StatusText"],"duration":22,"failureDetails":[],"failureMessages":[],"fullName":"StatusText success should match snapshot","invocations":1,"location":null,"numPassingAsserts":1,"retryReasons":[],"status":"passed","title":"success should match snapshot"},{"ancestorTitles":["StatusText"],"duration":2,"failureDetails":[],"failureMessages":[],"fullName":"StatusText failed should match snapshot","invocations":1,"location":null,"numPassingAsserts":1,"retryReasons":[],"status":"passed","title":"failed should match snapshot"},{"ancestorTitles":["StatusText"],"duration":3,"failureDetails":[],"failureMessages":[],"fullName":"StatusText unknown should match snapshot","invocations":1,"location":null,"numPassingAsserts":1,"retryReasons":[],"status":"passed","title":"unknown should match snapshot"},{"ancestorTitles":["StatusText"],"duration":1,"failureDetails":[],"failureMessages":[],"fullName":"StatusText in progress should match snapshot","invocations":1,"location":null,"numPassingAsserts":1,"retryReasons":[],"status":"passed","title":"in progress should match snapshot"},{"ancestorTitles":["StatusText"],"duration":3,"failureDetails":[],"failureMessages":[],"fullName":"StatusText with prefix should match snapshot","invocations":1,"location":null,"numPassingAsserts":1,"retryReasons":[],"status":"passed","title":"with prefix should match snapshot"},{"ancestorTitles":["StatusText"],"duration":13,"failureDetails":[],"failureMessages":[],"fullName":"StatusText should pass css","invocations":1,"location":null,"numPassingAsserts":1,"retryReasons":[],"status":"passed","title":"should pass css"}],"endTime":1728622446595,"message":"","name":"/Users/ranantharaj/projects/nextgen-ui/libs/shared-components/src/StatusText/StatusText.spec.tsx","startTime":1728622445257,"status":"passed","summary":""},{"assertionResults":[{"ancestorTitles":["TableOfContentsHeader"],"duration":3,"failureDetails":[],"failureMessages":[],"fullName":"TableOfContentsHeader should wrap id prop with \"table-of-contents-\"","invocations":1,"location":null,"numPassingAsserts":2,"retryReasons":[],"status":"passed","title":"should wrap id prop with \"table-of-contents-\""}],"endTime":1728622447345,"message":"","name":"/Users/ranantharaj/projects/nextgen-ui/libs/shared-components/src/TableOfContents/TableOfContentsHeader.spec.tsx","startTime":1728622446623,"status":"passed","summary":""},{"assertionResults":[{"ancestorTitles":["Icon"],"duration":6,"failureDetails":[],"failureMessages":[],"fullName":"Icon should render the icon","invocations":1,"location":null,"numPassingAsserts":1,"retryReasons":[],"status":"passed","title":"should render the icon"}],"endTime":1728622447940,"message":"","name":"/Users/ranantharaj/projects/nextgen-ui/libs/shared-components/src/ZeroState/Icon.spec.tsx","startTime":1728622447356,"status":"passed","summary":""},{"assertionResults":[{"ancestorTitles":["Duration"],"duration":3,"failureDetails":[],"failureMessages":[],"fullName":"Duration should match snapshot for 3 seconds","invocations":1,"location":null,"numPassingAsserts":1,"retryReasons":[],"status":"passed","title":"should match snapshot for 3 seconds"},{"ancestorTitles":["Duration"],"duration":0,"failureDetails":[],"failureMessages":[],"fullName":"Duration should calculate diff of one hour (ie: 3600s) for formatted date","invocations":1,"location":null,"numPassingAsserts":1,"retryReasons":[],"status":"passed","title":"should calculate diff of one hour (ie: 3600s) for formatted date"},{"ancestorTitles":["Duration"],"duration":1,"failureDetails":[],"failureMessages":[],"fullName":"Duration should match snapshot for 1 minute 0 seconds","invocations":1,"location":null,"numPassingAsserts":1,"retryReasons":[],"status":"passed","title":"should match snapshot for 1 minute 0 seconds"},{"ancestorTitles":["Duration"],"duration":1,"failureDetails":[],"failureMessages":[],"fullName":"Duration should match snapshot for 1 minute 10 seconds","invocations":1,"location":null,"numPassingAsserts":1,"retryReasons":[],"status":"passed","title":"should match snapshot for 1 minute 10 seconds"},{"ancestorTitles":["Duration"],"duration":1,"failureDetails":[],"failureMessages":[],"fullName":"Duration should match snapshot for 1 hour 0 minutes 6 seconds","invocations":1,"location":null,"numPassingAsserts":1,"retryReasons":[],"status":"passed","title":"should match snapshot for 1 hour 0 minutes 6 seconds"}],"endTime":1728622448504,"message":"","name":"/Users/ranantharaj/projects/nextgen-ui/libs/shared-components/src/Duration/Duration.spec.tsx","startTime":1728622447950,"status":"passed","summary":""},{"assertionResults":[{"ancestorTitles":["NavigateWithParams"],"duration":4,"failureDetails":[],"failureMessages":[],"fullName":"NavigateWithParams should render","invocations":1,"location":null,"numPassingAsserts":1,"retryReasons":[],"status":"passed","title":"should render"}],"endTime":1728622449092,"message":"","name":"/Users/ranantharaj/projects/nextgen-ui/libs/shared-components/src/NavigateWithParams/NavigateWithParams.spec.tsx","startTime":1728622448513,"status":"passed","summary":""},{"assertionResults":[{"ancestorTitles":["TruncableTypography"],"duration":9,"failureDetails":[],"failureMessages":[],"fullName":"TruncableTypography should render successfully","invocations":1,"location":null,"numPassingAsserts":1,"retryReasons":[],"status":"passed","title":"should render successfully"}],"endTime":1728622449793,"message":"","name":"/Users/ranantharaj/projects/nextgen-ui/libs/shared-components/src/TruncableTypography/TruncableTypography.spec.tsx","startTime":1728622449104,"status":"passed","summary":""},{"assertionResults":[{"ancestorTitles":["TruncatedText"],"duration":6,"failureDetails":[],"failureMessages":[],"fullName":"TruncatedText should render successfully","invocations":1,"location":null,"numPassingAsserts":1,"retryReasons":[],"status":"passed","title":"should render successfully"},{"ancestorTitles":["TruncatedText"],"duration":3,"failureDetails":[],"failureMessages":[],"fullName":"TruncatedText should render successfully with direction","invocations":1,"location":null,"numPassingAsserts":1,"retryReasons":[],"status":"passed","title":"should render successfully with direction"}],"endTime":1728622450508,"message":"","name":"/Users/ranantharaj/projects/nextgen-ui/libs/shared-components/src/TruncatedText/TruncatedText.spec.tsx","startTime":1728622449801,"status":"passed","summary":""},{"assertionResults":[{"ancestorTitles":["useSchemaStore"],"duration":4,"failureDetails":[],"failureMessages":[],"fullName":"useSchemaStore should resolve a given uri when possible","invocations":1,"location":null,"numPassingAsserts":1,"retryReasons":[],"status":"passed","title":"should resolve a given uri when possible"},{"ancestorTitles":["useSchemaStore"],"duration":6,"failureDetails":[],"failureMessages":[],"fullName":"useSchemaStore should add a schema and prevent duplicates","invocations":1,"location":null,"numPassingAsserts":2,"retryReasons":[],"status":"passed","title":"should add a schema and prevent duplicates"}],"endTime":1728622451071,"message":"","name":"/Users/ranantharaj/projects/nextgen-ui/libs/shared-components/src/CodeEditor/useSchemaStore/useSchemaStore.spec.tsx","startTime":1728622450522,"status":"passed","summary":""},{"assertionResults":[{"ancestorTitles":["YAML JSON Schema"],"duration":1,"failureDetails":[],"failureMessages":[],"fullName":"YAML JSON Schema \"0 * * * *\"","invocations":1,"location":null,"numPassingAsserts":1,"retryReasons":[],"status":"passed","title":"\"0 * * * *\""},{"ancestorTitles":["YAML JSON Schema"],"duration":0,"failureDetails":[],"failureMessages":[],"fullName":"YAML JSON Schema \"0,59 0-23 1-31 1-12 0-6\"","invocations":1,"location":null,"numPassingAsserts":1,"retryReasons":[],"status":"passed","title":"\"0,59 0-23 1-31 1-12 0-6\""},{"ancestorTitles":["YAML JSON Schema"],"duration":0,"failureDetails":[],"failureMessages":[],"fullName":"YAML JSON Schema [\"0,1,2,3,4,5,6,59\", \"0 * * *\"]","invocations":1,"location":null,"numPassingAsserts":1,"retryReasons":[],"status":"passed","title":"[\"0,1,2,3,4,5,6,59\", \"0 * * *\"]"},{"ancestorTitles":["YAML JSON Schema"],"duration":0,"failureDetails":[],"failureMessages":[],"fullName":"YAML JSON Schema \"0 * 3-8,20 * *\"","invocations":1,"location":null,"numPassingAsserts":1,"retryReasons":[],"status":"passed","title":"\"0 * 3-8,20 * *\""},{"ancestorTitles":["YAML JSON Schema"],"duration":0,"failureDetails":[],"failureMessages":[],"fullName":"YAML JSON Schema \"0 4-10 * * *\"","invocations":1,"location":null,"numPassingAsserts":1,"retryReasons":[],"status":"passed","title":"\"0 4-10 * * *\""},{"ancestorTitles":["YAML JSON Schema"],"duration":0,"failureDetails":[],"failureMessages":[],"fullName":"YAML JSON Schema \"5 * * * *\"","invocations":1,"location":null,"numPassingAsserts":1,"retryReasons":[],"status":"passed","title":"\"5 * * * *\""},{"ancestorTitles":["YAML JSON Schema"],"duration":1,"failureDetails":[],"failureMessages":[],"fullName":"YAML JSON Schema \"0 5 * * *\"","invocations":1,"location":null,"numPassingAsserts":1,"retryReasons":[],"status":"passed","title":"\"0 5 * * *\""},{"ancestorTitles":["YAML JSON Schema"],"duration":0,"failureDetails":[],"failureMessages":[],"fullName":"YAML JSON Schema \"0 * 5 * *\"","invocations":1,"location":null,"numPassingAsserts":1,"retryReasons":[],"status":"passed","title":"\"0 * 5 * *\""},{"ancestorTitles":["YAML JSON Schema"],"duration":0,"failureDetails":[],"failureMessages":[],"fullName":"YAML JSON Schema \"0 * * 5 *\"","invocations":1,"location":null,"numPassingAsserts":1,"retryReasons":[],"status":"passed","title":"\"0 * * 5 *\""},{"ancestorTitles":["YAML JSON Schema"],"duration":0,"failureDetails":[],"failureMessages":[],"fullName":"YAML JSON Schema \"0 * * * 5\"","invocations":1,"location":null,"numPassingAsserts":1,"retryReasons":[],"status":"passed","title":"\"0 * * * 5\""},{"ancestorTitles":["YAML JSON Schema"],"duration":0,"failureDetails":[],"failureMessages":[],"fullName":"YAML JSON Schema \"* * * * *\"","invocations":1,"location":null,"numPassingAsserts":1,"retryReasons":[],"status":"passed","title":"\"* * * * *\""},{"ancestorTitles":["YAML JSON Schema"],"duration":0,"failureDetails":[],"failureMessages":[],"fullName":"YAML JSON Schema \"d * * * *\"","invocations":1,"location":null,"numPassingAsserts":1,"retryReasons":[],"status":"passed","title":"\"d * * * *\""},{"ancestorTitles":["YAML JSON Schema"],"duration":0,"failureDetails":[],"failureMessages":[],"fullName":"YAML JSON Schema \"* * * *\"","invocations":1,"location":null,"numPassingAsserts":1,"retryReasons":[],"status":"passed","title":"\"* * * *\""},{"ancestorTitles":["YAML JSON Schema"],"duration":3,"failureDetails":[],"failureMessages":[],"fullName":"YAML JSON Schema \"\"","invocations":1,"location":null,"numPassingAsserts":1,"retryReasons":[],"status":"passed","title":"\"\""},{"ancestorTitles":["YAML JSON Schema"],"duration":0,"failureDetails":[],"failureMessages":[],"fullName":"YAML JSON Schema true","invocations":1,"location":null,"numPassingAsserts":1,"retryReasons":[],"status":"passed","title":"true"},{"ancestorTitles":["YAML JSON Schema"],"duration":0,"failureDetails":[],"failureMessages":[],"fullName":"YAML JSON Schema false","invocations":1,"location":null,"numPassingAsserts":1,"retryReasons":[],"status":"passed","title":"false"},{"ancestorTitles":["YAML JSON Schema"],"duration":0,"failureDetails":[],"failureMessages":[],"fullName":"YAML JSON Schema null","invocations":1,"location":null,"numPassingAsserts":1,"retryReasons":[],"status":"passed","title":"null"},{"ancestorTitles":["YAML JSON Schema"],"duration":0,"failureDetails":[],"failureMessages":[],"fullName":"YAML JSON Schema undefined","invocations":1,"location":null,"numPassingAsserts":1,"retryReasons":[],"status":"passed","title":"undefined"},{"ancestorTitles":["YAML JSON Schema"],"duration":0,"failureDetails":[],"failureMessages":[],"fullName":"YAML JSON Schema \"text\"","invocations":1,"location":null,"numPassingAsserts":1,"retryReasons":[],"status":"passed","title":"\"text\""},{"ancestorTitles":["YAML JSON Schema"],"duration":0,"failureDetails":[],"failureMessages":[],"fullName":"YAML JSON Schema \"60 * * * *\"","invocations":1,"location":null,"numPassingAsserts":1,"retryReasons":[],"status":"passed","title":"\"60 * * * *\""},{"ancestorTitles":["YAML JSON Schema"],"duration":1,"failureDetails":[],"failureMessages":[],"fullName":"YAML JSON Schema \"0 24 * * *\"","invocations":1,"location":null,"numPassingAsserts":1,"retryReasons":[],"status":"passed","title":"\"0 24 * * *\""},{"ancestorTitles":["YAML JSON Schema"],"duration":0,"failureDetails":[],"failureMessages":[],"fullName":"YAML JSON Schema \"0 * 32 * *\"","invocations":1,"location":null,"numPassingAsserts":1,"retryReasons":[],"status":"passed","title":"\"0 * 32 * *\""},{"ancestorTitles":["YAML JSON Schema"],"duration":0,"failureDetails":[],"failureMessages":[],"fullName":"YAML JSON Schema \"0 * * 13 *\"","invocations":1,"location":null,"numPassingAsserts":1,"retryReasons":[],"status":"passed","title":"\"0 * * 13 *\""},{"ancestorTitles":["YAML JSON Schema"],"duration":0,"failureDetails":[],"failureMessages":[],"fullName":"YAML JSON Schema \"0 * * * 7\"","invocations":1,"location":null,"numPassingAsserts":1,"retryReasons":[],"status":"passed","title":"\"0 * * * 7\""},{"ancestorTitles":["YAML JSON Schema"],"duration":0,"failureDetails":[],"failureMessages":[],"fullName":"YAML JSON Schema \"00 * * * *\"","invocations":1,"location":null,"numPassingAsserts":1,"retryReasons":[],"status":"passed","title":"\"00 * * * *\""},{"ancestorTitles":["YAML JSON Schema"],"duration":0,"failureDetails":[],"failureMessages":[],"fullName":"YAML JSON Schema \"0 00 * * *\"","invocations":1,"location":null,"numPassingAsserts":1,"retryReasons":[],"status":"passed","title":"\"0 00 * * *\""},{"ancestorTitles":["YAML JSON Schema"],"duration":0,"failureDetails":[],"failureMessages":[],"fullName":"YAML JSON Schema \"0 * 00 * *\"","invocations":1,"location":null,"numPassingAsserts":1,"retryReasons":[],"status":"passed","title":"\"0 * 00 * *\""},{"ancestorTitles":["YAML JSON Schema"],"duration":0,"failureDetails":[],"failureMessages":[],"fullName":"YAML JSON Schema \"0 * * 00 *\"","invocations":1,"location":null,"numPassingAsserts":1,"retryReasons":[],"status":"passed","title":"\"0 * * 00 *\""},{"ancestorTitles":["YAML JSON Schema"],"duration":0,"failureDetails":[],"failureMessages":[],"fullName":"YAML JSON Schema \"0 * * * 00\"","invocations":1,"location":null,"numPassingAsserts":1,"retryReasons":[],"status":"passed","title":"\"0 * * * 00\""},{"ancestorTitles":["YAML JSON Schema"],"duration":0,"failureDetails":[],"failureMessages":[],"fullName":"YAML JSON Schema \"*/2 * * * *\"","invocations":1,"location":null,"numPassingAsserts":1,"retryReasons":[],"status":"passed","title":"\"*/2 * * * *\""},{"ancestorTitles":["YAML JSON Schema"],"duration":0,"failureDetails":[],"failureMessages":[],"fullName":"YAML JSON Schema \"0 */2 * * *\"","invocations":1,"location":null,"numPassingAsserts":1,"retryReasons":[],"status":"passed","title":"\"0 */2 * * *\""},{"ancestorTitles":["YAML JSON Schema"],"duration":0,"failureDetails":[],"failureMessages":[],"fullName":"YAML JSON Schema \"0 * */2 * *\"","invocations":1,"location":null,"numPassingAsserts":1,"retryReasons":[],"status":"passed","title":"\"0 * */2 * *\""},{"ancestorTitles":["YAML JSON Schema"],"duration":0,"failureDetails":[],"failureMessages":[],"fullName":"YAML JSON Schema \"0 * * */2 *\"","invocations":1,"location":null,"numPassingAsserts":1,"retryReasons":[],"status":"passed","title":"\"0 * * */2 *\""},{"ancestorTitles":["YAML JSON Schema"],"duration":0,"failureDetails":[],"failureMessages":[],"fullName":"YAML JSON Schema \"0 * * * */2\"","invocations":1,"location":null,"numPassingAsserts":1,"retryReasons":[],"status":"passed","title":"\"0 * * * */2\""},{"ancestorTitles":["YAML JSON Schema"],"duration":0,"failureDetails":[],"failureMessages":[],"fullName":"YAML JSON Schema \"1,3/2 * * * *\"","invocations":1,"location":null,"numPassingAsserts":1,"retryReasons":[],"status":"passed","title":"\"1,3/2 * * * *\""},{"ancestorTitles":["YAML JSON Schema"],"duration":1,"failureDetails":[],"failureMessages":[],"fullName":"YAML JSON Schema \"0 1,3/2 * * *\"","invocations":1,"location":null,"numPassingAsserts":1,"retryReasons":[],"status":"passed","title":"\"0 1,3/2 * * *\""},{"ancestorTitles":["YAML JSON Schema"],"duration":0,"failureDetails":[],"failureMessages":[],"fullName":"YAML JSON Schema \"0 * 1,3/2 * *\"","invocations":1,"location":null,"numPassingAsserts":1,"retryReasons":[],"status":"passed","title":"\"0 * 1,3/2 * *\""},{"ancestorTitles":["YAML JSON Schema"],"duration":0,"failureDetails":[],"failureMessages":[],"fullName":"YAML JSON Schema \"0 * * 1,3/2 *\"","invocations":1,"location":null,"numPassingAsserts":1,"retryReasons":[],"status":"passed","title":"\"0 * * 1,3/2 *\""},{"ancestorTitles":["YAML JSON Schema"],"duration":0,"failureDetails":[],"failureMessages":[],"fullName":"YAML JSON Schema \"0 * * * 1,3/2\"","invocations":1,"location":null,"numPassingAsserts":1,"retryReasons":[],"status":"passed","title":"\"0 * * * 1,3/2\""},{"ancestorTitles":["YAML JSON Schema"],"duration":0,"failureDetails":[],"failureMessages":[],"fullName":"YAML JSON Schema \"1-6/2 * * * *\"","invocations":1,"location":null,"numPassingAsserts":1,"retryReasons":[],"status":"passed","title":"\"1-6/2 * * * *\""},{"ancestorTitles":["YAML JSON Schema"],"duration":0,"failureDetails":[],"failureMessages":[],"fullName":"YAML JSON Schema \"0 1-6/2 * * *\"","invocations":1,"location":null,"numPassingAsserts":1,"retryReasons":[],"status":"passed","title":"\"0 1-6/2 * * *\""},{"ancestorTitles":["YAML JSON Schema"],"duration":0,"failureDetails":[],"failureMessages":[],"fullName":"YAML JSON Schema \"0 * 1-6/2 * *\"","invocations":1,"location":null,"numPassingAsserts":1,"retryReasons":[],"status":"passed","title":"\"0 * 1-6/2 * *\""},{"ancestorTitles":["YAML JSON Schema"],"duration":0,"failureDetails":[],"failureMessages":[],"fullName":"YAML JSON Schema \"0 * * 1-6/2 *\"","invocations":1,"location":null,"numPassingAsserts":1,"retryReasons":[],"status":"passed","title":"\"0 * * 1-6/2 *\""},{"ancestorTitles":["YAML JSON Schema"],"duration":0,"failureDetails":[],"failureMessages":[],"fullName":"YAML JSON Schema \"0 * * * 1-6/2\"","invocations":1,"location":null,"numPassingAsserts":1,"retryReasons":[],"status":"passed","title":"\"0 * * * 1-6/2\""},{"ancestorTitles":["YAML JSON Schema"],"duration":0,"failureDetails":[],"failureMessages":[],"fullName":"YAML JSON Schema \"! * * * *\"","invocations":1,"location":null,"numPassingAsserts":1,"retryReasons":[],"status":"passed","title":"\"! * * * *\""},{"ancestorTitles":["YAML JSON Schema"],"duration":0,"failureDetails":[],"failureMessages":[],"fullName":"YAML JSON Schema \"0 ! * * *\"","invocations":1,"location":null,"numPassingAsserts":1,"retryReasons":[],"status":"passed","title":"\"0 ! * * *\""},{"ancestorTitles":["YAML JSON Schema"],"duration":0,"failureDetails":[],"failureMessages":[],"fullName":"YAML JSON Schema \"0 * ! * *\"","invocations":1,"location":null,"numPassingAsserts":1,"retryReasons":[],"status":"passed","title":"\"0 * ! * *\""},{"ancestorTitles":["YAML JSON Schema"],"duration":0,"failureDetails":[],"failureMessages":[],"fullName":"YAML JSON Schema \"0 * * ! *\"","invocations":1,"location":null,"numPassingAsserts":1,"retryReasons":[],"status":"passed","title":"\"0 * * ! *\""},{"ancestorTitles":["YAML JSON Schema"],"duration":0,"failureDetails":[],"failureMessages":[],"fullName":"YAML JSON Schema \"0 * * * !\"","invocations":1,"location":null,"numPassingAsserts":1,"retryReasons":[],"status":"passed","title":"\"0 * * * !\""},{"ancestorTitles":["YAML JSON Schema"],"duration":0,"failureDetails":[],"failureMessages":[],"fullName":"YAML JSON Schema \"- * * * *\"","invocations":1,"location":null,"numPassingAsserts":1,"retryReasons":[],"status":"passed","title":"\"- * * * *\""},{"ancestorTitles":["YAML JSON Schema"],"duration":0,"failureDetails":[],"failureMessages":[],"fullName":"YAML JSON Schema \"0 - * * *\"","invocations":1,"location":null,"numPassingAsserts":1,"retryReasons":[],"status":"passed","title":"\"0 - * * *\""},{"ancestorTitles":["YAML JSON Schema"],"duration":0,"failureDetails":[],"failureMessages":[],"fullName":"YAML JSON Schema \"0 * - * *\"","invocations":1,"location":null,"numPassingAsserts":1,"retryReasons":[],"status":"passed","title":"\"0 * - * *\""},{"ancestorTitles":["YAML JSON Schema"],"duration":0,"failureDetails":[],"failureMessages":[],"fullName":"YAML JSON Schema \"0 * * - *\"","invocations":1,"location":null,"numPassingAsserts":1,"retryReasons":[],"status":"passed","title":"\"0 * * - *\""},{"ancestorTitles":["YAML JSON Schema"],"duration":0,"failureDetails":[],"failureMessages":[],"fullName":"YAML JSON Schema \"0 * * * -\"","invocations":1,"location":null,"numPassingAsserts":1,"retryReasons":[],"status":"passed","title":"\"0 * * * -\""},{"ancestorTitles":["YAML JSON Schema"],"duration":0,"failureDetails":[],"failureMessages":[],"fullName":"YAML JSON Schema \"& * * * *\"","invocations":1,"location":null,"numPassingAsserts":1,"retryReasons":[],"status":"passed","title":"\"& * * * *\""},{"ancestorTitles":["YAML JSON Schema"],"duration":0,"failureDetails":[],"failureMessages":[],"fullName":"YAML JSON Schema \"0 & * * *\"","invocations":1,"location":null,"numPassingAsserts":1,"retryReasons":[],"status":"passed","title":"\"0 & * * *\""},{"ancestorTitles":["YAML JSON Schema"],"duration":0,"failureDetails":[],"failureMessages":[],"fullName":"YAML JSON Schema \"0 * & * *\"","invocations":1,"location":null,"numPassingAsserts":1,"retryReasons":[],"status":"passed","title":"\"0 * & * *\""},{"ancestorTitles":["YAML JSON Schema"],"duration":0,"failureDetails":[],"failureMessages":[],"fullName":"YAML JSON Schema \"0 * * & *\"","invocations":1,"location":null,"numPassingAsserts":1,"retryReasons":[],"status":"passed","title":"\"0 * * & *\""},{"ancestorTitles":["YAML JSON Schema"],"duration":0,"failureDetails":[],"failureMessages":[],"fullName":"YAML JSON Schema \"0 * * * &\"","invocations":1,"location":null,"numPassingAsserts":1,"retryReasons":[],"status":"passed","title":"\"0 * * * &\""},{"ancestorTitles":["YAML JSON Schema"],"duration":0,"failureDetails":[],"failureMessages":[],"fullName":"YAML JSON Schema \"# * * * *\"","invocations":1,"location":null,"numPassingAsserts":1,"retryReasons":[],"status":"passed","title":"\"# * * * *\""},{"ancestorTitles":["YAML JSON Schema"],"duration":0,"failureDetails":[],"failureMessages":[],"fullName":"YAML JSON Schema \"0 # * * *\"","invocations":1,"location":null,"numPassingAsserts":1,"retryReasons":[],"status":"passed","title":"\"0 # * * *\""},{"ancestorTitles":["YAML JSON Schema"],"duration":0,"failureDetails":[],"failureMessages":[],"fullName":"YAML JSON Schema \"0 * # * *\"","invocations":1,"location":null,"numPassingAsserts":1,"retryReasons":[],"status":"passed","title":"\"0 * # * *\""},{"ancestorTitles":["YAML JSON Schema"],"duration":1,"failureDetails":[],"failureMessages":[],"fullName":"YAML JSON Schema \"0 * * # *\"","invocations":1,"location":null,"numPassingAsserts":1,"retryReasons":[],"status":"passed","title":"\"0 * * # *\""},{"ancestorTitles":["YAML JSON Schema"],"duration":0,"failureDetails":[],"failureMessages":[],"fullName":"YAML JSON Schema \"0 * * * #\"","invocations":1,"location":null,"numPassingAsserts":1,"retryReasons":[],"status":"passed","title":"\"0 * * * #\""},{"ancestorTitles":["YAML JSON Schema"],"duration":0,"failureDetails":[],"failureMessages":[],"fullName":"YAML JSON Schema \"( * * * *\"","invocations":1,"location":null,"numPassingAsserts":1,"retryReasons":[],"status":"passed","title":"\"( * * * *\""},{"ancestorTitles":["YAML JSON Schema"],"duration":0,"failureDetails":[],"failureMessages":[],"fullName":"YAML JSON Schema \"0 ( * * *\"","invocations":1,"location":null,"numPassingAsserts":1,"retryReasons":[],"status":"passed","title":"\"0 ( * * *\""},{"ancestorTitles":["YAML JSON Schema"],"duration":0,"failureDetails":[],"failureMessages":[],"fullName":"YAML JSON Schema \"0 * ( * *\"","invocations":1,"location":null,"numPassingAsserts":1,"retryReasons":[],"status":"passed","title":"\"0 * ( * *\""},{"ancestorTitles":["YAML JSON Schema"],"duration":0,"failureDetails":[],"failureMessages":[],"fullName":"YAML JSON Schema \"0 * * ( *\"","invocations":1,"location":null,"numPassingAsserts":1,"retryReasons":[],"status":"passed","title":"\"0 * * ( *\""},{"ancestorTitles":["YAML JSON Schema"],"duration":0,"failureDetails":[],"failureMessages":[],"fullName":"YAML JSON Schema \"0 * * * (\"","invocations":1,"location":null,"numPassingAsserts":1,"retryReasons":[],"status":"passed","title":"\"0 * * * (\""},{"ancestorTitles":["YAML JSON Schema"],"duration":0,"failureDetails":[],"failureMessages":[],"fullName":"YAML JSON Schema \") * * * *\"","invocations":1,"location":null,"numPassingAsserts":1,"retryReasons":[],"status":"passed","title":"\") * * * *\""},{"ancestorTitles":["YAML JSON Schema"],"duration":0,"failureDetails":[],"failureMessages":[],"fullName":"YAML JSON Schema \"0 ) * * *\"","invocations":1,"location":null,"numPassingAsserts":1,"retryReasons":[],"status":"passed","title":"\"0 ) * * *\""},{"ancestorTitles":["YAML JSON Schema"],"duration":0,"failureDetails":[],"failureMessages":[],"fullName":"YAML JSON Schema \"0 * ) * *\"","invocations":1,"location":null,"numPassingAsserts":1,"retryReasons":[],"status":"passed","title":"\"0 * ) * *\""},{"ancestorTitles":["YAML JSON Schema"],"duration":0,"failureDetails":[],"failureMessages":[],"fullName":"YAML JSON Schema \"0 * * ) *\"","invocations":1,"location":null,"numPassingAsserts":1,"retryReasons":[],"status":"passed","title":"\"0 * * ) *\""},{"ancestorTitles":["YAML JSON Schema"],"duration":1,"failureDetails":[],"failureMessages":[],"fullName":"YAML JSON Schema \"0 * * * )\"","invocations":1,"location":null,"numPassingAsserts":1,"retryReasons":[],"status":"passed","title":"\"0 * * * )\""},{"ancestorTitles":["YAML JSON Schema"],"duration":0,"failureDetails":[],"failureMessages":[],"fullName":"YAML JSON Schema \"$ * * * *\"","invocations":1,"location":null,"numPassingAsserts":1,"retryReasons":[],"status":"passed","title":"\"$ * * * *\""},{"ancestorTitles":["YAML JSON Schema"],"duration":0,"failureDetails":[],"failureMessages":[],"fullName":"YAML JSON Schema \"0 $ * * *\"","invocations":1,"location":null,"numPassingAsserts":1,"retryReasons":[],"status":"passed","title":"\"0 $ * * *\""},{"ancestorTitles":["YAML JSON Schema"],"duration":0,"failureDetails":[],"failureMessages":[],"fullName":"YAML JSON Schema \"0 * $ * *\"","invocations":1,"location":null,"numPassingAsserts":1,"retryReasons":[],"status":"passed","title":"\"0 * $ * *\""},{"ancestorTitles":["YAML JSON Schema"],"duration":0,"failureDetails":[],"failureMessages":[],"fullName":"YAML JSON Schema \"0 * * $ *\"","invocations":1,"location":null,"numPassingAsserts":1,"retryReasons":[],"status":"passed","title":"\"0 * * $ *\""},{"ancestorTitles":["YAML JSON Schema"],"duration":0,"failureDetails":[],"failureMessages":[],"fullName":"YAML JSON Schema \"0 * * * $\"","invocations":1,"location":null,"numPassingAsserts":1,"retryReasons":[],"status":"passed","title":"\"0 * * * $\""},{"ancestorTitles":["YAML JSON Schema"],"duration":0,"failureDetails":[],"failureMessages":[],"fullName":"YAML JSON Schema \"= * * * *\"","invocations":1,"location":null,"numPassingAsserts":1,"retryReasons":[],"status":"passed","title":"\"= * * * *\""},{"ancestorTitles":["YAML JSON Schema"],"duration":0,"failureDetails":[],"failureMessages":[],"fullName":"YAML JSON Schema \"0 = * * *\"","invocations":1,"location":null,"numPassingAsserts":1,"retryReasons":[],"status":"passed","title":"\"0 = * * *\""},{"ancestorTitles":["YAML JSON Schema"],"duration":0,"failureDetails":[],"failureMessages":[],"fullName":"YAML JSON Schema \"0 * = * *\"","invocations":1,"location":null,"numPassingAsserts":1,"retryReasons":[],"status":"passed","title":"\"0 * = * *\""},{"ancestorTitles":["YAML JSON Schema"],"duration":0,"failureDetails":[],"failureMessages":[],"fullName":"YAML JSON Schema \"0 * * = *\"","invocations":1,"location":null,"numPassingAsserts":1,"retryReasons":[],"status":"passed","title":"\"0 * * = *\""},{"ancestorTitles":["YAML JSON Schema"],"duration":0,"failureDetails":[],"failureMessages":[],"fullName":"YAML JSON Schema \"0 * * * =\"","invocations":1,"location":null,"numPassingAsserts":1,"retryReasons":[],"status":"passed","title":"\"0 * * * =\""},{"ancestorTitles":["YAML JSON Schema"],"duration":1,"failureDetails":[],"failureMessages":[],"fullName":"YAML JSON Schema \"; * * * *\"","invocations":1,"location":null,"numPassingAsserts":1,"retryReasons":[],"status":"passed","title":"\"; * * * *\""},{"ancestorTitles":["YAML JSON Schema"],"duration":0,"failureDetails":[],"failureMessages":[],"fullName":"YAML JSON Schema \"0 ; * * *\"","invocations":1,"location":null,"numPassingAsserts":1,"retryReasons":[],"status":"passed","title":"\"0 ; * * *\""},{"ancestorTitles":["YAML JSON Schema"],"duration":0,"failureDetails":[],"failureMessages":[],"fullName":"YAML JSON Schema \"0 * ; * *\"","invocations":1,"location":null,"numPassingAsserts":1,"retryReasons":[],"status":"passed","title":"\"0 * ; * *\""},{"ancestorTitles":["YAML JSON Schema"],"duration":0,"failureDetails":[],"failureMessages":[],"fullName":"YAML JSON Schema \"0 * * ; *\"","invocations":1,"location":null,"numPassingAsserts":1,"retryReasons":[],"status":"passed","title":"\"0 * * ; *\""},{"ancestorTitles":["YAML JSON Schema"],"duration":0,"failureDetails":[],"failureMessages":[],"fullName":"YAML JSON Schema \"0 * * * ;\"","invocations":1,"location":null,"numPassingAsserts":1,"retryReasons":[],"status":"passed","title":"\"0 * * * ;\""},{"ancestorTitles":["YAML JSON Schema"],"duration":0,"failureDetails":[],"failureMessages":[],"fullName":"YAML JSON Schema \": * * * *\"","invocations":1,"location":null,"numPassingAsserts":1,"retryReasons":[],"status":"passed","title":"\": * * * *\""},{"ancestorTitles":["YAML JSON Schema"],"duration":0,"failureDetails":[],"failureMessages":[],"fullName":"YAML JSON Schema \"0 : * * *\"","invocations":1,"location":null,"numPassingAsserts":1,"retryReasons":[],"status":"passed","title":"\"0 : * * *\""},{"ancestorTitles":["YAML JSON Schema"],"duration":0,"failureDetails":[],"failureMessages":[],"fullName":"YAML JSON Schema \"0 * : * *\"","invocations":1,"location":null,"numPassingAsserts":1,"retryReasons":[],"status":"passed","title":"\"0 * : * *\""},{"ancestorTitles":["YAML JSON Schema"],"duration":0,"failureDetails":[],"failureMessages":[],"fullName":"YAML JSON Schema \"0 * * : *\"","invocations":1,"location":null,"numPassingAsserts":1,"retryReasons":[],"status":"passed","title":"\"0 * * : *\""},{"ancestorTitles":["YAML JSON Schema"],"duration":1,"failureDetails":[],"failureMessages":[],"fullName":"YAML JSON Schema \"0 * * * :\"","invocations":1,"location":null,"numPassingAsserts":1,"retryReasons":[],"status":"passed","title":"\"0 * * * :\""},{"ancestorTitles":["YAML JSON Schema"],"duration":0,"failureDetails":[],"failureMessages":[],"fullName":"YAML JSON Schema \"ю * * * *\"","invocations":1,"location":null,"numPassingAsserts":1,"retryReasons":[],"status":"passed","title":"\"ю * * * *\""},{"ancestorTitles":["YAML JSON Schema"],"duration":0,"failureDetails":[],"failureMessages":[],"fullName":"YAML JSON Schema \"0 ю * * *\"","invocations":1,"location":null,"numPassingAsserts":1,"retryReasons":[],"status":"passed","title":"\"0 ю * * *\""},{"ancestorTitles":["YAML JSON Schema"],"duration":0,"failureDetails":[],"failureMessages":[],"fullName":"YAML JSON Schema \"0 * ю * *\"","invocations":1,"location":null,"numPassingAsserts":1,"retryReasons":[],"status":"passed","title":"\"0 * ю * *\""},{"ancestorTitles":["YAML JSON Schema"],"duration":0,"failureDetails":[],"failureMessages":[],"fullName":"YAML JSON Schema \"0 * * ю *\"","invocations":1,"location":null,"numPassingAsserts":1,"retryReasons":[],"status":"passed","title":"\"0 * * ю *\""},{"ancestorTitles":["YAML JSON Schema"],"duration":0,"failureDetails":[],"failureMessages":[],"fullName":"YAML JSON Schema \"0 * * * ю\"","invocations":1,"location":null,"numPassingAsserts":1,"retryReasons":[],"status":"passed","title":"\"0 * * * ю\""},{"ancestorTitles":["YAML JSON Schema"],"duration":1,"failureDetails":[],"failureMessages":[],"fullName":"YAML JSON Schema \"云 * * * *\"","invocations":1,"location":null,"numPassingAsserts":1,"retryReasons":[],"status":"passed","title":"\"云 * * * *\""},{"ancestorTitles":["YAML JSON Schema"],"duration":0,"failureDetails":[],"failureMessages":[],"fullName":"YAML JSON Schema \"0 云 * * *\"","invocations":1,"location":null,"numPassingAsserts":1,"retryReasons":[],"status":"passed","title":"\"0 云 * * *\""},{"ancestorTitles":["YAML JSON Schema"],"duration":0,"failureDetails":[],"failureMessages":[],"fullName":"YAML JSON Schema \"0 * 云 * *\"","invocations":1,"location":null,"numPassingAsserts":1,"retryReasons":[],"status":"passed","title":"\"0 * 云 * *\""},{"ancestorTitles":["YAML JSON Schema"],"duration":0,"failureDetails":[],"failureMessages":[],"fullName":"YAML JSON Schema \"0 * * 云 *\"","invocations":1,"location":null,"numPassingAsserts":1,"retryReasons":[],"status":"passed","title":"\"0 * * 云 *\""},{"ancestorTitles":["YAML JSON Schema"],"duration":0,"failureDetails":[],"failureMessages":[],"fullName":"YAML JSON Schema \"0 * * * 云\"","invocations":1,"location":null,"numPassingAsserts":1,"retryReasons":[],"status":"passed","title":"\"0 * * * 云\""},{"ancestorTitles":["YAML JSON Schema"],"duration":0,"failureDetails":[],"failureMessages":[],"fullName":"YAML JSON Schema \"☁️🐝 * * * *\"","invocations":1,"location":null,"numPassingAsserts":1,"retryReasons":[],"status":"passed","title":"\"☁️🐝 * * * *\""},{"ancestorTitles":["YAML JSON Schema"],"duration":0,"failureDetails":[],"failureMessages":[],"fullName":"YAML JSON Schema \"0 ☁️🐝 * * *\"","invocations":1,"location":null,"numPassingAsserts":1,"retryReasons":[],"status":"passed","title":"\"0 ☁️🐝 * * *\""},{"ancestorTitles":["YAML JSON Schema"],"duration":0,"failureDetails":[],"failureMessages":[],"fullName":"YAML JSON Schema \"0 * ☁️🐝 * *\"","invocations":1,"location":null,"numPassingAsserts":1,"retryReasons":[],"status":"passed","title":"\"0 * ☁️🐝 * *\""},{"ancestorTitles":["YAML JSON Schema"],"duration":0,"failureDetails":[],"failureMessages":[],"fullName":"YAML JSON Schema \"0 * * ☁️🐝 *\"","invocations":1,"location":null,"numPassingAsserts":1,"retryReasons":[],"status":"passed","title":"\"0 * * ☁️🐝 *\""},{"ancestorTitles":["YAML JSON Schema"],"duration":0,"failureDetails":[],"failureMessages":[],"fullName":"YAML JSON Schema \"0 * * * ☁️🐝\"","invocations":1,"location":null,"numPassingAsserts":1,"retryReasons":[],"status":"passed","title":"\"0 * * * ☁️🐝\""},{"ancestorTitles":["YAML JSON Schema"],"duration":0,"failureDetails":[],"failureMessages":[],"fullName":"YAML JSON Schema \" * * * *\"","invocations":1,"location":null,"numPassingAsserts":1,"retryReasons":[],"status":"passed","title":"\" * * * *\""},{"ancestorTitles":["YAML JSON Schema"],"duration":0,"failureDetails":[],"failureMessages":[],"fullName":"YAML JSON Schema \"0  * * *\"","invocations":1,"location":null,"numPassingAsserts":1,"retryReasons":[],"status":"passed","title":"\"0  * * *\""},{"ancestorTitles":["YAML JSON Schema"],"duration":0,"failureDetails":[],"failureMessages":[],"fullName":"YAML JSON Schema \"0 *  * *\"","invocations":1,"location":null,"numPassingAsserts":1,"retryReasons":[],"status":"passed","title":"\"0 *  * *\""},{"ancestorTitles":["YAML JSON Schema"],"duration":1,"failureDetails":[],"failureMessages":[],"fullName":"YAML JSON Schema \"0 * *  *\"","invocations":1,"location":null,"numPassingAsserts":1,"retryReasons":[],"status":"passed","title":"\"0 * *  *\""},{"ancestorTitles":["YAML JSON Schema"],"duration":0,"failureDetails":[],"failureMessages":[],"fullName":"YAML JSON Schema \"0 * * * \"","invocations":1,"location":null,"numPassingAsserts":1,"retryReasons":[],"status":"passed","title":"\"0 * * * \""},{"ancestorTitles":["YAML JSON Schema"],"duration":0,"failureDetails":[],"failureMessages":[],"fullName":"YAML JSON Schema \"a * * * *\"","invocations":1,"location":null,"numPassingAsserts":1,"retryReasons":[],"status":"passed","title":"\"a * * * *\""},{"ancestorTitles":["YAML JSON Schema"],"duration":0,"failureDetails":[],"failureMessages":[],"fullName":"YAML JSON Schema \"0 a * * *\"","invocations":1,"location":null,"numPassingAsserts":1,"retryReasons":[],"status":"passed","title":"\"0 a * * *\""},{"ancestorTitles":["YAML JSON Schema"],"duration":0,"failureDetails":[],"failureMessages":[],"fullName":"YAML JSON Schema \"0 * a * *\"","invocations":1,"location":null,"numPassingAsserts":1,"retryReasons":[],"status":"passed","title":"\"0 * a * *\""},{"ancestorTitles":["YAML JSON Schema"],"duration":0,"failureDetails":[],"failureMessages":[],"fullName":"YAML JSON Schema \"0 * * a *\"","invocations":1,"location":null,"
[...]
10}},"11":{"start":{"line":12,"column":0},"end":{"line":12,"column":8}},"12":{"start":{"line":13,"column":0},"end":{"line":13,"column":19}},"13":{"start":{"line":14,"column":0},"end":{"line":14,"column":20}},"14":{"start":{"line":15,"column":0},"end":{"line":15,"column":27}},"15":{"start":{"line":16,"column":0},"end":{"line":16,"column":17}},"16":{"start":{"line":17,"column":0},"end":{"line":17,"column":40}},"17":{"start":{"line":18,"column":0},"end":{"line":18,"column":5}},"18":{"start":{"line":19,"column":0},"end":{"line":19,"column":11}},"19":{"start":{"line":20,"column":0},"end":{"line":20,"column":1404}},"20":{"start":{"line":21,"column":0},"end":{"line":21,"column":41}},"21":{"start":{"line":22,"column":0},"end":{"line":22,"column":8}},"22":{"start":{"line":23,"column":0},"end":{"line":23,"column":11}},"23":{"start":{"line":24,"column":0},"end":{"line":24,"column":705}},"24":{"start":{"line":25,"column":0},"end":{"line":25,"column":41}},"25":{"start":{"line":26,"column":0},"end":{"line":26,"column":8}},"26":{"start":{"line":27,"column":0},"end":{"line":27,"column":11}},"27":{"start":{"line":28,"column":0},"end":{"line":28,"column":1078}},"28":{"start":{"line":29,"column":0},"end":{"line":29,"column":41}},"29":{"start":{"line":30,"column":0},"end":{"line":30,"column":8}},"30":{"start":{"line":31,"column":0},"end":{"line":31,"column":11}},"31":{"start":{"line":32,"column":0},"end":{"line":32,"column":741}},"32":{"start":{"line":33,"column":0},"end":{"line":33,"column":41}},"33":{"start":{"line":34,"column":0},"end":{"line":34,"column":8}},"34":{"start":{"line":35,"column":0},"end":{"line":35,"column":11}},"35":{"start":{"line":36,"column":0},"end":{"line":36,"column":806}},"36":{"start":{"line":37,"column":0},"end":{"line":37,"column":41}},"37":{"start":{"line":38,"column":0},"end":{"line":38,"column":8}},"38":{"start":{"line":39,"column":0},"end":{"line":39,"column":11}},"39":{"start":{"line":40,"column":0},"end":{"line":40,"column":995}},"40":{"start":{"line":41,"column":0},"end":{"line":41,"column":41}},"41":{"start":{"line":42,"column":0},"end":{"line":42,"column":8}},"42":{"start":{"line":43,"column":0},"end":{"line":43,"column":11}},"43":{"start":{"line":44,"column":0},"end":{"line":44,"column":833}},"44":{"start":{"line":45,"column":0},"end":{"line":45,"column":41}},"45":{"start":{"line":46,"column":0},"end":{"line":46,"column":8}},"46":{"start":{"line":47,"column":0},"end":{"line":47,"column":11}},"47":{"start":{"line":48,"column":0},"end":{"line":48,"column":600}},"48":{"start":{"line":49,"column":0},"end":{"line":49,"column":41}},"49":{"start":{"line":50,"column":0},"end":{"line":50,"column":8}},"50":{"start":{"line":51,"column":0},"end":{"line":51,"column":11}},"51":{"start":{"line":52,"column":0},"end":{"line":52,"column":396}},"52":{"start":{"line":53,"column":0},"end":{"line":53,"column":22}},"53":{"start":{"line":54,"column":0},"end":{"line":54,"column":8}},"54":{"start":{"line":55,"column":0},"end":{"line":55,"column":11}},"55":{"start":{"line":56,"column":0},"end":{"line":56,"column":390}},"56":{"start":{"line":57,"column":0},"end":{"line":57,"column":22}},"57":{"start":{"line":58,"column":0},"end":{"line":58,"column":8}},"58":{"start":{"line":59,"column":0},"end":{"line":59,"column":11}},"59":{"start":{"line":60,"column":0},"end":{"line":60,"column":1404}},"60":{"start":{"line":61,"column":0},"end":{"line":61,"column":41}},"61":{"start":{"line":62,"column":0},"end":{"line":62,"column":8}},"62":{"start":{"line":63,"column":0},"end":{"line":63,"column":11}},"63":{"start":{"line":64,"column":0},"end":{"line":64,"column":705}},"64":{"start":{"line":65,"column":0},"end":{"line":65,"column":41}},"65":{"start":{"line":66,"column":0},"end":{"line":66,"column":8}},"66":{"start":{"line":67,"column":0},"end":{"line":67,"column":11}},"67":{"start":{"line":68,"column":0},"end":{"line":68,"column":1078}},"68":{"start":{"line":69,"column":0},"end":{"line":69,"column":41}},"69":{"start":{"line":70,"column":0},"end":{"line":70,"column":8}},"70":{"start":{"line":71,"column":0},"end":{"line":71,"column":11}},"71":{"start":{"line":72,"column":0},"end":{"line":72,"column":741}},"72":{"start":{"line":73,"column":0},"end":{"line":73,"column":41}},"73":{"start":{"line":74,"column":0},"end":{"line":74,"column":8}},"74":{"start":{"line":75,"column":0},"end":{"line":75,"column":11}},"75":{"start":{"line":76,"column":0},"end":{"line":76,"column":806}},"76":{"start":{"line":77,"column":0},"end":{"line":77,"column":41}},"77":{"start":{"line":78,"column":0},"end":{"line":78,"column":8}},"78":{"start":{"line":79,"column":0},"end":{"line":79,"column":11}},"79":{"start":{"line":80,"column":0},"end":{"line":80,"column":995}},"80":{"start":{"line":81,"column":0},"end":{"line":81,"column":41}},"81":{"start":{"line":82,"column":0},"end":{"line":82,"column":8}},"82":{"start":{"line":83,"column":0},"end":{"line":83,"column":11}},"83":{"start":{"line":84,"column":0},"end":{"line":84,"column":833}},"84":{"start":{"line":85,"column":0},"end":{"line":85,"column":41}},"85":{"start":{"line":86,"column":0},"end":{"line":86,"column":8}},"86":{"start":{"line":87,"column":0},"end":{"line":87,"column":11}},"87":{"start":{"line":88,"column":0},"end":{"line":88,"column":600}},"88":{"start":{"line":89,"column":0},"end":{"line":89,"column":41}},"89":{"start":{"line":90,"column":0},"end":{"line":90,"column":8}},"90":{"start":{"line":91,"column":0},"end":{"line":91,"column":10}},"91":{"start":{"line":92,"column":0},"end":{"line":92,"column":3}},"92":{"start":{"line":93,"column":0},"end":{"line":93,"column":1}},"93":{"start":{"line":94,"column":0},"end":{"line":94,"column":0}},"94":{"start":{"line":95,"column":0},"end":{"line":95,"column":41}}},"s":{"0":1,"1":1,"2":1,"3":1,"4":1,"5":1,"6":1,"7":1,"8":1,"9":1,"10":1,"11":1,"12":1,"13":1,"14":1,"15":1,"16":1,"17":1,"18":1,"19":1,"20":1,"21":1,"22":1,"23":1,"24":1,"25":1,"26":1,"27":1,"28":1,"29":1,"30":1,"31":1,"32":1,"33":1,"34":1,"35":1,"36":1,"37":1,"38":1,"39":1,"40":1,"41":1,"42":1,"43":1,"44":1,"45":1,"46":1,"47":1,"48":1,"49":1,"50":1,"51":1,"52":1,"53":1,"54":1,"55":1,"56":1,"57":1,"58":1,"59":1,"60":1,"61":1,"62":1,"63":1,"64":1,"65":1,"66":1,"67":1,"68":1,"69":1,"70":1,"71":1,"72":1,"73":1,"74":1,"75":1,"76":1,"77":1,"78":1,"79":1,"80":1,"81":1,"82":1,"83":1,"84":1,"85":1,"86":1,"87":1,"88":1,"89":1,"90":1,"91":1,"92":1,"93":1,"94":1},"branchMap":{"0":{"type":"branch","line":3,"loc":{"start":{"line":3,"column":42},"end":{"line":93,"column":1}},"locations":[{"start":{"line":3,"column":42},"end":{"line":93,"column":1}}]}},"b":{"0":[1]},"fnMap":{"0":{"name":"FeatureFlagsEmptyStateIcon","decl":{"start":{"line":3,"column":42},"end":{"line":93,"column":1}},"loc":{"start":{"line":3,"column":42},"end":{"line":93,"column":1}},"line":3}},"f":{"0":1}},"/Users/ranantharaj/projects/nextgen-ui/libs/shared-components/src/ZeroState/customIcons/SamlEmptyState.tsx":{"path":"/Users/ranantharaj/projects/nextgen-ui/libs/shared-components/src/ZeroState/customIcons/SamlEmptyState.tsx","all":false,"statementMap":{"0":{"start":{"line":1,"column":0},"end":{"line":1,"column":47}},"1":{"start":{"line":2,"column":0},"end":{"line":2,"column":0}},"2":{"start":{"line":3,"column":0},"end":{"line":3,"column":93}},"3":{"start":{"line":4,"column":0},"end":{"line":4,"column":26}},"4":{"start":{"line":5,"column":0},"end":{"line":5,"column":10}},"5":{"start":{"line":6,"column":0},"end":{"line":6,"column":8}},"6":{"start":{"line":7,"column":0},"end":{"line":7,"column":40}},"7":{"start":{"line":8,"column":0},"end":{"line":8,"column":19}},"8":{"start":{"line":9,"column":0},"end":{"line":9,"column":21}},"9":{"start":{"line":10,"column":0},"end":{"line":10,"column":17}},"10":{"start":{"line":11,"column":0},"end":{"line":11,"column":27}},"11":{"start":{"line":12,"column":0},"end":{"line":12,"column":5}},"12":{"start":{"line":13,"column":0},"end":{"line":13,"column":11}},"13":{"start":{"line":14,"column":0},"end":{"line":14,"column":41}},"14":{"start":{"line":15,"column":0},"end":{"line":15,"column":1866}},"15":{"start":{"line":16,"column":0},"end":{"line":16,"column":8}},"16":{"start":{"line":17,"column":0},"end":{"line":17,"column":11}},"17":{"start":{"line":18,"column":0},"end":{"line":18,"column":41}},"18":{"start":{"line":19,"column":0},"end":{"line":19,"column":268}},"19":{"start":{"line":20,"column":0},"end":{"line":20,"column":8}},"20":{"start":{"line":21,"column":0},"end":{"line":21,"column":11}},"21":{"start":{"line":22,"column":0},"end":{"line":22,"column":41}},"22":{"start":{"line":23,"column":0},"end":{"line":23,"column":1209}},"23":{"start":{"line":24,"column":0},"end":{"line":24,"column":8}},"24":{"start":{"line":25,"column":0},"end":{"line":25,"column":11}},"25":{"start":{"line":26,"column":0},"end":{"line":26,"column":41}},"26":{"start":{"line":27,"column":0},"end":{"line":27,"column":628}},"27":{"start":{"line":28,"column":0},"end":{"line":28,"column":8}},"28":{"start":{"line":29,"column":0},"end":{"line":29,"column":11}},"29":{"start":{"line":30,"column":0},"end":{"line":30,"column":41}},"30":{"start":{"line":31,"column":0},"end":{"line":31,"column":1096}},"31":{"start":{"line":32,"column":0},"end":{"line":32,"column":8}},"32":{"start":{"line":33,"column":0},"end":{"line":33,"column":11}},"33":{"start":{"line":34,"column":0},"end":{"line":34,"column":22}},"34":{"start":{"line":35,"column":0},"end":{"line":35,"column":158}},"35":{"start":{"line":36,"column":0},"end":{"line":36,"column":8}},"36":{"start":{"line":37,"column":0},"end":{"line":37,"column":11}},"37":{"start":{"line":38,"column":0},"end":{"line":38,"column":41}},"38":{"start":{"line":39,"column":0},"end":{"line":39,"column":1866}},"39":{"start":{"line":40,"column":0},"end":{"line":40,"column":8}},"40":{"start":{"line":41,"column":0},"end":{"line":41,"column":11}},"41":{"start":{"line":42,"column":0},"end":{"line":42,"column":41}},"42":{"start":{"line":43,"column":0},"end":{"line":43,"column":268}},"43":{"start":{"line":44,"column":0},"end":{"line":44,"column":8}},"44":{"start":{"line":45,"column":0},"end":{"line":45,"column":11}},"45":{"start":{"line":46,"column":0},"end":{"line":46,"column":41}},"46":{"start":{"line":47,"column":0},"end":{"line":47,"column":1209}},"47":{"start":{"line":48,"column":0},"end":{"line":48,"column":8}},"48":{"start":{"line":49,"column":0},"end":{"line":49,"column":11}},"49":{"start":{"line":50,"column":0},"end":{"line":50,"column":41}},"50":{"start":{"line":51,"column":0},"end":{"line":51,"column":628}},"51":{"start":{"line":52,"column":0},"end":{"line":52,"column":8}},"52":{"start":{"line":53,"column":0},"end":{"line":53,"column":11}},"53":{"start":{"line":54,"column":0},"end":{"line":54,"column":41}},"54":{"start":{"line":55,"column":0},"end":{"line":55,"column":857}},"55":{"start":{"line":56,"column":0},"end":{"line":56,"column":8}},"56":{"start":{"line":57,"column":0},"end":{"line":57,"column":10}},"57":{"start":{"line":58,"column":0},"end":{"line":58,"column":3}},"58":{"start":{"line":59,"column":0},"end":{"line":59,"column":1}},"59":{"start":{"line":60,"column":0},"end":{"line":60,"column":0}},"60":{"start":{"line":61,"column":0},"end":{"line":61,"column":33}}},"s":{"0":1,"1":1,"2":1,"3":1,"4":1,"5":1,"6":1,"7":1,"8":1,"9":1,"10":1,"11":1,"12":1,"13":1,"14":1,"15":1,"16":1,"17":1,"18":1,"19":1,"20":1,"21":1,"22":1,"23":1,"24":1,"25":1,"26":1,"27":1,"28":1,"29":1,"30":1,"31":1,"32":1,"33":1,"34":1,"35":1,"36":1,"37":1,"38":1,"39":1,"40":1,"41":1,"42":1,"43":1,"44":1,"45":1,"46":1,"47":1,"48":1,"49":1,"50":1,"51":1,"52":1,"53":1,"54":1,"55":1,"56":1,"57":1,"58":1,"59":1,"60":1},"branchMap":{"0":{"type":"branch","line":3,"loc":{"start":{"line":3,"column":34},"end":{"line":59,"column":1}},"locations":[{"start":{"line":3,"column":34},"end":{"line":59,"column":1}}]}},"b":{"0":[1]},"fnMap":{"0":{"name":"SamlEmptyStateIcon","decl":{"start":{"line":3,"column":34},"end":{"line":59,"column":1}},"loc":{"start":{"line":3,"column":34},"end":{"line":59,"column":1}},"line":3}},"f":{"0":1}},"/Users/ranantharaj/projects/nextgen-ui/libs/shared-components/src/lazy/Fallback.tsx":{"path":"/Users/ranantharaj/projects/nextgen-ui/libs/shared-components/src/lazy/Fallback.tsx","all":true,"statementMap":{"0":{"start":{"line":1,"column":0},"end":{"line":1,"column":87}},"1":{"start":{"line":2,"column":0},"end":{"line":2,"column":0}},"2":{"start":{"line":3,"column":0},"end":{"line":3,"column":31}},"3":{"start":{"line":4,"column":0},"end":{"line":4,"column":38}},"4":{"start":{"line":5,"column":0},"end":{"line":5,"column":14}},"5":{"start":{"line":6,"column":0},"end":{"line":6,"column":1}},"6":{"start":{"line":7,"column":0},"end":{"line":7,"column":0}},"7":{"start":{"line":8,"column":0},"end":{"line":8,"column":3}},"8":{"start":{"line":9,"column":0},"end":{"line":9,"column":83}},"9":{"start":{"line":10,"column":0},"end":{"line":10,"column":42}},"10":{"start":{"line":11,"column":0},"end":{"line":11,"column":3}},"11":{"start":{"line":12,"column":0},"end":{"line":12,"column":89}},"12":{"start":{"line":13,"column":0},"end":{"line":13,"column":66}},"13":{"start":{"line":14,"column":0},"end":{"line":14,"column":0}},"14":{"start":{"line":15,"column":0},"end":{"line":15,"column":19}},"15":{"start":{"line":16,"column":0},"end":{"line":16,"column":47}},"16":{"start":{"line":17,"column":0},"end":{"line":17,"column":10}},"17":{"start":{"line":18,"column":0},"end":{"line":18,"column":0}},"18":{"start":{"line":19,"column":0},"end":{"line":19,"column":32}},"19":{"start":{"line":20,"column":0},"end":{"line":20,"column":0}},"20":{"start":{"line":21,"column":0},"end":{"line":21,"column":59}},"21":{"start":{"line":22,"column":0},"end":{"line":22,"column":24}},"22":{"start":{"line":23,"column":0},"end":{"line":23,"column":1}}},"s":{"0":0,"1":0,"2":0,"3":0,"4":0,"5":0,"6":0,"7":0,"8":0,"9":0,"10":0,"11":0,"12":0,"13":0,"14":0,"15":0,"16":0,"17":0,"18":0,"19":0,"20":0,"21":0,"22":0},"branchMap":{"0":{"type":"branch","line":1,"loc":{"start":{"line":1,"column":0},"end":{"line":23,"column":1}},"locations":[{"start":{"line":1,"column":0},"end":{"line":23,"column":1}}]}},"b":{"0":[0]},"fnMap":{"0":{"name":"(empty-report)","decl":{"start":{"line":1,"column":0},"end":{"line":23,"column":1}},"loc":{"start":{"line":1,"column":0},"end":{"line":23,"column":1}},"line":1}},"f":{"0":0}},"/Users/ranantharaj/projects/nextgen-ui/libs/shared-components/src/lazy/lazy.tsx":{"path":"/Users/ranantharaj/projects/nextgen-ui/libs/shared-components/src/lazy/lazy.tsx","all":false,"statementMap":{"0":{"start":{"line":1,"column":0},"end":{"line":1,"column":8}},"1":{"start":{"line":2,"column":0},"end":{"line":2,"column":21}},"2":{"start":{"line":3,"column":0},"end":{"line":3,"column":25}},"3":{"start":{"line":4,"column":0},"end":{"line":4,"column":21}},"4":{"start":{"line":5,"column":0},"end":{"line":5,"column":20}},"5":{"start":{"line":6,"column":0},"end":{"line":6,"column":11}},"6":{"start":{"line":7,"column":0},"end":{"line":7,"column":12}},"7":{"start":{"line":8,"column":0},"end":{"line":8,"column":11}},"8":{"start":{"line":9,"column":0},"end":{"line":9,"column":14}},"9":{"start":{"line":10,"column":0},"end":{"line":10,"column":68}},"10":{"start":{"line":11,"column":0},"end":{"line":11,"column":0}},"11":{"start":{"line":12,"column":0},"end":{"line":12,"column":78}},"12":{"start":{"line":13,"column":0},"end":{"line":13,"column":0}},"13":{"start":{"line":14,"column":0},"end":{"line":14,"column":31}},"14":{"start":{"line":15,"column":0},"end":{"line":15,"column":38}},"15":{"start":{"line":16,"column":0},"end":{"line":16,"column":1}},"16":{"start":{"line":17,"column":0},"end":{"line":17,"column":0}},"17":{"start":{"line":18,"column":0},"end":{"line":18,"column":3}},"18":{"start":{"line":19,"column":0},"end":{"line":19,"column":83}},"19":{"start":{"line":20,"column":0},"end":{"line":20,"column":42}},"20":{"start":{"line":21,"column":0},"end":{"line":21,"column":3}},"21":{"start":{"line":22,"column":0},"end":{"line":22,"column":89}},"22":{"start":{"line":23,"column":0},"end":{"line":23,"column":66}},"23":{"start":{"line":24,"column":0},"end":{"line":24,"column":0}},"24":{"start":{"line":25,"column":0},"end":{"line":25,"column":19}},"25":{"start":{"line":26,"column":0},"end":{"line":26,"column":47}},"26":{"start":{"line":27,"column":0},"end":{"line":27,"column":10}},"27":{"start":{"line":28,"column":0},"end":{"line":28,"column":0}},"28":{"start":{"line":29,"column":0},"end":{"line":29,"column":32}},"29":{"start":{"line":30,"column":0},"end":{"line":30,"column":0}},"30":{"start":{"line":31,"column":0},"end":{"line":31,"column":59}},"31":{"start":{"line":32,"column":0},"end":{"line":32,"column":24}},"32":{"start":{"line":33,"column":0},"end":{"line":33,"column":1}},"33":{"start":{"line":34,"column":0},"end":{"line":34,"column":0}},"34":{"start":{"line":35,"column":0},"end":{"line":35,"column":21}},"35":{"start":{"line":36,"column":0},"end":{"line":36,"column":64}},"36":{"start":{"line":37,"column":0},"end":{"line":37,"column":89}},"37":{"start":{"line":38,"column":0},"end":{"line":38,"column":25}},"38":{"start":{"line":39,"column":0},"end":{"line":39,"column":35}},"39":{"start":{"line":40,"column":0},"end":{"line":40,"column":43}},"40":{"start":{"line":41,"column":0},"end":{"line":41,"column":41}},"41":{"start":{"line":42,"column":0},"end":{"line":42,"column":33}},"42":{"start":{"line":43,"column":0},"end":{"line":43,"column":4}},"43":{"start":{"line":44,"column":0},"end":{"line":44,"column":0}},"44":{"start":{"line":45,"column":0},"end":{"line":45,"column":34}},"45":{"start":{"line":46,"column":0},"end":{"line":46,"column":99}},"46":{"start":{"line":47,"column":0},"end":{"line":47,"column":3}},"47":{"start":{"line":48,"column":0},"end":{"line":48,"column":0}},"48":{"start":{"line":49,"column":0},"end":{"line":49,"column":10}},"49":{"start":{"line":50,"column":0},"end":{"line":50,"column":46}},"50":{"start":{"line":51,"column":0},"end":{"line":51,"column":19}},"51":{"start":{"line":52,"column":0},"end":{"line":52,"column":15}},"52":{"start":{"line":53,"column":0},"end":{"line":53,"column":3}},"53":{"start":{"line":54,"column":0},"end":{"line":54,"column":1}}},"s":{"0":1,"1":1,"2":1,"3":1,"4":1,"5":1,"6":1,"7":1,"8":1,"9":1,"10":1,"11":1,"12":1,"13":1,"14":1,"15":1,"16":1,"17":1,"18":1,"19":1,"20":1,"21":1,"22":1,"23":1,"24":1,"25":1,"26":1,"27":1,"28":1,"29":0,"30":0,"31":0,"32":0,"33":1,"34":1,"35":1,"36":1,"37":1,"38":1,"39":1,"40":0,"41":0,"42":0,"43":1,"44":1,"45":0,"46":1,"47":1,"48":1,"49":1,"50":1,"51":1,"52":1,"53":1},"branchMap":{"0":{"type":"branch","line":22,"loc":{"start":{"line":22,"column":24},"end":{"line":33,"column":1}},"locations":[{"start":{"line":22,"column":24},"end":{"line":33,"column":1}}]},"1":{"type":"branch","line":22,"loc":{"start":{"line":22,"column":37},"end":{"line":22,"column":89}},"locations":[{"start":{"line":22,"column":37},"end":{"line":22,"column":89}}]},"2":{"type":"branch","line":29,"loc":{"start":{"line":29,"column":28},"end":{"line":33,"column":1}},"locations":[{"start":{"line":29,"column":28},"end":{"line":33,"column":1}}]},"3":{"type":"branch","line":25,"loc":{"start":{"line":25,"column":12},"end":{"line":27,"column":5}},"locations":[{"start":{"line":25,"column":12},"end":{"line":27,"column":5}}]},"4":{"type":"branch","line":35,"loc":{"start":{"line":35,"column":20},"end":{"line":54,"column":1}},"locations":[{"start":{"line":35,"column":20},"end":{"line":54,"column":1}}]}},"b":{"0":[1],"1":[0],"2":[0],"3":[1],"4":[1]},"fnMap":{"0":{"name":"Fallback","decl":{"start":{"line":22,"column":24},"end":{"line":33,"column":1}},"loc":{"start":{"line":22,"column":24},"end":{"line":33,"column":1}},"line":22},"1":{"name":"lazy","decl":{"start":{"line":35,"column":20},"end":{"line":54,"column":1}},"loc":{"start":{"line":35,"column":20},"end":{"line":54,"column":1}},"line":35},"2":{"name":"FallbackDeferred","decl":{"start":{"line":45,"column":27},"end":{"line":46,"column":99}},"loc":{"start":{"line":45,"column":27},"end":{"line":46,"column":99}},"line":45}},"f":{"0":1,"1":1,"2":0}}}}
