TN:
SF:jest.setup.ts
FNF:0
FNH:0
DA:1,7
DA:2,7
DA:3,7
DA:4,7
DA:5,7
DA:6,7
DA:7,7
DA:8,7
DA:9,7
DA:10,7
DA:11,7
DA:12,7
DA:13,7
DA:14,7
DA:15,7
DA:16,7
DA:17,7
DA:18,7
DA:19,7
DA:20,7
DA:21,7
DA:22,7
DA:23,7
DA:24,7
DA:25,7
DA:26,7
DA:27,7
DA:28,7
DA:29,7
DA:30,7
DA:31,7
DA:32,7
DA:33,7
DA:34,7
DA:35,7
DA:36,7
DA:37,7
DA:38,7
DA:39,7
DA:40,7
DA:41,7
DA:42,7
DA:43,7
DA:44,7
DA:45,7
DA:46,7
DA:47,7
DA:48,7
DA:49,7
DA:50,7
DA:51,7
DA:52,7
DA:53,7
DA:54,7
DA:55,7
DA:56,7
DA:57,7
DA:58,7
DA:59,7
DA:60,7
DA:61,7
DA:62,7
DA:63,7
DA:64,7
DA:65,7
DA:66,7
DA:67,7
DA:68,7
DA:69,7
DA:70,7
DA:71,7
DA:72,7
DA:73,7
DA:74,7
DA:75,7
DA:76,7
DA:77,7
DA:78,7
DA:79,7
DA:80,7
DA:81,7
DA:82,7
DA:83,7
DA:84,7
DA:85,7
DA:86,7
DA:87,7
DA:88,7
DA:89,7
DA:90,7
DA:91,7
DA:92,7
DA:93,7
DA:94,7
DA:95,5
DA:96,5
DA:97,5
DA:98,5
DA:99,5
DA:100,5
DA:101,5
DA:102,5
DA:103,5
DA:104,5
DA:105,5
DA:106,5
DA:107,5
DA:108,5
DA:109,5
DA:110,5
DA:111,5
DA:112,5
DA:113,5
DA:114,5
DA:115,5
DA:116,5
DA:117,5
DA:118,5
DA:119,5
DA:120,5
DA:121,5
DA:122,5
DA:123,5
DA:124,5
DA:125,5
DA:126,5
DA:127,5
DA:128,5
DA:129,5
DA:130,5
DA:131,5
DA:132,5
DA:133,5
DA:134,5
DA:135,5
DA:136,5
DA:137,5
DA:138,5
DA:139,5
DA:140,5
DA:141,5
DA:142,5
DA:143,5
DA:144,5
DA:145,5
DA:146,5
DA:147,5
DA:148,5
DA:149,5
DA:150,5
DA:151,5
DA:152,5
DA:153,5
DA:154,5
DA:155,5
DA:156,5
DA:157,5
DA:158,5
DA:159,5
DA:160,5
DA:161,5
DA:162,5
DA:163,5
DA:164,5
DA:165,5
DA:166,5
DA:167,5
DA:168,5
DA:169,5
DA:170,5
DA:171,5
DA:172,7
DA:173,5
DA:174,5
DA:175,5
DA:176,5
DA:177,5
DA:178,5
DA:179,7
DA:180,5
DA:181,5
DA:182,5
DA:183,5
DA:184,5
DA:185,5
DA:186,7
DA:187,5
DA:188,5
DA:189,5
DA:190,5
DA:191,5
DA:192,5
DA:193,7
DA:194,5
DA:195,5
DA:196,5
DA:197,5
DA:198,5
DA:199,5
DA:200,5
DA:201,5
DA:202,5
DA:203,5
DA:204,5
DA:205,5
DA:206,5
DA:207,5
DA:208,5
DA:209,5
DA:210,5
DA:211,5
DA:212,5
DA:213,5
DA:214,5
DA:215,5
DA:216,5
DA:217,5
DA:218,7
DA:219,5
DA:220,5
DA:221,5
DA:222,5
DA:223,5
DA:224,5
DA:225,5
DA:226,5
DA:227,5
DA:228,5
DA:229,5
DA:230,5
DA:231,7
DA:232,5
DA:233,5
DA:234,5
DA:235,5
DA:236,5
DA:237,7
DA:238,5
DA:239,5
DA:240,5
DA:241,5
DA:242,2
DA:243,2
DA:244,2
DA:245,2
DA:246,2
DA:247,2
DA:248,2
LF:248
LH:248
BRF:0
BRH:0
end_of_record
TN:
SF:libs/shared-patterns/src/AdvancedFilter/AdvancedFilter.mocks.ts
FNF:0
FNH:0
DA:1,1
DA:2,1
DA:3,1
DA:4,1
DA:5,1
DA:6,1
DA:7,1
DA:8,1
DA:9,1
DA:10,1
DA:11,1
DA:12,1
DA:13,1
DA:14,1
DA:15,1
DA:16,1
DA:17,1
DA:18,1
DA:19,1
DA:20,1
DA:21,1
DA:22,1
DA:23,1
DA:24,1
DA:25,1
DA:26,1
LF:26
LH:26
BRF:0
BRH:0
end_of_record
TN:
SF:libs/shared-patterns/src/AdvancedFilter/AdvancedFilter.tsx
FNF:0
FNH:0
DA:1,1
DA:2,1
DA:3,1
DA:4,1
DA:5,1
DA:6,1
DA:7,1
DA:8,1
DA:9,1
DA:10,1
DA:11,1
LF:11
LH:11
BRF:0
BRH:0
end_of_record
TN:
SF:libs/shared-patterns/src/AdvancedFilter/AdvancedFilterContent/AdvancedFilterContent.tsx
FN:21,AdvancedFilterContent
FNF:1
FNH:1
FNDA:9,AdvancedFilterContent
DA:1,1
DA:2,1
DA:3,1
DA:4,1
DA:5,1
DA:6,1
DA:7,1
DA:8,1
DA:9,1
DA:10,1
DA:11,1
DA:12,1
DA:13,1
DA:14,1
DA:15,1
DA:16,1
DA:17,1
DA:18,1
DA:19,1
DA:20,1
DA:21,1
DA:22,9
DA:23,9
DA:24,9
DA:25,9
DA:26,9
DA:27,9
DA:28,9
DA:29,9
DA:30,9
DA:31,9
DA:32,9
DA:33,9
DA:34,9
DA:35,9
DA:36,9
DA:37,9
LF:37
LH:37
BRDA:21,0,0,9
BRDA:23,1,0,6
BRDA:23,2,0,3
BRF:3
BRH:3
end_of_record
TN:
SF:libs/shared-patterns/src/AdvancedFilter/AdvancedFilterFooter/AdvancedFilterFooter.tsx
FN:22,AdvancedFilterFooter
FNF:1
FNH:1
FNDA:21,AdvancedFilterFooter
DA:1,1
DA:2,1
DA:3,1
DA:4,1
DA:5,1
DA:6,1
DA:7,1
DA:8,1
DA:9,1
DA:10,1
DA:11,1
DA:12,1
DA:13,1
DA:14,1
DA:15,1
DA:16,1
DA:17,1
DA:18,1
DA:19,1
DA:20,1
DA:21,1
DA:22,1
DA:23,21
DA:24,21
DA:25,21
DA:26,21
DA:27,21
DA:28,21
DA:29,21
DA:30,21
DA:31,21
DA:32,9
DA:33,3
DA:34,3
DA:35,21
DA:36,21
DA:37,21
DA:38,9
DA:39,9
DA:40,9
DA:41,9
DA:42,9
DA:43,9
DA:44,9
DA:45,9
DA:46,9
DA:47,9
DA:48,9
DA:49,9
DA:50,9
DA:51,9
DA:52,9
DA:53,9
DA:54,9
DA:55,9
DA:56,9
DA:57,9
DA:58,9
DA:59,9
DA:60,9
DA:61,9
DA:62,9
DA:63,9
DA:64,9
LF:64
LH:64
BRDA:22,0,0,21
BRDA:25,1,0,0
BRDA:37,2,0,12
BRDA:37,3,0,9
BRDA:31,4,0,9
BRDA:32,5,0,3
BRF:6
BRH:5
end_of_record
TN:
SF:libs/shared-patterns/src/AdvancedFilter/AdvancedFilterHeader/AdvancedFilterHeader.tsx
FN:13,AdvancedFilterHeader
FNF:1
FNH:1
FNDA:22,AdvancedFilterHeader
DA:1,1
DA:2,1
DA:3,1
DA:4,1
DA:5,1
DA:6,1
DA:7,1
DA:8,1
DA:9,1
DA:10,1
DA:11,1
DA:12,1
DA:13,1
DA:14,22
DA:15,22
DA:16,22
DA:17,22
DA:18,22
DA:19,22
DA:20,22
DA:21,22
DA:22,22
DA:23,22
DA:24,22
DA:25,22
DA:26,22
DA:27,22
DA:28,22
DA:29,22
DA:30,22
DA:31,22
DA:32,22
DA:33,22
DA:34,22
DA:35,22
DA:36,22
DA:37,22
DA:38,22
DA:39,22
DA:40,22
DA:41,22
LF:41
LH:41
BRDA:13,0,0,22
BRF:1
BRH:1
end_of_record
TN:
SF:libs/shared-patterns/src/AdvancedFilter/AdvancedFilterWrapper/AdvancedFilterWrapper.tsx
FN:17,AdvancedFilterWrapper
FNF:1
FNH:1
FNDA:7,AdvancedFilterWrapper
DA:1,1
DA:2,1
DA:3,1
DA:4,1
DA:5,1
DA:6,1
DA:7,1
DA:8,1
DA:9,1
DA:10,1
DA:11,1
DA:12,1
DA:13,1
DA:14,1
DA:15,1
DA:16,1
DA:17,1
DA:18,7
DA:19,7
DA:20,7
DA:21,7
DA:22,7
DA:23,3
DA:24,3
DA:25,3
DA:26,3
DA:27,3
DA:28,7
DA:29,7
DA:30,7
DA:31,3
DA:32,3
DA:33,7
DA:34,7
DA:35,7
DA:36,7
DA:37,7
DA:38,7
DA:39,7
DA:40,7
DA:41,7
DA:42,7
DA:43,7
DA:44,7
DA:45,7
DA:46,7
DA:47,7
DA:48,7
DA:49,7
DA:50,7
DA:51,7
DA:52,7
DA:53,7
DA:54,7
DA:55,7
DA:56,7
DA:57,7
DA:58,7
DA:59,7
DA:60,7
DA:61,7
DA:62,7
DA:63,7
DA:64,7
DA:65,7
DA:66,7
DA:67,7
DA:68,7
DA:69,7
DA:70,7
DA:71,7
DA:72,7
DA:73,7
DA:74,7
DA:75,7
DA:76,7
DA:77,7
DA:78,7
DA:79,7
DA:80,7
DA:81,7
DA:82,7
LF:82
LH:82
BRDA:17,0,0,7
BRDA:42,1,0,0
BRDA:69,2,0,6
BRDA:22,3,0,3
BRDA:23,4,0,0
BRDA:26,5,0,0
BRDA:30,6,0,3
BRF:7
BRH:4
end_of_record
TN:
SF:libs/shared-patterns/src/AdvancedFilter/context/AdvancedFilterProvider.tsx
FNF:0
FNH:0
DA:1,1
DA:2,1
DA:3,1
DA:4,1
DA:5,1
DA:6,1
DA:7,1
DA:8,1
DA:9,1
DA:10,1
DA:11,1
DA:12,1
DA:13,1
DA:14,1
LF:14
LH:14
BRF:0
BRH:0
end_of_record
TN:
SF:libs/shared-patterns/src/DashboardFilter/DashboardFilter.tsx
FNF:0
FNH:0
DA:1,1
DA:2,1
DA:3,1
DA:4,1
DA:5,1
DA:6,1
DA:7,1
DA:8,1
DA:9,1
DA:10,1
DA:11,1
DA:12,1
DA:13,1
DA:14,1
DA:15,1
DA:16,1
DA:17,1
DA:18,1
DA:19,1
DA:20,1
DA:21,1
DA:22,1
DA:23,1
DA:24,1
DA:25,1
DA:26,1
DA:27,1
DA:28,1
DA:29,1
DA:30,1
DA:31,1
DA:32,1
DA:33,1
DA:34,1
DA:35,1
DA:36,1
DA:37,1
DA:38,1
DA:39,1
DA:40,1
DA:41,1
DA:42,1
DA:43,1
DA:44,1
DA:45,1
DA:46,1
DA:47,1
DA:48,1
DA:49,1
DA:50,1
DA:51,1
DA:52,1
DA:53,1
DA:54,1
DA:55,1
DA:56,1
DA:57,1
DA:58,1
DA:59,1
DA:60,1
DA:61,1
DA:62,1
DA:63,1
DA:64,1
DA:65,1
DA:66,1
DA:67,1
DA:68,1
LF:68
LH:68
BRF:0
BRH:0
end_of_record
TN:
SF:libs/shared-patterns/src/DashboardFilter/DashboardFilterContainer/DashboardFilterContainer.tsx
FNF:0
FNH:0
DA:1,1
DA:2,1
DA:3,1
DA:4,1
DA:5,1
DA:6,1
DA:7,1
DA:8,1
DA:9,1
DA:10,1
DA:11,1
DA:12,1
DA:13,1
DA:14,1
DA:15,1
DA:16,1
DA:17,1
DA:18,1
DA:19,1
DA:20,1
DA:21,1
DA:22,1
DA:23,1
DA:24,1
DA:25,1
DA:26,1
DA:27,1
DA:28,1
DA:29,1
DA:30,1
DA:31,1
DA:32,1
DA:33,1
DA:34,1
DA:35,1
DA:36,1
DA:37,1
DA:38,1
DA:39,1
DA:40,1
DA:41,1
DA:42,1
DA:43,1
LF:43
LH:43
BRF:0
BRH:0
end_of_record
TN:
SF:libs/shared-patterns/src/DashboardFilter/DashboardFilterDurationSelect/DashboardFilterDurationSelect.tsx
FN:7,DashboardFilterDurationSelect
FNF:1
FNH:1
FNDA:2,DashboardFilterDurationSelect
DA:1,1
DA:2,1
DA:3,1
DA:4,1
DA:5,1
DA:6,1
DA:7,1
DA:8,2
DA:9,2
DA:10,2
DA:11,2
DA:12,2
DA:13,2
DA:14,2
DA:15,2
DA:16,2
DA:17,2
DA:18,2
DA:19,2
DA:20,2
DA:21,2
DA:22,2
DA:23,2
DA:24,2
DA:25,2
DA:26,2
DA:27,2
DA:28,2
DA:29,2
DA:30,2
LF:30
LH:30
BRDA:7,0,0,2
BRF:1
BRH:1
end_of_record
TN:
SF:libs/shared-patterns/src/DashboardFilter/DashboardFilterHeader/DashboardFilterHeader.tsx
FN:26,DashboardFilterHeader
FN:52,handleActionClick
FN:56,handleEditDashboardClick
FN:62,handleRestoreToDefaultClick
FN:70,handleAddWidgetsClick
FN:75,handleEditLayoutCancel
FN:81,handleClose
FN:85,handleConfirmation
FN:90,handleConfirmationClose
FN:95,handleConfirmationSave
FN:102,handleSaveDashboard
FNF:11
FNH:9
FNDA:29,DashboardFilterHeader
FNDA:3,handleActionClick
FNDA:1,handleEditDashboardClick
FNDA:1,handleRestoreToDefaultClick
FNDA:1,handleAddWidgetsClick
FNDA:2,handleEditLayoutCancel
FNDA:0,handleClose
FNDA:3,handleConfirmation
FNDA:0,handleConfirmationClose
FNDA:3,handleConfirmationSave
FNDA:1,handleSaveDashboard
DA:1,1
DA:2,1
DA:3,1
DA:4,1
DA:5,1
DA:6,1
DA:7,1
DA:8,1
DA:9,1
DA:10,1
DA:11,1
DA:12,1
DA:13,1
DA:14,1
DA:15,1
DA:16,1
DA:17,1
DA:18,1
DA:19,1
DA:20,1
DA:21,1
DA:22,1
DA:23,1
DA:24,1
DA:25,1
DA:26,1
DA:27,29
DA:28,29
DA:29,29
DA:30,29
DA:31,29
DA:32,29
DA:33,29
DA:34,29
DA:35,29
DA:36,29
DA:37,29
DA:38,29
DA:39,29
DA:40,29
DA:41,29
DA:42,29
DA:43,29
DA:44,29
DA:45,29
DA:46,29
DA:47,29
DA:48,29
DA:49,29
DA:50,29
DA:51,29
DA:52,29
DA:53,3
DA:54,3
DA:55,29
DA:56,29
DA:57,1
DA:58,1
DA:59,1
DA:60,1
DA:61,29
DA:62,29
DA:63,1
DA:64,1
DA:65,1
DA:66,1
DA:67,1
DA:68,1
DA:69,29
DA:70,29
DA:71,1
DA:72,1
DA:73,1
DA:74,29
DA:75,29
DA:76,2
DA:77,2
DA:78,2
DA:79,2
DA:80,29
DA:81,29
DA:82,0
DA:83,0
DA:84,29
DA:85,29
DA:86,3
DA:87,3
DA:88,3
DA:89,29
DA:90,29
DA:91,0
DA:92,0
DA:93,0
DA:94,29
DA:95,29
DA:96,3
DA:97,3
DA:98,2
DA:99,1
DA:100,3
DA:101,29
DA:102,29
DA:103,1
DA:104,1
DA:105,1
DA:106,1
DA:107,1
DA:108,1
DA:109,29
DA:110,29
DA:111,29
DA:112,29
DA:113,29
DA:114,29
DA:115,29
DA:116,23
DA:117,4
DA:118,4
DA:119,4
DA:120,4
DA:121,4
DA:122,4
DA:123,4
DA:124,4
DA:125,4
DA:126,29
DA:127,29
DA:128,29
DA:129,29
DA:130,29
DA:131,29
DA:132,29
DA:133,29
DA:134,29
DA:135,29
DA:136,27
DA:137,2
DA:138,2
DA:139,2
DA:140,2
DA:141,2
DA:142,2
DA:143,2
DA:144,2
DA:145,2
DA:146,2
DA:147,2
DA:148,2
DA:149,2
DA:150,2
DA:151,27
DA:152,25
DA:153,25
DA:154,29
DA:155,29
DA:156,29
DA:157,10
DA:158,10
DA:159,10
DA:160,10
DA:161,10
DA:162,10
DA:163,10
DA:164,10
DA:165,10
DA:166,10
DA:167,10
DA:168,10
DA:169,10
DA:170,10
DA:171,10
DA:172,10
DA:173,10
DA:174,10
DA:175,10
DA:176,10
DA:177,10
DA:178,10
DA:179,10
DA:180,10
DA:181,10
DA:182,10
DA:183,10
DA:184,10
DA:185,10
DA:186,10
DA:187,10
DA:188,10
DA:189,10
DA:190,10
DA:191,10
DA:192,10
DA:193,10
DA:194,10
DA:195,10
DA:196,10
DA:197,10
DA:198,10
DA:199,10
DA:200,10
DA:201,10
DA:202,10
DA:203,10
DA:204,10
DA:205,10
DA:206,10
DA:207,10
DA:208,10
DA:209,10
DA:210,10
DA:211,10
DA:212,10
DA:213,10
DA:214,10
DA:215,10
DA:216,10
DA:217,10
DA:218,10
DA:219,10
DA:220,10
DA:221,10
DA:222,10
DA:223,10
DA:224,10
DA:225,29
DA:226,29
DA:227,29
DA:228,29
DA:229,29
DA:230,29
DA:231,29
DA:232,29
DA:233,29
DA:234,29
DA:235,29
DA:236,29
DA:237,29
DA:238,29
DA:239,29
DA:240,29
DA:241,29
DA:242,29
DA:243,29
DA:244,29
DA:245,29
DA:246,29
DA:247,29
DA:248,29
DA:249,29
DA:250,29
DA:251,29
DA:252,29
DA:253,29
DA:254,29
DA:255,29
DA:256,29
DA:257,29
DA:258,29
DA:259,29
DA:260,29
DA:261,29
DA:262,29
DA:263,29
DA:264,29
DA:265,29
DA:266,29
DA:267,29
DA:268,29
DA:269,29
DA:270,29
DA:271,29
DA:272,29
DA:273,29
DA:274,29
DA:275,29
LF:275
LH:270
BRDA:26,0,0,29
BRDA:110,1,0,28
BRDA:110,2,0,0
BRDA:115,3,0,28
BRDA:115,4,0,24
BRDA:115,5,0,4
BRDA:115,6,0,28
BRDA:115,7,0,19
BRDA:115,8,0,9
BRDA:115,9,0,23
BRDA:116,10,0,19
BRDA:116,11,0,4
BRDA:130,12,0,11
BRDA:130,13,0,17
BRDA:135,14,0,27
BRDA:136,15,0,0
BRDA:136,16,0,23
BRDA:136,17,0,4
BRDA:136,18,0,3
BRDA:136,19,0,0
BRDA:136,20,0,0
BRDA:136,21,0,2
BRDA:139,22,0,0
BRDA:139,23,0,0
BRDA:142,24,0,0
BRDA:142,25,0,0
BRDA:147,26,0,0
BRDA:147,27,0,0
BRDA:147,28,0,0
BRDA:147,29,0,0
BRDA:151,30,0,25
BRDA:153,31,0,1
BRDA:154,32,0,19
BRDA:154,33,0,19
BRDA:156,34,0,10
BRDA:166,35,0,2
BRDA:166,36,0,8
BRDA:52,37,0,3
BRDA:56,38,0,1
BRDA:62,39,0,1
BRDA:70,40,0,1
BRDA:75,41,0,2
BRDA:85,42,0,3
BRDA:95,43,0,3
BRDA:97,44,0,1
BRDA:97,45,0,2
BRDA:98,46,0,1
BRDA:102,47,0,1
BRDA:111,48,0,0
BRDA:111,49,0,0
BRDA:111,50,0,0
BRDA:116,51,0,4
BRDA:117,52,0,0
BRDA:118,53,0,0
BRDA:120,54,0,0
BRDA:120,55,0,0
BRDA:121,56,0,0
BRDA:121,57,0,0
BRDA:122,58,0,0
BRDA:122,59,0,0
BRDA:123,60,0,0
BRDA:123,61,0,0
BRDA:117,62,0,0
BRDA:117,63,0,0
BRF:64
BRH:37
end_of_record
TN:
SF:libs/shared-patterns/src/DashboardFilter/DashboardFilterHeader/DashboardFilterHeaderPopup.tsx
FN:16,DashboardFilterHeaderPopup
FNF:1
FNH:1
FNDA:20,DashboardFilterHeaderPopup
DA:1,1
DA:2,1
DA:3,1
DA:4,1
DA:5,1
DA:6,1
DA:7,1
DA:8,1
DA:9,1
DA:10,1
DA:11,1
DA:12,1
DA:13,1
DA:14,1
DA:15,1
DA:16,1
DA:17,20
DA:18,20
DA:19,20
DA:20,20
DA:21,20
DA:22,20
DA:23,20
DA:24,20
DA:25,20
DA:26,20
DA:27,20
DA:28,20
DA:29,20
DA:30,20
DA:31,20
DA:32,20
DA:33,20
DA:34,20
DA:35,20
DA:36,20
DA:37,20
DA:38,20
DA:39,20
DA:40,20
DA:41,20
DA:42,20
LF:42
LH:42
BRDA:16,0,0,20
BRF:1
BRH:1
end_of_record
TN:
SF:libs/shared-patterns/src/DashboardFilter/DashboardFilterMultiSelect/DashboardFilterMultiSelect.tsx
FN:13,DashboardFilterMultiSelect
FN:22,handleChange
FNF:2
FNH:2
FNDA:3,DashboardFilterMultiSelect
FNDA:1,handleChange
DA:1,1
DA:2,1
DA:3,1
DA:4,1
DA:5,1
DA:6,1
DA:7,1
DA:8,1
DA:9,1
DA:10,1
DA:11,1
DA:12,1
DA:13,1
DA:14,3
DA:15,3
DA:16,3
DA:17,3
DA:18,3
DA:19,3
DA:20,3
DA:21,3
DA:22,3
DA:23,1
DA:24,1
DA:25,1
DA:26,1
DA:27,1
DA:28,3
DA:29,3
DA:30,2
DA:31,2
DA:32,3
DA:33,3
DA:34,3
DA:35,3
DA:36,3
DA:37,3
DA:38,3
DA:39,3
DA:40,3
DA:41,3
DA:42,3
DA:43,3
DA:44,3
DA:45,3
DA:46,3
DA:47,3
DA:48,3
DA:49,3
DA:50,3
DA:51,3
DA:52,3
DA:53,3
DA:54,3
DA:55,3
DA:56,3
DA:57,3
DA:58,3
DA:59,3
DA:60,3
DA:61,3
DA:62,3
DA:63,3
DA:64,3
DA:65,3
DA:66,3
DA:67,3
DA:68,3
DA:69,3
DA:70,3
DA:71,3
DA:72,3
DA:73,3
LF:73
LH:73
BRDA:13,0,0,3
BRDA:22,1,0,1
BRDA:24,2,0,0
BRDA:23,3,0,0
BRDA:29,4,0,2
BRDA:41,5,0,0
BRDA:44,6,0,0
BRDA:48,7,0,0
BRDA:59,8,0,0
BRF:9
BRH:3
end_of_record
TN:
SF:libs/shared-patterns/src/DashboardFilter/DashboardFilterSelect/DashboardFilterSelect.tsx
FN:10,DashboardFilterSelect
FN:19,handleChange
FNF:2
FNH:2
FNDA:2,DashboardFilterSelect
FNDA:1,handleChange
DA:1,1
DA:2,1
DA:3,1
DA:4,1
DA:5,1
DA:6,1
DA:7,1
DA:8,1
DA:9,1
DA:10,1
DA:11,2
DA:12,2
DA:13,2
DA:14,2
DA:15,2
DA:16,2
DA:17,2
DA:18,2
DA:19,2
DA:20,1
DA:21,1
DA:22,1
DA:23,1
DA:24,2
DA:25,2
DA:26,2
DA:27,2
DA:28,2
DA:29,2
DA:30,2
DA:31,2
DA:32,2
DA:33,2
DA:34,2
DA:35,2
DA:36,2
DA:37,2
DA:38,2
DA:39,2
DA:40,2
DA:41,2
DA:42,2
DA:43,2
DA:44,2
DA:45,2
DA:46,2
DA:47,2
DA:48,2
DA:49,2
DA:50,2
DA:51,2
DA:52,2
DA:53,2
DA:54,2
DA:55,2
DA:56,2
DA:57,2
DA:58,2
LF:58
LH:58
BRDA:10,0,0,2
BRDA:19,1,0,1
BRDA:25,2,0,2
BRDA:48,3,0,0
BRF:4
BRH:3
end_of_record
TN:
SF:libs/shared-patterns/src/DashboardFilter/DashboardFilterTopBar/DashboardFilterTopBar.tsx
FN:22,AppliedFilters
FN:46,FilterContent
FN:58,Filters
FN:70,DashboardFilterTopBar
FN:75,handleClick
FN:79,handleApplyClick
FN:84,handleClose
FNF:7
FNH:6
FNDA:16,AppliedFilters
FNDA:16,FilterContent
FNDA:8,Filters
FNDA:17,DashboardFilterTopBar
FNDA:1,handleClick
FNDA:1,handleApplyClick
FNDA:0,handleClose
DA:1,1
DA:2,1
DA:3,1
DA:4,1
DA:5,1
DA:6,1
DA:7,1
DA:8,1
DA:9,1
DA:10,1
DA:11,1
DA:12,1
DA:13,1
DA:14,1
DA:15,1
DA:16,1
DA:17,1
DA:18,1
DA:19,1
DA:20,1
DA:21,1
DA:22,1
DA:23,16
DA:24,16
DA:25,16
DA:26,16
DA:27,16
DA:28,16
DA:29,16
DA:30,3
DA:31,3
DA:32,3
DA:33,3
DA:34,3
DA:35,3
DA:36,3
DA:37,3
DA:38,3
DA:39,3
DA:40,16
DA:41,16
DA:42,16
DA:43,16
DA:44,16
DA:45,1
DA:46,1
DA:47,16
DA:48,16
DA:49,8
DA:50,8
DA:51,8
DA:52,8
DA:53,16
DA:54,16
DA:55,16
DA:56,16
DA:57,1
DA:58,1
DA:59,8
DA:60,8
DA:61,8
DA:62,8
DA:63,8
DA:64,8
DA:65,8
DA:66,8
DA:67,8
DA:68,8
DA:69,1
DA:70,1
DA:71,17
DA:72,17
DA:73,17
DA:74,17
DA:75,17
DA:76,1
DA:77,1
DA:78,17
DA:79,17
DA:80,1
DA:81,1
DA:82,1
DA:83,17
DA:84,17
DA:85,0
DA:86,0
DA:87,0
DA:88,17
DA:89,17
DA:90,17
DA:91,17
DA:92,17
DA:93,17
DA:94,17
DA:95,17
DA:96,17
DA:97,17
DA:98,17
DA:99,17
DA:100,17
DA:101,17
DA:102,17
DA:103,17
DA:104,17
DA:105,17
DA:106,17
DA:107,17
DA:108,17
DA:109,17
DA:110,17
DA:111,17
DA:112,17
DA:113,17
DA:114,17
DA:115,17
DA:116,17
DA:117,17
DA:118,17
DA:119,17
DA:120,17
DA:121,17
DA:122,17
DA:123,17
DA:124,17
DA:125,17
LF:125
LH:122
BRDA:22,0,0,16
BRDA:29,1,0,3
BRDA:30,2,0,0
BRDA:30,3,0,0
BRDA:46,4,0,16
BRDA:55,5,0,0
BRDA:55,6,0,7
BRDA:55,7,0,0
BRDA:48,8,0,8
BRDA:55,9,0,9
BRDA:55,10,0,0
BRDA:58,11,0,8
BRDA:66,12,0,0
BRDA:61,13,0,1
BRDA:62,14,0,4
BRDA:63,15,0,3
BRDA:70,16,0,17
BRDA:110,17,0,11
BRDA:110,18,0,5
BRDA:75,19,0,1
BRDA:79,20,0,1
BRF:21
BRH:15
end_of_record
TN:
SF:libs/shared-patterns/src/DashboardFilter/DashboardFilterWidget/DashboardFilterWidget.tsx
FNF:0
FNH:0
DA:1,1
DA:2,1
DA:3,1
DA:4,1
DA:5,1
DA:6,1
DA:7,1
DA:8,1
DA:9,1
DA:10,1
DA:11,1
DA:12,1
DA:13,1
DA:14,1
DA:15,1
DA:16,1
DA:17,1
DA:18,1
DA:19,1
DA:20,1
DA:21,1
DA:22,1
DA:23,1
DA:24,1
DA:25,1
DA:26,1
DA:27,1
DA:28,1
DA:29,1
DA:30,1
DA:31,1
DA:32,1
DA:33,1
DA:34,1
DA:35,1
LF:35
LH:35
BRF:0
BRH:0
end_of_record
TN:
SF:libs/shared-patterns/src/DashboardFilter/DashboardFilterWidget/constant.ts
FNF:0
FNH:0
DA:1,1
DA:2,1
DA:3,1
DA:4,1
DA:5,1
DA:6,1
DA:7,1
DA:8,1
DA:9,1
DA:10,1
DA:11,1
DA:12,1
DA:13,1
DA:14,1
DA:15,1
DA:16,1
DA:17,1
DA:18,1
DA:19,1
DA:20,1
DA:21,1
DA:22,1
DA:23,1
DA:24,1
DA:25,1
DA:26,1
DA:27,1
DA:28,1
DA:29,1
DA:30,1
DA:31,1
DA:32,1
DA:33,1
DA:34,1
DA:35,1
DA:36,1
DA:37,1
DA:38,1
DA:39,1
DA:40,1
DA:41,1
DA:42,1
DA:43,1
DA:44,1
DA:45,1
DA:46,1
DA:47,1
DA:48,1
DA:49,1
DA:50,1
DA:51,1
DA:52,1
DA:53,1
DA:54,1
DA:55,1
DA:56,1
DA:57,1
DA:58,1
DA:59,1
DA:60,1
DA:61,1
DA:62,1
DA:63,1
DA:64,1
DA:65,1
DA:66,1
DA:67,1
DA:68,1
DA:69,1
DA:70,1
DA:71,1
DA:72,1
DA:73,1
DA:74,1
DA:75,1
DA:76,1
DA:77,1
DA:78,1
DA:79,1
DA:80,1
DA:81,1
DA:82,1
DA:83,1
DA:84,1
DA:85,1
DA:86,1
DA:87,1
DA:88,1
DA:89,1
DA:90,1
DA:91,1
DA:92,1
DA:93,1
DA:94,1
DA:95,1
DA:96,1
DA:97,1
DA:98,1
DA:99,1
DA:100,1
DA:101,1
DA:102,1
DA:103,1
DA:104,1
DA:105,1
DA:106,1
DA:107,1
DA:108,1
DA:109,1
DA:110,1
DA:111,1
DA:112,1
DA:113,1
DA:114,1
DA:115,1
DA:116,1
DA:117,1
DA:118,1
DA:119,1
DA:120,1
DA:121,1
DA:122,1
DA:123,1
DA:124,1
DA:125,1
DA:126,1
DA:127,1
DA:128,1
DA:129,1
DA:130,1
DA:131,1
DA:132,1
DA:133,1
DA:134,1
DA:135,1
DA:136,1
DA:137,1
DA:138,1
DA:139,1
DA:140,1
DA:141,1
DA:142,1
DA:143,1
DA:144,1
DA:145,1
DA:146,1
DA:147,1
DA:148,1
DA:149,1
DA:150,1
LF:150
LH:150
BRF:0
BRH:0
end_of_record
TN:
SF:libs/shared-patterns/src/DashboardFilter/DashboardFilterWidget/DashboardFilterAddWidgetsDrawer/DashboardFilterAddWidgetsDrawer.tsx
FN:23,DashboardFilterAddWidgetsDrawer
FN:37,onClose
FN:41,handleAddToDashboard
FN:47,handleLayoutChange
FN:101,handleCancel
FN:105,handleApply
FNF:6
FNH:3
FNDA:7,DashboardFilterAddWidgetsDrawer
FNDA:1,onClose
FNDA:0,handleAddToDashboard
FNDA:0,handleLayoutChange
FNDA:1,handleCancel
FNDA:0,handleApply
DA:1,1
DA:2,1
DA:3,1
DA:4,1
DA:5,1
DA:6,1
DA:7,1
DA:8,1
DA:9,1
DA:10,1
DA:11,1
DA:12,1
DA:13,1
DA:14,1
DA:15,1
DA:16,1
DA:17,1
DA:18,1
DA:19,1
DA:20,1
DA:21,1
DA:22,1
DA:23,1
DA:24,7
DA:25,7
DA:26,7
DA:27,7
DA:28,7
DA:29,7
DA:30,7
DA:31,7
DA:32,7
DA:33,7
DA:34,7
DA:35,7
DA:36,7
DA:37,7
DA:38,1
DA:39,1
DA:40,7
DA:41,7
DA:42,0
DA:43,0
DA:44,0
DA:45,0
DA:46,7
DA:47,7
DA:48,0
DA:49,0
DA:50,0
DA:51,0
DA:52,0
DA:53,0
DA:54,0
DA:55,0
DA:56,0
DA:57,0
DA:58,0
DA:59,0
DA:60,0
DA:61,0
DA:62,0
DA:63,0
DA:64,0
DA:65,0
DA:66,0
DA:67,0
DA:68,0
DA:69,0
DA:70,0
DA:71,0
DA:72,0
DA:73,0
DA:74,0
DA:75,0
DA:76,0
DA:77,0
DA:78,0
DA:79,0
DA:80,0
DA:81,0
DA:82,0
DA:83,0
DA:84,0
DA:85,0
DA:86,0
DA:87,0
DA:88,0
DA:89,0
DA:90,0
DA:91,0
DA:92,0
DA:93,0
DA:94,0
DA:95,0
DA:96,0
DA:97,0
DA:98,0
DA:99,0
DA:100,7
DA:101,7
DA:102,1
DA:103,1
DA:104,7
DA:105,7
DA:106,0
DA:107,0
DA:108,0
DA:109,7
DA:110,7
DA:111,6
DA:112,6
DA:113,6
DA:114,10
DA:115,10
DA:116,6
DA:117,6
DA:118,6
DA:119,6
DA:120,6
DA:121,6
DA:122,6
DA:123,7
DA:124,7
DA:125,7
DA:126,7
DA:127,7
DA:128,7
DA:129,7
DA:130,7
DA:131,7
DA:132,7
DA:133,7
DA:134,7
DA:135,7
DA:136,3
DA:137,3
DA:138,3
DA:139,3
DA:140,7
DA:141,7
DA:142,7
DA:143,7
DA:144,7
DA:145,7
DA:146,7
DA:147,7
DA:148,7
DA:149,7
DA:150,7
DA:151,7
DA:152,7
DA:153,7
DA:154,7
DA:155,7
DA:156,7
DA:157,7
DA:158,7
DA:159,7
DA:160,7
DA:161,7
LF:161
LH:102
BRDA:23,0,0,7
BRDA:135,1,0,3
BRDA:140,2,0,2
BRDA:140,3,0,1
BRDA:37,4,0,1
BRDA:101,5,0,1
BRDA:110,6,0,6
BRDA:111,7,0,1
BRDA:113,8,0,10
BRF:9
BRH:9
end_of_record
TN:
SF:libs/shared-patterns/src/DashboardFilter/DashboardFilterWidget/DashboardFilterAddWidgetsDrawer/DashboardFilterAddWidgetsContent/DashboardFilterAddWidgetsContent.tsx
FN:16,DashboardFilterAddWidgetsContent
FNF:1
FNH:1
FNDA:19,DashboardFilterAddWidgetsContent
DA:1,1
DA:2,1
DA:3,1
DA:4,1
DA:5,1
DA:6,1
DA:7,1
DA:8,1
DA:9,1
DA:10,1
DA:11,1
DA:12,1
DA:13,1
DA:14,1
DA:15,1
DA:16,1
DA:17,19
DA:18,19
DA:19,19
DA:20,19
DA:21,19
DA:22,19
DA:23,19
DA:24,19
DA:25,19
DA:26,19
DA:27,19
DA:28,19
DA:29,19
DA:30,19
DA:31,19
DA:32,19
DA:33,19
DA:34,19
DA:35,19
DA:36,19
DA:37,19
DA:38,19
DA:39,19
DA:40,19
DA:41,19
DA:42,19
DA:43,19
DA:44,19
DA:45,19
DA:46,19
DA:47,19
DA:48,19
DA:49,19
DA:50,19
DA:51,19
DA:52,19
DA:53,19
DA:54,19
DA:55,19
DA:56,19
DA:57,19
DA:58,19
DA:59,19
DA:60,19
DA:61,19
DA:62,19
DA:63,19
DA:64,19
DA:65,19
DA:66,19
DA:67,19
DA:68,19
DA:69,19
DA:70,19
DA:71,19
DA:72,19
DA:73,19
DA:74,19
DA:75,19
DA:76,19
DA:77,19
DA:78,19
DA:79,19
DA:80,19
DA:81,19
LF:81
LH:81
BRDA:16,0,0,19
BRDA:30,1,0,18
BRDA:30,2,0,0
BRDA:30,3,0,18
BRDA:31,4,0,0
BRDA:40,5,0,0
BRDA:52,6,0,0
BRDA:71,7,0,0
BRDA:71,8,0,3
BRDA:71,9,0,19
BRDA:74,10,0,0
BRDA:74,11,0,3
BRDA:74,12,0,19
BRDA:32,13,0,0
BRDA:57,14,0,0
BRDA:57,15,0,1
BRDA:57,16,0,0
BRDA:72,17,0,0
BRF:18
BRH:8
end_of_record
TN:
SF:libs/shared-patterns/src/DashboardFilter/DashboardFilterWidget/DashboardFilterSummaryWidget/DashboardFilterSecuritySummaryWidget.tsx
FN:36,t
FN:48,FindingToolsBar
FN:186,SeverityCountSection
FN:272,LastScannedSction
FN:293,FindingToolsSection
FN:355,SecurityContent
FN:431,DashboardFilterSecuritySummaryWidget
FNF:7
FNH:7
FNDA:77,t
FNDA:14,FindingToolsBar
FNDA:7,SeverityCountSection
FNDA:7,LastScannedSction
FNDA:7,FindingToolsSection
FNDA:9,SecurityContent
FNDA:9,DashboardFilterSecuritySummaryWidget
DA:1,1
DA:2,1
DA:3,1
DA:4,1
DA:5,1
DA:6,1
DA:7,1
DA:8,1
DA:9,1
DA:10,1
DA:11,1
DA:12,1
DA:13,1
DA:14,1
DA:15,1
DA:16,1
DA:17,1
DA:18,1
DA:19,1
DA:20,1
DA:21,1
DA:22,1
DA:23,1
DA:24,1
DA:25,1
DA:26,1
DA:27,1
DA:28,1
DA:29,1
DA:30,1
DA:31,1
DA:32,1
DA:33,1
DA:34,1
DA:35,1
DA:36,1
DA:37,77
DA:38,77
DA:39,1
DA:40,1
DA:41,1
DA:42,1
DA:43,1
DA:44,1
DA:45,1
DA:46,1
DA:47,1
DA:48,1
DA:49,14
DA:50,14
DA:51,14
DA:52,14
DA:53,14
DA:54,14
DA:55,14
DA:56,14
DA:57,14
DA:58,14
DA:59,14
DA:60,14
DA:61,14
DA:62,14
DA:63,14
DA:64,14
DA:65,14
DA:66,14
DA:67,14
DA:68,14
DA:69,14
DA:70,14
DA:71,14
DA:72,14
DA:73,14
DA:74,14
DA:75,14
DA:76,14
DA:77,14
DA:78,14
DA:79,14
DA:80,14
DA:81,14
DA:82,14
DA:83,14
DA:84,14
DA:85,14
DA:86,14
DA:87,14
DA:88,14
DA:89,14
DA:90,14
DA:91,14
DA:92,14
DA:93,14
DA:94,14
DA:95,14
DA:96,14
DA:97,14
DA:98,14
DA:99,14
DA:100,14
DA:101,14
DA:102,14
DA:103,14
DA:104,14
DA:105,14
DA:106,14
DA:107,14
DA:108,14
DA:109,14
DA:110,14
DA:111,14
DA:112,14
DA:113,14
DA:114,14
DA:115,14
DA:116,14
DA:117,14
DA:118,14
DA:119,14
DA:120,14
DA:121,14
DA:122,14
DA:123,14
DA:124,14
DA:125,14
DA:126,14
DA:127,14
DA:128,14
DA:129,14
DA:130,14
DA:131,14
DA:132,14
DA:133,14
DA:134,14
DA:135,14
DA:136,14
DA:137,14
DA:138,14
DA:139,14
DA:140,14
DA:141,14
DA:142,14
DA:143,56
DA:144,56
DA:145,56
DA:146,56
DA:147,56
DA:148,56
DA:149,56
DA:150,56
DA:151,56
DA:152,56
DA:153,56
DA:154,56
DA:155,56
DA:156,56
DA:157,56
DA:158,56
DA:159,56
DA:160,56
DA:161,56
DA:162,56
DA:163,56
DA:164,56
DA:165,56
DA:166,56
DA:167,56
DA:168,56
DA:169,56
DA:170,56
DA:171,56
DA:172,56
DA:173,56
DA:174,56
DA:175,56
DA:176,56
DA:177,56
DA:178,56
DA:179,14
DA:180,14
DA:181,14
DA:182,14
DA:183,14
DA:184,14
DA:185,1
DA:186,1
DA:187,7
DA:188,7
DA:189,7
DA:190,7
DA:191,7
DA:192,7
DA:193,7
DA:194,7
DA:195,7
DA:196,7
DA:197,7
DA:198,7
DA:199,7
DA:200,7
DA:201,7
DA:202,7
DA:203,7
DA:204,7
DA:205,7
DA:206,7
DA:207,7
DA:208,7
DA:209,7
DA:210,28
DA:211,28
DA:212,28
DA:213,28
DA:214,28
DA:215,28
DA:216,28
DA:217,28
DA:218,28
DA:219,28
DA:220,28
DA:221,28
DA:222,28
DA:223,28
DA:224,28
DA:225,28
DA:226,28
DA:227,0
DA:228,28
DA:229,28
DA:230,28
DA:231,28
DA:232,28
DA:233,28
DA:234,28
DA:235,28
DA:236,28
DA:237,28
DA:238,28
DA:239,28
DA:240,28
DA:241,28
DA:242,28
DA:243,28
DA:244,28
DA:245,28
DA:246,28
DA:247,28
DA:248,28
DA:249,28
DA:250,28
DA:251,28
DA:252,28
DA:253,28
DA:254,28
DA:255,28
DA:256,28
DA:257,28
DA:258,28
DA:259,28
DA:260,28
DA:261,28
DA:262,28
DA:263,28
DA:264,28
DA:265,28
DA:266,28
DA:267,7
DA:268,7
DA:269,7
DA:270,7
DA:271,1
DA:272,1
DA:273,7
DA:274,7
DA:275,7
DA:276,7
DA:277,7
DA:278,7
DA:279,7
DA:280,7
DA:281,7
DA:282,7
DA:283,7
DA:284,7
DA:285,7
DA:286,7
DA:287,7
DA:288,7
DA:289,7
DA:290,7
DA:291,7
DA:292,1
DA:293,1
DA:294,7
DA:295,7
DA:296,7
DA:297,7
DA:298,7
DA:299,7
DA:300,7
DA:301,7
DA:302,7
DA:303,7
DA:304,7
DA:305,7
DA:306,7
DA:307,7
DA:308,7
DA:309,7
DA:310,7
DA:311,7
DA:312,7
DA:313,7
DA:314,7
DA:315,7
DA:316,7
DA:317,7
DA:318,7
DA:319,7
DA:320,7
DA:321,7
DA:322,7
DA:323,7
DA:324,7
DA:325,7
DA:326,7
DA:327,7
DA:328,7
DA:329,7
DA:330,7
DA:331,14
DA:332,14
DA:333,14
DA:334,14
DA:335,14
DA:336,14
DA:337,14
DA:338,14
DA:339,7
DA:340,7
DA:341,7
DA:342,7
DA:343,7
DA:344,7
DA:345,7
DA:346,7
DA:347,1
DA:348,1
DA:349,1
DA:350,1
DA:351,1
DA:352,1
DA:353,1
DA:354,1
DA:355,1
DA:356,9
DA:357,9
DA:358,9
DA:359,9
DA:360,9
DA:361,9
DA:362,2
DA:363,2
DA:364,2
DA:365,2
DA:366,2
DA:367,2
DA:368,2
DA:369,2
DA:370,2
DA:371,2
DA:372,2
DA:373,2
DA:374,7
DA:375,7
DA:376,9
DA:377,9
DA:378,9
DA:379,9
DA:380,9
DA:381,9
DA:382,9
DA:383,9
DA:384,9
DA:385,9
DA:386,9
DA:387,9
DA:388,9
DA:389,0
DA:390,0
DA:391,0
DA:392,0
DA:393,0
DA:394,0
DA:395,0
DA:396,0
DA:397,0
DA:398,0
DA:399,0
DA:400,0
DA:401,7
DA:402,7
DA:403,7
DA:404,7
DA:405,7
DA:406,7
DA:407,7
DA:408,7
DA:409,7
DA:410,7
DA:411,7
DA:412,7
DA:413,7
DA:414,7
DA:415,7
DA:416,7
DA:417,7
DA:418,7
DA:419,7
DA:420,7
DA:421,7
DA:422,7
DA:423,7
DA:424,7
DA:425,7
DA:426,7
DA:427,7
DA:428,7
DA:429,7
DA:430,1
DA:431,1
DA:432,9
DA:433,9
DA:434,9
DA:435,9
DA:436,9
DA:437,9
DA:438,9
DA:439,9
DA:440,9
DA:441,9
DA:442,9
DA:443,9
DA:444,9
DA:445,9
DA:446,9
DA:447,9
DA:448,9
DA:449,9
DA:450,9
DA:451,9
DA:452,9
DA:453,9
DA:454,9
DA:455,9
DA:456,9
DA:457,9
DA:458,9
DA:459,9
DA:460,9
DA:461,9
DA:462,9
DA:463,9
DA:464,9
DA:465,9
DA:466,9
DA:467,9
DA:468,9
DA:469,9
DA:470,9
DA:471,9
DA:472,9
DA:473,9
DA:474,9
LF:474
LH:461
BRDA:36,0,0,77
BRDA:48,1,0,14
BRDA:60,2,0,0
BRDA:60,3,0,0
BRDA:60,4,0,0
BRDA:61,5,0,0
BRDA:81,6,0,0
BRDA:104,7,0,0
BRDA:142,8,0,0
BRDA:120,9,0,0
BRDA:126,10,0,0
BRDA:142,11,0,56
BRDA:143,12,0,0
BRDA:148,13,0,0
BRDA:186,14,0,7
BRDA:209,15,0,28
BRDA:226,16,0,0
BRDA:228,17,0,0
BRDA:272,18,0,7
BRDA:287,19,0,0
BRDA:293,20,0,7
BRDA:329,21,0,0
BRDA:330,22,0,0
BRDA:330,23,0,14
BRDA:355,24,0,9
BRDA:361,25,0,2
BRDA:373,26,0,7
BRDA:388,27,0,0
BRDA:400,28,0,7
BRDA:431,29,0,9
BRDA:445,30,0,5
BRDA:445,31,0,4
BRF:32
BRH:15
end_of_record
TN:
SF:libs/shared-patterns/src/DashboardFilter/DashboardFilterWidget/DashboardFilterSummaryWidget/utils.ts
FN:7,getSeverityColor
FNF:1
FNH:0
FNDA:0,getSeverityColor
DA:1,1
DA:2,1
DA:3,1
DA:4,1
DA:5,1
DA:6,1
DA:7,1
DA:8,0
DA:9,0
DA:10,0
LF:10
LH:7
BRF:0
BRH:0
end_of_record
TN:
SF:libs/shared-patterns/src/DashboardFilter/DashboardFilterWidget/DashboardFilterSummaryWidget/Plugins/PluginIcon.tsx
FN:53,PluginIcon
FNF:1
FNH:1
FNDA:14,PluginIcon
DA:1,1
DA:2,1
DA:3,1
DA:4,1
DA:5,1
DA:6,1
DA:7,1
DA:8,1
DA:9,1
DA:10,1
DA:11,1
DA:12,1
DA:13,1
DA:14,1
DA:15,1
DA:16,1
DA:17,1
DA:18,1
DA:19,1
DA:20,1
DA:21,1
DA:22,1
DA:23,1
DA:24,1
DA:25,1
DA:26,1
DA:27,1
DA:28,1
DA:29,1
DA:30,1
DA:31,1
DA:32,1
DA:33,1
DA:34,1
DA:35,1
DA:36,1
DA:37,1
DA:38,1
DA:39,1
DA:40,1
DA:41,1
DA:42,1
DA:43,1
DA:44,1
DA:45,1
DA:46,1
DA:47,1
DA:48,1
DA:49,1
DA:50,1
DA:51,1
DA:52,1
DA:53,1
DA:54,14
DA:55,14
DA:56,14
DA:57,14
DA:58,14
DA:59,14
DA:60,14
DA:61,14
DA:62,14
DA:63,14
DA:64,14
DA:65,14
DA:66,14
DA:67,14
DA:68,14
DA:69,14
DA:70,1
DA:71,1
DA:72,1
DA:73,1
DA:74,1
DA:75,1
DA:76,1
DA:77,1
DA:78,1
DA:79,1
DA:80,1
DA:81,1
DA:82,1
DA:83,1
DA:84,1
DA:85,1
DA:86,1
DA:87,1
DA:88,1
DA:89,1
DA:90,1
DA:91,1
DA:92,1
DA:93,1
DA:94,1
DA:95,1
DA:96,1
DA:97,1
DA:98,1
DA:99,1
DA:100,1
DA:101,1
DA:102,1
DA:103,1
DA:104,1
DA:105,1
DA:106,1
DA:107,1
DA:108,1
DA:109,1
DA:110,1
DA:111,1
DA:112,1
DA:113,1
DA:114,1
DA:115,1
DA:116,1
DA:117,1
DA:118,1
DA:119,1
DA:120,1
DA:121,1
DA:122,1
DA:123,1
DA:124,1
DA:125,1
DA:126,1
DA:127,1
DA:128,1
DA:129,1
DA:130,1
DA:131,1
DA:132,1
DA:133,1
DA:134,1
DA:135,1
DA:136,1
DA:137,1
DA:138,1
DA:139,1
DA:140,1
DA:141,1
DA:142,1
DA:143,1
DA:144,1
DA:145,1
DA:146,1
LF:146
LH:146
BRDA:53,0,0,14
BRDA:53,1,0,0
BRDA:54,2,0,0
BRDA:61,3,0,0
BRDA:61,4,0,0
BRDA:62,5,0,0
BRF:6
BRH:1
end_of_record
TN:
SF:libs/shared-patterns/src/DashboardFilter/DashboardFilterWidget/DashboardFilterWidgetContent/DashboardFilterWidgetContent.tsx
FN:81,WidgetSkeleton
FN:98,WidgetNoData
FN:119,WidgetComingSoon
FN:141,Content
FN:166,ContentWithPagination
FN:185,ContentHeader
FN:213,onClick
FN:394,ContentSection
FN:427,SectionInfo
FN:545,DashboardTable
FN:561,TestOverviewSection
FN:566,handleViewByChange
FN:591,ChartSection
FN:624,formatTooltipValue
FN:1005,ContentFooter
FN:1067,PercentileTypeIcon
FN:1079,PercentileTypeColor
FN:1092,DashboardFilterWidgetContent
FNF:18
FNH:17
FNDA:3,WidgetSkeleton
FNDA:0,WidgetNoData
FNDA:2,WidgetComingSoon
FNDA:27,Content
FNDA:18,ContentWithPagination
FNDA:23,ContentHeader
FNDA:1,onClick
FNDA:29,ContentSection
FNDA:23,SectionInfo
FNDA:3,DashboardTable
FNDA:1,TestOverviewSection
FNDA:1,handleViewByChange
FNDA:29,ChartSection
FNDA:2,formatTooltipValue
FNDA:7,ContentFooter
FNDA:6,PercentileTypeIcon
FNDA:7,PercentileTypeColor
FNDA:47,DashboardFilterWidgetContent
DA:1,1
DA:2,1
DA:3,1
DA:4,1
DA:5,1
DA:6,1
DA:7,1
DA:8,1
DA:9,1
DA:10,1
DA:11,1
DA:12,1
DA:13,1
DA:14,1
DA:15,1
DA:16,1
DA:17,1
DA:18,1
DA:19,1
DA:20,1
DA:21,1
DA:22,1
DA:23,1
DA:24,1
DA:25,1
DA:26,1
DA:27,1
DA:28,1
DA:29,1
DA:30,1
DA:31,1
DA:32,1
DA:33,1
DA:34,1
DA:35,1
DA:36,1
DA:37,1
DA:38,1
DA:39,1
DA:40,1
DA:41,1
DA:42,1
DA:43,1
DA:44,1
DA:45,1
DA:46,1
DA:47,1
DA:48,1
DA:49,1
DA:50,1
DA:51,1
DA:52,1
DA:53,1
DA:54,1
DA:55,1
DA:56,1
DA:57,1
DA:58,1
DA:59,1
DA:60,1
DA:61,1
DA:62,1
DA:63,1
DA:64,1
DA:65,1
DA:66,1
DA:67,1
DA:68,1
DA:69,1
DA:70,1
DA:71,1
DA:72,1
DA:73,1
DA:74,1
DA:75,1
DA:76,1
DA:77,1
DA:78,1
DA:79,1
DA:80,1
DA:81,1
DA:82,3
DA:83,3
DA:84,3
DA:85,3
DA:86,3
DA:87,3
DA:88,3
DA:89,3
DA:90,3
DA:91,3
DA:92,3
DA:93,3
DA:94,3
DA:95,3
DA:96,3
DA:97,1
DA:98,1
DA:99,0
DA:100,0
DA:101,0
DA:102,0
DA:103,0
DA:104,0
DA:105,0
DA:106,0
DA:107,0
DA:108,0
DA:109,0
DA:110,0
DA:111,0
DA:112,0
DA:113,0
DA:114,0
DA:115,0
DA:116,0
DA:117,0
DA:118,1
DA:119,1
DA:120,2
DA:121,2
DA:122,2
DA:123,2
DA:124,2
DA:125,2
DA:126,2
DA:127,2
DA:128,2
DA:129,2
DA:130,2
DA:131,2
DA:132,2
DA:133,2
DA:134,2
DA:135,2
DA:136,2
DA:137,2
DA:138,2
DA:139,2
DA:140,1
DA:141,1
DA:142,27
DA:143,27
DA:144,27
DA:145,27
DA:146,27
DA:147,27
DA:148,27
DA:149,27
DA:150,27
DA:151,27
DA:152,27
DA:153,27
DA:154,27
DA:155,27
DA:156,27
DA:157,27
DA:158,27
DA:159,27
DA:160,27
DA:161,27
DA:162,27
DA:163,27
DA:164,27
DA:165,1
DA:166,1
DA:167,18
DA:168,18
DA:169,18
DA:170,18
DA:171,18
DA:172,18
DA:173,18
DA:174,18
DA:175,18
DA:176,18
DA:177,18
DA:178,18
DA:179,18
DA:180,18
DA:181,18
DA:182,18
DA:183,18
DA:184,1
DA:185,1
DA:186,23
DA:187,23
DA:188,23
DA:189,23
DA:190,23
DA:191,23
DA:192,23
DA:193,23
DA:194,23
DA:195,23
DA:196,23
DA:197,23
DA:198,23
DA:199,23
DA:200,23
DA:201,23
DA:202,23
DA:203,23
DA:204,23
DA:205,23
DA:206,16
DA:207,16
DA:208,16
DA:209,16
DA:210,16
DA:211,16
DA:212,16
DA:213,16
DA:214,1
DA:215,1
DA:216,1
DA:217,1
DA:218,16
DA:219,16
DA:220,16
DA:221,16
DA:222,16
DA:223,16
DA:224,16
DA:225,16
DA:226,16
DA:227,16
DA:228,16
DA:229,16
DA:230,16
DA:231,16
DA:232,16
DA:233,16
DA:234,16
DA:235,16
DA:236,16
DA:237,16
DA:238,16
DA:239,16
DA:240,16
DA:241,16
DA:242,16
DA:243,16
DA:244,16
DA:245,16
DA:246,16
DA:247,16
DA:248,16
DA:249,16
DA:250,16
DA:251,16
DA:252,12
DA:253,0
DA:254,0
DA:255,0
DA:256,12
DA:257,12
DA:258,0
DA:259,0
DA:260,0
DA:261,12
DA:262,12
DA:263,16
DA:264,16
DA:265,16
DA:266,1
DA:267,15
DA:268,16
DA:269,16
DA:270,16
DA:271,16
DA:272,16
DA:273,16
DA:274,16
DA:275,16
DA:276,16
DA:277,16
DA:278,16
DA:279,16
DA:280,16
DA:281,16
DA:282,16
DA:283,16
DA:284,16
DA:285,16
DA:286,16
DA:287,16
DA:288,16
DA:289,16
DA:290,16
DA:291,16
DA:292,16
DA:293,16
DA:294,16
DA:295,16
DA:296,16
DA:297,16
DA:298,16
DA:299,16
DA:300,16
DA:301,16
DA:302,16
DA:303,16
DA:304,16
DA:305,16
DA:306,16
DA:307,16
DA:308,16
DA:309,16
DA:310,1
DA:311,1
DA:312,16
DA:313,16
DA:314,16
DA:315,16
DA:316,16
DA:317,16
DA:318,16
DA:319,16
DA:320,16
DA:321,23
DA:322,7
DA:323,7
DA:324,7
DA:325,7
DA:326,7
DA:327,7
DA:328,7
DA:329,7
DA:330,7
DA:331,7
DA:332,7
DA:333,7
DA:334,7
DA:335,7
DA:336,7
DA:337,7
DA:338,7
DA:339,7
DA:340,7
DA:341,7
DA:342,7
DA:343,7
DA:344,7
DA:345,7
DA:346,7
DA:347,7
DA:348,7
DA:349,7
DA:350,7
DA:351,7
DA:352,7
DA:353,7
DA:354,7
DA:355,7
DA:356,7
DA:357,0
DA:358,0
DA:359,0
DA:360,0
DA:361,0
DA:362,0
DA:363,0
DA:364,0
DA:365,0
DA:366,0
DA:367,0
DA:368,7
DA:369,7
DA:370,7
DA:371,7
DA:372,7
DA:373,7
DA:374,7
DA:375,7
DA:376,7
DA:377,23
DA:378,23
DA:379,23
DA:380,23
DA:381,23
DA:382,23
DA:383,23
DA:384,23
DA:385,23
DA:386,23
DA:387,23
DA:388,23
DA:389,23
DA:390,23
DA:391,23
DA:392,23
DA:393,1
DA:394,1
DA:395,29
DA:396,29
DA:397,29
DA:398,29
DA:399,29
DA:400,29
DA:401,29
DA:402,29
DA:403,29
DA:404,29
DA:405,29
DA:406,29
DA:407,29
DA:408,29
DA:409,29
DA:410,29
DA:411,29
DA:412,29
DA:413,29
DA:414,29
DA:415,29
DA:416,29
DA:417,29
DA:418,29
DA:419,29
DA:420,29
DA:421,29
DA:422,29
DA:423,29
DA:424,29
DA:425,29
DA:426,1
DA:427,1
DA:428,23
DA:429,23
DA:430,23
DA:431,23
DA:432,23
DA:433,23
DA:434,23
DA:435,23
DA:436,23
DA:437,23
DA:438,23
DA:439,23
DA:440,23
DA:441,23
DA:442,23
DA:443,23
DA:444,23
DA:445,28
DA:446,28
DA:447,28
DA:448,28
DA:449,28
DA:450,28
DA:451,28
DA:452,28
DA:453,28
DA:454,28
DA:455,28
DA:456,28
DA:457,28
DA:458,28
DA:459,28
DA:460,28
DA:461,28
DA:462,28
DA:463,28
DA:464,28
DA:465,28
DA:466,28
DA:467,28
DA:468,28
DA:469,28
DA:470,28
DA:471,28
DA:472,28
DA:473,28
DA:474,28
DA:475,28
DA:476,28
DA:477,28
DA:478,28
DA:479,28
DA:480,28
DA:481,28
DA:482,28
DA:483,28
DA:484,28
DA:485,28
DA:486,28
DA:487,28
DA:488,28
DA:489,28
DA:490,28
DA:491,28
DA:492,28
DA:493,28
DA:494,28
DA:495,28
DA:496,28
DA:497,28
DA:498,28
DA:499,28
DA:500,0
DA:501,28
DA:502,28
DA:503,28
DA:504,28
DA:505,28
DA:506,28
DA:507,28
DA:508,28
DA:509,28
DA:510,28
DA:511,28
DA:512,28
DA:513,28
DA:514,28
DA:515,28
DA:516,28
DA:517,28
DA:518,28
DA:519,28
DA:520,28
DA:521,28
DA:522,28
DA:523,28
DA:524,28
DA:525,28
DA:526,28
DA:527,1
DA:528,1
DA:529,28
DA:530,28
DA:531,28
DA:532,28
DA:533,28
DA:534,28
DA:535,28
DA:536,28
DA:537,28
DA:538,28
DA:539,28
DA:540,28
DA:541,23
DA:542,23
DA:543,23
DA:544,1
DA:545,1
DA:546,3
DA:547,3
DA:548,3
DA:549,3
DA:550,3
DA:551,3
DA:552,3
DA:553,3
DA:554,3
DA:555,3
DA:556,3
DA:557,3
DA:558,3
DA:559,3
DA:560,1
DA:561,1
DA:562,1
DA:563,1
DA:564,1
DA:565,1
DA:566,1
DA:567,1
DA:568,1
DA:569,1
DA:570,1
DA:571,1
DA:572,1
DA:573,1
DA:574,1
DA:575,1
DA:576,1
DA:577,1
DA:578,1
DA:579,1
DA:580,1
DA:581,1
DA:582,1
DA:583,1
DA:584,1
DA:585,1
DA:586,1
DA:587,1
DA:588,1
DA:589,1
DA:590,1
DA:591,1
DA:592,29
DA:593,29
DA:594,29
DA:595,29
DA:596,29
DA:597,29
DA:598,29
DA:599,29
DA:600,29
DA:601,29
DA:602,29
DA:603,29
DA:604,29
DA:605,29
DA:606,29
DA:607,29
DA:608,29
DA:609,29
DA:610,29
DA:611,29
DA:612,29
DA:613,29
DA:614,29
DA:615,29
DA:616,29
DA:617,29
DA:618,29
DA:619,29
DA:620,29
DA:621,29
DA:622,29
DA:623,29
DA:624,1
DA:625,2
DA:626,2
DA:627,0
DA:628,2
DA:629,2
DA:630,2
DA:631,0
DA:632,2
DA:633,2
DA:634,1
DA:635,1
DA:636,1
DA:637,1
DA:638,1
DA:639,1
DA:640,1
DA:641,1
DA:642,1
DA:643,1
DA:644,1
DA:645,1
DA:646,1
DA:647,1
DA:648,1
DA:649,1
DA:650,1
DA:651,1
DA:652,1
DA:653,1
DA:654,1
DA:655,1
DA:656,1
DA:657,1
DA:658,1
DA:659,1
DA:660,1
DA:661,1
DA:662,1
DA:663,1
DA:664,1
DA:665,2
DA:666,2
DA:667,2
DA:668,2
DA:669,2
DA:670,2
DA:671,2
DA:672,2
DA:673,2
DA:674,2
DA:675,2
DA:676,2
DA:677,2
DA:678,2
DA:679,2
DA:680,2
DA:681,2
DA:682,2
DA:683,2
DA:684,2
DA:685,2
DA:686,2
DA:687,2
DA:688,2
DA:689,2
DA:690,1
DA:691,1
DA:692,1
DA:693,1
DA:694,1
DA:695,1
DA:696,29
DA:697,1
DA:698,1
DA:699,1
DA:700,1
DA:701,1
DA:702,1
DA:703,1
DA:704,1
DA:705,1
DA:706,2
DA:707,2
DA:708,2
DA:709,2
DA:710,2
DA:711,2
DA:712,2
DA:713,2
DA:714,2
DA:715,2
DA:716,2
DA:717,2
DA:718,2
DA:719,2
DA:720,2
DA:721,2
DA:722,2
DA:723,2
DA:724,2
DA:725,2
DA:726,2
DA:727,2
DA:728,2
DA:729,2
DA:730,2
DA:731,2
DA:732,2
DA:733,2
DA:734,2
DA:735,2
DA:736,2
DA:737,2
DA:738,2
DA:739,2
DA:740,2
DA:741,0
DA:742,2
DA:743,2
DA:744,2
DA:745,2
DA:746,2
DA:747,2
DA:748,2
DA:749,2
DA:750,2
DA:751,2
DA:752,2
DA:753,1
DA:754,1
DA:755,1
DA:756,1
DA:757,29
DA:758,0
DA:759,0
DA:760,0
DA:761,0
DA:762,0
DA:763,0
DA:764,0
DA:765,0
DA:766,0
DA:767,0
DA:768,29
DA:769,0
DA:770,0
DA:771,0
DA:772,0
DA:773,0
DA:774,0
DA:775,0
DA:776,0
DA:777,0
DA:778,0
DA:779,0
DA:780,29
DA:781,5
DA:782,5
DA:783,4
DA:784,4
DA:785,4
DA:786,4
DA:787,4
DA:788,4
DA:789,4
DA:790,4
DA:791,4
DA:792,4
DA:793,4
DA:794,4
DA:795,4
DA:796,4
DA:797,4
DA:798,4
DA:799,4
DA:800,4
DA:801,4
DA:802,4
DA:803,4
DA:804,4
DA:805,4
DA:806,4
DA:807,4
DA:808,4
DA:809,4
DA:810,4
DA:811,4
DA:812,4
DA:813,4
DA:814,4
DA:815,4
DA:816,4
DA:817,4
DA:818,4
DA:819,4
DA:820,1
DA:821,1
DA:822,4
DA:823,4
DA:824,4
DA:825,4
DA:826,4
DA:827,4
DA:828,4
DA:829,4
DA:830,4
DA:831,4
DA:832,4
DA:833,4
DA:834,4
DA:835,4
DA:836,4
DA:837,4
DA:838,4
DA:839,4
DA:840,4
DA:841,4
DA:842,4
DA:843,4
DA:844,4
DA:845,4
DA:846,4
DA:847,4
DA:848,4
DA:849,4
DA:850,4
DA:851,5
DA:852,5
DA:853,29
DA:854,1
DA:855,1
DA:856,1
DA:857,1
DA:858,1
DA:859,1
DA:860,1
DA:861,1
DA:862,1
DA:863,1
DA:864,1
DA:865,1
DA:866,1
DA:867,1
DA:868,1
DA:869,1
DA:870,1
DA:871,1
DA:872,29
DA:873,1
DA:874,1
DA:875,1
DA:876,1
DA:877,1
DA:878,1
DA:879,29
DA:880,1
DA:881,1
DA:882,1
DA:883,1
DA:884,1
DA:885,1
DA:886,1
DA:887,1
DA:888,1
DA:889,1
DA:890,1
DA:891,1
DA:892,1
DA:893,1
DA:894,1
DA:895,1
DA:896,1
DA:897,1
DA:898,1
DA:899,1
DA:900,1
DA:901,1
DA:902,1
DA:903,1
DA:904,1
DA:905,1
DA:906,1
DA:907,1
DA:908,1
DA:909,1
DA:910,1
DA:911,1
DA:912,1
DA:913,1
DA:914,1
DA:915,1
DA:916,1
DA:917,1
DA:918,1
DA:919,1
DA:920,1
DA:921,1
DA:922,1
DA:923,1
DA:924,1
DA:925,1
DA:926,1
DA:927,1
DA:928,1
DA:929,1
DA:930,1
DA:931,1
DA:932,1
DA:933,1
DA:934,1
DA:935,1
DA:936,1
DA:937,1
DA:938,1
DA:939,1
DA:940,1
DA:941,1
DA:942,1
DA:943,1
DA:944,1
DA:945,1
DA:946,1
DA:947,1
DA:948,1
DA:949,1
DA:950,1
DA:951,1
DA:952,1
DA:953,1
DA:954,1
DA:955,1
DA:956,1
DA:957,1
DA:958,1
DA:959,1
DA:960,1
DA:961,1
DA:962,1
DA:963,1
DA:964,1
DA:965,1
DA:966,1
DA:967,1
DA:968,1
DA:969,1
DA:970,1
DA:971,1
DA:972,1
DA:973,1
DA:974,1
DA:975,1
DA:976,1
DA:977,1
DA:978,1
DA:979,1
DA:980,1
DA:981,1
DA:982,1
DA:983,1
DA:984,1
DA:985,1
DA:986,1
DA:987,1
DA:988,1
DA:989,1
DA:990,1
DA:991,1
DA:992,1
DA:993,1
DA:994,1
DA:995,1
DA:996,1
DA:997,1
DA:998,1
DA:999,29
DA:1000,29
DA:1001,29
DA:1002,29
DA:1003,29
DA:1004,1
DA:1005,1
DA:1006,7
DA:1007,7
DA:1008,7
DA:1009,7
DA:1010,7
DA:1011,7
DA:1012,7
DA:1013,7
DA:1014,7
DA:1015,0
DA:1016,7
DA:1017,5
DA:1018,7
DA:1019,7
DA:1020,7
DA:1021,7
DA:1022,7
DA:1023,7
DA:1024,7
DA:1025,7
DA:1026,7
DA:1027,7
DA:1028,7
DA:1029,7
DA:1030,7
DA:1031,7
DA:1032,7
DA:1033,7
DA:1034,7
DA:1035,7
DA:1036,7
DA:1037,7
DA:1038,7
DA:1039,7
DA:1040,7
DA:1041,7
DA:1042,7
DA:1043,0
DA:1044,7
DA:1045,7
DA:1046,7
DA:1047,7
DA:1048,7
DA:1049,7
DA:1050,7
DA:1051,7
DA:1052,7
DA:1053,7
DA:1054,7
DA:1055,7
DA:1056,7
DA:1057,7
DA:1058,7
DA:1059,7
DA:1060,7
DA:1061,7
DA:1062,7
DA:1063,7
DA:1064,7
DA:1065,7
DA:1066,1
DA:1067,1
DA:1068,6
DA:1069,6
DA:1070,6
DA:1071,6
DA:1072,6
DA:1073,6
DA:1074,6
DA:1075,6
DA:1076,6
DA:1077,6
DA:1078,1
DA:1079,1
DA:1080,7
DA:1081,7
DA:1082,7
DA:1083,7
DA:1084,7
DA:1085,7
DA:1086,7
DA:1087,7
DA:1088,7
DA:1089,7
DA:1090,7
DA:1091,1
DA:1092,1
DA:1093,47
DA:1094,47
DA:1095,47
DA:1096,47
DA:1097,47
DA:1098,47
DA:1099,47
DA:1100,47
DA:1101,47
DA:1102,47
DA:1103,47
DA:1104,47
DA:1105,47
DA:1106,47
DA:1107,47
DA:1108,47
DA:1109,47
DA:1110,47
DA:1111,47
DA:1112,47
DA:1113,47
DA:1114,47
DA:1115,47
DA:1116,0
DA:1117,45
DA:1118,45
DA:1119,18
DA:1120,27
DA:1121,27
DA:1122,0
DA:1123,0
DA:1124,0
DA:1125,47
DA:1126,47
DA:1127,47
DA:1128,47
LF:1128
LH:1061
BRDA:81,0,0,3
BRDA:92,1,0,9
BRDA:92,2,0,9
BRDA:119,3,0,2
BRDA:121,4,0,0
BRDA:141,5,0,27
BRDA:163,6,0,0
BRDA:143,7,0,27
BRDA:153,8,0,0
BRDA:153,9,0,0
BRDA:156,10,0,0
BRDA:156,11,0,22
BRDA:157,12,0,11
BRDA:157,13,0,16
BRDA:157,14,0,11
BRDA:158,15,0,15
BRDA:158,16,0,12
BRDA:158,17,0,6
BRDA:166,18,0,18
BRDA:177,19,0,0
BRDA:177,20,0,1
BRDA:178,21,0,0
BRDA:179,22,0,0
BRDA:179,23,0,1
BRDA:185,24,0,23
BRDA:194,25,0,0
BRDA:194,26,0,23
BRDA:195,27,0,0
BRDA:195,28,0,0
BRDA:196,29,0,0
BRDA:196,30,0,0
BRDA:197,31,0,0
BRDA:197,32,0,0
BRDA:198,33,0,0
BRDA:198,34,0,0
BRDA:199,35,0,0
BRDA:199,36,0,0
BRDA:200,37,0,0
BRDA:200,38,0,0
BRDA:201,39,0,0
BRDA:201,40,0,0
BRDA:205,41,0,0
BRDA:205,42,0,7
BRDA:205,43,0,16
BRDA:208,44,0,0
BRDA:209,45,0,0
BRDA:209,46,0,0
BRDA:209,47,0,9
BRDA:209,48,0,0
BRDA:209,49,0,0
BRDA:209,50,0,7
BRDA:211,51,0,11
BRDA:211,52,0,0
BRDA:246,53,0,12
BRDA:246,54,0,4
BRDA:249,55,0,4
BRDA:249,56,0,0
BRDA:250,57,0,12
BRDA:251,58,0,12
BRDA:252,59,0,0
BRDA:257,60,0,0
BRDA:265,61,0,1
BRDA:266,62,0,0
BRDA:266,63,0,15
BRDA:267,64,0,0
BRDA:267,65,0,0
BRDA:268,66,0,0
BRDA:268,67,0,0
BRDA:268,68,0,0
BRDA:270,69,0,0
BRDA:270,70,0,0
BRDA:273,71,0,0
BRDA:273,72,0,0
BRDA:275,73,0,0
BRDA:275,74,0,0
BRDA:280,75,0,0
BRDA:280,76,0,0
BRDA:280,77,0,0
BRDA:280,78,0,0
BRDA:280,79,0,0
BRDA:280,80,0,0
BRDA:281,81,0,0
BRDA:281,82,0,0
BRDA:281,83,0,0
BRDA:283,84,0,0
BRDA:283,85,0,0
BRDA:283,86,0,0
BRDA:287,87,0,0
BRDA:287,88,0,0
BRDA:287,89,0,0
BRDA:294,90,0,0
BRDA:294,91,0,0
BRDA:300,92,0,1
BRDA:300,93,0,2
BRDA:305,94,0,1
BRDA:305,95,0,2
BRDA:309,96,0,1
BRDA:317,97,0,0
BRDA:317,98,0,0
BRDA:321,99,0,7
BRDA:321,100,0,0
BRDA:321,101,0,0
BRDA:321,102,0,0
BRDA:321,103,0,0
BRDA:323,104,0,0
BRDA:323,105,0,0
BRDA:376,106,0,0
BRDA:213,107,0,1
BRDA:215,108,0,0
BRDA:216,109,0,0
BRDA:216,110,0,0
BRDA:241,111,0,0
BRDA:323,112,0,7
BRDA:324,113,0,0
BRDA:324,114,0,0
BRDA:325,115,0,0
BRDA:325,116,0,0
BRDA:326,117,0,0
BRDA:326,118,0,0
BRDA:327,119,0,0
BRDA:327,120,0,0
BRDA:328,121,0,0
BRDA:338,122,0,0
BRDA:352,123,0,0
BRDA:356,124,0,0
BRDA:370,125,0,0
BRDA:394,126,0,29
BRDA:400,127,0,0
BRDA:406,128,0,0
BRDA:406,129,0,1
BRDA:420,130,0,0
BRDA:420,131,0,28
BRDA:420,132,0,1
BRDA:420,133,0,28
BRDA:420,134,0,23
BRDA:427,135,0,23
BRDA:443,136,0,0
BRDA:443,137,0,0
BRDA:444,138,0,0
BRDA:444,139,0,0
BRDA:443,140,0,23
BRDA:443,141,0,0
BRDA:444,142,0,28
BRDA:446,143,0,0
BRDA:446,144,0,0
BRDA:447,145,0,0
BRDA:447,146,0,0
BRDA:448,147,0,0
BRDA:448,148,0,0
BRDA:449,149,0,0
BRDA:474,150,0,0
BRDA:474,151,0,0
BRDA:495,152,0,0
BRDA:496,153,0,0
BRDA:499,154,0,0
BRDA:502,155,0,0
BRDA:506,156,0,0
BRDA:516,157,0,1
BRDA:516,158,0,2
BRDA:522,159,0,1
BRDA:522,160,0,2
BRDA:526,161,0,1
BRDA:545,162,0,3
BRDA:554,163,0,0
BRDA:561,164,0,1
BRDA:570,165,0,0
BRDA:566,166,0,1
BRDA:567,167,0,0
BRDA:591,168,0,29
BRDA:613,169,0,0
BRDA:613,170,0,0
BRDA:1001,171,0,0
BRDA:607,172,0,29
BRDA:615,173,0,1
BRDA:616,174,0,1
BRDA:617,175,0,12
BRDA:618,176,0,1
BRDA:619,177,0,1
BRDA:620,178,0,1
BRDA:621,179,0,1
BRDA:622,180,0,1
BRDA:623,181,0,1
BRDA:637,182,0,0
BRDA:661,183,0,0
BRDA:662,184,0,0
BRDA:664,185,0,0
BRDA:624,186,0,2
BRDA:626,187,0,0
BRDA:629,188,0,0
BRDA:630,189,0,0
BRDA:653,190,0,0
BRDA:664,191,0,2
BRDA:665,192,0,0
BRDA:666,193,0,0
BRDA:667,194,0,0
BRDA:668,195,0,0
BRDA:680,196,0,0
BRDA:680,197,0,0
BRDA:682,198,0,0
BRDA:683,199,0,0
BRDA:696,200,0,1
BRDA:699,201,0,0
BRDA:705,202,0,0
BRDA:705,203,0,2
BRDA:706,204,0,0
BRDA:706,205,0,0
BRDA:707,206,0,0
BRDA:707,207,0,0
BRDA:708,208,0,0
BRDA:708,209,0,0
BRDA:709,210,0,0
BRDA:736,211,0,0
BRDA:737,212,0,0
BRDA:740,213,0,0
BRDA:743,214,0,0
BRDA:780,215,0,5
BRDA:782,216,0,0
BRDA:782,217,0,4
BRDA:783,218,0,0
BRDA:783,219,0,4
BRDA:784,220,0,0
BRDA:810,221,0,1
BRDA:810,222,0,2
BRDA:815,223,0,1
BRDA:815,224,0,2
BRDA:819,225,0,1
BRDA:835,226,0,0
BRDA:843,227,0,0
BRDA:843,228,0,0
BRDA:784,229,0,4
BRDA:784,230,0,4
BRDA:853,231,0,1
BRDA:854,232,0,0
BRDA:872,233,0,1
BRDA:874,234,0,0
BRDA:875,235,0,0
BRDA:879,236,0,1
BRDA:880,237,0,0
BRDA:883,238,0,0
BRDA:896,239,0,0
BRDA:881,240,0,0
BRDA:881,241,0,0
BRDA:883,242,0,3
BRDA:943,243,0,0
BRDA:948,244,0,0
BRDA:974,245,0,0
BRDA:984,246,0,0
BRDA:984,247,0,0
BRDA:948,248,0,0
BRDA:1005,249,0,7
BRDA:1009,250,0,0
BRDA:1009,251,0,7
BRDA:1010,252,0,0
BRDA:1010,253,0,0
BRDA:1011,254,0,0
BRDA:1011,255,0,0
BRDA:1014,256,0,0
BRDA:1016,257,0,5
BRDA:1016,258,0,2
BRDA:1016,259,0,0
BRDA:1016,260,0,0
BRDA:1016,261,0,5
BRDA:1017,262,0,0
BRDA:1021,263,0,0
BRDA:1041,264,0,0
BRDA:1041,265,0,0
BRDA:1042,266,0,0
BRDA:1042,267,0,0
BRDA:1042,268,0,0
BRDA:1042,269,0,0
BRDA:1046,270,0,6
BRDA:1067,271,0,6
BRDA:1075,272,0,0
BRDA:1069,273,0,3
BRDA:1070,274,0,1
BRDA:1071,275,0,2
BRDA:1079,276,0,7
BRDA:1088,277,0,1
BRDA:1082,278,0,3
BRDA:1083,279,0,1
BRDA:1084,280,0,2
BRDA:1092,281,0,47
BRDA:1096,282,0,45
BRDA:1096,283,0,0
BRDA:1096,284,0,45
BRDA:1096,285,0,0
BRDA:1115,286,0,0
BRDA:1116,287,0,45
BRDA:1118,288,0,0
BRDA:1118,289,0,18
BRDA:1119,290,0,0
BRDA:1119,291,0,27
BRDA:1121,292,0,0
BRDA:1121,293,0,0
BRF:294
BRH:105
end_of_record
TN:
SF:libs/shared-patterns/src/DashboardFilter/DashboardFilterWidget/DashboardFilterWidgetDrawer/DashboardFilterNestedWidgetDrawer.tsx
FN:23,DashboardFilterNestedWidgetDrawer
FN:33,onClose
FNF:2
FNH:2
FNDA:8,DashboardFilterNestedWidgetDrawer
FNDA:1,onClose
DA:1,1
DA:2,1
DA:3,1
DA:4,1
DA:5,1
DA:6,1
DA:7,1
DA:8,1
DA:9,1
DA:10,1
DA:11,1
DA:12,1
DA:13,1
DA:14,1
DA:15,1
DA:16,1
DA:17,1
DA:18,1
DA:19,1
DA:20,1
DA:21,1
DA:22,1
DA:23,1
DA:24,8
DA:25,8
DA:26,8
DA:27,8
DA:28,8
DA:29,8
DA:30,8
DA:31,8
DA:32,8
DA:33,8
DA:34,1
DA:35,1
DA:36,8
DA:37,8
DA:38,8
DA:39,8
DA:40,8
DA:41,8
DA:42,8
DA:43,8
DA:44,8
DA:45,8
DA:46,8
DA:47,8
DA:48,8
DA:49,8
DA:50,8
DA:51,8
DA:52,8
DA:53,8
DA:54,8
DA:55,8
DA:56,8
DA:57,8
DA:58,8
DA:59,8
DA:60,8
DA:61,8
DA:62,8
DA:63,3
DA:64,3
DA:65,3
DA:66,8
DA:67,1
DA:68,1
DA:69,8
DA:70,8
DA:71,8
DA:72,8
DA:73,8
DA:74,8
DA:75,8
DA:76,8
DA:77,8
DA:78,8
DA:79,8
DA:80,8
DA:81,8
LF:81
LH:81
BRDA:23,0,0,8
BRDA:42,1,0,1
BRDA:42,2,0,7
BRDA:43,3,0,1
BRDA:43,4,0,7
BRDA:43,5,0,7
BRDA:43,6,0,0
BRDA:48,7,0,0
BRDA:48,8,0,1
BRDA:48,9,0,7
BRDA:48,10,0,0
BRDA:57,11,0,1
BRDA:57,12,0,7
BRDA:62,13,0,0
BRDA:62,14,0,3
BRDA:66,15,0,0
BRDA:66,16,0,1
BRDA:67,17,0,0
BRDA:67,18,0,0
BRDA:67,19,0,0
BRDA:70,20,0,0
BRDA:70,21,0,0
BRDA:70,22,0,0
BRDA:33,23,0,1
BRF:24
BRH:13
end_of_record
TN:
SF:libs/shared-patterns/src/DashboardFilter/DashboardFilterWidget/DashboardFilterWidgetDrawer/DashboardFilterRunActivity.tsx
FN:48,DashboardFilterRunActivity
FN:74,handleChartInfo
FNF:2
FNH:1
FNDA:7,DashboardFilterRunActivity
FNDA:0,handleChartInfo
DA:1,1
DA:2,1
DA:3,1
DA:4,1
DA:5,1
DA:6,1
DA:7,1
DA:8,1
DA:9,1
DA:10,1
DA:11,1
DA:12,1
DA:13,1
DA:14,1
DA:15,1
DA:16,1
DA:17,1
DA:18,1
DA:19,1
DA:20,1
DA:21,1
DA:22,1
DA:23,1
DA:24,1
DA:25,1
DA:26,1
DA:27,1
DA:28,1
DA:29,1
DA:30,1
DA:31,1
DA:32,1
DA:33,1
DA:34,1
DA:35,1
DA:36,1
DA:37,1
DA:38,1
DA:39,1
DA:40,1
DA:41,1
DA:42,1
DA:43,1
DA:44,1
DA:45,1
DA:46,1
DA:47,1
DA:48,1
DA:49,7
DA:50,7
DA:51,7
DA:52,7
DA:53,7
DA:54,7
DA:55,7
DA:56,7
DA:57,7
DA:58,7
DA:59,7
DA:60,7
DA:61,0
DA:62,0
DA:63,0
DA:64,0
DA:65,0
DA:66,0
DA:67,0
DA:68,0
DA:69,7
DA:70,7
DA:71,7
DA:72,7
DA:73,7
DA:74,7
DA:75,0
DA:76,0
DA:77,7
DA:78,7
DA:79,7
DA:80,7
DA:81,7
DA:82,7
DA:83,7
DA:84,7
DA:85,7
DA:86,7
DA:87,7
DA:88,7
DA:89,7
DA:90,7
DA:91,7
DA:92,7
DA:93,7
DA:94,7
DA:95,7
DA:96,7
DA:97,7
DA:98,7
DA:99,7
DA:100,7
DA:101,7
DA:102,7
DA:103,7
DA:104,7
DA:105,7
DA:106,7
DA:107,7
DA:108,7
DA:109,7
DA:110,7
DA:111,7
DA:112,7
DA:113,7
DA:114,7
DA:115,7
DA:116,7
DA:117,7
DA:118,7
DA:119,7
DA:120,7
DA:121,7
DA:122,7
DA:123,7
DA:124,7
DA:125,7
DA:126,7
DA:127,7
DA:128,7
DA:129,7
DA:130,7
DA:131,7
DA:132,7
DA:133,7
DA:134,7
DA:135,7
DA:136,7
DA:137,7
DA:138,7
DA:139,7
DA:140,7
DA:141,7
DA:142,7
DA:143,7
DA:144,7
DA:145,7
DA:146,7
DA:147,7
DA:148,7
DA:149,7
DA:150,7
DA:151,7
DA:152,7
DA:153,7
DA:154,7
DA:155,7
DA:156,7
DA:157,7
DA:158,7
DA:159,7
DA:160,7
DA:161,7
DA:162,7
DA:163,7
DA:164,7
DA:165,7
DA:166,7
DA:167,7
DA:168,7
DA:169,7
DA:170,7
DA:171,7
DA:172,7
DA:173,7
DA:174,7
DA:175,7
DA:176,7
DA:177,7
DA:178,7
DA:179,7
DA:180,7
DA:181,7
DA:182,7
DA:183,7
DA:184,7
DA:185,7
DA:186,7
DA:187,7
DA:188,7
DA:189,7
DA:190,7
DA:191,7
DA:192,7
DA:193,7
DA:194,7
DA:195,7
DA:196,7
DA:197,7
DA:198,7
DA:199,7
DA:200,7
DA:201,7
DA:202,7
DA:203,7
DA:204,7
DA:205,7
DA:206,7
DA:207,7
DA:208,7
DA:209,7
DA:210,7
DA:211,7
DA:212,7
DA:213,7
DA:214,7
DA:215,7
DA:216,7
DA:217,7
DA:218,7
DA:219,7
DA:220,7
DA:221,7
DA:222,7
DA:223,7
DA:224,7
DA:225,7
DA:226,7
DA:227,7
DA:228,7
DA:229,7
DA:230,7
DA:231,7
DA:232,7
DA:233,7
DA:234,7
DA:235,7
DA:236,7
DA:237,7
DA:238,7
DA:239,7
DA:240,7
DA:241,7
DA:242,7
DA:243,7
DA:244,7
DA:245,7
DA:246,7
DA:247,7
DA:248,7
DA:249,7
DA:250,7
DA:251,7
DA:252,7
DA:253,7
DA:254,7
DA:255,7
DA:256,7
DA:257,7
DA:258,7
DA:259,7
DA:260,7
DA:261,7
DA:262,7
DA:263,7
DA:264,7
DA:265,7
DA:266,7
DA:267,7
DA:268,7
DA:269,7
DA:270,7
DA:271,7
DA:272,7
DA:273,7
DA:274,7
DA:275,7
DA:276,7
DA:277,7
DA:278,7
DA:279,7
DA:280,7
DA:281,7
DA:282,7
DA:283,7
DA:284,7
DA:285,7
DA:286,7
DA:287,7
DA:288,7
DA:289,7
DA:290,7
DA:291,7
DA:292,7
DA:293,7
DA:294,7
DA:295,7
DA:296,7
DA:297,7
DA:298,7
DA:299,7
DA:300,7
DA:301,7
DA:302,7
DA:303,7
DA:304,7
DA:305,7
DA:306,7
DA:307,7
DA:308,7
LF:308
LH:298
BRDA:48,0,0,7
BRDA:55,1,0,0
BRDA:55,2,0,0
BRDA:60,3,0,0
BRDA:60,4,0,0
BRDA:60,5,0,0
BRDA:60,6,0,0
BRDA:72,7,0,0
BRDA:72,8,0,0
BRDA:79,9,0,0
BRDA:80,10,0,0
BRDA:80,11,0,5
BRDA:80,12,0,2
BRDA:82,13,0,0
BRDA:83,14,0,0
BRDA:90,15,0,0
BRDA:90,16,0,0
BRDA:91,17,0,0
BRDA:91,18,0,0
BRDA:92,19,0,0
BRDA:92,20,0,0
BRDA:94,21,0,0
BRDA:94,22,0,0
BRDA:102,23,0,0
BRDA:102,24,0,0
BRDA:102,25,0,0
BRDA:102,26,0,0
BRDA:102,27,0,2
BRDA:228,28,0,0
BRDA:230,29,0,0
BRDA:250,30,0,0
BRDA:265,31,0,0
BRDA:276,32,0,0
BRDA:277,33,0,0
BRDA:278,34,0,0
BRDA:279,35,0,0
BRDA:280,36,0,0
BRDA:302,37,0,0
BRDA:55,38,0,7
BRDA:60,39,0,7
BRDA:102,40,0,7
BRF:41
BRH:7
end_of_record
TN:
SF:libs/shared-patterns/src/DashboardFilter/DashboardFilterWidget/DashboardFilterWidgetDrawer/DashboardFilterWidgetDrawer.tsx
FN:30,ContentHeader
FN:79,DashboardFilterWidgetDrawerContent
FN:85,onClose
FN:122,DashboardFilterWidgetDrawer
FNF:4
FNH:4
FNDA:12,ContentHeader
FNDA:19,DashboardFilterWidgetDrawerContent
FNDA:1,onClose
FNDA:8,DashboardFilterWidgetDrawer
DA:1,1
DA:2,1
DA:3,1
DA:4,1
DA:5,1
DA:6,1
DA:7,1
DA:8,1
DA:9,1
DA:10,1
DA:11,1
DA:12,1
DA:13,1
DA:14,1
DA:15,1
DA:16,1
DA:17,1
DA:18,1
DA:19,1
DA:20,1
DA:21,1
DA:22,1
DA:23,1
DA:24,1
DA:25,1
DA:26,1
DA:27,1
DA:28,1
DA:29,1
DA:30,1
DA:31,12
DA:32,12
DA:33,12
DA:34,12
DA:35,12
DA:36,12
DA:37,12
DA:38,12
DA:39,12
DA:40,12
DA:41,12
DA:42,12
DA:43,12
DA:44,12
DA:45,12
DA:46,12
DA:47,12
DA:48,12
DA:49,12
DA:50,12
DA:51,12
DA:52,12
DA:53,12
DA:54,12
DA:55,12
DA:56,12
DA:57,12
DA:58,12
DA:59,12
DA:60,12
DA:61,12
DA:62,12
DA:63,12
DA:64,12
DA:65,12
DA:66,12
DA:67,12
DA:68,12
DA:69,12
DA:70,12
DA:71,12
DA:72,12
DA:73,12
DA:74,12
DA:75,12
DA:76,12
DA:77,12
DA:78,1
DA:79,1
DA:80,19
DA:81,19
DA:82,19
DA:83,19
DA:84,19
DA:85,19
DA:86,1
DA:87,1
DA:88,1
DA:89,19
DA:90,19
DA:91,19
DA:92,19
DA:93,19
DA:94,19
DA:95,19
DA:96,19
DA:97,19
DA:98,19
DA:99,19
DA:100,19
DA:101,19
DA:102,4
DA:103,4
DA:104,4
DA:105,4
DA:106,19
DA:107,14
DA:108,2
DA:109,2
DA:110,2
DA:111,12
DA:112,12
DA:113,12
DA:114,12
DA:115,12
DA:116,19
DA:117,19
DA:118,19
DA:119,19
DA:120,19
DA:121,1
DA:122,1
DA:123,8
DA:124,8
DA:125,8
DA:126,8
DA:127,8
DA:128,8
DA:129,8
DA:130,8
DA:131,8
DA:132,8
DA:133,8
DA:134,8
DA:135,8
DA:136,8
DA:137,8
DA:138,8
DA:139,8
DA:140,8
DA:141,8
DA:142,8
DA:143,8
DA:144,8
DA:145,8
DA:146,8
LF:146
LH:146
BRDA:30,0,0,12
BRDA:37,1,0,0
BRDA:37,2,0,0
BRDA:46,3,0,0
BRDA:46,4,0,0
BRDA:52,5,0,0
BRDA:52,6,0,0
BRDA:61,7,0,0
BRDA:61,8,0,0
BRDA:70,9,0,0
BRDA:70,10,0,0
BRDA:76,11,0,0
BRDA:79,12,0,19
BRDA:90,13,0,0
BRDA:90,14,0,18
BRDA:92,15,0,18
BRDA:92,16,0,0
BRDA:92,17,0,18
BRDA:92,18,0,2
BRDA:92,19,0,16
BRDA:92,20,0,0
BRDA:96,21,0,18
BRDA:96,22,0,0
BRDA:96,23,0,18
BRDA:101,24,0,4
BRDA:106,25,0,14
BRDA:106,26,0,0
BRDA:107,27,0,0
BRDA:107,28,0,2
BRDA:108,29,0,0
BRDA:110,30,0,12
BRDA:85,31,0,1
BRDA:122,32,0,8
BRDA:131,33,0,0
BRDA:132,34,0,0
BRDA:132,35,0,0
BRDA:139,36,0,0
BRDA:139,37,0,1
BRDA:139,38,0,7
BRDA:139,39,0,1
BRDA:143,40,0,0
BRF:41
BRH:18
end_of_record
TN:
SF:libs/shared-patterns/src/DashboardFilter/DashboardFilterWidget/DashboardFilterWidgetDrawer/DashboardWidgetCompareDrawer.tsx
FN:38,DashboardWidgetCompareDrawer
FN:87,findSubOrgDetails
FN:155,onClose
FN:159,handleTableSubOrgClick
FN:184,handleNestedTableSubOrgClick
FN:195,findSubOrgByTitle
FN:214,handleBreadcrumbClick
FN:236,handleRequestSort
FN:262,getSortedCompareReports
FNF:9
FNH:3
FNDA:10,DashboardWidgetCompareDrawer
FNDA:172,findSubOrgDetails
FNDA:0,onClose
FNDA:0,handleTableSubOrgClick
FNDA:0,handleNestedTableSubOrgClick
FNDA:0,findSubOrgByTitle
FNDA:0,handleBreadcrumbClick
FNDA:0,handleRequestSort
FNDA:5,getSortedCompareReports
DA:1,1
DA:2,1
DA:3,1
DA:4,1
DA:5,1
DA:6,1
DA:7,1
DA:8,1
DA:9,1
DA:10,1
DA:11,1
DA:12,1
DA:13,1
DA:14,1
DA:15,1
DA:16,1
DA:17,1
DA:18,1
DA:19,1
DA:20,1
DA:21,1
DA:22,1
DA:23,1
DA:24,1
DA:25,1
DA:26,1
DA:27,1
DA:28,1
DA:29,1
DA:30,1
DA:31,1
DA:32,1
DA:33,1
DA:34,1
DA:35,1
DA:36,1
DA:37,1
DA:38,1
DA:39,10
DA:40,10
DA:41,10
DA:42,10
DA:43,10
DA:44,10
DA:45,10
DA:46,10
DA:47,10
DA:48,10
DA:49,10
DA:50,10
DA:51,10
DA:52,10
DA:53,10
DA:54,10
DA:55,10
DA:56,10
DA:57,10
DA:58,10
DA:59,10
DA:60,10
DA:61,10
DA:62,10
DA:63,10
DA:64,10
DA:65,10
DA:66,10
DA:67,10
DA:68,10
DA:69,10
DA:70,10
DA:71,10
DA:72,10
DA:73,10
DA:74,10
DA:75,0
DA:76,0
DA:77,10
DA:78,10
DA:79,10
DA:80,10
DA:81,10
DA:82,10
DA:83,10
DA:84,10
DA:85,10
DA:86,10
DA:87,10
DA:88,172
DA:89,172
DA:90,172
DA:91,172
DA:92,172
DA:93,172
DA:94,172
DA:95,172
DA:96,172
DA:97,167
DA:98,0
DA:99,0
DA:100,0
DA:101,0
DA:102,0
DA:103,0
DA:104,167
DA:105,167
DA:106,167
DA:107,167
DA:108,0
DA:109,0
DA:110,0
DA:111,0
DA:112,0
DA:113,0
DA:114,167
DA:115,167
DA:116,172
DA:117,172
DA:118,10
DA:119,10
DA:120,5
DA:121,5
DA:122,5
DA:123,5
DA:124,5
DA:125,5
DA:126,5
DA:127,5
DA:128,5
DA:129,5
DA:130,5
DA:131,5
DA:132,5
DA:133,5
DA:134,5
DA:135,5
DA:136,5
DA:137,5
DA:138,5
DA:139,5
DA:140,0
DA:141,0
DA:142,0
DA:143,0
DA:144,0
DA:145,0
DA:146,0
DA:147,0
DA:148,0
DA:149,5
DA:150,5
DA:151,5
DA:152,5
DA:153,10
DA:154,10
DA:155,10
DA:156,0
DA:157,0
DA:158,10
DA:159,10
DA:160,0
DA:161,0
DA:162,0
DA:163,0
DA:164,0
DA:165,0
DA:166,0
DA:167,0
DA:168,0
DA:169,0
DA:170,0
DA:171,0
DA:172,0
DA:173,0
DA:174,0
DA:175,0
DA:176,0
DA:177,0
DA:178,0
DA:179,0
DA:180,0
DA:181,0
DA:182,0
DA:183,10
DA:184,10
DA:185,0
DA:186,0
DA:187,0
DA:188,0
DA:189,0
DA:190,0
DA:191,0
DA:192,0
DA:193,0
DA:194,10
DA:195,10
DA:196,0
DA:197,0
DA:198,0
DA:199,0
DA:200,0
DA:201,0
DA:202,0
DA:203,0
DA:204,0
DA:205,0
DA:206,0
DA:207,0
DA:208,0
DA:209,0
DA:210,0
DA:211,0
DA:212,0
DA:213,10
DA:214,10
DA:215,0
DA:216,0
DA:217,0
DA:218,0
DA:219,0
DA:220,0
DA:221,0
DA:222,0
DA:223,0
DA:224,0
DA:225,0
DA:226,0
DA:227,0
DA:228,0
DA:229,0
DA:230,0
DA:231,0
DA:232,0
DA:233,0
DA:234,0
DA:235,10
DA:236,10
DA:237,0
DA:238,0
DA:239,0
DA:240,0
DA:241,0
DA:242,0
DA:243,0
DA:244,0
DA:245,0
DA:246,0
DA:247,0
DA:248,0
DA:249,0
DA:250,0
DA:251,0
DA:252,0
DA:253,0
DA:254,0
DA:255,0
DA:256,0
DA:257,0
DA:258,0
DA:259,0
DA:260,0
DA:261,10
DA:262,10
DA:263,5
DA:264,5
DA:265,5
DA:266,5
DA:267,5
DA:268,5
DA:269,1
DA:270,0
DA:271,0
DA:272,0
DA:273,0
DA:274,0
DA:275,0
DA:276,0
DA:277,0
DA:278,0
DA:279,0
DA:280,0
DA:281,0
DA:282,0
DA:283,0
DA:284,0
DA:285,0
DA:286,0
DA:287,1
DA:288,10
DA:289,10
DA:290,10
DA:291,10
DA:292,10
DA:293,10
DA:294,10
DA:295,10
DA:296,10
DA:297,10
DA:298,10
DA:299,10
DA:300,10
DA:301,10
DA:302,10
DA:303,10
DA:304,10
DA:305,10
DA:306,10
DA:307,10
DA:308,10
DA:309,10
DA:310,10
DA:311,10
DA:312,10
DA:313,10
DA:314,10
DA:315,10
DA:316,10
DA:317,10
DA:318,10
DA:319,10
DA:320,10
DA:321,10
DA:322,10
DA:323,10
DA:324,10
DA:325,10
DA:326,10
DA:327,10
DA:328,10
DA:329,10
DA:330,10
DA:331,10
DA:332,10
DA:333,10
DA:334,10
DA:335,10
DA:336,10
DA:337,10
DA:338,10
DA:339,10
DA:340,10
DA:341,10
DA:342,10
DA:343,10
DA:344,10
DA:345,10
DA:346,10
DA:347,10
DA:348,10
DA:349,10
DA:350,10
DA:351,10
DA:352,2
DA:353,2
DA:354,2
DA:355,2
DA:356,10
DA:357,10
DA:358,10
DA:359,10
DA:360,10
DA:361,10
DA:362,10
DA:363,10
DA:364,10
DA:365,10
DA:366,10
DA:367,10
DA:368,10
DA:369,10
DA:370,10
DA:371,10
DA:372,10
DA:373,10
DA:374,10
DA:375,10
DA:376,10
DA:377,10
DA:378,10
DA:379,10
DA:380,10
DA:381,10
DA:382,10
DA:383,10
DA:384,10
DA:385,10
DA:386,10
DA:387,10
DA:388,10
DA:389,10
DA:390,10
DA:391,10
DA:392,10
DA:393,10
DA:394,10
DA:395,10
DA:396,10
DA:397,10
DA:398,10
LF:398
LH:263
BRDA:38,0,0,10
BRDA:73,1,0,0
BRDA:74,2,0,0
BRDA:74,3,0,0
BRDA:289,4,0,0
BRDA:289,5,0,0
BRDA:289,6,0,0
BRDA:293,7,0,0
BRDA:297,8,0,5
BRDA:297,9,0,5
BRDA:297,10,0,6
BRDA:298,11,0,8
BRDA:306,12,0,0
BRDA:314,13,0,0
BRDA:351,14,0,2
BRDA:87,15,0,172
BRDA:96,16,0,167
BRDA:97,17,0,0
BRDA:97,18,0,0
BRDA:105,19,0,0
BRDA:106,20,0,0
BRDA:107,21,0,0
BRDA:107,22,0,0
BRDA:96,23,0,0
BRDA:119,24,0,5
BRDA:120,25,0,0
BRDA:121,26,0,0
BRDA:126,27,0,0
BRDA:127,28,0,0
BRDA:133,29,0,0
BRDA:133,30,0,4
BRDA:139,31,0,0
BRDA:150,32,0,0
BRDA:262,33,0,5
BRDA:268,34,0,4
BRDA:269,35,0,1
BRDA:316,36,0,0
BRDA:323,37,0,0
BRF:38
BRH:13
end_of_record
TN:
SF:libs/shared-patterns/src/DashboardFilter/DashboardFilterWidget/DashboardFilterWidgetHeader/DashboardFilterWidgetHeader.tsx
FN:18,DashboardFilterWidgetHeader
FN:36,handleWidgetDelete
FNF:2
FNH:2
FNDA:20,DashboardFilterWidgetHeader
FNDA:2,handleWidgetDelete
DA:1,1
DA:2,1
DA:3,1
DA:4,1
DA:5,1
DA:6,1
DA:7,1
DA:8,1
DA:9,1
DA:10,1
DA:11,1
DA:12,1
DA:13,1
DA:14,1
DA:15,1
DA:16,1
DA:17,1
DA:18,1
DA:19,20
DA:20,20
DA:21,20
DA:22,20
DA:23,20
DA:24,20
DA:25,20
DA:26,20
DA:27,20
DA:28,20
DA:29,20
DA:30,20
DA:31,20
DA:32,20
DA:33,20
DA:34,20
DA:35,20
DA:36,20
DA:37,2
DA:38,2
DA:39,4
DA:40,4
DA:41,4
DA:42,4
DA:43,2
DA:44,2
DA:45,20
DA:46,20
DA:47,20
DA:48,20
DA:49,20
DA:50,20
DA:51,20
DA:52,6
DA:53,20
DA:54,20
DA:55,20
DA:56,20
DA:57,20
DA:58,20
DA:59,20
DA:60,20
DA:61,20
DA:62,20
DA:63,20
DA:64,20
DA:65,20
DA:66,20
DA:67,20
DA:68,20
DA:69,20
DA:70,20
DA:71,20
DA:72,20
DA:73,20
DA:74,20
DA:75,20
DA:76,20
DA:77,20
DA:78,20
DA:79,20
DA:80,20
DA:81,20
DA:82,20
DA:83,20
DA:84,20
DA:85,20
DA:86,20
DA:87,20
DA:88,20
DA:89,20
DA:90,20
DA:91,20
DA:92,20
DA:93,20
DA:94,20
DA:95,20
DA:96,20
DA:97,20
DA:98,20
DA:99,20
DA:100,20
DA:101,20
DA:102,20
DA:103,20
DA:104,20
DA:105,20
DA:106,20
DA:107,20
DA:108,20
LF:108
LH:108
BRDA:18,0,0,20
BRDA:51,1,0,6
BRDA:52,2,0,14
BRDA:53,3,0,0
BRDA:54,4,0,6
BRDA:54,5,0,5
BRDA:54,6,0,15
BRDA:63,7,0,6
BRDA:63,8,0,5
BRDA:63,9,0,15
BRDA:67,10,0,1
BRDA:67,11,0,19
BRDA:71,12,0,6
BRDA:71,13,0,5
BRDA:77,14,0,6
BRDA:77,15,0,14
BRDA:82,16,0,14
BRDA:82,17,0,1
BRDA:97,18,0,6
BRDA:36,19,0,2
BRDA:38,20,0,4
BRF:21
BRH:20
end_of_record
TN:
SF:libs/shared-patterns/src/DashboardFilter/DashboardFilterWidget/DashboardFilterWidgetPagination/DashboardFilterWidgetPagination.tsx
FN:10,DashboardFilterWidgetPagination
FN:13,decrementClick
FN:17,incrementClick
FNF:3
FNH:2
FNDA:6,DashboardFilterWidgetPagination
FNDA:0,decrementClick
FNDA:2,incrementClick
DA:1,1
DA:2,1
DA:3,1
DA:4,1
DA:5,1
DA:6,1
DA:7,1
DA:8,1
DA:9,1
DA:10,1
DA:11,6
DA:12,6
DA:13,6
DA:14,0
DA:15,0
DA:16,6
DA:17,6
DA:18,2
DA:19,2
DA:20,6
DA:21,6
DA:22,6
DA:23,6
DA:24,6
DA:25,6
DA:26,6
DA:27,6
DA:28,6
DA:29,6
DA:30,6
DA:31,6
DA:32,6
DA:33,6
DA:34,6
DA:35,6
DA:36,6
DA:37,6
DA:38,6
DA:39,6
DA:40,6
DA:41,6
DA:42,6
DA:43,6
DA:44,6
DA:45,6
DA:46,6
DA:47,6
LF:47
LH:45
BRDA:10,0,0,6
BRDA:17,1,0,2
BRDA:21,2,0,6
BRF:3
BRH:3
end_of_record
TN:
SF:libs/shared-patterns/src/DashboardFilter/DashboardFilterWidget/DashboardFilterWidgetTable/DashboardFilterWidgetTable.tsx
FN:12,DashboardFilterWidgetTable
FNF:1
FNH:1
FNDA:15,DashboardFilterWidgetTable
DA:1,1
DA:2,1
DA:3,1
DA:4,1
DA:5,1
DA:6,1
DA:7,1
DA:8,1
DA:9,1
DA:10,1
DA:11,1
DA:12,1
DA:13,15
DA:14,15
DA:15,15
DA:16,15
DA:17,15
DA:18,15
DA:19,15
DA:20,15
DA:21,14
DA:22,14
DA:23,14
DA:24,14
DA:25,14
DA:26,15
DA:27,15
DA:28,15
DA:29,15
DA:30,15
LF:30
LH:30
BRDA:12,0,0,15
BRDA:20,1,0,0
BRDA:20,2,0,14
BRF:3
BRH:2
end_of_record
TN:
SF:libs/shared-patterns/src/DashboardFilter/DashboardFilterWidget/DashboardFilterWidgetTable/tableInfo.tsx
FN:84,tableInfo
FN:114,cell
FN:194,cell
FN:234,cell
FN:382,cell
FN:1426,cell
FN:1432,cell
FN:1464,cell
FN:1511,cell
FN:1517,cell
FN:1585,cell
FN:1628,cell
FN:1656,cell
FN:1662,cell
FN:1691,cell
FN:1720,cell
FN:1749,cell
FN:1811,cell
FNF:18
FNH:2
FNDA:30,tableInfo
FNDA:6,cell
FNDA:0,cell
FNDA:0,cell
FNDA:0,cell
FNDA:0,cell
FNDA:0,cell
FNDA:0,cell
FNDA:0,cell
FNDA:0,cell
FNDA:0,cell
FNDA:0,cell
FNDA:0,cell
FNDA:0,cell
FNDA:0,cell
FNDA:0,cell
FNDA:0,cell
FNDA:0,cell
DA:1,1
DA:2,1
DA:3,1
DA:4,1
DA:5,1
DA:6,1
DA:7,1
DA:8,1
DA:9,1
DA:10,1
DA:11,1
DA:12,1
DA:13,1
DA:14,1
DA:15,1
DA:16,1
DA:17,1
DA:18,1
DA:19,1
DA:20,1
DA:21,1
DA:22,1
DA:23,1
DA:24,1
DA:25,1
DA:26,1
DA:27,1
DA:28,1
DA:29,1
DA:30,1
DA:31,1
DA:32,1
DA:33,1
DA:34,1
DA:35,1
DA:36,1
DA:37,1
DA:38,1
DA:39,1
DA:40,1
DA:41,1
DA:42,1
DA:43,1
DA:44,1
DA:45,1
DA:46,1
DA:47,1
DA:48,1
DA:49,1
DA:50,1
DA:51,1
DA:52,1
DA:53,1
DA:54,1
DA:55,1
DA:56,1
DA:57,1
DA:58,1
DA:59,1
DA:60,1
DA:61,1
DA:62,1
DA:63,1
DA:64,1
DA:65,1
DA:66,1
DA:67,1
DA:68,1
DA:69,1
DA:70,1
DA:71,1
DA:72,1
DA:73,1
DA:74,1
DA:75,1
DA:76,1
DA:77,1
DA:78,1
DA:79,1
DA:80,1
DA:81,1
DA:82,1
DA:83,1
DA:84,1
DA:85,30
DA:86,30
DA:87,30
DA:88,30
DA:89,30
DA:90,30
DA:91,30
DA:92,30
DA:93,30
DA:94,30
DA:95,30
DA:96,30
DA:97,30
DA:98,30
DA:99,30
DA:100,30
DA:101,30
DA:102,30
DA:103,30
DA:104,30
DA:105,30
DA:106,30
DA:107,30
DA:108,30
DA:109,30
DA:110,30
DA:111,30
DA:112,30
DA:113,30
DA:114,30
DA:115,6
DA:116,0
DA:117,0
DA:118,0
DA:119,0
DA:120,0
DA:121,0
DA:122,0
DA:123,0
DA:124,0
DA:125,0
DA:126,0
DA:127,0
DA:128,0
DA:129,0
DA:130,0
DA:131,0
DA:132,6
DA:133,6
DA:134,30
DA:135,30
DA:136,30
DA:137,30
DA:138,30
DA:139,30
DA:140,30
DA:141,30
DA:142,30
DA:143,30
DA:144,30
DA:145,30
DA:146,30
DA:147,30
DA:148,30
DA:149,30
DA:150,30
DA:151,30
DA:152,30
DA:153,30
DA:154,30
DA:155,30
DA:156,30
DA:157,30
DA:158,30
DA:159,30
DA:160,30
DA:161,30
DA:162,30
DA:163,30
DA:164,30
DA:165,30
DA:166,30
DA:167,30
DA:168,30
DA:169,30
DA:170,30
DA:171,30
DA:172,30
DA:173,30
DA:174,30
DA:175,30
DA:176,30
DA:177,30
DA:178,30
DA:179,30
DA:180,30
DA:181,30
DA:182,30
DA:183,30
DA:184,30
DA:185,30
DA:186,30
DA:187,30
DA:188,30
DA:189,30
DA:190,30
DA:191,30
DA:192,30
DA:193,30
DA:194,30
DA:195,0
DA:196,0
DA:197,0
DA:198,0
DA:199,0
DA:200,0
DA:201,0
DA:202,0
DA:203,0
DA:204,0
DA:205,0
DA:206,0
DA:207,0
DA:208,0
DA:209,30
DA:210,30
DA:211,30
DA:212,30
DA:213,30
DA:214,30
DA:215,30
DA:216,30
DA:217,30
DA:218,30
DA:219,30
DA:220,30
DA:221,30
DA:222,30
DA:223,30
DA:224,30
DA:225,30
DA:226,30
DA:227,30
DA:228,30
DA:229,30
DA:230,30
DA:231,30
DA:232,30
DA:233,30
DA:234,30
DA:235,0
DA:236,0
DA:237,0
DA:238,0
DA:239,0
DA:240,0
DA:241,0
DA:242,0
DA:243,0
DA:244,0
DA:245,0
DA:246,0
DA:247,0
DA:248,0
DA:249,30
DA:250,30
DA:251,30
DA:252,30
DA:253,30
DA:254,30
DA:255,30
DA:256,30
DA:257,30
DA:258,30
DA:259,30
DA:260,30
DA:261,30
DA:262,30
DA:263,30
DA:264,30
DA:265,30
DA:266,30
DA:267,30
DA:268,30
DA:269,30
DA:270,30
DA:271,30
DA:272,30
DA:273,30
DA:274,30
DA:275,30
DA:276,30
DA:277,30
DA:278,30
DA:279,30
DA:280,30
DA:281,30
DA:282,30
DA:283,30
DA:284,30
DA:285,30
DA:286,30
DA:287,30
DA:288,30
DA:289,30
DA:290,30
DA:291,30
DA:292,30
DA:293,30
DA:294,30
DA:295,30
DA:296,30
DA:297,30
DA:298,30
DA:299,30
DA:300,30
DA:301,30
DA:302,30
DA:303,30
DA:304,30
DA:305,30
DA:306,30
DA:307,30
DA:308,30
DA:309,30
DA:310,30
DA:311,30
DA:312,30
DA:313,30
DA:314,30
DA:315,30
DA:316,30
DA:317,30
DA:318,30
DA:319,30
DA:320,30
DA:321,30
DA:322,30
DA:323,30
DA:324,30
DA:325,30
DA:326,30
DA:327,30
DA:328,30
DA:329,30
DA:330,30
DA:331,30
DA:332,30
DA:333,30
DA:334,30
DA:335,30
DA:336,30
DA:337,30
DA:338,30
DA:339,30
DA:340,30
DA:341,30
DA:342,30
DA:343,30
DA:344,30
DA:345,30
DA:346,30
DA:347,30
DA:348,30
DA:349,30
DA:350,30
DA:351,30
DA:352,30
DA:353,30
DA:354,30
DA:355,30
DA:356,30
DA:357,30
DA:358,30
DA:359,30
DA:360,30
DA:361,30
DA:362,30
DA:363,30
DA:364,30
DA:365,30
DA:366,30
DA:367,30
DA:368,30
DA:369,30
DA:370,30
DA:371,30
DA:372,30
DA:373,30
DA:374,30
DA:375,30
DA:376,30
DA:377,30
DA:378,30
DA:379,30
DA:380,30
DA:381,30
DA:382,30
DA:383,0
DA:384,0
DA:385,0
DA:386,0
DA:387,0
DA:388,0
DA:389,0
DA:390,0
DA:391,0
DA:392,0
DA:393,0
DA:394,0
DA:395,0
DA:396,0
DA:397,0
DA:398,0
DA:399,0
DA:400,0
DA:401,0
DA:402,0
DA:403,0
DA:404,0
DA:405,30
DA:406,30
DA:407,30
DA:408,30
DA:409,30
DA:410,30
DA:411,30
DA:412,30
DA:413,30
DA:414,30
DA:415,30
DA:416,30
DA:417,30
DA:418,30
DA:419,30
DA:420,30
DA:421,30
DA:422,30
DA:423,30
DA:424,30
DA:425,30
DA:426,30
DA:427,30
DA:428,30
DA:429,30
DA:430,30
DA:431,30
DA:432,30
DA:433,30
DA:434,30
DA:435,30
DA:436,30
DA:437,30
DA:438,30
DA:439,30
DA:440,30
DA:441,30
DA:442,30
DA:443,30
DA:444,30
DA:445,30
DA:446,30
DA:447,30
DA:448,30
DA:449,30
DA:450,30
DA:451,30
DA:452,30
DA:453,30
DA:454,30
DA:455,30
DA:456,30
DA:457,30
DA:458,30
DA:459,30
DA:460,30
DA:461,30
DA:462,30
DA:463,30
DA:464,30
DA:465,30
DA:466,30
DA:467,30
DA:468,30
DA:469,30
DA:470,30
DA:471,30
DA:472,30
DA:473,30
DA:474,30
DA:475,30
DA:476,30
DA:477,30
DA:478,30
DA:479,30
DA:480,30
DA:481,30
DA:482,30
DA:483,30
DA:484,30
DA:485,30
DA:486,30
DA:487,30
DA:488,30
DA:489,30
DA:490,30
DA:491,30
DA:492,30
DA:493,30
DA:494,30
DA:495,30
DA:496,30
DA:497,30
DA:498,30
DA:499,30
DA:500,30
DA:501,30
DA:502,30
DA:503,30
DA:504,30
DA:505,30
DA:506,30
DA:507,30
DA:508,30
DA:509,30
DA:510,30
DA:511,30
DA:512,30
DA:513,30
DA:514,30
DA:515,30
DA:516,30
DA:517,30
DA:518,30
DA:519,30
DA:520,30
DA:521,30
DA:522,30
DA:523,30
DA:524,30
DA:525,30
DA:526,30
DA:527,30
DA:528,30
DA:529,30
DA:530,30
DA:531,30
DA:532,30
DA:533,30
DA:534,30
DA:535,30
DA:536,30
DA:537,30
DA:538,30
DA:539,30
DA:540,30
DA:541,30
DA:542,30
DA:543,30
DA:544,30
DA:545,30
DA:546,30
DA:547,30
DA:548,30
DA:549,30
DA:550,30
DA:551,30
DA:552,30
DA:553,30
DA:554,30
DA:555,30
DA:556,30
DA:557,30
DA:558,30
DA:559,30
DA:560,30
DA:561,30
DA:562,30
DA:563,30
DA:564,30
DA:565,30
DA:566,30
DA:567,30
DA:568,30
DA:569,30
DA:570,30
DA:571,30
DA:572,30
DA:573,30
DA:574,30
DA:575,30
DA:576,30
DA:577,30
DA:578,30
DA:579,30
DA:580,30
DA:581,30
DA:582,30
DA:583,30
DA:584,30
DA:585,30
DA:586,30
DA:587,30
DA:588,30
DA:589,30
DA:590,30
DA:591,30
DA:592,30
DA:593,30
DA:594,30
DA:595,30
DA:596,30
DA:597,30
DA:598,30
DA:599,30
DA:600,30
DA:601,30
DA:602,30
DA:603,30
DA:604,30
DA:605,30
DA:606,30
DA:607,30
DA:608,30
DA:609,30
DA:610,30
DA:611,30
DA:612,30
DA:613,30
DA:614,30
DA:615,30
DA:616,30
DA:617,30
DA:618,30
DA:619,30
DA:620,30
DA:621,30
DA:622,30
DA:623,30
DA:624,30
DA:625,30
DA:626,30
DA:627,30
DA:628,30
DA:629,30
DA:630,30
DA:631,30
DA:632,30
DA:633,30
DA:634,30
DA:635,30
DA:636,30
DA:637,30
DA:638,30
DA:639,30
DA:640,30
DA:641,30
DA:642,30
DA:643,30
DA:644,30
DA:645,30
DA:646,30
DA:647,30
DA:648,30
DA:649,30
DA:650,30
DA:651,30
DA:652,30
DA:653,30
DA:654,30
DA:655,30
DA:656,30
DA:657,30
DA:658,30
DA:659,30
DA:660,30
DA:661,30
DA:662,30
DA:663,30
DA:664,30
DA:665,30
DA:666,30
DA:667,30
DA:668,30
DA:669,30
DA:670,30
DA:671,30
DA:672,30
DA:673,30
DA:674,30
DA:675,30
DA:676,30
DA:677,30
DA:678,30
DA:679,30
DA:680,30
DA:681,30
DA:682,30
DA:683,30
DA:684,30
DA:685,30
DA:686,30
DA:687,30
DA:688,30
DA:689,30
DA:690,30
DA:691,30
DA:692,30
DA:693,30
DA:694,30
DA:695,30
DA:696,30
DA:697,30
DA:698,30
DA:699,30
DA:700,30
DA:701,30
DA:702,30
DA:703,30
DA:704,30
DA:705,30
DA:706,30
DA:707,30
DA:708,30
DA:709,30
DA:710,30
DA:711,30
DA:712,30
DA:713,30
DA:714,30
DA:715,30
DA:716,30
DA:717,30
DA:718,30
DA:719,30
DA:720,30
DA:721,30
DA:722,30
DA:723,30
DA:724,30
DA:725,30
DA:726,30
DA:727,30
DA:728,30
DA:729,30
DA:730,30
DA:731,30
DA:732,30
DA:733,30
DA:734,30
DA:735,30
DA:736,30
DA:737,30
DA:738,30
DA:739,30
DA:740,30
DA:741,30
DA:742,30
DA:743,30
DA:744,30
DA:745,30
DA:746,30
DA:747,30
DA:748,30
DA:749,30
DA:750,30
DA:751,30
DA:752,30
DA:753,30
DA:754,30
DA:755,30
DA:756,30
DA:757,30
DA:758,30
DA:759,30
DA:760,30
DA:761,30
DA:762,30
DA:763,30
DA:764,30
DA:765,30
DA:766,30
DA:767,30
DA:768,30
DA:769,30
DA:770,30
DA:771,30
DA:772,30
DA:773,30
DA:774,30
DA:775,30
DA:776,30
DA:777,30
DA:778,30
DA:779,30
DA:780,30
DA:781,30
DA:782,30
DA:783,30
DA:784,30
DA:785,30
DA:786,30
DA:787,30
DA:788,30
DA:789,30
DA:790,30
DA:791,30
DA:792,30
DA:793,30
DA:794,30
DA:795,30
DA:796,30
DA:797,30
DA:798,30
DA:799,30
DA:800,30
DA:801,30
DA:802,30
DA:803,30
DA:804,30
DA:805,30
DA:806,30
DA:807,30
DA:808,30
DA:809,30
DA:810,30
DA:811,30
DA:812,30
DA:813,30
DA:814,30
DA:815,30
DA:816,30
DA:817,30
DA:818,30
DA:819,30
DA:820,30
DA:821,30
DA:822,30
DA:823,30
DA:824,30
DA:825,30
DA:826,30
DA:827,30
DA:828,30
DA:829,30
DA:830,30
DA:831,30
DA:832,30
DA:833,30
DA:834,30
DA:835,30
DA:836,30
DA:837,30
DA:838,30
DA:839,30
DA:840,30
DA:841,30
DA:842,30
DA:843,30
DA:844,30
DA:845,30
DA:846,30
DA:847,30
DA:848,30
DA:849,30
DA:850,30
DA:851,30
DA:852,30
DA:853,30
DA:854,30
DA:855,30
DA:856,30
DA:857,30
DA:858,30
DA:859,30
DA:860,30
DA:861,30
DA:862,30
DA:863,30
DA:864,30
DA:865,30
DA:866,30
DA:867,30
DA:868,30
DA:869,30
DA:870,30
DA:871,30
DA:872,30
DA:873,30
DA:874,30
DA:875,30
DA:876,30
DA:877,30
DA:878,30
DA:879,30
DA:880,30
DA:881,30
DA:882,30
DA:883,30
DA:884,30
DA:885,30
DA:886,30
DA:887,30
DA:888,30
DA:889,30
DA:890,30
DA:891,30
DA:892,30
DA:893,30
DA:894,30
DA:895,30
DA:896,30
DA:897,30
DA:898,30
DA:899,30
DA:900,30
DA:901,30
DA:902,30
DA:903,30
DA:904,30
DA:905,30
DA:906,30
DA:907,30
DA:908,30
DA:909,30
DA:910,30
DA:911,30
DA:912,30
DA:913,30
DA:914,30
DA:915,30
DA:916,30
DA:917,30
DA:918,30
DA:919,30
DA:920,30
DA:921,30
DA:922,30
DA:923,30
DA:924,30
DA:925,30
DA:926,30
DA:927,30
DA:928,30
DA:929,30
DA:930,30
DA:931,30
DA:932,30
DA:933,30
DA:934,30
DA:935,30
DA:936,30
DA:937,30
DA:938,30
DA:939,30
DA:940,30
DA:941,30
DA:942,30
DA:943,30
DA:944,30
DA:945,30
DA:946,30
DA:947,30
DA:948,30
DA:949,30
DA:950,30
DA:951,30
DA:952,30
DA:953,30
DA:954,30
DA:955,30
DA:956,30
DA:957,30
DA:958,30
DA:959,30
DA:960,30
DA:961,30
DA:962,30
DA:963,30
DA:964,30
DA:965,30
DA:966,30
DA:967,30
DA:968,30
DA:969,30
DA:970,30
DA:971,30
DA:972,30
DA:973,30
DA:974,30
DA:975,30
DA:976,30
DA:977,30
DA:978,30
DA:979,30
DA:980,30
DA:981,30
DA:982,30
DA:983,30
DA:984,30
DA:985,30
DA:986,30
DA:987,30
DA:988,30
DA:989,30
DA:990,30
DA:991,30
DA:992,30
DA:993,30
DA:994,30
DA:995,30
DA:996,30
DA:997,30
DA:998,30
DA:999,30
DA:1000,30
DA:1001,30
DA:1002,30
DA:1003,30
DA:1004,30
DA:1005,30
DA:1006,30
DA:1007,30
DA:1008,30
DA:1009,30
DA:1010,30
DA:1011,30
DA:1012,30
DA:1013,30
DA:1014,30
DA:1015,30
DA:1016,30
DA:1017,30
DA:1018,30
DA:1019,30
DA:1020,30
DA:1021,30
DA:1022,30
DA:1023,30
DA:1024,30
DA:1025,30
DA:1026,30
DA:1027,30
DA:1028,30
DA:1029,30
DA:1030,30
DA:1031,30
DA:1032,30
DA:1033,30
DA:1034,30
DA:1035,30
DA:1036,30
DA:1037,30
DA:1038,30
DA:1039,30
DA:1040,30
DA:1041,30
DA:1042,30
DA:1043,30
DA:1044,30
DA:1045,30
DA:1046,30
DA:1047,30
DA:1048,30
DA:1049,30
DA:1050,30
DA:1051,30
DA:1052,30
DA:1053,30
DA:1054,30
DA:1055,30
DA:1056,30
DA:1057,30
DA:1058,30
DA:1059,30
DA:1060,30
DA:1061,30
DA:1062,30
DA:1063,30
DA:1064,30
DA:1065,30
DA:1066,30
DA:1067,30
DA:1068,30
DA:1069,30
DA:1070,30
DA:1071,30
DA:1072,30
DA:1073,30
DA:1074,30
DA:1075,30
DA:1076,30
DA:1077,30
DA:1078,30
DA:1079,30
DA:1080,30
DA:1081,30
DA:1082,30
DA:1083,30
DA:1084,30
DA:1085,30
DA:1086,30
DA:1087,30
DA:1088,30
DA:1089,30
DA:1090,30
DA:1091,30
DA:1092,30
DA:1093,30
DA:1094,30
DA:1095,30
DA:1096,30
DA:1097,30
DA:1098,30
DA:1099,30
DA:1100,30
DA:1101,30
DA:1102,30
DA:1103,30
DA:1104,30
DA:1105,30
DA:1106,30
DA:1107,30
DA:1108,30
DA:1109,30
DA:1110,30
DA:1111,30
DA:1112,30
DA:1113,30
DA:1114,30
DA:1115,30
DA:1116,30
DA:1117,30
DA:1118,30
DA:1119,30
DA:1120,30
DA:1121,30
DA:1122,30
DA:1123,30
DA:1124,30
DA:1125,30
DA:1126,30
DA:1127,30
DA:1128,30
DA:1129,30
DA:1130,30
DA:1131,30
DA:1132,30
DA:1133,30
DA:1134,30
DA:1135,30
DA:1136,30
DA:1137,30
DA:1138,30
DA:1139,30
DA:1140,30
DA:1141,30
DA:1142,30
DA:1143,30
DA:1144,30
DA:1145,30
DA:1146,30
DA:1147,30
DA:1148,30
DA:1149,30
DA:1150,30
DA:1151,30
DA:1152,30
DA:1153,30
DA:1154,30
DA:1155,30
DA:1156,30
DA:1157,30
DA:1158,30
DA:1159,30
DA:1160,30
DA:1161,30
DA:1162,30
DA:1163,30
DA:1164,30
DA:1165,30
DA:1166,30
DA:1167,30
DA:1168,30
DA:1169,30
DA:1170,30
DA:1171,30
DA:1172,30
DA:1173,30
DA:1174,30
DA:1175,30
DA:1176,30
DA:1177,30
DA:1178,30
DA:1179,30
DA:1180,30
DA:1181,30
DA:1182,30
DA:1183,30
DA:1184,30
DA:1185,30
DA:1186,30
DA:1187,30
DA:1188,30
DA:1189,30
DA:1190,30
DA:1191,30
DA:1192,30
DA:1193,30
DA:1194,30
DA:1195,30
DA:1196,30
DA:1197,30
DA:1198,30
DA:1199,30
DA:1200,30
DA:1201,30
DA:1202,30
DA:1203,30
DA:1204,30
DA:1205,30
DA:1206,30
DA:1207,30
DA:1208,30
DA:1209,30
DA:1210,30
DA:1211,30
DA:1212,30
DA:1213,30
DA:1214,30
DA:1215,30
DA:1216,30
DA:1217,30
DA:1218,30
DA:1219,30
DA:1220,30
DA:1221,30
DA:1222,30
DA:1223,30
DA:1224,30
DA:1225,30
DA:1226,30
DA:1227,30
DA:1228,30
DA:1229,30
DA:1230,30
DA:1231,30
DA:1232,30
DA:1233,30
DA:1234,30
DA:1235,30
DA:1236,30
DA:1237,30
DA:1238,30
DA:1239,30
DA:1240,30
DA:1241,30
DA:1242,30
DA:1243,30
DA:1244,30
DA:1245,30
DA:1246,30
DA:1247,30
DA:1248,30
DA:1249,30
DA:1250,30
DA:1251,30
DA:1252,30
DA:1253,30
DA:1254,30
DA:1255,30
DA:1256,30
DA:1257,30
DA:1258,30
DA:1259,30
DA:1260,30
DA:1261,30
DA:1262,30
DA:1263,30
DA:1264,30
DA:1265,30
DA:1266,30
DA:1267,30
DA:1268,30
DA:1269,30
DA:1270,30
DA:1271,30
DA:1272,30
DA:1273,30
DA:1274,30
DA:1275,30
DA:1276,30
DA:1277,30
DA:1278,30
DA:1279,30
DA:1280,30
DA:1281,30
DA:1282,30
DA:1283,30
DA:1284,30
DA:1285,30
DA:1286,30
DA:1287,30
DA:1288,30
DA:1289,30
DA:1290,30
DA:1291,30
DA:1292,30
DA:1293,30
DA:1294,30
DA:1295,30
DA:1296,30
DA:1297,30
DA:1298,30
DA:1299,30
DA:1300,30
DA:1301,30
DA:1302,30
DA:1303,30
DA:1304,30
DA:1305,30
DA:1306,30
DA:1307,30
DA:1308,30
DA:1309,30
DA:1310,30
DA:1311,30
DA:1312,30
DA:1313,30
DA:1314,30
DA:1315,30
DA:1316,30
DA:1317,30
DA:1318,30
DA:1319,30
DA:1320,30
DA:1321,30
DA:1322,30
DA:1323,30
DA:1324,30
DA:1325,30
DA:1326,30
DA:1327,30
DA:1328,30
DA:1329,30
DA:1330,30
DA:1331,30
DA:1332,30
DA:1333,30
DA:1334,30
DA:1335,30
DA:1336,30
DA:1337,30
DA:1338,30
DA:1339,30
DA:1340,30
DA:1341,30
DA:1342,30
DA:1343,30
DA:1344,30
DA:1345,30
DA:1346,30
DA:1347,30
DA:1348,30
DA:1349,30
DA:1350,30
DA:1351,30
DA:1352,30
DA:1353,30
DA:1354,30
DA:1355,30
DA:1356,30
DA:1357,30
DA:1358,30
DA:1359,30
DA:1360,30
DA:1361,30
DA:1362,30
DA:1363,30
DA:1364,30
DA:1365,30
DA:1366,30
DA:1367,30
DA:1368,30
DA:1369,30
DA:1370,30
DA:1371,30
DA:1372,30
DA:1373,30
DA:1374,30
DA:1375,30
DA:1376,30
DA:1377,30
DA:1378,30
DA:1379,30
DA:1380,30
DA:1381,30
DA:1382,30
DA:1383,30
DA:1384,30
DA:1385,30
DA:1386,30
DA:1387,30
DA:1388,30
DA:1389,30
DA:1390,30
DA:1391,30
DA:1392,30
DA:1393,30
DA:1394,30
DA:1395,30
DA:1396,30
DA:1397,30
DA:1398,30
DA:1399,30
DA:1400,30
DA:1401,30
DA:1402,30
DA:1403,30
DA:1404,30
DA:1405,30
DA:1406,30
DA:1407,30
DA:1408,30
DA:1409,30
DA:1410,30
DA:1411,30
DA:1412,30
DA:1413,30
DA:1414,30
DA:1415,30
DA:1416,30
DA:1417,30
DA:1418,30
DA:1419,30
DA:1420,30
DA:1421,30
DA:1422,30
DA:1423,30
DA:1424,30
DA:1425,30
DA:1426,30
DA:1427,0
DA:1428,0
DA:1429,30
DA:1430,30
DA:1431,30
DA:1432,30
DA:1433,0
DA:1434,0
DA:1435,0
DA:1436,0
DA:1437,0
DA:1438,0
DA:1439,0
DA:1440,0
DA:1441,0
DA:1442,0
DA:1443,0
DA:1444,0
DA:1445,0
DA:1446,0
DA:1447,0
DA:1448,0
DA:1449,0
DA:1450,0
DA:1451,30
DA:1452,30
DA:1453,30
DA:1454,30
DA:1455,30
DA:1456,30
DA:1457,30
DA:1458,30
DA:1459,30
DA:1460,30
DA:1461,30
DA:1462,30
DA:1463,30
DA:1464,30
DA:1465,0
DA:1466,0
DA:1467,0
DA:1468,0
DA:1469,0
DA:1470,0
DA:1471,0
DA:1472,0
DA:1473,0
DA:1474,0
DA:1475,0
DA:1476,0
DA:1477,0
DA:1478,0
DA:1479,0
DA:1480,0
DA:1481,0
DA:1482,0
DA:1483,30
DA:1484,30
DA:1485,30
DA:1486,30
DA:1487,30
DA:1488,30
DA:1489,30
DA:1490,30
DA:1491,30
DA:1492,30
DA:1493,30
DA:1494,30
DA:1495,30
DA:1496,30
DA:1497,30
DA:1498,30
DA:1499,30
DA:1500,30
DA:1501,30
DA:1502,30
DA:1503,30
DA:1504,30
DA:1505,30
DA:1506,30
DA:1507,30
DA:1508,30
DA:1509,30
DA:1510,30
DA:1511,30
DA:1512,0
DA:1513,0
DA:1514,30
DA:1515,30
DA:1516,30
DA:1517,30
DA:1518,0
DA:1519,0
DA:1520,0
DA:1521,0
DA:1522,0
DA:1523,0
DA:1524,0
DA:1525,0
DA:1526,0
DA:1527,0
DA:1528,0
DA:1529,0
DA:1530,0
DA:1531,0
DA:1532,0
DA:1533,0
DA:1534,0
DA:1535,0
DA:1536,30
DA:1537,30
DA:1538,30
DA:1539,30
DA:1540,30
DA:1541,30
DA:1542,30
DA:1543,30
DA:1544,30
DA:1545,30
DA:1546,30
DA:1547,30
DA:1548,30
DA:1549,30
DA:1550,30
DA:1551,30
DA:1552,30
DA:1553,30
DA:1554,30
DA:1555,30
DA:1556,30
DA:1557,30
DA:1558,30
DA:1559,30
DA:1560,30
DA:1561,30
DA:1562,30
DA:1563,30
DA:1564,30
DA:1565,30
DA:1566,30
DA:1567,30
DA:1568,30
DA:1569,30
DA:1570,30
DA:1571,30
DA:1572,30
DA:1573,30
DA:1574,30
DA:1575,30
DA:1576,30
DA:1577,30
DA:1578,30
DA:1579,30
DA:1580,30
DA:1581,30
DA:1582,30
DA:1583,30
DA:1584,30
DA:1585,30
DA:1586,0
DA:1587,0
DA:1588,0
DA:1589,0
DA:1590,0
DA:1591,0
DA:1592,0
DA:1593,0
DA:1594,0
DA:1595,0
DA:1596,0
DA:1597,0
DA:1598,0
DA:1599,0
DA:1600,0
DA:1601,30
DA:1602,30
DA:1603,30
DA:1604,30
DA:1605,30
DA:1606,30
DA:1607,30
DA:1608,30
DA:1609,30
DA:1610,30
DA:1611,30
DA:1612,30
DA:1613,30
DA:1614,30
DA:1615,30
DA:1616,30
DA:1617,30
DA:1618,30
DA:1619,30
DA:1620,30
DA:1621,30
DA:1622,30
DA:1623,30
DA:1624,30
DA:1625,30
DA:1626,30
DA:1627,30
DA:1628,30
DA:1629,0
DA:1630,0
DA:1631,0
DA:1632,0
DA:1633,0
DA:1634,0
DA:1635,0
DA:1636,0
DA:1637,0
DA:1638,30
DA:1639,30
DA:1640,30
DA:1641,30
DA:1642,30
DA:1643,30
DA:1644,30
DA:1645,30
DA:1646,30
DA:1647,30
DA:1648,30
DA:1649,30
DA:1650,30
DA:1651,30
DA:1652,30
DA:1653,30
DA:1654,30
DA:1655,30
DA:1656,30
DA:1657,0
DA:1658,0
DA:1659,30
DA:1660,30
DA:1661,30
DA:1662,30
DA:1663,0
DA:1664,0
DA:1665,0
DA:1666,0
DA:1667,0
DA:1668,0
DA:1669,0
DA:1670,0
DA:1671,0
DA:1672,0
DA:1673,0
DA:1674,0
DA:1675,0
DA:1676,0
DA:1677,0
DA:1678,0
DA:1679,0
DA:1680,0
DA:1681,0
DA:1682,0
DA:1683,0
DA:1684,0
DA:1685,30
DA:1686,30
DA:1687,30
DA:1688,30
DA:1689,30
DA:1690,30
DA:1691,30
DA:1692,0
DA:1693,0
DA:1694,0
DA:1695,0
DA:1696,0
DA:1697,0
DA:1698,0
DA:1699,0
DA:1700,0
DA:1701,0
DA:1702,0
DA:1703,0
DA:1704,0
DA:1705,0
DA:1706,0
DA:1707,0
DA:1708,0
DA:1709,0
DA:1710,0
DA:1711,0
DA:1712,0
DA:1713,0
DA:1714,30
DA:1715,30
DA:1716,30
DA:1717,30
DA:1718,30
DA:1719,30
DA:1720,30
DA:1721,0
DA:1722,0
DA:1723,0
DA:1724,0
DA:1725,0
DA:1726,0
DA:1727,0
DA:1728,0
DA:1729,0
DA:1730,0
DA:1731,0
DA:1732,0
DA:1733,0
DA:1734,0
DA:1735,0
DA:1736,0
DA:1737,0
DA:1738,0
DA:1739,0
DA:1740,0
DA:1741,0
DA:1742,0
DA:1743,30
DA:1744,30
DA:1745,30
DA:1746,30
DA:1747,30
DA:1748,30
DA:1749,30
DA:1750,0
DA:1751,0
DA:1752,0
DA:1753,0
DA:1754,0
DA:1755,0
DA:1756,0
DA:1757,0
DA:1758,0
DA:1759,0
DA:1760,0
DA:1761,0
DA:1762,0
DA:1763,0
DA:1764,0
DA:1765,0
DA:1766,0
DA:1767,0
DA:1768,0
DA:1769,0
DA:1770,0
DA:1771,0
DA:1772,30
DA:1773,30
DA:1774,30
DA:1775,30
DA:1776,30
DA:1777,30
DA:1778,30
DA:1779,30
DA:1780,30
DA:1781,30
DA:1782,30
DA:1783,30
DA:1784,30
DA:1785,30
DA:1786,30
DA:1787,30
DA:1788,30
DA:1789,30
DA:1790,30
DA:1791,30
DA:1792,30
DA:1793,30
DA:1794,30
DA:1795,30
DA:1796,30
DA:1797,30
DA:1798,30
DA:1799,30
DA:1800,30
DA:1801,30
DA:1802,30
DA:1803,30
DA:1804,30
DA:1805,30
DA:1806,30
DA:1807,30
DA:1808,30
DA:1809,30
DA:1810,30
DA:1811,30
DA:1812,0
DA:1813,0
DA:1814,0
DA:1815,0
DA:1816,0
DA:1817,0
DA:1818,0
DA:1819,0
DA:1820,0
DA:1821,0
DA:1822,0
DA:1823,0
DA:1824,0
DA:1825,0
DA:1826,0
DA:1827,30
DA:1828,30
DA:1829,30
DA:1830,30
DA:1831,30
DA:1832,30
DA:1833,30
DA:1834,30
DA:1835,30
LF:1835
LH:1582
BRDA:84,0,0,30
BRDA:1833,1,0,6
BRDA:1833,2,0,0
BRDA:114,3,0,6
BRDA:115,4,0,0
BRDA:115,5,0,0
BRF:6
BRH:3
end_of_record
TN:
SF:libs/shared-patterns/src/DashboardFilter/DashboardFilterWidget/DashboardFilterWidgetTable/cells/AnchorLinkChipCell.tsx
FN:6,AnchorLinkChipCell
FNF:1
FNH:1
FNDA:3,AnchorLinkChipCell
DA:1,1
DA:2,1
DA:3,1
DA:4,1
DA:5,1
DA:6,1
DA:7,3
DA:8,2
DA:9,2
DA:10,2
DA:11,2
DA:12,3
DA:13,3
DA:14,3
LF:14
LH:14
BRDA:6,0,0,3
BRDA:7,1,0,2
BRF:2
BRH:2
end_of_record
TN:
SF:libs/shared-patterns/src/DashboardFilter/DashboardFilterWidget/DashboardFilterWidgetTable/cells/BranchChipCell.tsx
FN:10,BranchChipCell
FNF:1
FNH:1
FNDA:37,BranchChipCell
DA:1,1
DA:2,1
DA:3,1
DA:4,1
DA:5,1
DA:6,1
DA:7,1
DA:8,1
DA:9,1
DA:10,1
DA:11,37
DA:12,37
DA:13,37
DA:14,37
DA:15,37
DA:16,37
DA:17,37
DA:18,1
DA:19,1
DA:20,37
DA:21,37
DA:22,37
DA:23,37
DA:24,37
DA:25,37
DA:26,37
DA:27,37
DA:28,37
DA:29,37
DA:30,37
DA:31,37
DA:32,37
DA:33,37
DA:34,37
DA:35,37
DA:36,37
DA:37,37
[...]
DA:160,6
DA:161,6
DA:162,6
DA:163,6
DA:164,6
DA:165,1
DA:166,1
DA:167,25
DA:168,25
DA:169,25
DA:170,25
DA:171,25
DA:172,25
DA:173,25
DA:174,25
DA:175,25
DA:176,25
DA:177,25
DA:178,25
DA:179,25
DA:180,25
DA:181,1
DA:182,1
DA:183,1
DA:184,1
DA:185,1
DA:186,1
DA:187,1
DA:188,1
DA:189,1
DA:190,1
DA:191,1
DA:192,1
DA:193,1
DA:194,1
DA:195,1
DA:196,1
DA:197,1
DA:198,1
LF:198
LH:177
BRDA:32,0,0,33
BRDA:32,1,0,32
BRDA:32,2,0,0
BRDA:33,3,0,32
BRDA:57,4,0,32
BRDA:57,5,0,0
BRDA:61,6,0,32
BRDA:63,7,0,32
BRDA:63,8,0,0
BRDA:65,9,0,23
BRDA:65,10,0,9
BRDA:71,11,0,4
BRDA:71,12,0,0
BRDA:78,13,0,0
BRDA:82,14,0,0
BRDA:90,15,0,2
BRDA:91,16,0,1
BRDA:91,17,0,1
BRDA:92,18,0,1
BRDA:92,19,0,1
BRDA:92,20,0,1
BRDA:95,21,0,1
BRDA:125,22,0,31
BRDA:133,23,0,0
BRDA:158,24,0,6
BRDA:166,25,0,25
BRDA:166,26,0,23
BRDA:166,27,0,1
BRF:28
BRH:21
end_of_record
TN:
SF:libs/shared-patterns/src/PageHeader/utils.tsx
FN:10,getChild
FNF:1
FNH:1
FNDA:269,getChild
DA:1,1
DA:2,1
DA:3,1
DA:4,1
DA:5,1
DA:6,1
DA:7,1
DA:8,1
DA:9,1
DA:10,1
DA:11,269
DA:12,269
DA:13,1
DA:14,1
DA:15,1
DA:16,1
DA:17,1
DA:18,1
DA:19,1
DA:20,1
LF:20
LH:20
BRDA:10,0,0,269
BRDA:11,1,0,249
BRDA:11,2,0,1
BRDA:11,3,0,248
BRDA:11,4,0,20
BRF:5
BRH:5
end_of_record
TN:
SF:libs/shared-patterns/src/PrimarySkeleton/PrimarySkeleton.tsx
FN:22,PrimarySkeleton
FNF:1
FNH:1
FNDA:3,PrimarySkeleton
DA:1,1
DA:2,1
DA:3,1
DA:4,1
DA:5,1
DA:6,1
DA:7,1
DA:8,1
DA:9,1
DA:10,1
DA:11,1
DA:12,1
DA:13,1
DA:14,1
DA:15,1
DA:16,1
DA:17,1
DA:18,1
DA:19,1
DA:20,1
DA:21,1
DA:22,1
DA:23,3
DA:24,3
DA:25,3
DA:26,3
DA:27,3
DA:28,3
DA:29,3
DA:30,3
DA:31,3
DA:32,3
DA:33,3
DA:34,3
DA:35,3
DA:36,3
DA:37,3
DA:38,3
DA:39,3
DA:40,3
DA:41,3
DA:42,3
DA:43,3
DA:44,3
DA:45,3
DA:46,3
DA:47,3
DA:48,3
DA:49,3
DA:50,3
DA:51,3
DA:52,3
LF:52
LH:52
BRDA:22,0,0,3
BRDA:44,1,0,2
BRDA:44,2,0,1
BRDA:44,3,0,1
BRDA:44,4,0,0
BRDA:44,5,0,2
BRF:6
BRH:5
end_of_record
TN:
SF:libs/shared-patterns/src/SidebarLayout/SidebarDrawer.tsx
FN:32,SidebarDrawerGroup
FN:51,SidebarDrawerItem
FN:111,SidebarDrawer
FNF:3
FNH:3
FNDA:1,SidebarDrawerGroup
FNDA:6,SidebarDrawerItem
FNDA:1,SidebarDrawer
DA:1,1
DA:2,1
DA:3,1
DA:4,1
DA:5,1
DA:6,1
DA:7,1
DA:8,1
DA:9,1
DA:10,1
DA:11,1
DA:12,1
DA:13,1
DA:14,1
DA:15,1
DA:16,1
DA:17,1
DA:18,1
DA:19,1
DA:20,1
DA:21,1
DA:22,1
DA:23,1
DA:24,1
DA:25,1
DA:26,1
DA:27,1
DA:28,1
DA:29,1
DA:30,1
DA:31,1
DA:32,1
DA:33,1
DA:34,1
DA:35,1
DA:36,1
DA:37,1
DA:38,1
DA:39,0
DA:40,0
DA:41,1
DA:42,1
DA:43,1
DA:44,1
DA:45,1
DA:46,1
DA:47,1
DA:48,1
DA:49,1
DA:50,1
DA:51,1
DA:52,6
DA:53,6
DA:54,6
DA:55,6
DA:56,6
DA:57,6
DA:58,6
DA:59,6
DA:60,6
DA:61,4
DA:62,4
DA:63,4
DA:64,4
DA:65,1
DA:66,1
DA:67,1
DA:68,1
DA:69,1
DA:70,1
DA:71,1
DA:72,1
DA:73,1
DA:74,1
DA:75,1
DA:76,1
DA:77,1
DA:78,6
DA:79,6
DA:80,6
DA:81,6
DA:82,6
DA:83,6
DA:84,1
DA:85,1
DA:86,1
DA:87,1
DA:88,1
DA:89,1
DA:90,1
DA:91,1
DA:92,1
DA:93,1
DA:94,1
DA:95,1
DA:96,1
DA:97,1
DA:98,1
DA:99,1
DA:100,1
DA:101,1
DA:102,1
DA:103,1
DA:104,1
DA:105,1
DA:106,1
DA:107,1
DA:108,1
DA:109,1
DA:110,1
DA:111,1
DA:112,1
DA:113,1
DA:114,1
DA:115,1
DA:116,1
DA:117,1
DA:118,1
DA:119,1
DA:120,1
DA:121,1
DA:122,1
DA:123,1
DA:124,1
DA:125,1
DA:126,1
DA:127,1
DA:128,1
DA:129,1
DA:130,1
DA:131,1
LF:131
LH:129
BRDA:32,0,0,1
BRDA:38,1,0,0
BRDA:43,2,0,0
BRDA:51,3,0,6
BRDA:58,4,0,1
BRDA:58,5,0,4
BRDA:60,6,0,4
BRDA:64,7,0,1
BRDA:78,8,0,0
BRDA:111,9,0,1
BRF:10
BRH:7
end_of_record
TN:
SF:libs/shared-patterns/src/SidebarLayout/SidebarItemCollapse.tsx
FN:68,SidebarItemCollapse
FN:144,onClick
FNF:2
FNH:2
FNDA:17,SidebarItemCollapse
FNDA:2,onClick
DA:1,1
DA:2,1
DA:3,1
DA:4,1
DA:5,1
DA:6,1
DA:7,1
DA:8,1
DA:9,1
DA:10,1
DA:11,1
DA:12,1
DA:13,1
DA:14,1
DA:15,1
DA:16,1
DA:17,1
DA:18,1
DA:19,1
DA:20,1
DA:21,1
DA:22,1
DA:23,1
DA:24,1
DA:25,1
DA:26,1
DA:27,1
DA:28,1
DA:29,1
DA:30,1
DA:31,1
DA:32,1
DA:33,1
DA:34,1
DA:35,1
DA:36,1
DA:37,1
DA:38,1
DA:39,1
DA:40,1
DA:41,1
DA:42,1
DA:43,1
DA:44,1
DA:45,1
DA:46,1
DA:47,1
DA:48,1
DA:49,1
DA:50,1
DA:51,1
DA:52,1
DA:53,1
DA:54,1
DA:55,1
DA:56,1
DA:57,1
DA:58,1
DA:59,1
DA:60,1
DA:61,1
DA:62,1
DA:63,1
DA:64,1
DA:65,1
DA:66,1
DA:67,1
DA:68,1
DA:69,17
DA:70,17
DA:71,17
DA:72,17
DA:73,17
DA:74,6
DA:75,6
DA:76,6
DA:77,17
DA:78,17
DA:79,17
DA:80,17
DA:81,17
DA:82,17
DA:83,17
DA:84,17
DA:85,17
DA:86,17
DA:87,17
DA:88,17
DA:89,17
DA:90,17
DA:91,8
DA:92,2
DA:93,2
DA:94,17
DA:95,17
DA:96,17
DA:97,17
DA:98,15
DA:99,17
DA:100,17
DA:101,17
DA:102,17
DA:103,17
DA:104,17
DA:105,17
DA:106,17
DA:107,17
DA:108,17
DA:109,17
DA:110,17
DA:111,16
DA:112,16
DA:113,16
DA:114,16
DA:115,16
DA:116,16
DA:117,16
DA:118,16
DA:119,16
DA:120,16
DA:121,16
DA:122,16
DA:123,16
DA:124,16
DA:125,16
DA:126,16
DA:127,16
DA:128,16
DA:129,16
DA:130,16
DA:131,17
DA:132,17
DA:133,17
DA:134,17
DA:135,5
DA:136,5
DA:137,5
DA:138,5
DA:139,5
DA:140,5
DA:141,5
DA:142,5
DA:143,5
DA:144,5
DA:145,2
DA:146,2
DA:147,5
DA:148,5
DA:149,5
DA:150,5
DA:151,5
DA:152,5
DA:153,5
DA:154,5
DA:155,5
DA:156,5
DA:157,5
DA:158,5
DA:159,5
DA:160,5
DA:161,5
DA:162,5
DA:163,5
DA:164,5
DA:165,5
DA:166,5
DA:167,5
DA:168,17
DA:169,17
DA:170,17
DA:171,17
DA:172,17
LF:172
LH:172
BRDA:68,0,0,17
BRDA:73,1,0,6
BRDA:76,2,0,10
BRDA:87,3,0,15
BRDA:103,4,0,16
BRDA:103,5,0,11
BRDA:106,6,0,5
BRDA:106,7,0,11
BRDA:106,8,0,8
BRDA:110,9,0,16
BRDA:134,10,0,5
BRDA:134,11,0,5
BRDA:90,12,0,8
BRDA:91,13,0,2
BRDA:97,14,0,15
BRDA:144,15,0,2
BRF:16
BRH:16
end_of_record
TN:
SF:libs/shared-patterns/src/SidebarLayout/SidebarLayout.tsx
FN:23,SidebarLayout
FNF:1
FNH:1
FNDA:3,SidebarLayout
DA:1,1
DA:2,1
DA:3,1
DA:4,1
DA:5,1
DA:6,1
DA:7,1
DA:8,1
DA:9,1
DA:10,1
DA:11,1
DA:12,1
DA:13,1
DA:14,1
DA:15,1
DA:16,1
DA:17,1
DA:18,1
DA:19,1
DA:20,1
DA:21,1
DA:22,1
DA:23,1
DA:24,3
DA:25,3
DA:26,3
DA:27,3
DA:28,3
DA:29,3
DA:30,3
DA:31,3
DA:32,3
DA:33,3
DA:34,3
DA:35,3
DA:36,3
DA:37,3
DA:38,3
DA:39,1
DA:40,1
DA:41,1
DA:42,1
DA:43,1
DA:44,1
DA:45,1
LF:45
LH:45
BRDA:23,0,0,3
BRF:1
BRH:1
end_of_record
TN:
SF:libs/shared-patterns/src/SidebarLayout/SidebarLayoutAppBar.tsx
FN:46,SidebarAppBar
FNF:1
FNH:1
FNDA:3,SidebarAppBar
DA:1,1
DA:2,1
DA:3,1
DA:4,1
DA:5,1
DA:6,1
DA:7,1
DA:8,1
DA:9,1
DA:10,1
DA:11,1
DA:12,1
DA:13,1
DA:14,1
DA:15,1
DA:16,1
DA:17,1
DA:18,1
DA:19,1
DA:20,1
DA:21,1
DA:22,1
DA:23,1
DA:24,1
DA:25,1
DA:26,1
DA:27,1
DA:28,1
DA:29,1
DA:30,1
DA:31,1
DA:32,1
DA:33,1
DA:34,1
DA:35,1
DA:36,1
DA:37,1
DA:38,1
DA:39,1
DA:40,1
DA:41,1
DA:42,1
DA:43,1
DA:44,1
DA:45,1
DA:46,1
DA:47,3
DA:48,3
DA:49,3
DA:50,3
DA:51,3
DA:52,3
DA:53,3
DA:54,3
DA:55,3
DA:56,3
DA:57,3
DA:58,3
DA:59,3
DA:60,3
DA:61,3
DA:62,3
DA:63,3
DA:64,3
DA:65,3
DA:66,3
DA:67,3
DA:68,3
DA:69,3
LF:69
LH:69
BRDA:46,0,0,3
BRDA:61,1,0,0
BRF:2
BRH:1
end_of_record
TN:
SF:libs/shared-patterns/src/SidebarLayout/SidebarLayoutMainContent.tsx
FN:40,SidebarLayoutMainContent
FN:61,SidebarLayoutPadded
FNF:2
FNH:1
FNDA:3,SidebarLayoutMainContent
FNDA:0,SidebarLayoutPadded
DA:1,1
DA:2,1
DA:3,1
DA:4,1
DA:5,1
DA:6,1
DA:7,1
DA:8,1
DA:9,1
DA:10,1
DA:11,1
DA:12,1
DA:13,1
DA:14,1
DA:15,1
DA:16,1
DA:17,1
DA:18,1
DA:19,1
DA:20,1
DA:21,1
DA:22,1
DA:23,1
DA:24,1
DA:25,0
DA:26,0
DA:27,1
DA:28,1
DA:29,1
DA:30,1
DA:31,1
DA:32,1
DA:33,1
DA:34,1
DA:35,1
DA:36,1
DA:37,1
DA:38,1
DA:39,1
DA:40,1
DA:41,3
DA:42,3
DA:43,3
DA:44,3
DA:45,3
DA:46,3
DA:47,3
DA:48,3
DA:49,3
DA:50,3
DA:51,3
DA:52,3
DA:53,3
DA:54,3
DA:55,3
DA:56,3
DA:57,3
DA:58,3
DA:59,3
DA:60,1
DA:61,1
DA:62,0
DA:63,0
DA:64,0
DA:65,0
DA:66,0
DA:67,0
DA:68,0
DA:69,0
DA:70,0
DA:71,0
LF:71
LH:59
BRDA:11,0,0,7
BRDA:24,1,0,0
BRDA:40,2,0,3
BRDA:40,3,0,0
BRDA:47,4,0,0
BRF:5
BRH:2
end_of_record
TN:
SF:libs/shared-patterns/src/SidebarLayout/layoutContext.ts
FNF:0
FNH:0
DA:1,1
DA:2,1
DA:3,1
DA:4,1
DA:5,1
DA:6,1
DA:7,1
DA:8,1
DA:9,1
DA:10,1
DA:11,1
DA:12,1
DA:13,1
LF:13
LH:13
BRF:0
BRH:0
end_of_record
TN:
SF:libs/shared-patterns/src/TableNew/TableNew.tsx
FN:43,TableNew
FNF:1
FNH:1
FNDA:57,TableNew
DA:1,1
DA:2,1
DA:3,1
DA:4,1
DA:5,1
DA:6,1
DA:7,1
DA:8,1
DA:9,1
DA:10,1
DA:11,1
DA:12,1
DA:13,1
DA:14,1
DA:15,1
DA:16,1
DA:17,1
DA:18,1
DA:19,1
DA:20,1
DA:21,1
DA:22,1
DA:23,1
DA:24,1
DA:25,1
DA:26,1
DA:27,1
DA:28,1
DA:29,1
DA:30,1
DA:31,1
DA:32,1
DA:33,1
DA:34,1
DA:35,1
DA:36,1
DA:37,1
DA:38,1
DA:39,1
DA:40,1
DA:41,1
DA:42,1
DA:43,1
DA:44,57
DA:45,57
DA:46,57
DA:47,57
DA:48,57
DA:49,57
DA:50,57
DA:51,57
DA:52,57
DA:53,57
DA:54,57
DA:55,57
DA:56,57
DA:57,57
DA:58,57
DA:59,57
DA:60,57
DA:61,57
DA:62,57
DA:63,57
DA:64,57
DA:65,57
DA:66,23
DA:67,57
DA:68,57
DA:69,57
DA:70,57
DA:71,57
DA:72,57
DA:73,32
DA:74,17
DA:75,17
DA:76,17
DA:77,17
DA:78,17
DA:79,15
DA:80,57
DA:81,57
DA:82,57
DA:83,57
DA:84,57
DA:85,57
DA:86,57
DA:87,57
DA:88,57
DA:89,57
DA:90,57
DA:91,57
DA:92,57
DA:93,57
DA:94,57
DA:95,57
DA:96,57
DA:97,23
DA:98,0
DA:99,0
DA:100,57
DA:101,57
DA:102,57
DA:103,57
DA:104,57
DA:105,57
DA:106,57
DA:107,57
DA:108,57
DA:109,57
DA:110,57
DA:111,57
DA:112,57
DA:113,57
DA:114,57
DA:115,57
DA:116,57
DA:117,57
DA:118,57
DA:119,57
DA:120,57
DA:121,57
DA:122,57
DA:123,57
DA:124,57
DA:125,57
DA:126,57
DA:127,57
DA:128,57
DA:129,57
DA:130,57
DA:131,57
DA:132,57
DA:133,57
LF:133
LH:131
BRDA:43,0,0,57
BRDA:52,1,0,54
BRDA:52,2,0,0
BRDA:54,3,0,54
BRDA:54,4,0,0
BRDA:65,5,0,23
BRDA:72,6,0,32
BRDA:73,7,0,17
BRDA:78,8,0,15
BRDA:74,9,0,17
BRDA:96,10,0,23
BRDA:97,11,0,0
BRF:12
BRH:9
end_of_record
TN:
SF:libs/shared-patterns/src/TableNew/TableNewBody/LoadingSkeleton.tsx
FN:18,LoadingSkeleton
FNF:1
FNH:0
FNDA:0,LoadingSkeleton
DA:1,1
DA:2,1
DA:3,1
DA:4,1
DA:5,1
DA:6,1
DA:7,1
DA:8,1
DA:9,1
DA:10,1
DA:11,1
DA:12,1
DA:13,1
DA:14,1
DA:15,1
DA:16,1
DA:17,1
DA:18,1
DA:19,0
DA:20,0
DA:21,0
DA:22,0
DA:23,0
DA:24,0
DA:25,0
DA:26,0
DA:27,0
DA:28,0
DA:29,0
DA:30,0
DA:31,0
DA:32,0
DA:33,0
DA:34,0
DA:35,0
DA:36,0
DA:37,0
DA:38,0
DA:39,0
DA:40,0
DA:41,0
DA:42,0
DA:43,0
DA:44,0
DA:45,0
DA:46,0
DA:47,0
DA:48,0
DA:49,0
DA:50,0
DA:51,0
DA:52,0
LF:52
LH:18
BRF:0
BRH:0
end_of_record
TN:
SF:libs/shared-patterns/src/TableNew/TableNewBody/TableNewBody.tsx
FN:29,t
FN:41,calculateBackgroundColor
FN:51,toggleRowExpanded
FNF:3
FNH:2
FNDA:54,t
FNDA:638,calculateBackgroundColor
FNDA:0,toggleRowExpanded
DA:1,1
DA:2,1
DA:3,1
DA:4,1
DA:5,1
DA:6,1
DA:7,1
DA:8,1
DA:9,1
DA:10,1
DA:11,1
DA:12,1
DA:13,1
DA:14,1
DA:15,1
DA:16,1
DA:17,1
DA:18,1
DA:19,1
DA:20,1
DA:21,1
DA:22,1
DA:23,1
DA:24,1
DA:25,1
DA:26,1
DA:27,1
DA:28,1
DA:29,1
DA:30,54
DA:31,54
DA:32,1
DA:33,1
DA:34,1
DA:35,57
DA:36,57
DA:37,57
DA:38,57
DA:39,57
DA:40,57
DA:41,57
DA:42,638
DA:43,638
DA:44,638
DA:45,4
DA:46,4
DA:47,4
DA:48,57
DA:49,57
DA:50,57
DA:51,57
DA:52,0
DA:53,0
DA:54,0
DA:55,0
DA:56,0
DA:57,0
DA:58,0
DA:59,0
DA:60,57
DA:61,57
DA:62,57
DA:63,57
DA:64,57
DA:65,57
DA:66,4
DA:67,4
DA:68,4
DA:69,4
DA:70,4
DA:71,4
DA:72,4
DA:73,4
DA:74,4
DA:75,4
DA:76,50
DA:77,50
DA:78,50
DA:79,50
DA:80,0
DA:81,0
DA:82,57
DA:83,57
DA:84,57
DA:85,57
DA:86,57
DA:87,57
DA:88,57
DA:89,638
DA:90,638
DA:91,638
DA:92,638
DA:93,638
DA:94,638
DA:95,638
DA:96,638
DA:97,638
DA:98,638
DA:99,638
DA:100,638
DA:101,638
DA:102,638
DA:103,110
DA:104,110
DA:105,0
DA:106,110
DA:107,110
DA:108,110
DA:109,110
DA:110,110
DA:111,110
DA:112,110
DA:113,110
DA:114,110
DA:115,110
DA:116,110
DA:117,110
DA:118,110
DA:119,110
DA:120,110
DA:121,110
DA:122,110
DA:123,110
DA:124,110
DA:125,110
DA:126,110
DA:127,110
DA:128,110
DA:129,110
DA:130,110
DA:131,110
DA:132,110
DA:133,1
DA:134,110
DA:135,110
DA:136,110
DA:137,110
DA:138,110
DA:139,110
DA:140,110
DA:141,110
DA:142,110
DA:143,638
DA:144,528
DA:145,528
DA:146,528
DA:147,528
DA:148,528
DA:149,528
DA:150,638
DA:151,57
DA:152,57
DA:153,57
DA:154,57
DA:155,57
DA:156,57
DA:157,0
DA:158,0
DA:159,0
DA:160,0
DA:161,0
DA:162,0
DA:163,0
DA:164,0
DA:165,0
DA:166,0
DA:167,0
DA:168,0
DA:169,0
DA:170,57
DA:171,57
DA:172,57
DA:173,57
DA:174,57
DA:175,57
DA:176,57
DA:177,57
DA:178,57
DA:179,1
LF:179
LH:155
BRDA:29,0,0,54
BRDA:34,1,0,57
BRDA:35,2,0,54
BRDA:35,3,0,0
BRDA:35,4,0,54
BRDA:35,5,0,0
BRDA:65,6,0,54
BRDA:65,7,0,0
BRDA:65,8,0,4
BRDA:75,9,0,50
BRDA:79,10,0,0
BRDA:41,11,0,638
BRDA:42,12,0,0
BRDA:44,13,0,634
BRDA:45,14,0,4
BRDA:85,15,0,96
BRDA:85,16,0,50
BRDA:88,17,0,638
BRDA:90,18,0,0
BRDA:90,19,0,418
BRDA:90,20,0,220
BRDA:90,21,0,110
BRDA:90,22,0,528
BRDA:91,23,0,0
BRDA:91,24,0,418
BRDA:91,25,0,220
BRDA:91,26,0,110
BRDA:91,27,0,528
BRDA:99,28,0,0
BRDA:99,29,0,418
BRDA:99,30,0,220
BRDA:100,31,0,0
BRDA:100,32,0,418
BRDA:100,33,0,220
BRDA:102,34,0,110
BRDA:104,35,0,0
BRDA:112,36,0,10
BRDA:112,37,0,100
BRDA:113,38,0,0
BRDA:120,39,0,10
BRDA:121,40,0,1
BRDA:121,41,0,109
BRDA:129,42,0,0
BRDA:132,43,0,1
BRDA:143,44,0,528
BRF:45
BRH:33
end_of_record
TN:
SF:libs/shared-patterns/src/TableNew/TableNewBody/useTableStyles.tsx
FN:5,tableBodyStyles
FNF:1
FNH:1
FNDA:54,tableBodyStyles
DA:1,1
DA:2,1
DA:3,1
DA:4,1
DA:5,1
DA:6,54
DA:7,54
DA:8,54
DA:9,54
DA:10,54
DA:11,54
DA:12,54
DA:13,54
DA:14,54
DA:15,54
DA:16,54
DA:17,54
DA:18,54
DA:19,54
DA:20,54
DA:21,1
DA:22,1
DA:23,1
DA:24,1
DA:25,1
DA:26,1
DA:27,1
DA:28,1
DA:29,1
LF:29
LH:29
BRDA:5,0,0,54
BRF:1
BRH:1
end_of_record
TN:
SF:libs/shared-patterns/src/TableNew/TableNewContainer/TableNewContainer.tsx
FN:15,TableNewContainer
FNF:1
FNH:1
FNDA:57,TableNewContainer
DA:1,1
DA:2,1
DA:3,1
DA:4,1
DA:5,1
DA:6,1
DA:7,1
DA:8,1
DA:9,1
DA:10,1
DA:11,1
DA:12,1
DA:13,1
DA:14,1
DA:15,1
DA:16,57
DA:17,57
DA:18,57
DA:19,57
DA:20,57
DA:21,57
DA:22,57
DA:23,57
DA:24,57
DA:25,57
DA:26,57
DA:27,27
DA:28,27
DA:29,27
DA:30,27
DA:31,27
DA:32,27
DA:33,27
DA:34,27
DA:35,27
DA:36,27
DA:37,27
DA:38,27
DA:39,27
DA:40,27
DA:41,27
DA:42,27
DA:43,27
DA:44,27
DA:45,27
DA:46,27
DA:47,57
DA:48,57
DA:49,57
DA:50,57
DA:51,57
DA:52,57
DA:53,57
DA:54,57
DA:55,57
DA:56,57
DA:57,57
DA:58,57
DA:59,57
DA:60,57
DA:61,57
DA:62,57
DA:63,57
DA:64,57
DA:65,57
DA:66,57
DA:67,57
DA:68,57
LF:68
LH:68
BRDA:15,0,0,57
BRDA:52,1,0,8
BRDA:52,2,0,46
BRDA:53,3,0,8
BRDA:53,4,0,46
BRDA:58,5,0,30
BRDA:58,6,0,24
BRDA:58,7,0,30
BRDA:59,8,0,30
BRDA:59,9,0,24
BRDA:59,10,0,30
BRDA:60,11,0,24
BRDA:60,12,0,30
BRDA:61,13,0,30
BRDA:61,14,0,24
BRDA:61,15,0,30
BRDA:26,16,0,27
BRDA:30,17,0,0
BRDA:30,18,0,0
BRDA:31,19,0,8
BRDA:31,20,0,19
BRDA:31,21,0,8
BRDA:33,22,0,0
BRDA:33,23,0,0
BRDA:44,24,0,27
BRF:25
BRH:21
end_of_record
TN:
SF:libs/shared-patterns/src/TableNew/TableNewHead/TableNewHead.tsx
FN:20,TableNewHead
FN:23,handleColumnHeaderClick
FN:67,onClick
FNF:3
FNH:3
FNDA:54,TableNewHead
FNDA:1,handleColumnHeaderClick
FNDA:1,onClick
DA:1,1
DA:2,1
DA:3,1
DA:4,1
DA:5,1
DA:6,1
DA:7,1
DA:8,1
DA:9,1
DA:10,1
DA:11,1
DA:12,1
DA:13,1
DA:14,1
DA:15,1
DA:16,1
DA:17,1
DA:18,1
DA:19,1
DA:20,1
DA:21,54
DA:22,54
DA:23,54
DA:24,1
DA:25,1
DA:26,1
DA:27,1
DA:28,1
DA:29,1
DA:30,1
DA:31,0
DA:32,1
DA:33,1
DA:34,1
DA:35,1
DA:36,1
DA:37,54
DA:38,23
DA:39,23
DA:40,23
DA:41,23
DA:42,1
DA:43,1
DA:44,1
DA:45,1
DA:46,1
DA:47,1
DA:48,23
DA:49,54
DA:50,54
DA:51,54
DA:52,54
DA:53,54
DA:54,54
DA:55,274
DA:56,274
DA:57,274
DA:58,274
DA:59,274
DA:60,274
DA:61,274
DA:62,274
DA:63,274
DA:64,274
DA:65,274
DA:66,64
DA:67,64
DA:68,1
DA:69,1
DA:70,64
DA:71,64
DA:72,64
DA:73,0
DA:74,64
DA:75,64
DA:76,64
DA:77,64
DA:78,64
DA:79,64
DA:80,274
DA:81,274
DA:82,274
DA:83,54
DA:84,54
DA:85,54
DA:86,54
DA:87,54
DA:88,54
LF:88
LH:86
BRDA:20,0,0,54
BRDA:21,1,0,24
BRDA:23,2,0,1
BRDA:24,3,0,0
BRDA:29,4,0,0
BRDA:30,5,0,0
BRDA:37,6,0,23
BRDA:41,7,0,8
BRDA:41,8,0,1
BRDA:41,9,0,1
BRDA:54,10,0,274
BRDA:65,11,0,64
BRDA:70,12,0,4
BRDA:70,13,0,60
BRDA:70,14,0,60
BRDA:70,15,0,4
BRDA:73,16,0,0
BRDA:76,17,0,4
BRDA:76,18,0,60
BRDA:76,19,0,4
BRDA:76,20,0,60
BRDA:80,21,0,210
BRDA:58,22,0,0
BRDA:58,23,0,242
BRDA:58,24,0,32
BRDA:58,25,0,16
BRDA:58,26,0,258
BRDA:59,27,0,0
BRDA:59,28,0,242
BRDA:59,29,0,32
BRDA:59,30,0,16
BRDA:59,31,0,258
BRDA:61,32,0,0
BRDA:67,33,0,1
BRDA:68,34,0,0
BRF:35
BRH:27
end_of_record
TN:
SF:libs/shared-patterns/src/TableNew/TableNewPagination/TableNewPagination.tsx
FN:13,TableNewPagination
FN:21,onPageChange
FN:26,onRowsPerPageChange
FN:31,resetTableScroll
FNF:4
FNH:3
FNDA:25,TableNewPagination
FNDA:1,onPageChange
FNDA:0,onRowsPerPageChange
FNDA:1,resetTableScroll
DA:1,1
DA:2,1
DA:3,1
DA:4,1
DA:5,1
DA:6,1
DA:7,1
DA:8,1
DA:9,1
DA:10,1
DA:11,1
DA:12,1
DA:13,1
DA:14,25
DA:15,25
DA:16,25
DA:17,25
DA:18,25
DA:19,25
DA:20,25
DA:21,25
DA:22,1
DA:23,1
DA:24,1
DA:25,25
DA:26,25
DA:27,0
DA:28,0
DA:29,0
DA:30,25
DA:31,25
DA:32,1
DA:33,1
DA:34,25
DA:35,25
DA:36,25
DA:37,25
DA:38,25
DA:39,25
DA:40,25
DA:41,25
DA:42,25
DA:43,25
DA:44,25
DA:45,25
DA:46,25
DA:47,25
DA:48,25
DA:49,25
DA:50,25
DA:51,25
DA:52,25
DA:53,25
DA:54,25
DA:55,25
DA:56,25
DA:57,25
DA:58,25
DA:59,25
DA:60,25
LF:60
LH:57
BRDA:13,0,0,25
BRDA:43,1,0,8
BRDA:43,2,0,16
BRDA:44,3,0,8
BRDA:44,4,0,16
BRDA:21,5,0,1
BRDA:31,6,0,1
BRDA:32,7,0,0
BRF:8
BRH:7
end_of_record
TN:
SF:libs/shared-patterns/src/TableNew/hooks/useTableHooks.ts
FN:6,useTableHooks
FNF:1
FNH:1
FNDA:54,useTableHooks
DA:1,1
DA:2,1
DA:3,1
DA:4,1
DA:5,1
DA:6,1
DA:7,54
DA:8,54
DA:9,2
DA:10,2
DA:11,2
DA:12,2
DA:13,2
DA:14,2
DA:15,2
DA:16,2
DA:17,54
DA:18,54
DA:19,54
DA:20,54
LF:20
LH:20
BRDA:6,0,0,54
BRDA:7,1,0,54
BRDA:8,2,0,10
BRDA:8,3,0,52
BRDA:8,4,0,2
BRDA:11,5,0,2
BRF:6
BRH:6
end_of_record
TN:
SF:libs/shared-patterns/src/TableNew/hooks/usePagination/usePagination.tsx
FN:7,usePagination
FN:31,paginateData
FN:37,handlePageChange
FN:44,handleRowsPerPageChange
FN:61,resetPage
FNF:5
FNH:5
FNDA:71,usePagination
FNDA:1,paginateData
FNDA:2,handlePageChange
FNDA:2,handleRowsPerPageChange
FNDA:23,resetPage
DA:1,1
DA:2,1
DA:3,1
DA:4,1
DA:5,1
DA:6,1
DA:7,1
DA:8,71
DA:9,71
DA:10,71
DA:11,71
DA:12,71
DA:13,71
DA:14,71
DA:15,71
DA:16,30
DA:17,0
DA:18,0
DA:19,30
DA:20,30
DA:21,30
DA:22,30
DA:23,30
DA:24,1
DA:25,1
DA:26,30
DA:27,1
DA:28,1
DA:29,30
DA:30,71
DA:31,71
DA:32,1
DA:33,1
DA:34,1
DA:35,1
DA:36,71
DA:37,71
DA:38,2
DA:39,2
DA:40,2
DA:41,2
DA:42,2
DA:43,71
DA:44,71
DA:45,2
DA:46,2
DA:47,2
DA:48,2
DA:49,2
DA:50,2
DA:51,2
DA:52,2
DA:53,2
DA:54,2
DA:55,2
DA:56,2
DA:57,0
DA:58,2
DA:59,2
DA:60,71
DA:61,71
DA:62,23
DA:63,23
DA:64,23
DA:65,71
DA:66,71
DA:67,71
DA:68,71
DA:69,71
DA:70,71
DA:71,71
DA:72,71
DA:73,71
DA:74,71
LF:74
LH:71
BRDA:7,0,0,71
BRDA:8,1,0,4
BRDA:8,2,0,4
BRDA:8,3,0,67
BRDA:9,4,0,4
BRDA:9,5,0,4
BRDA:9,6,0,67
BRDA:10,7,0,0
BRDA:10,8,0,0
BRDA:15,9,0,30
BRDA:16,10,0,0
BRDA:23,11,0,1
BRDA:26,12,0,1
BRDA:31,13,0,1
BRDA:37,14,0,2
BRDA:39,15,0,0
BRDA:44,16,0,2
BRDA:45,17,0,0
BRDA:50,18,0,0
BRDA:61,19,0,23
BRF:20
BRH:14
end_of_record
TN:
SF:libs/shared-patterns/src/Tabs/Tabs.tsx
FNF:0
FNH:0
DA:1,1
DA:2,1
DA:3,1
DA:4,1
DA:5,1
DA:6,1
DA:7,1
DA:8,1
DA:9,1
DA:10,1
DA:11,1
LF:11
LH:11
BRF:0
BRH:0
end_of_record
TN:
SF:libs/shared-patterns/src/Tabs/TabsMenuItem/TabsMenuItem.tsx
FN:9,TabsMenuItem
FNF:1
FNH:1
FNDA:29,TabsMenuItem
DA:1,1
DA:2,1
DA:3,1
DA:4,1
DA:5,1
DA:6,1
DA:7,1
DA:8,1
DA:9,1
DA:10,29
DA:11,29
DA:12,29
LF:12
LH:12
BRDA:9,0,0,29
BRF:1
BRH:1
end_of_record
TN:
SF:libs/shared-patterns/src/Tabs/TabsPanel/TabsPanel.tsx
FN:6,TabsPanel
FNF:1
FNH:1
FNDA:8,TabsPanel
DA:1,1
DA:2,1
DA:3,1
DA:4,1
DA:5,1
DA:6,1
DA:7,8
DA:8,8
DA:9,8
DA:10,8
DA:11,8
DA:12,8
DA:13,8
DA:14,8
DA:15,8
DA:16,8
DA:17,8
DA:18,8
DA:19,8
DA:20,8
DA:21,8
DA:22,8
DA:23,8
DA:24,8
DA:25,8
DA:26,8
LF:26
LH:26
BRDA:6,0,0,8
BRF:1
BRH:1
end_of_record
TN:
SF:libs/shared-patterns/src/Tabs/TabsTab/TabsTab.tsx
FNF:0
FNH:0
DA:1,1
DA:2,1
DA:3,1
DA:4,1
DA:5,1
DA:6,1
DA:7,1
DA:8,1
DA:9,1
LF:9
LH:9
BRF:0
BRH:0
end_of_record
TN:
SF:libs/shared-patterns/src/Tabs/TabsWrapper/TabsWrapper.tsx
FNF:0
FNH:0
DA:1,1
DA:2,1
DA:3,1
DA:4,1
DA:5,1
DA:6,1
DA:7,1
DA:8,1
DA:9,1
DA:10,1
DA:11,1
DA:12,1
DA:13,1
DA:14,1
DA:15,1
DA:16,1
DA:17,1
DA:18,1
DA:19,1
DA:20,1
DA:21,8
DA:22,8
DA:23,8
DA:24,8
DA:25,1
DA:26,1
DA:27,1
DA:28,1
DA:29,8
DA:30,8
DA:31,8
DA:32,8
DA:33,1
DA:34,1
DA:35,1
LF:35
LH:35
BRDA:20,0,0,8
BRDA:24,1,0,1
BRDA:28,2,0,8
BRDA:32,3,0,1
BRF:4
BRH:4
end_of_record
TN:
SF:libs/shared-patterns/src/Tabs/context/TabsContextProvider.tsx
FN:17,useTabsContextProvider
FN:26,TabsContext
FNF:2
FNH:2
FNDA:6,useTabsContextProvider
FNDA:7,TabsContext
DA:1,1
DA:2,1
DA:3,1
DA:4,1
DA:5,1
DA:6,1
DA:7,1
DA:8,1
DA:9,1
DA:10,1
DA:11,1
DA:12,1
DA:13,1
DA:14,1
DA:15,1
DA:16,1
DA:17,6
DA:18,6
DA:19,6
DA:20,6
DA:21,6
DA:22,6
DA:23,6
DA:24,6
DA:25,1
DA:26,1
DA:27,7
DA:28,7
DA:29,7
DA:30,7
DA:31,7
DA:32,7
DA:33,7
DA:34,7
DA:35,1
DA:36,1
LF:36
LH:36
BRDA:17,0,0,6
BRDA:26,1,0,7
BRF:2
BRH:2
end_of_record
