{"numFailedTestSuites":0,"numFailedTests":0,"numPassedTestSuites":30,"numPassedTests":100,"numPendingTestSuites":0,"numPendingTests":0,"numRuntimeErrorTestSuites":0,"numTodoTests":0,"numTotalTestSuites":30,"numTotalTests":100,"openHandles":[],"snapshot":{"added":0,"didUpdate":false,"failure":false,"filesAdded":0,"filesRemoved":0,"filesRemovedList":[],"filesUnmatched":0,"filesUpdated":0,"matched":0,"total":0,"unchecked":0,"uncheckedKeysByFile":[],"unmatched":0,"updated":0},"startTime":1728616388786,"success":true,"testResults":[{"assertionResults":[{"ancestorTitles":["preventSymbolsFromInputNumber"],"duration":2,"failureDetails":[],"failureMessages":[],"fullName":"preventSymbolsFromInputNumber should call preventDefault for restricted keys","invocations":1,"location":null,"numPassingAsserts":5,"retryReasons":[],"status":"passed","title":"should call preventDefault for restricted keys"},{"ancestorTitles":["preventSymbolsFromInputNumber"],"duration":2,"failureDetails":[],"failureMessages":[],"fullName":"preventSymbolsFromInputNumber should not call preventDefault for other keys","invocations":1,"location":null,"numPassingAsserts":6,"retryReasons":[],"status":"passed","title":"should not call preventDefault for other keys"}],"endTime":1728616390458,"message":"","name":"/Users/ranantharaj/projects/nextgen-ui/libs/shared-utils/src/preventSymbolsFromInputNumber/preventSymbolsFromInputNumber.spec.ts","startTime":1728616389223,"status":"passed","summary":""},{"assertionResults":[{"ancestorTitles":["buildPaginationQueryParams"],"duration":1,"failureDetails":[],"failureMessages":[],"fullName":"buildPaginationQueryParams should return data without additional params","invocations":1,"location":null,"numPassingAsserts":1,"retryReasons":[],"status":"passed","title":"should return data without additional params"},{"ancestorTitles":["buildPaginationQueryParams"],"duration":0,"failureDetails":[],"failureMessages":[],"fullName":"buildPaginationQueryParams should return data with additional params","invocations":1,"location":null,"numPassingAsserts":1,"retryReasons":[],"status":"passed","title":"should return data with additional params"},{"ancestorTitles":["buildPaginationQueryParamsForLicenseService"],"duration":1,"failureDetails":[],"failureMessages":[],"fullName":"buildPaginationQueryParamsForLicenseService should return data with additional params","invocations":1,"location":null,"numPassingAsserts":1,"retryReasons":[],"status":"passed","title":"should return data with additional params"},{"ancestorTitles":["buildPaginationQueryParamsForLicenseService"],"duration":0,"failureDetails":[],"failureMessages":[],"fullName":"buildPaginationQueryParamsForLicenseService should return id data with additional params","invocations":1,"location":null,"numPassingAsserts":1,"retryReasons":[],"status":"passed","title":"should return id data with additional params"},{"ancestorTitles":["buildPaginationQueryParamsForLicenseService"],"duration":0,"failureDetails":[],"failureMessages":[],"fullName":"buildPaginationQueryParamsForLicenseService should return hide expired licenses filter data with additional params","invocations":1,"location":null,"numPassingAsserts":1,"retryReasons":[],"status":"passed","title":"should return hide expired licenses filter data with additional params"},{"ancestorTitles":["buildPaginationQueryParamsForLicenseService"],"duration":0,"failureDetails":[],"failureMessages":[],"fullName":"buildPaginationQueryParamsForLicenseService should return start date filter data with additional params","invocations":1,"location":null,"numPassingAsserts":1,"retryReasons":[],"status":"passed","title":"should return start date filter data with additional params"},{"ancestorTitles":["buildPaginationQueryParamsForLicenseService"],"duration":0,"failureDetails":[],"failureMessages":[],"fullName":"buildPaginationQueryParamsForLicenseService should return end date filter data with additional params","invocations":1,"location":null,"numPassingAsserts":1,"retryReasons":[],"status":"passed","title":"should return end date filter data with additional params"},{"ancestorTitles":["buildPaginationQueryParamsForLicenseService"],"duration":0,"failureDetails":[],"failureMessages":[],"fullName":"buildPaginationQueryParamsForLicenseService should return filter data based on id with additional params","invocations":1,"location":null,"numPassingAsserts":1,"retryReasons":[],"status":"passed","title":"should return filter data based on id with additional params"},{"ancestorTitles":["buildPaginationQueryParamsForLicenseService"],"duration":0,"failureDetails":[],"failureMessages":[],"fullName":"buildPaginationQueryParamsForLicenseService should return licensed by filter data based on with additional params","invocations":1,"location":null,"numPassingAsserts":1,"retryReasons":[],"status":"passed","title":"should return licensed by filter data based on with additional params"},{"ancestorTitles":["buildPaginationQueryParamsForLicenseService"],"duration":1,"failureDetails":[],"failureMessages":[],"fullName":"buildPaginationQueryParamsForLicenseService should return licensed to filter data based on with additional params","invocations":1,"location":null,"numPassingAsserts":1,"retryReasons":[],"status":"passed","title":"should return licensed to filter data based on with additional params"}],"endTime":1728616390836,"message":"","name":"/Users/ranantharaj/projects/nextgen-ui/libs/shared-utils/src/buildPaginationQueryParams/buildPaginationQueryParams.spec.ts","startTime":1728616390475,"status":"passed","summary":""},{"assertionResults":[{"ancestorTitles":["validateEmail"],"duration":1,"failureDetails":[],"failureMessages":[],"fullName":"validateEmail should validate email","invocations":1,"location":null,"numPassingAsserts":1,"retryReasons":[],"status":"passed","title":"should validate email"},{"ancestorTitles":["validateEmail"],"duration":0,"failureDetails":[],"failureMessages":[],"fullName":"validateEmail should not validate email","invocations":1,"location":null,"numPassingAsserts":1,"retryReasons":[],"status":"passed","title":"should not validate email"}],"endTime":1728616391218,"message":"","name":"/Users/ranantharaj/projects/nextgen-ui/libs/shared-utils/src/validateEmail/validateEmail.spec.tsx","startTime":1728616390846,"status":"passed","summary":""},{"assertionResults":[{"ancestorTitles":["checkStatus"],"duration":15,"failureDetails":[],"failureMessages":[],"fullName":"checkStatus SUCCEEDED","invocations":1,"location":null,"numPassingAsserts":4,"retryReasons":[],"status":"passed","title":"SUCCEEDED"},{"ancestorTitles":["checkStatus"],"duration":1,"failureDetails":[],"failureMessages":[],"fullName":"checkStatus FAILED","invocations":1,"location":null,"numPassingAsserts":4,"retryReasons":[],"status":"passed","title":"FAILED"},{"ancestorTitles":["checkStatus"],"duration":1,"failureDetails":[],"failureMessages":[],"fullName":"checkStatus ERRORED","invocations":1,"location":null,"numPassingAsserts":4,"retryReasons":[],"status":"passed","title":"ERRORED"},{"ancestorTitles":["checkStatus"],"duration":2,"failureDetails":[],"failureMessages":[],"fullName":"checkStatus PENDING","invocations":1,"location":null,"numPassingAsserts":4,"retryReasons":[],"status":"passed","title":"PENDING"},{"ancestorTitles":["checkStatus"],"duration":1,"failureDetails":[],"failureMessages":[],"fullName":"checkStatus PENDING_APPROVAL","invocations":1,"location":null,"numPassingAsserts":4,"retryReasons":[],"status":"passed","title":"PENDING_APPROVAL"},{"ancestorTitles":["checkStatus"],"duration":3,"failureDetails":[],"failureMessages":[],"fullName":"checkStatus STARTED","invocations":1,"location":null,"numPassingAsserts":4,"retryReasons":[],"status":"passed","title":"STARTED"},{"ancestorTitles":["checkStatus"],"duration":2,"failureDetails":[],"failureMessages":[],"fullName":"checkStatus ABORTED","invocations":1,"location":null,"numPassingAsserts":4,"retryReasons":[],"status":"passed","title":"ABORTED"},{"ancestorTitles":["checkStatus"],"duration":1,"failureDetails":[],"failureMessages":[],"fullName":"checkStatus TIMED_OUT","invocations":1,"location":null,"numPassingAsserts":4,"retryReasons":[],"status":"passed","title":"TIMED_OUT"},{"ancestorTitles":["checkStatus"],"duration":1,"failureDetails":[],"failureMessages":[],"fullName":"checkStatus REJECTED","invocations":1,"location":null,"numPassingAsserts":4,"retryReasons":[],"status":"passed","title":"REJECTED"},{"ancestorTitles":["checkStatus"],"duration":1,"failureDetails":[],"failureMessages":[],"fullName":"checkStatus UNKNOWN","invocations":1,"location":null,"numPassingAsserts":4,"retryReasons":[],"status":"passed","title":"UNKNOWN"}],"endTime":1728616392065,"message":"","name":"/Users/ranantharaj/projects/nextgen-ui/libs/shared-utils/src/checkStatus/checkStatus.spec.tsx","startTime":1728616391227,"status":"passed","summary":""},{"assertionResults":[{"ancestorTitles":["Link"],"duration":5,"failureDetails":[],"failureMessages":[],"fullName":"Link link should add query param","invocations":1,"location":null,"numPassingAsserts":1,"retryReasons":[],"status":"passed","title":"link should add query param"},{"ancestorTitles":["Link"],"duration":1,"failureDetails":[],"failureMessages":[],"fullName":"Link link should add query param with To object","invocations":1,"location":null,"numPassingAsserts":1,"retryReasons":[],"status":"passed","title":"link should add query param with To object"},{"ancestorTitles":["Link"],"duration":1,"failureDetails":[],"failureMessages":[],"fullName":"Link link should update search param","invocations":1,"location":null,"numPassingAsserts":1,"retryReasons":[],"status":"passed","title":"link should update search param"},{"ancestorTitles":["Link"],"duration":1,"failureDetails":[],"failureMessages":[],"fullName":"Link link should remove dependent search params","invocations":1,"location":null,"numPassingAsserts":1,"retryReasons":[],"status":"passed","title":"link should remove dependent search params"},{"ancestorTitles":["Link"],"duration":1,"failureDetails":[],"failureMessages":[],"fullName":"Link link should remove search param for components changes","invocations":1,"location":null,"numPassingAsserts":1,"retryReasons":[],"status":"passed","title":"link should remove search param for components changes"},{"ancestorTitles":["Link"],"duration":1,"failureDetails":[],"failureMessages":[],"fullName":"Link link should remove everything on falsy search param values","invocations":1,"location":null,"numPassingAsserts":1,"retryReasons":[],"status":"passed","title":"link should remove everything on falsy search param values"},{"ancestorTitles":["Link"],"duration":1,"failureDetails":[],"failureMessages":[],"fullName":"Link external links are not modified at all","invocations":1,"location":null,"numPassingAsserts":1,"retryReasons":[],"status":"passed","title":"external links are not modified at all"}],"endTime":1728616392589,"message":"","name":"/Users/ranantharaj/projects/nextgen-ui/libs/shared-utils/src/navigation/index.spec.tsx","startTime":1728616392075,"status":"passed","summary":""},{"assertionResults":[{"ancestorTitles":["marshalDate"],"duration":1,"failureDetails":[],"failureMessages":[],"fullName":"marshalDate should return a Date object when given a Date object","invocations":1,"location":null,"numPassingAsserts":1,"retryReasons":[],"status":"passed","title":"should return a Date object when given a Date object"},{"ancestorTitles":["marshalDate"],"duration":0,"failureDetails":[],"failureMessages":[],"fullName":"marshalDate should return a Date object when given a string","invocations":1,"location":null,"numPassingAsserts":1,"retryReasons":[],"status":"passed","title":"should return a Date object when given a string"}],"endTime":1728616393021,"message":"","name":"/Users/ranantharaj/projects/nextgen-ui/libs/shared-utils/src/marshalDate/marshalDate.spec.ts","startTime":1728616392599,"status":"passed","summary":""},{"assertionResults":[{"ancestorTitles":["caseInsensitiveCompare"],"duration":0,"failureDetails":[],"failureMessages":[],"fullName":"caseInsensitiveCompare should return true","invocations":1,"location":null,"numPassingAsserts":1,"retryReasons":[],"status":"passed","title":"should return true"},{"ancestorTitles":["caseInsensitiveCompare"],"duration":1,"failureDetails":[],"failureMessages":[],"fullName":"caseInsensitiveCompare should return false","invocations":1,"location":null,"numPassingAsserts":1,"retryReasons":[],"status":"passed","title":"should return false"}],"endTime":1728616393440,"message":"","name":"/Users/ranantharaj/projects/nextgen-ui/libs/shared-utils/src/stringUtils/StringUtils.spec.ts","startTime":1728616393029,"status":"passed","summary":""},{"assertionResults":[{"ancestorTitles":["readFile"],"duration":5,"failureDetails":[],"failureMessages":[],"fullName":"readFile readFile","invocations":1,"location":null,"numPassingAsserts":1,"retryReasons":[],"status":"passed","title":"readFile"}],"endTime":1728616393868,"message":"","name":"/Users/ranantharaj/projects/nextgen-ui/libs/shared-utils/src/readFile/readFile.spec.ts","startTime":1728616393449,"status":"passed","summary":""},{"assertionResults":[{"ancestorTitles":["createStrictContext"],"duration":31,"failureDetails":[],"failureMessages":[],"fullName":"createStrictContext returns a Provider and a strict useContext hook","invocations":1,"location":null,"numPassingAsserts":3,"retryReasons":[],"status":"passed","title":"returns a Provider and a strict useContext hook"},{"ancestorTitles":["createStrictContext","error cases"],"duration":44,"failureDetails":[],"failureMessages":[],"fullName":"createStrictContext error cases throws an error when used without a provider","invocations":1,"location":null,"numPassingAsserts":1,"retryReasons":[],"status":"passed","title":"throws an error when used without a provider"},{"ancestorTitles":["createStrictContext","error cases"],"duration":4,"failureDetails":[],"failureMessages":[],"fullName":"createStrictContext error cases throws an error with a custom error message","invocations":1,"location":null,"numPassingAsserts":1,"retryReasons":[],"status":"passed","title":"throws an error with a custom error message"},{"ancestorTitles":["createStrictContext","error cases"],"duration":9,"failureDetails":[],"failureMessages":[],"fullName":"createStrictContext error cases throws an error with a custom name","invocations":1,"location":null,"numPassingAsserts":1,"retryReasons":[],"status":"passed","title":"throws an error with a custom name"}],"endTime":1728616394479,"message":"","name":"/Users/ranantharaj/projects/nextgen-ui/libs/shared-utils/src/createStrictContext/createStrictContext.spec.tsx","startTime":1728616393877,"status":"passed","summary":""},{"assertionResults":[{"ancestorTitles":["getRange"],"duration":0,"failureDetails":[],"failureMessages":[],"fullName":"getRange should return [0,1,2,3]","invocations":1,"location":null,"numPassingAsserts":1,"retryReasons":[],"status":"passed","title":"should return [0,1,2,3]"},{"ancestorTitles":["getRange"],"duration":0,"failureDetails":[],"failureMessages":[],"fullName":"getRange should return [0]","invocations":1,"location":null,"numPassingAsserts":1,"retryReasons":[],"status":"passed","title":"should return [0]"},{"ancestorTitles":["getRange"],"duration":0,"failureDetails":[],"failureMessages":[],"fullName":"getRange should return []","invocations":1,"location":null,"numPassingAsserts":1,"retryReasons":[],"status":"passed","title":"should return []"}],"endTime":1728616394925,"message":"","name":"/Users/ranantharaj/projects/nextgen-ui/libs/shared-utils/src/getRange/getRange.spec.ts","startTime":1728616394515,"status":"passed","summary":""},{"assertionResults":[{"ancestorTitles":["getFloatSequence"],"duration":0,"failureDetails":[],"failureMessages":[],"fullName":"getFloatSequence should return [ 0, 0.5, 1, 1.5, 2 ]","invocations":1,"location":null,"numPassingAsserts":1,"retryReasons":[],"status":"passed","title":"should return [ 0, 0.5, 1, 1.5, 2 ]"}],"endTime":1728616395376,"message":"","name":"/Users/ranantharaj/projects/nextgen-ui/libs/shared-utils/src/getFloatSequence/getFloatSequence.spec.ts","startTime":1728616394934,"status":"passed","summary":""},{"assertionResults":[{"ancestorTitles":["nameToInitials"],"duration":0,"failureDetails":[],"failureMessages":[],"fullName":"nameToInitials should return the initials of a name","invocations":1,"location":null,"numPassingAsserts":1,"retryReasons":[],"status":"passed","title":"should return the initials of a name"},{"ancestorTitles":["nameToInitials"],"duration":0,"failureDetails":[],"failureMessages":[],"fullName":"nameToInitials should allow to specify how many initials to return","invocations":1,"location":null,"numPassingAsserts":1,"retryReasons":[],"status":"passed","title":"should allow to specify how many initials to return"}],"endTime":1728616395875,"message":"","name":"/Users/ranantharaj/projects/nextgen-ui/libs/shared-utils/src/nameToInitials/nameToInitials.spec.ts","startTime":1728616395385,"status":"passed","summary":""},{"assertionResults":[{"ancestorTitles":["epochToDateTime"],"duration":20,"failureDetails":[],"failureMessages":[],"fullName":"epochToDateTime should return a timestamp in `hh:mm:ss` format","invocations":1,"location":null,"numPassingAsserts":1,"retryReasons":[],"status":"passed","title":"should return a timestamp in `hh:mm:ss` format"}],"endTime":1728616396425,"message":"","name":"/Users/ranantharaj/projects/nextgen-ui/libs/shared-utils/src/epochToDateTime/epochToDateTime.spec.ts","startTime":1728616395883,"status":"passed","summary":""},{"assertionResults":[{"ancestorTitles":["times"],"duration":0,"failureDetails":[],"failureMessages":[],"fullName":"times should run a callback 3 times","invocations":1,"location":null,"numPassingAsserts":1,"retryReasons":[],"status":"passed","title":"should run a callback 3 times"}],"endTime":1728616396894,"message":"","name":"/Users/ranantharaj/projects/nextgen-ui/libs/shared-utils/src/times/times.spec.ts","startTime":1728616396431,"status":"passed","summary":""},{"assertionResults":[{"ancestorTitles":["buildFilterQueries"],"duration":1,"failureDetails":[],"failureMessages":[],"fullName":"buildFilterQueries should return an object of additional filtering data","invocations":1,"location":null,"numPassingAsserts":1,"retryReasons":[],"status":"passed","title":"should return an object of additional filtering data"}],"endTime":1728616397399,"message":"","name":"/Users/ranantharaj/projects/nextgen-ui/libs/shared-utils/src/buildFilterQueries/buildFilterQueries.spec.ts","startTime":1728616396903,"status":"passed","summary":""},{"assertionResults":[{"ancestorTitles":["getSample"],"duration":0,"failureDetails":[],"failureMessages":[],"fullName":"getSample should return a value from the array","invocations":1,"location":null,"numPassingAsserts":1,"retryReasons":[],"status":"passed","title":"should return a value from the array"},{"ancestorTitles":["getSample"],"duration":0,"failureDetails":[],"failureMessages":[],"fullName":"getSample should return \"5\"","invocations":1,"location":null,"numPassingAsserts":1,"retryReasons":[],"status":"passed","title":"should return \"5\""}],"endTime":1728616397912,"message":"","name":"/Users/ranantharaj/projects/nextgen-ui/libs/shared-utils/src/getSample/getSample.spec.ts","startTime":1728616397410,"status":"passed","summary":""},{"assertionResults":[{"ancestorTitles":["navigation hooks","useParams"],"duration":2,"failureDetails":[],"failureMessages":[],"fullName":"navigation hooks useParams should combine search params and path params","invocations":1,"location":null,"numPassingAsserts":1,"retryReasons":[],"status":"passed","title":"should combine search params and path params"},{"ancestorTitles":["navigation hooks","useNavigate"],"duration":1,"failureDetails":[],"failureMessages":[],"fullName":"navigation hooks useNavigate should keep specific search params from going away when navigating","invocations":1,"location":null,"numPassingAsserts":1,"retryReasons":[],"status":"passed","title":"should keep specific search params from going away when navigating"}],"endTime":1728616398429,"message":"","name":"/Users/ranantharaj/projects/nextgen-ui/libs/shared-utils/src/navigation/hooks.spec.tsx","startTime":1728616397922,"status":"passed","summary":""},{"assertionResults":[{"ancestorTitles":["getSource"],"duration":1,"failureDetails":[],"failureMessages":[],"fullName":"getSource should return inherited if org id is different from endpoint's resourceId","invocations":1,"location":null,"numPassingAsserts":1,"retryReasons":[],"status":"passed","title":"should return inherited if org id is different from endpoint's resourceId"},{"ancestorTitles":["getSource"],"duration":0,"failureDetails":[],"failureMessages":[],"fullName":"getSource should return original if org id is the same","invocations":1,"location":null,"numPassingAsserts":1,"retryReasons":[],"status":"passed","title":"should return original if org id is the same"},{"ancestorTitles":["getSource"],"duration":0,"failureDetails":[],"failureMessages":[],"fullName":"getSource should return overriden if org id is the same","invocations":1,"location":null,"numPassingAsserts":1,"retryReasons":[],"status":"passed","title":"should return overriden if org id is the same"}],"endTime":1728616398885,"message":"","name":"/Users/ranantharaj/projects/nextgen-ui/libs/shared-utils/src/getSource/getSource.spec.ts","startTime":1728616398436,"status":"passed","summary":""},{"assertionResults":[{"ancestorTitles":["capitalizeString"],"duration":0,"failureDetails":[],"failureMessages":[],"fullName":"capitalizeString should convert the first letter of a string to uppercase and the rest to lowercase","invocations":1,"location":null,"numPassingAsserts":4,"retryReasons":[],"status":"passed","title":"should convert the first letter of a string to uppercase and the rest to lowercase"}],"endTime":1728616399362,"message":"","name":"/Users/ranantharaj/projects/nextgen-ui/libs/shared-utils/src/capitalizeString/capitalizeString.spec.ts","startTime":1728616398892,"status":"passed","summary":""},{"assertionResults":[{"ancestorTitles":["getRandomInt"],"duration":1,"failureDetails":[],"failureMessages":[],"fullName":"getRandomInt should return 0","invocations":1,"location":null,"numPassingAsserts":1,"retryReasons":[],"status":"passed","title":"should return 0"},{"ancestorTitles":["getRandomInt"],"duration":0,"failureDetails":[],"failureMessages":[],"fullName":"getRandomInt should return an int without a suffix","invocations":1,"location":null,"numPassingAsserts":2,"retryReasons":[],"status":"passed","title":"should return an int without a suffix"},{"ancestorTitles":["getRandomInt"],"duration":0,"failureDetails":[],"failureMessages":[],"fullName":"getRandomInt should return an string with a suffix","invocations":1,"location":null,"numPassingAsserts":1,"retryReasons":[],"status":"passed","title":"should return an string with a suffix"}],"endTime":1728616399861,"message":"","name":"/Users/ranantharaj/projects/nextgen-ui/libs/shared-utils/src/getRandomInt/getRandomInt.spec.ts","startTime":1728616399372,"status":"passed","summary":""},{"assertionResults":[{"ancestorTitles":["formatDate"],"duration":0,"failureDetails":[],"failureMessages":[],"fullName":"formatDate should return a formatted date string","invocations":1,"location":null,"numPassingAsserts":1,"retryReasons":[],"status":"passed","title":"should return a formatted date string"},{"ancestorTitles":["formatDate"],"duration":0,"failureDetails":[],"failureMessages":[],"fullName":"formatDate should return a formatted date only string with a custom format","invocations":1,"location":null,"numPassingAsserts":1,"retryReasons":[],"status":"passed","title":"should return a formatted date only string with a custom format"},{"ancestorTitles":["formatDate"],"duration":0,"failureDetails":[],"failureMessages":[],"fullName":"formatDate should return a formatted time string with a custom format","invocations":1,"location":null,"numPassingAsserts":1,"retryReasons":[],"status":"passed","title":"should return a formatted time string with a custom format"},{"ancestorTitles":["formatDate"],"duration":0,"failureDetails":[],"failureMessages":[],"fullName":"formatDate should return a formatted date time string with no second argument","invocations":1,"location":null,"numPassingAsserts":1,"retryReasons":[],"status":"passed","title":"should return a formatted date time string with no second argument"}],"endTime":1728616400392,"message":"","name":"/Users/ranantharaj/projects/nextgen-ui/libs/shared-utils/src/formatDate/formatDate.spec.ts","startTime":1728616399873,"status":"passed","summary":""},{"assertionResults":[{"ancestorTitles":["parseXML"],"duration":2,"failureDetails":[],"failureMessages":[],"fullName":"parseXML parseXML should return XML document when valid XML string is passed","invocations":1,"location":null,"numPassingAsserts":1,"retryReasons":[],"status":"passed","title":"parseXML should return XML document when valid XML string is passed"},{"ancestorTitles":["parseXML"],"duration":1,"failureDetails":[],"failureMessages":[],"fullName":"parseXML should throw error when invalid XML string is passed","invocations":1,"location":null,"numPassingAsserts":1,"retryReasons":[],"status":"passed","title":"should throw error when invalid XML string is passed"},{"ancestorTitles":["parseXML"],"duration":1,"failureDetails":[],"failureMessages":[],"fullName":"parseXML parseXML should call error callback when invalid XML string is passed","invocations":1,"location":null,"numPassingAsserts":1,"retryReasons":[],"status":"passed","title":"parseXML should call error callback when invalid XML string is passed"}],"endTime":1728616400900,"message":"","name":"/Users/ranantharaj/projects/nextgen-ui/libs/shared-utils/src/parseXML/paseXML.spec.ts","startTime":1728616400401,"status":"passed","summary":""},{"assertionResults":[{"ancestorTitles":["getAnalyticsContextData"],"duration":0,"failureDetails":[],"failureMessages":[],"fullName":"getAnalyticsContextData should return organizational context","invocations":1,"location":null,"numPassingAsserts":1,"retryReasons":[],"status":"passed","title":"should return organizational context"}],"endTime":1728616401383,"message":"","name":"/Users/ranantharaj/projects/nextgen-ui/libs/shared-utils/src/getAnalyticsContextData/getAnalyticsContextData.spec.ts","startTime":1728616400906,"status":"passed","summary":""},{"assertionResults":[{"ancestorTitles":["injectSidebarItemsIntoHandle"],"duration":1,"failureDetails":[],"failureMessages":[],"fullName":"injectSidebarItemsIntoHandle should inject sidebar items into handle","invocations":1,"location":null,"numPassingAsserts":1,"retryReasons":[],"status":"passed","title":"should inject sidebar items into handle"}],"endTime":1728616401945,"message":"","name":"/Users/ranantharaj/projects/nextgen-ui/libs/shared-utils/src/routeProviderUtils/injectSidebarItemsIntoHandle.spec.ts","startTime":1728616401394,"status":"passed","summary":""},{"assertionResults":[{"ancestorTitles":["injectRoutesIntoChildren"],"duration":0,"failureDetails":[],"failureMessages":[],"fullName":"injectRoutesIntoChildren should inject routes into children","invocations":1,"location":null,"numPassingAsserts":1,"retryReasons":[],"status":"passed","title":"should inject routes into children"}],"endTime":1728616402466,"message":"","name":"/Users/ranantharaj/projects/nextgen-ui/libs/shared-utils/src/routeProviderUtils/injectRoutesIntoChildren.spec.ts","startTime":1728616401957,"status":"passed","summary":""},{"assertionResults":[{"ancestorTitles":["copyTextToClipboard"],"duration":1,"failureDetails":[],"failureMessages":[],"fullName":"copyTextToClipboard should copy a string to an existing clipboard","invocations":1,"location":null,"numPassingAsserts":1,"retryReasons":[],"status":"passed","title":"should copy a string to an existing clipboard"},{"ancestorTitles":["copyTextToClipboard"],"duration":1,"failureDetails":[],"failureMessages":[],"fullName":"copyTextToClipboard should append the input text into document","invocations":1,"location":null,"numPassingAsserts":1,"retryReasons":[],"status":"passed","title":"should append the input text into document"}],"endTime":1728616403062,"message":"","name":"/Users/ranantharaj/projects/nextgen-ui/libs/shared-utils/src/copyTextToClipboard/copyTextToClipboard.spec.ts","startTime":1728616402477,"status":"passed","summary":""},{"assertionResults":[{"ancestorTitles":["timeAgo"],"duration":0,"failureDetails":[],"failureMessages":[],"fullName":"timeAgo 1 year ago","invocations":1,"location":null,"numPassingAsserts":1,"retryReasons":[],"status":"passed","title":"1 year ago"},{"ancestorTitles":["timeAgo"],"duration":0,"failureDetails":[],"failureMessages":[],"fullName":"timeAgo 2 years ago","invocations":1,"location":null,"numPassingAsserts":1,"retryReasons":[],"status":"passed","title":"2 years ago"},{"ancestorTitles":["timeAgo"],"duration":0,"failureDetails":[],"failureMessages":[],"fullName":"timeAgo 1 month ago","invocations":1,"location":null,"numPassingAsserts":1,"retryReasons":[],"status":"passed","title":"1 month ago"},{"ancestorTitles":["timeAgo"],"duration":0,"failureDetails":[],"failureMessages":[],"fullName":"timeAgo 2 months ago","invocations":1,"location":null,"numPassingAsserts":1,"retryReasons":[],"status":"passed","title":"2 months ago"},{"ancestorTitles":["timeAgo"],"duration":0,"failureDetails":[],"failureMessages":[],"fullName":"timeAgo 1 week ago","invocations":1,"location":null,"numPassingAsserts":1,"retryReasons":[],"status":"passed","title":"1 week ago"},{"ancestorTitles":["timeAgo"],"duration":0,"failureDetails":[],"failureMessages":[],"fullName":"timeAgo 2 weeks ago","invocations":1,"location":null,"numPassingAsserts":1,"retryReasons":[],"status":"passed","title":"2 weeks ago"},{"ancestorTitles":["timeAgo"],"duration":1,"failureDetails":[],"failureMessages":[],"fullName":"timeAgo 1 day ago","invocations":1,"location":null,"numPassingAsserts":1,"retryReasons":[],"status":"passed","title":"1 day ago"},{"ancestorTitles":["timeAgo"],"duration":0,"failureDetails":[],"failureMessages":[],"fullName":"timeAgo 2 days ago","invocations":1,"location":null,"numPassingAsserts":1,"retryReasons":[],"status":"passed","title":"2 days ago"},{"ancestorTitles":["timeAgo"],"duration":0,"failureDetails":[],"failureMessages":[],"fullName":"timeAgo 1 hour ago","invocations":1,"location":null,"numPassingAsserts":1,"retryReasons":[],"status":"passed","title":"1 hour ago"},{"ancestorTitles":["timeAgo"],"duration":0,"failureDetails":[],"failureMessages":[],"fullName":"timeAgo 2 hours ago","invocations":1,"location":null,"numPassingAsserts":1,"retryReasons":[],"status":"passed","title":"2 hours ago"},{"ancestorTitles":["timeAgo"],"duration":0,"failureDetails":[],"failureMessages":[],"fullName":"timeAgo 1 minute ago","invocations":1,"location":null,"numPassingAsserts":1,"retryReasons":[],"status":"passed","title":"1 minute ago"},{"ancestorTitles":["timeAgo"],"duration":0,"failureDetails":[],"failureMessages":[],"fullName":"timeAgo 2 minutes ago","invocations":1,"location":null,"numPassingAsserts":1,"retryReasons":[],"status":"passed","title":"2 minutes ago"},{"ancestorTitles":["timeAgo"],"duration":0,"failureDetails":[],"failureMessages":[],"fullName":"timeAgo now","invocations":1,"location":null,"numPassingAsserts":1,"retryReasons":[],"status":"passed","title":"now"}],"endTime":1728616403611,"message":"","name":"/Users/ranantharaj/projects/nextgen-ui/libs/shared-utils/src/timeAgo/timeAgo.spec.ts","startTime":1728616403070,"status":"passed","summary":""},{"assertionResults":[{"ancestorTitles":["handleError"],"duration":0,"failureDetails":[],"failureMessages":[],"fullName":"handleError should set submitting to false and invoke callback with server error message","invocations":1,"location":null,"numPassingAsserts":2,"retryReasons":[],"status":"passed","title":"should set submitting to false and invoke callback with server error message"},{"ancestorTitles":["handleError"],"duration":0,"failureDetails":[],"failureMessages":[],"fullName":"handleError should set submitting to false and invoke callback with already created error message","invocations":1,"location":null,"numPassingAsserts":2,"retryReasons":[],"status":"passed","title":"should set submitting to false and invoke callback with already created error message"},{"ancestorTitles":["handleError"],"duration":0,"failureDetails":[],"failureMessages":[],"fullName":"handleError should set submitting to false and invoke callback with unauthorized error message","invocations":1,"location":null,"numPassingAsserts":2,"retryReasons":[],"status":"passed","title":"should set submitting to false and invoke callback with unauthorized error message"},{"ancestorTitles":["handleError"],"duration":0,"failureDetails":[],"failureMessages":[],"fullName":"handleError should set submitting to false and invoke callback with default server error message if status is not handled","invocations":1,"location":null,"numPassingAsserts":2,"retryReasons":[],"status":"passed","title":"should set submitting to false and invoke callback with default server error message if status is not handled"},{"ancestorTitles":["handleError"],"duration":0,"failureDetails":[],"failureMessages":[],"fullName":"handleError should set submitting to false and invoke callback with default server error message if no error status is provided","invocations":1,"location":null,"numPassingAsserts":2,"retryReasons":[],"status":"passed","title":"should set submitting to false and invoke callback with default server error message if no error status is provided"},{"ancestorTitles":["handleError"],"duration":0,"failureDetails":[],"failureMessages":[],"fullName":"handleError should set submitting to false and not invoke callback if callback is not provided","invocations":1,"location":null,"numPassingAsserts":1,"retryReasons":[],"status":"passed","title":"should set submitting to false and not invoke callback if callback is not provided"}],"endTime":1728616404125,"message":"","name":"/Users/ranantharaj/projects/nextgen-ui/libs/shared-utils/src/handleError/handleError.spec.ts","startTime":1728616403618,"status":"passed","summary":""},{"assertionResults":[{"ancestorTitles":["getSAMLData"],"duration":1,"failureDetails":[],"failureMessages":[],"fullName":"getSAMLData getSamlData should return no values when no EntityDescriptor is passed","invocations":1,"location":null,"numPassingAsserts":3,"retryReasons":[],"status":"passed","title":"getSamlData should return no values when no EntityDescriptor is passed"},{"ancestorTitles":["getSAMLData","non-namespaced XML"],"duration":1,"failureDetails":[],"failureMessages":[],"fullName":"getSAMLData non-namespaced XML getSamlData should return valid values when XML Document is passed","invocations":1,"location":null,"numPassingAsserts":3,"retryReasons":[],"status":"passed","title":"getSamlData should return valid values when XML Document is passed"},{"ancestorTitles":["getSAMLData","non-namespaced XML"],"duration":0,"failureDetails":[],"failureMessages":[],"fullName":"getSAMLData non-namespaced XML getSamlData should return all values when XML is valid and full","invocations":1,"location":null,"numPassingAsserts":3,"retryReasons":[],"status":"passed","title":"getSamlData should return all values when XML is valid and full"},{"ancestorTitles":["getSAMLData","namespaced XML"],"duration":1,"failureDetails":[],"failureMessages":[],"fullName":"getSAMLData namespaced XML getSamlData should return valid values when XML Document is passed","invocations":1,"location":null,"numPassingAsserts":3,"retryReasons":[],"status":"passed","title":"getSamlData should return valid values when XML Document is passed"},{"ancestorTitles":["getSAMLData","namespaced XML"],"duration":0,"failureDetails":[],"failureMessages":[],"fullName":"getSAMLData namespaced XML getSamlData should return all values when XML is valid and full","invocations":1,"location":null,"numPassingAsserts":3,"retryReasons":[],"status":"passed","title":"getSamlData should return all values when XML is valid and full"}],"endTime":1728616404640,"message":"","name":"/Users/ranantharaj/projects/nextgen-ui/libs/shared-utils/src/getSAMLData/getSAMLData.spec.ts","startTime":1728616404132,"status":"passed","summary":""},{"assertionResults":[{"ancestorTitles":["checkSubOrgVersion","getVersionFromDomains"],"duration":0,"failureDetails":[],"failureMessages":[],"fullName":"checkSubOrgVersion getVersionFromDomains should return the correct version","invocations":1,"location":null,"numPassingAsserts":1,"retryReasons":[],"status":"passed","title":"should return the correct version"},{"ancestorTitles":["checkSubOrgVersion","getVersionFromDomains"],"duration":0,"failureDetails":[],"failureMessages":[],"fullName":"checkSubOrgVersion getVersionFromDomains should return nothing for an unknown org","invocations":1,"location":null,"numPassingAsserts":1,"retryReasons":[],"status":"passed","title":"should return nothing for an unknown org"},{"ancestorTitles":["checkSubOrgVersion","checkIfNewVersion"],"duration":1,"failureDetails":[],"failureMessages":[],"fullName":"checkSubOrgVersion checkIfNewVersion compare two versions and this one is newer","invocations":1,"location":null,"numPassingAsserts":1,"retryReasons":[],"status":"passed","title":"compare two versions and this one is newer"},{"ancestorTitles":["checkSubOrgVersion","checkIfNewVersion"],"duration":0,"failureDetails":[],"failureMessages":[],"fullName":"checkSubOrgVersion checkIfNewVersion compare two versions and this one is older","invocations":1,"location":null,"numPassingAsserts":1,"retryReasons":[],"status":"passed","title":"compare two versions and this one is older"}],"endTime":1728616405145,"message":"","name":"/Users/ranantharaj/projects/nextgen-ui/libs/shared-utils/src/checkSubOrgVersion/checkSubOrgVersion.spec.ts","startTime":1728616404647,"status":"passed","summary":""}],"wasInterrupted":false,"coverageMap":{"/Users/ranantharaj/projects/nextgen-ui/libs/shared-utils/src/buildAnalyticsEvent/buildAnalyticsEvent.ts":{"path":"/Users/ranantharaj/projects/nextgen-ui/libs/shared-utils/src/buildAnalyticsEvent/buildAnalyticsEvent.ts","all":true,"statementMap":{"0":{"start":{"line":1,"column":0},"end":{"line":1,"column":3}},"1":{"start":{"line":2,"column":0},"end":{"line":2,"column":90}},"2":{"start":{"line":3,"column":0},"end":{"line":3,"column":50}},"3":{"start":{"line":4,"column":0},"end":{"line":4,"column":3}},"4":{"start":{"line":5,"column":0},"end":{"line":5,"column":27}},"5":{"start":{"line":6,"column":0},"end":{"line":6,"column":72}},"6":{"start":{"line":7,"column":0},"end":{"line":7,"column":75}},"7":{"start":{"line":8,"column":0},"end":{"line":8,"column":19}},"8":{"start":{"line":9,"column":0},"end":{"line":9,"column":1}},"9":{"start":{"line":10,"column":0},"end":{"line":10,"column":0}},"10":{"start":{"line":11,"column":0},"end":{"line":11,"column":3}},"11":{"start":{"line":12,"column":0},"end":{"line":12,"column":70}},"12":{"start":{"line":13,"column":0},"end":{"line":13,"column":3}},"13":{"start":{"line":14,"column":0},"end":{"line":14,"column":45}},"14":{"start":{"line":15,"column":0},"end":{"line":15,"column":34}},"15":{"start":{"line":16,"column":0},"end":{"line":16,"column":1}},"16":{"start":{"line":17,"column":0},"end":{"line":17,"column":0}},"17":{"start":{"line":18,"column":0},"end":{"line":18,"column":3}},"18":{"start":{"line":19,"column":0},"end":{"line":19,"column":64}},"19":{"start":{"line":20,"column":0},"end":{"line":20,"column":3}},"20":{"start":{"line":21,"column":0},"end":{"line":21,"column":42}},"21":{"start":{"line":22,"column":0},"end":{"line":22,"column":17}},"22":{"start":{"line":23,"column":0},"end":{"line":23,"column":34}},"23":{"start":{"line":24,"column":0},"end":{"line":24,"column":1}},"24":{"start":{"line":25,"column":0},"end":{"line":25,"column":0}},"25":{"start":{"line":26,"column":0},"end":{"line":26,"column":3}},"26":{"start":{"line":27,"column":0},"end":{"line":27,"column":64}},"27":{"start":{"line":28,"column":0},"end":{"line":28,"column":3}},"28":{"start":{"line":29,"column":0},"end":{"line":29,"column":42}},"29":{"start":{"line":30,"column":0},"end":{"line":30,"column":89}},"30":{"start":{"line":31,"column":0},"end":{"line":31,"column":15}},"31":{"start":{"line":32,"column":0},"end":{"line":32,"column":38}},"32":{"start":{"line":33,"column":0},"end":{"line":33,"column":1}},"33":{"start":{"line":34,"column":0},"end":{"line":34,"column":0}},"34":{"start":{"line":35,"column":0},"end":{"line":35,"column":3}},"35":{"start":{"line":36,"column":0},"end":{"line":36,"column":62}},"36":{"start":{"line":37,"column":0},"end":{"line":37,"column":3}},"37":{"start":{"line":38,"column":0},"end":{"line":38,"column":41}},"38":{"start":{"line":39,"column":0},"end":{"line":39,"column":14}},"39":{"start":{"line":40,"column":0},"end":{"line":40,"column":38}},"40":{"start":{"line":41,"column":0},"end":{"line":41,"column":1}},"41":{"start":{"line":42,"column":0},"end":{"line":42,"column":0}},"42":{"start":{"line":43,"column":0},"end":{"line":43,"column":3}},"43":{"start":{"line":44,"column":0},"end":{"line":44,"column":66}},"44":{"start":{"line":45,"column":0},"end":{"line":45,"column":3}},"45":{"start":{"line":46,"column":0},"end":{"line":46,"column":43}},"46":{"start":{"line":47,"column":0},"end":{"line":47,"column":14}},"47":{"start":{"line":48,"column":0},"end":{"line":48,"column":38}},"48":{"start":{"line":49,"column":0},"end":{"line":49,"column":1}},"49":{"start":{"line":50,"column":0},"end":{"line":50,"column":0}},"50":{"start":{"line":51,"column":0},"end":{"line":51,"column":3}},"51":{"start":{"line":52,"column":0},"end":{"line":52,"column":66}},"52":{"start":{"line":53,"column":0},"end":{"line":53,"column":3}},"53":{"start":{"line":54,"column":0},"end":{"line":54,"column":42}},"54":{"start":{"line":55,"column":0},"end":{"line":55,"column":20}},"55":{"start":{"line":56,"column":0},"end":{"line":56,"column":1}},"56":{"start":{"line":57,"column":0},"end":{"line":57,"column":0}},"57":{"start":{"line":58,"column":0},"end":{"line":58,"column":3}},"58":{"start":{"line":59,"column":0},"end":{"line":59,"column":77}},"59":{"start":{"line":60,"column":0},"end":{"line":60,"column":64}},"60":{"start":{"line":61,"column":0},"end":{"line":61,"column":3}},"61":{"start":{"line":62,"column":0},"end":{"line":62,"column":34}},"62":{"start":{"line":63,"column":0},"end":{"line":63,"column":22}},"63":{"start":{"line":64,"column":0},"end":{"line":64,"column":16}},"64":{"start":{"line":65,"column":0},"end":{"line":65,"column":16}},"65":{"start":{"line":66,"column":0},"end":{"line":66,"column":14}},"66":{"start":{"line":67,"column":0},"end":{"line":67,"column":18}},"67":{"start":{"line":68,"column":0},"end":{"line":68,"column":16}},"68":{"start":{"line":69,"column":0},"end":{"line":69,"column":1}}},"s":{"0":0,"1":0,"2":0,"3":0,"4":0,"5":0,"6":0,"7":0,"8":0,"9":0,"10":0,"11":0,"12":0,"13":0,"14":0,"15":0,"16":0,"17":0,"18":0,"19":0,"20":0,"21":0,"22":0,"23":0,"24":0,"25":0,"26":0,"27":0,"28":0,"29":0,"30":0,"31":0,"32":0,"33":0,"34":0,"35":0,"36":0,"37":0,"38":0,"39":0,"40":0,"41":0,"42":0,"43":0,"44":0,"45":0,"46":0,"47":0,"48":0,"49":0,"50":0,"51":0,"52":0,"53":0,"54":0,"55":0,"56":0,"57":0,"58":0,"59":0,"60":0,"61":0,"62":0,"63":0,"64":0,"65":0,"66":0,"67":0,"68":0},"branchMap":{"0":{"type":"branch","line":1,"loc":{"start":{"line":1,"column":0},"end":{"line":69,"column":1}},"locations":[{"start":{"line":1,"column":0},"end":{"line":69,"column":1}}]}},"b":{"0":[0]},"fnMap":{"0":{"name":"(empty-report)","decl":{"start":{"line":1,"column":0},"end":{"line":69,"column":1}},"loc":{"start":{"line":1,"column":0},"end":{"line":69,"column":1}},"line":1}},"f":{"0":0}},"/Users/ranantharaj/projects/nextgen-ui/libs/shared-utils/src/buildFilterQueries/buildFilterQueries.ts":{"path":"/Users/ranantharaj/projects/nextgen-ui/libs/shared-utils/src/buildFilterQueries/buildFilterQueries.ts","all":false,"statementMap":{"0":{"start":{"line":1,"column":0},"end":{"line":1,"column":74}},"1":{"start":{"line":2,"column":0},"end":{"line":2,"column":79}},"2":{"start":{"line":3,"column":0},"end":{"line":3,"column":12}},"3":{"start":{"line":4,"column":0},"end":{"line":4,"column":16}},"4":{"start":{"line":5,"column":0},"end":{"line":5,"column":61}},"5":{"start":{"line":6,"column":0},"end":{"line":6,"column":5}},"6":{"start":{"line":7,"column":0},"end":{"line":7,"column":8}},"7":{"start":{"line":8,"column":0},"end":{"line":8,"column":1}}},"s":{"0":1,"1":1,"2":2,"3":2,"4":2,"5":2,"6":1,"7":1},"branchMap":{"0":{"type":"branch","line":1,"loc":{"start":{"line":1,"column":34},"end":{"line":8,"column":1}},"locations":[{"start":{"line":1,"column":34},"end":{"line":8,"column":1}}]},"1":{"type":"branch","line":2,"loc":{"start":{"line":2,"column":48},"end":{"line":7,"column":5}},"locations":[{"start":{"line":2,"column":48},"end":{"line":7,"column":5}}]}},"b":{"0":[1],"1":[2]},"fnMap":{"0":{"name":"buildFilterQueries","decl":{"start":{"line":1,"column":34},"end":{"line":8,"column":1}},"loc":{"start":{"line":1,"column":34},"end":{"line":8,"column":1}},"line":1}},"f":{"0":1}},"/Users/ranantharaj/projects/nextgen-ui/libs/shared-utils/src/buildPaginationQueryParams/buildPaginationQueryParams.ts":{"path":"/Users/ranantharaj/projects/nextgen-ui/libs/shared-utils/src/buildPaginationQueryParams/buildPaginationQueryParams.ts","all":false,"statementMap":{"0":{"start":{"line":1,"column":0},"end":{"line":1,"column":25}},"1":{"start":{"line":2,"column":0},"end":{"line":2,"column":0}},"2":{"start":{"line":3,"column":0},"end":{"line":3,"column":58}},"3":{"start":{"line":4,"column":0},"end":{"line":4,"column":0}},"4":{"start":{"line":5,"column":0},"end":{"line":5,"column":43}},"5":{"start":{"line":6,"column":0},"end":{"line":6,"column":14}},"6":{"start":{"line":7,"column":0},"end":{"line":7,"column":15}},"7":{"start":{"line":8,"column":0},"end":{"line":8,"column":17}},"8":{"start":{"line":9,"column":0},"end":{"line":9,"column":18}},"9":{"start":{"line":10,"column":0},"end":{"line":10,"column":25}},"10":{"start":{"line":11,"column":0},"end":{"line":11,"column":28}},"11":{"start":{"line":12,"column":0},"end":{"line":12,"column":19}},"12":{"start":{"line":13,"column":0},"end":{"line":13,"column":19}},"13":{"start":{"line":14,"column":0},"end":{"line":14,"column":6}},"14":{"start":{"line":15,"column":0},"end":{"line":15,"column":18}},"15":{"start":{"line":16,"column":0},"end":{"line":16,"column":16}},"16":{"start":{"line":17,"column":0},"end":{"line":17,"column":29}},"17":{"start":{"line":18,"column":0},"end":{"line":18,"column":97}},"18":{"start":{"line":19,"column":0},"end":{"line":19,"column":58}},"19":{"start":{"line":20,"column":0},"end":{"line":20,"column":3}},"20":{"start":{"line":21,"column":0},"end":{"line":21,"column":16}},"21":{"start":{"line":22,"column":0},"end":{"line":22,"column":28}},"22":{"start":{"line":23,"column":0},"end":{"line":23,"column":3}},"23":{"start":{"line":24,"column":0},"end":{"line":24,"column":15}},"24":{"start":{"line":25,"column":0},"end":{"line":25,"column":1}},"25":{"start":{"line":26,"column":0},"end":{"line":26,"column":38}},"26":{"start":{"line":27,"column":0},"end":{"line":27,"column":18}},"27":{"start":{"line":28,"column":0},"end":{"line":28,"column":16}},"28":{"start":{"line":29,"column":0},"end":{"line":29,"column":1}},"29":{"start":{"line":30,"column":0},"end":{"line":30,"column":0}},"30":{"start":{"line":31,"column":0},"end":{"line":31,"column":38}},"31":{"start":{"line":32,"column":0},"end":{"line":32,"column":18}},"32":{"start":{"line":33,"column":0},"end":{"line":33,"column":16}},"33":{"start":{"line":34,"column":0},"end":{"line":34,"column":1}},"34":{"start":{"line":35,"column":0},"end":{"line":35,"column":0}},"35":{"start":{"line":36,"column":0},"end":{"line":36,"column":45}},"36":{"start":{"line":37,"column":0},"end":{"line":37,"column":20}},"37":{"start":{"line":38,"column":0},"end":{"line":38,"column":17}},"38":{"start":{"line":39,"column":0},"end":{"line":39,"column":43}},"39":{"start":{"line":40,"column":0},"end":{"line":40,"column":6}},"40":{"start":{"line":41,"column":0},"end":{"line":41,"column":22}},"41":{"start":{"line":42,"column":0},"end":{"line":42,"column":0}},"42":{"start":{"line":43,"column":0},"end":{"line":43,"column":86}},"43":{"start":{"line":44,"column":0},"end":{"line":44,"column":88}},"44":{"start":{"line":45,"column":0},"end":{"line":45,"column":92}},"45":{"start":{"line":46,"column":0},"end":{"line":46,"column":39}},"46":{"start":{"line":47,"column":0},"end":{"line":47,"column":76}},"47":{"start":{"line":48,"column":0},"end":{"line":48,"column":35}},"48":{"start":{"line":49,"column":0},"end":{"line":49,"column":0}},"49":{"start":{"line":50,"column":0},"end":{"line":50,"column":6}},"50":{"start":{"line":51,"column":0},"end":{"line":51,"column":79}},"51":{"start":{"line":52,"column":0},"end":{"line":52,"column":85}},"52":{"start":{"line":53,"column":0},"end":{"line":53,"column":23}},"53":{"start":{"line":54,"column":0},"end":{"line":54,"column":0}},"54":{"start":{"line":55,"column":0},"end":{"line":55,"column":46}},"55":{"start":{"line":56,"column":0},"end":{"line":56,"column":177}},"56":{"start":{"line":57,"column":0},"end":{"line":57,"column":6}},"57":{"start":{"line":58,"column":0},"end":{"line":58,"column":79}},"58":{"start":{"line":59,"column":0},"end":{"line":59,"column":14}},"59":{"start":{"line":60,"column":0},"end":{"line":60,"column":18}},"60":{"start":{"line":61,"column":0},"end":{"line":61,"column":67}},"61":{"start":{"line":62,"column":0},"end":{"line":62,"column":7}},"62":{"start":{"line":63,"column":0},"end":{"line":63,"column":5}},"63":{"start":{"line":64,"column":0},"end":{"line":64,"column":0}},"64":{"start":{"line":65,"column":0},"end":{"line":65,"column":98}},"65":{"start":{"line":66,"column":0},"end":{"line":66,"column":39}},"66":{"start":{"line":67,"column":0},"end":{"line":67,"column":51}},"67":{"start":{"line":68,"column":0},"end":{"line":68,"column":41}},"68":{"start":{"line":69,"column":0},"end":{"line":69,"column":43}},"69":{"start":{"line":70,"column":0},"end":{"line":70,"column":0}},"70":{"start":{"line":71,"column":0},"end":{"line":71,"column":14}},"71":{"start":{"line":72,"column":0},"end":{"line":72,"column":18}},"72":{"start":{"line":73,"column":0},"end":{"line":73,"column":74}},"73":{"start":{"line":74,"column":0},"end":{"line":74,"column":75}},"74":{"start":{"line":75,"column":0},"end":{"line":75,"column":7}},"75":{"start":{"line":76,"column":0},"end":{"line":76,"column":5}},"76":{"start":{"line":77,"column":0},"end":{"line":77,"column":0}},"77":{"start":{"line":78,"column":0},"end":{"line":78,"column":88}},"78":{"start":{"line":79,"column":0},"end":{"line":79,"column":38}},"79":{"start":{"line":80,"column":0},"end":{"line":80,"column":39}},"80":{"start":{"line":81,"column":0},"end":{"line":81,"column":51}},"81":{"start":{"line":82,"column":0},"end":{"line":82,"column":33}},"82":{"start":{"line":83,"column":0},"end":{"line":83,"column":51}},"83":{"start":{"line":84,"column":0},"end":{"line":84,"column":53}},"84":{"start":{"line":85,"column":0},"end":{"line":85,"column":0}},"85":{"start":{"line":86,"column":0},"end":{"line":86,"column":14}},"86":{"start":{"line":87,"column":0},"end":{"line":87,"column":18}},"87":{"start":{"line":88,"column":0},"end":{"line":88,"column":99}},"88":{"start":{"line":89,"column":0},"end":{"line":89,"column":100}},"89":{"start":{"line":90,"column":0},"end":{"line":90,"column":7}},"90":{"start":{"line":91,"column":0},"end":{"line":91,"column":5}},"91":{"start":{"line":92,"column":0},"end":{"line":92,"column":0}},"92":{"start":{"line":93,"column":0},"end":{"line":93,"column":60}},"93":{"start":{"line":94,"column":0},"end":{"line":94,"column":68}},"94":{"start":{"line":95,"column":0},"end":{"line":95,"column":47}},"95":{"start":{"line":96,"column":0},"end":{"line":96,"column":60}},"96":{"start":{"line":97,"column":0},"end":{"line":97,"column":36}},"97":{"start":{"line":98,"column":0},"end":{"line":98,"column":49}},"98":{"start":{"line":99,"column":0},"end":{"line":99,"column":0}},"99":{"start":{"line":100,"column":0},"end":{"line":100,"column":14}},"100":{"start":{"line":101,"column":0},"end":{"line":101,"column":18}},"101":{"start":{"line":102,"column":0},"end":{"line":102,"column":75}},"102":{"start":{"line":103,"column":0},"end":{"line":103,"column":7}},"103":{"start":{"line":104,"column":0},"end":{"line":104,"column":5}},"104":{"start":{"line":105,"column":0},"end":{"line":105,"column":0}},"105":{"start":{"line":106,"column":0},"end":{"line":106,"column":44}},"106":{"start":{"line":107,"column":0},"end":{"line":107,"column":66}},"107":{"start":{"line":108,"column":0},"end":{"line":108,"column":54}},"108":{"start":{"line":109,"column":0},"end":{"line":109,"column":0}},"109":{"start":{"line":110,"column":0},"end":{"line":110,"column":14}},"110":{"start":{"line":111,"column":0},"end":{"line":111,"column":18}},"111":{"start":{"line":112,"column":0},"end":{"line":112,"column":74}},"112":{"start":{"line":113,"column":0},"end":{"line":113,"column":7}},"113":{"start":{"line":114,"column":0},"end":{"line":114,"column":5}},"114":{"start":{"line":115,"column":0},"end":{"line":115,"column":0}},"115":{"start":{"line":116,"column":0},"end":{"line":116,"column":47}},"116":{"start":{"line":117,"column":0},"end":{"line":117,"column":62}},"117":{"start":{"line":118,"column":0},"end":{"line":118,"column":52}},"118":{"start":{"line":119,"column":0},"end":{"line":119,"column":0}},"119":{"start":{"line":120,"column":0},"end":{"line":120,"column":14}},"120":{"start":{"line":121,"column":0},"end":{"line":121,"column":18}},"121":{"start":{"line":122,"column":0},"end":{"line":122,"column":74}},"122":{"start":{"line":123,"column":0},"end":{"line":123,"column":7}},"123":{"start":{"line":124,"column":0},"end":{"line":124,"column":5}},"124":{"start":{"line":125,"column":0},"end":{"line":125,"column":0}},"125":{"start":{"line":126,"column":0},"end":{"line":126,"column":17}},"126":{"start":{"line":127,"column":0},"end":{"line":127,"column":70}},"127":{"start":{"line":128,"column":0},"end":{"line":128,"column":14}},"128":{"start":{"line":129,"column":0},"end":{"line":129,"column":18}},"129":{"start":{"line":130,"column":0},"end":{"line":130,"column":75}},"130":{"start":{"line":131,"column":0},"end":{"line":131,"column":7}},"131":{"start":{"line":132,"column":0},"end":{"line":132,"column":5}},"132":{"start":{"line":133,"column":0},"end":{"line":133,"column":0}},"133":{"start":{"line":134,"column":0},"end":{"line":134,"column":13}},"134":{"start":{"line":135,"column":0},"end":{"line":135,"column":8}},"135":{"start":{"line":136,"column":0},"end":{"line":136,"column":1}},"136":{"start":{"line":137,"column":0},"end":{"line":137,"column":0}},"137":{"start":{"line":138,"column":0},"end":{"line":138,"column":60}},"138":{"start":{"line":139,"column":0},"end":{"line":139,"column":14}},"139":{"start":{"line":140,"column":0},"end":{"line":140,"column":15}},"140":{"start":{"line":141,"column":0},"end":{"line":141,"column":17}},"141":{"start":{"line":142,"column":0},"end":{"line":142,"column":19}},"142":{"start":{"line":143,"column":0},"end":{"line":143,"column":43}},"143":{"start":{"line":144,"column":0},"end":{"line":144,"column":25}},"144":{"start":{"line":145,"column":0},"end":{"line":145,"column":17}},"145":{"start":{"line":146,"column":0},"end":{"line":146,"column":6}},"146":{"start":{"line":147,"column":0},"end":{"line":147,"column":10}},"147":{"start":{"line":148,"column":0},"end":{"line":148,"column":16}},"148":{"start":{"line":149,"column":0},"end":{"line":149,"column":43}},"149":{"start":{"line":150,"column":0},"end":{"line":150,"column":37}},"150":{"start":{"line":151,"column":0},"end":{"line":151,"column":29}},"151":{"start":{"line":152,"column":0},"end":{"line":152,"column":72}},"152":{"start":{"line":153,"column":0},"end":{"line":153,"column":12}},"153":{"start":{"line":154,"column":0},"end":{"line":154,"column":3}},"154":{"start":{"line":155,"column":0},"end":{"line":155,"column":1}}},"s":{"0":1,"1":1,"2":1,"3":1,"4":1,"5":2,"6":2,"7":2,"8":2,"9":2,"10":2,"11":2,"12":2,"13":2,"14":2,"15":2,"16":2,"17":2,"18":2,"19":2,"20":2,"21":0,"22":0,"23":2,"24":2,"25":1,"26":1,"27":1,"28":1,"29":1,"30":1,"31":1,"32":1,"33":1,"34":1,"35":1,"36":8,"37":8,"38":8,"39":8,"40":8,"41":8,"42":8,"43":8,"44":8,"45":8,"46":8,"47":10,"48":10,"49":10,"50":10,"51":10,"52":10,"53":10,"54":10,"55":10,"56":10,"57":10,"58":1,"59":1,"60":1,"61":1,"62":1,"63":9,"64":9,"65":9,"66":10,"67":1,"68":1,"69":1,"70":1,"71":1,"72":1,"73":1,"74":1,"75":1,"76":8,"77":8,"78":8,"79":8,"80":10,"81":1,"82":1,"83":1,"84":1,"85":1,"86":1,"87":1,"88":1,"89":1,"90":1,"91":7,"92":7,"93":7,"94":7,"95":10,"96":1,"97":1,"98":1,"99":1,"100":1,"101":1,"102":1,"103":1,"104":6,"105":6,"106":10,"107":1,"108":1,"109":1,"110":1,"111":1,"112":1,"113":1,"114":5,"115":5,"116":10,"117":1,"118":1,"119":1,"120":1,"121":1,"122":1,"123":1,"124":4,"125":4,"126":4,"127":4,"128":4,"129":4,"130":4,"131":4,"132":0,"133":0,"134":8,"135":8,"136":1,"137":1,"138":8,"139":8,"140":8,"141":8,"142":8,"143":8,"144":8,"145":8,"146":8,"147":8,"148":8,"149":8,"150":8,"151":8,"152":0,"153":8,"154":8},"branchMap":{"0":{"type":"branch","line":5,"loc":{"start":{"line":5,"column":42},"end":{"line":25,"column":1}},"locations":[{"start":{"line":5,"column":42},"end":{"line":25,"column":1}}]},"1":{"type":"branch","line":18,"loc":{"start":{"line":18,"column":26},"end":{"line":18,"column":55}},"locations":[{"start":{"line":18,"column":26},"end":{"line":18,"column":55}}]},"2":{"type":"branch","line":18,"loc":{"start":{"line":18,"column":90},"end":{"line":18,"column":97}},"locations":[{"start":{"line":18,"column":90},"end":{"line":18,"column":97}}]},"3":{"type":"branch","line":19,"loc":{"start":{"line":19,"column":8},"end":{"line":19,"column":54}},"locations":[{"start":{"line":19,"column":8},"end":{"line":19,"column":54}}]},"4":{"type":"branch","line":19,"loc":{"start":{"line":19,"column":44},"end":{"line":19,"column":58}},"locations":[{"start":{"line":19,"column":44},"end":{"line":19,"column":58}}]},"5":{"type":"branch","line":21,"loc":{"start":{"line":21,"column":15},"end":{"line":23,"column":3}},"locations":[{"start":{"line":21,"column":15},"end":{"line":23,"column":3}}]},"6":{"type":"branch","line":36,"loc":{"start":{"line":36,"column":44},"end":{"line":136,"column":1}},"locations":[{"start":{"line":36,"column":44},"end":{"line":136,"column":1}}]},"7":{"type":"branch","line":47,"loc":{"start":{"line":47,"column":48},"end":{"line":135,"column":5}},"locations":[{"start":{"line":47,"column":48},"end":{"line":135,"column":5}}]},"8":{"type":"branch","line":58,"loc":{"start":{"line":58,"column":37},"end":{"line":58,"column":74}},"locations":[{"start":{"line":58,"column":37},"end":{"line":58,"column":74}}]},"9":{"type":"branch","line":58,"loc":{"start":{"line":58,"column":78},"end":{"line":63,"column":5}},"locations":[{"start":{"line":58,"column":78},"end":{"line":63,"column":5}}]},"10":{"type":"branch","line":63,"loc":{"start":{"line":63,"column":4},"end":{"line":67,"column":50}},"locations":[{"start":{"line":63,"column":4},"end":{"line":67,"column":50}}]},"11":{"type":"branch","line":67,"loc":{"start":{"line":67,"column":50},"end":{"line":76,"column":5}},"locations":[{"start":{"line":67,"column":50},"end":{"line":76,"column":5}}]},"12":{"type":"branch","line":76,"loc":{"start":{"line":76,"column":4},"end":{"line":81,"column":50}},"locations":[{"start":{"line":76,"column":4},"end":{"line":81,"column":50}}]},"13":{"type":"branch","line":81,"loc":{"start":{"line":81,"column":50},"end":{"line":91,"column":5}},"locations":[{"start":{"line":81,"column":50},"end":{"line":91,"column":5}}]},"14":{"type":"branch","line":91,"loc":{"start":{"line":91,"column":4},"end":{"line":96,"column":59}},"locations":[{"start":{"line":91,"column":4},"end":{"line":96,"column":59}}]},"15":{"type":"branch","line":96,"loc":{"start":{"line":96,"column":59},"end":{"line":104,"column":5}},"locations":[{"start":{"line":96,"column":59},"end":{"line":104,"column":5}}]},"16":{"type":"branch","line":104,"loc":{"start":{"line":104,"column":4},"end":{"line":107,"column":41}},"locations":[{"start":{"line":104,"column":4},"end":{"line":107,"column":41}}]},"17":{"type":"branch","line":107,"loc":{"start":{"line":107,"column":26},"end":{"line":107,"column":65}},"locations":[{"start":{"line":107,"column":26},"end":{"line":107,"column":65}}]},"18":{"type":"branch","line":107,"loc":{"start":{"line":107,"column":41},"end":{"line":107,"column":54}},"locations":[{"start":{"line":107,"column":41},"end":{"line":107,"column":54}}]},"19":{"type":"branch","line":107,"loc":{"start":{"line":107,"column":65},"end":{"line":114,"column":5}},"locations":[{"start":{"line":107,"column":65},"end":{"line":114,"column":5}}]},"20":{"type":"branch","line":108,"loc":{"start":{"line":108,"column":31},"end":{"line":108,"column":44}},"locations":[{"start":{"line":108,"column":31},"end":{"line":108,"column":44}}]},"21":{"type":"branch","line":114,"loc":{"start":{"line":114,"column":4},"end":{"line":117,"column":39}},"locations":[{"start":{"line":114,"column":4},"end":{"line":117,"column":39}}]},"22":{"type":"branch","line":117,"loc":{"start":{"line":117,"column":26},"end":{"line":117,"column":61}},"locations":[{"start":{"line":117,"column":26},"end":{"line":117,"column":61}}]},"23":{"type":"branch","line":117,"loc":{"start":{"line":117,"column":39},"end":{"line":117,"column":52}},"locations":[{"start":{"line":117,"column":39},"end":{"line":117,"column":52}}]},"24":{"type":"branch","line":117,"loc":{"start":{"line":117,"column":61},"end":{"line":124,"column":5}},"locations":[{"start":{"line":117,"column":61},"end":{"line":124,"column":5}}]},"25":{"type":"branch","line":118,"loc":{"start":{"line":118,"column":31},"end":{"line":118,"column":44}},"locations":[{"start":{"line":118,"column":31},"end":{"line":118,"column":44}}]},"26":{"type":"branch","line":124,"loc":{"start":{"line":124,"column":4},"end":{"line":132,"column":5}},"locations":[{"start":{"line":124,"column":4},"end":{"line":132,"column":5}}]},"27":{"type":"branch","line":132,"loc":{"start":{"line":132,"column":4},"end":{"line":135,"column":5}},"locations":[{"start":{"line":132,"column":4},"end":{"line":135,"column":5}}]},"28":{"type":"branch","line":138,"loc":{"start":{"line":138,"column":59},"end":{"line":155,"column":1}},"locations":[{"start":{"line":138,"column":59},"end":{"line":155,"column":1}}]},"29":{"type":"branch","line":144,"loc":{"start":{"line":144,"column":2},"end":{"line":144,"column":25}},"locations":[{"start":{"line":144,"column":2},"end":{"line":144,"column":25}}]},"30":{"type":"branch","line":145,"loc":{"start":{"line":145,"column":2},"end":{"line":145,"column":17}},"locations":[{"start":{"line":145,"column":2},"end":{"line":145,"column":17}}]},"31":{"type":"branch","line":151,"loc":{"start":{"line":151,"column":8},"end":{"line":151,"column":29}},"locations":[{"start":{"line":151,"column":8},"end":{"line":151,"column":29}}]},"32":{"type":"branch","line":152,"loc":{"start":{"line":152,"column":60},"end":{"line":153,"column":12}},"locations":[{"start":{"line":152,"column":60},"end":{"line":153,"column":12}}]}},"b":{"0":[2],"1":[0],"2":[0],"3":[1],"4":[1],"5":[0],"6":[8],"7":[10],"8":[9],"9":[1],"10":[9],"11":[1],"12":[8],"13":[1],"14":[7],"15":[1],"16":[6],"17":[1],"18":[0],"19":[1],"20":[0],"21":[5],"22":[1],"23":[0],"24":[1],"25":[0],"26":[4],"27":[0],"28":[8],"29":[0],"30":[0],"31":[0],"32":[0]},"fnMap":{"0":{"name":"buildPaginationQueryParams","decl":{"start":{"line":5,"column":42},"end":{"line":25,"column":1}},"loc":{"start":{"line":5,"column":42},"end":{"line":25,"column":1}},"line":5},"1":{"name":"buildFilterQueriesForLicenseService","decl":{"start":{"line":36,"column":44},"end":{"line":136,"column":1}},"loc":{"start":{"line":36,"column":44},"end":{"line":136,"column":1}},"line":36},"2":{"name":"buildPaginationQueryParamsForLicenseService","decl":{"start":{"line":138,"column":59},"end":{"line":155,"column":1}},"loc":{"start":{"line":138,"column":59},"end":{"line":155,"column":1}},"line":138}},"f":{"0":2,"1":8,"2":8}},"/Users/ranantharaj/projects/nextgen-ui/libs/shared-utils/src/capitalizeString/capitalizeString.ts":{"path":"/Users/ranantharaj/projects/nextgen-ui/libs/shared-utils/src/capitalizeString/capitalizeString.ts","all":false,"statementMap":{"0":{"start":{"line":1,"column":0},"end":{"line":1,"column":50}},"1":{"start":{"line":2,"column":0},"end":{"line":2,"column":65}},"2":{"start":{"line":3,"column":0},"end":{"line":3,"column":1}}},"s":{"0":1,"1":4,"2":4},"branchMap":{"0":{"type":"branch","line":1,"loc":{"start":{"line":1,"column":32},"end":{"line":3,"column":1}},"locations":[{"start":{"line":1,"column":32},"end":{"line":3,"column":1}}]}},"b":{"0":[4]},"fnMap":{"0":{"name":"capitalizeString","decl":{"start":{"line":1,"column":32},"end":{"line":3,"column":1}},"loc":{"start":{"line":1,"column":32},"end":{"line":3,"column":1}},"line":1}},"f":{"0":4}},"/Users/ranantharaj/projects/nextgen-ui/libs/shared-utils/src/checkStatus/checkStatus.tsx":{"path":"/Users/ranantharaj/projects/nextgen-ui/libs/shared-utils/src/checkStatus/checkStatus.tsx","all":false,"statementMap":{"0":{"start":{"line":1,"column":0},"end":{"line":1,"column":61}},"1":{"start":{"line":2,"column":0},"end":{"line":2,"column":49}},"2":{"start":{"line":3,"column":0},"end":{"line":3,"column":71}},"3":{"start":{"line":4,"column":0},"end":{"line":4,"column":53}},"4":{"start":{"line":5,"column":0},"end":{"line":5,"column":55}},"5":{"start":{"line":6,"column":0},"end":{"line":6,"column":57}},"6":{"start":{"line":7,"column":0},"end":{"line":7,"column":61}},"7":{"start":{"line":8,"column":0},"end":{"line":8,"column":42}},"8":{"start":{"line":9,"column":0},"end":{"line":9,"column":0}},"9":{"start":{"line":10,"column":0},"end":{"line":10,"column":54}},"10":{"start":{"line":11,"column":0},"end":{"line":11,"column":0}},"11":{"start":{"line":12,"column":0},"end":{"line":12,"column":63}},"12":{"start":{"line":13,"column":0},"end":{"line":13,"column":19}},"13":{"start":{"line":14,"column":0},"end":{"line":14,"column":21}},"14":{"start":{"line":15,"column":0},"end":{"line":15,"column":14}},"15":{"start":{"line":16,"column":0},"end":{"line":16,"column":58}},"16":{"start":{"line":17,"column":0},"end":{"line":17,"column":25}},"17":{"start":{"line":18,"column":0},"end":{"line":18,"column":25}},"18":{"start":{"line":19,"column":0},"end":{"line":19,"column":7}},"19":{"start":{"line":20,"column":0},"end":{"line":20,"column":18}},"20":{"start":{"line":21,"column":0},"end":{"line":21,"column":14}},"21":{"start":{"line":22,"column":0},"end":{"line":22,"column":50}},"22":{"start":{"line":23,"column":0},"end":{"line":23,"column":23}},"23":{"start":{"line":24,"column":0},"end":{"line":24,"column":24}},"24":{"start":{"line":25,"column":0},"end":{"line":25,"column":7}},"25":{"start":{"line":26,"column":0},"end":{"line":26,"column":19}},"26":{"start":{"line":27,"column":0},"end":{"line":27,"column":14}},"27":{"start":{"line":28,"column":0},"end":{"line":28,"column":50}},"28":{"start":{"line":29,"column":0},"end":{"line":29,"column":23}},"29":{"start":{"line":30,"column":0},"end":{"line":30,"column":25}},"30":{"start":{"line":31,"column":0},"end":{"line":31,"column":7}},"31":{"start":{"line":32,"column":0},"end":{"line":32,"column":19}},"32":{"start":{"line":33,"column":0},"end":{"line":33,"column":14}},"33":{"start":{"line":34,"column":0},"end":{"line":34,"column":38}},"34":{"start":{"line":35,"column":0},"end":{"line":35,"column":25}},"35":{"start":{"line":36,"column":0},"end":{"line":36,"column":25}},"36":{"start":{"line":37,"column":0},"end":{"line":37,"column":7}},"37":{"start":{"line":38,"column":0},"end":{"line":38,"column":28}},"38":{"start":{"line":39,"column":0},"end":{"line":39,"column":14}},"39":{"start":{"line":40,"column":0},"end":{"line":40,"column":38}},"40":{"start":{"line":41,"column":0},"end":{"line":41,"column":25}},"41":{"start":{"line":42,"column":0},"end":{"line":42,"column":34}},"42":{"start":{"line":43,"column":0},"end":{"line":43,"column":7}},"43":{"start":{"line":44,"column":0},"end":{"line":44,"column":19}},"44":{"start":{"line":45,"column":0},"end":{"line":45,"column":14}},"45":{"start":{"line":46,"column":0},"end":{"line":46,"column":15}},"46":{"start":{"line":47,"column":0},"end":{"line":47,"column":27}},"47":{"start":{"line":48,"column":0},"end":{"line":48,"column":48}},"48":{"start":{"line":49,"column":0},"end":{"line":49,"column":21}},"49":{"start":{"line":50,"column":0},"end":{"line":50,"column":27}},"50":{"start":{"line":51,"column":0},"end":{"line":51,"column":34}},"51":{"start":{"line":52,"column":0},"end":{"line":52,"column":12}},"52":{"start":{"line":53,"column":0},"end":{"line":53,"column":10}},"53":{"start":{"line":54,"column":0},"end":{"line":54,"column":25}},"54":{"start":{"line":55,"column":0},"end":{"line":55,"column":29}},"55":{"start":{"line":56,"column":0},"end":{"line":56,"column":7}},"56":{"start":{"line":57,"column":0},"end":{"line":57,"column":19}},"57":{"start":{"line":58,"column":0},"end":{"line":58,"column":14}},"58":{"start":{"line":59,"column":0},"end":{"line":59,"column":54}},"59":{"start":{"line":60,"column":0},"end":{"line":60,"column":25}},"60":{"start":{"line":61,"column":0},"end":{"line":61,"column":25}},"61":{"start":{"line":62,"column":0},"end":{"line":62,"column":7}},"62":{"start":{"line":63,"column":0},"end":{"line":63,"column":21}},"63":{"start":{"line":64,"column":0},"end":{"line":64,"column":14}},"64":{"start":{"line":65,"column":0},"end":{"line":65,"column":61}},"65":{"start":{"line":66,"column":0},"end":{"line":66,"column":23}},"66":{"start":{"line":67,"column":0},"end":{"line":67,"column":27}},"67":{"start":{"line":68,"column":0},"end":{"line":68,"column":7}},"68":{"start":{"line":69,"column":0},"end":{"line":69,"column":20}},"69":{"start":{"line":70,"column":0},"end":{"line":70,"column":14}},"70":{"start":{"line":71,"column":0},"end":{"line":71,"column":54}},"71":{"start":{"line":72,"column":0},"end":{"line":72,"column":23}},"72":{"start":{"line":73,"column":0},"end":{"line":73,"column":26}},"73":{"start":{"line":74,"column":0},"end":{"line":74,"column":7}},"74":{"start":{"line":75,"column":0},"end":{"line":75,"column":12}},"75":{"start":{"line":76,"column":0},"end":{"line":76,"column":14}},"76":{"start":{"line":77,"column":0},"end":{"line":77,"column":36}},"77":{"start":{"line":78,"column":0},"end":{"line":78,"column":22}},"78":{"start":{"line":79,"column":0},"end":{"line":79,"column":25}},"79":{"start":{"line":80,"column":0},"end":{"line":80,"column":7}},"80":{"start":{"line":81,"column":0},"end":{"line":81,"column":3}},"81":{"start":{"line":82,"column":0},"end":{"line":82,"column":1}}},"s":{"0":1,"1":1,"2":1,"3":1,"4":1,"5":1,"6":1,"7":1,"8":1,"9":1,"10":1,"11":1,"12":10,"13":10,"14":1,"15":1,"16":1,"17":1,"18":1,"19":10,"20":1,"21":1,"22":1,"23":1,"24":1,"25":10,"26":1,"27":1,"28":1,"29":1,"30":1,"31":10,"32":1,"33":1,"34":1,"35":1,"36":1,"37":10,"38":1,"39":1,"40":1,"41":1,"42":1,"43":10,"44":1,"45":1,"46":1,"47":1,"48":1,"49":1,"50":1,"51":1,"52":1,"53":1,"54":1,"55":1,"56":10,"57":1,"58":1,"59":1,"60":1,"61":1,"62":10,"63":1,"64":1,"65":1,"66":1,"67":1,"68":10,"69":1,"70":1,"71":1,"72":1,"73":1,"74":10,"75":1,"76":1,"77":1,"78":1,"79":1,"80":10,"81":10},"branchMap":{"0":{"type":"branch","line":12,"loc":{"start":{"line":12,"column":27},"end":{"line":82,"column":1}},"locations":[{"start":{"line":12,"column":27},"end":{"line":82,"column":1}}]},"1":{"type":"branch","line":14,"loc":{"start":{"line":14,"column":4},"end":{"line":19,"column":7}},"locations":[{"start":{"line":14,"column":4},"end":{"line":19,"column":7}}]},"2":{"type":"branch","line":20,"loc":{"start":{"line":20,"column":4},"end":{"line":25,"column":7}},"locations":[{"start":{"line":20,"column":4},"end":{"line":25,"column":7}}]},"3":{"type":"branch","line":26,"loc":{"start":{"line":26,"column":4},"end":{"line":31,"column":7}},"locations":[{"start":{"line":26,"column":4},"end":{"line":31,"column":7}}]},"4":{"type":"branch","line":32,"loc":{"start":{"line":32,"column":4},"end":{"line":37,"column":7}},"locations":[{"start":{"line":32,"column":4},"end":{"line":37,"column":7}}]},"5":{"type":"branch","line":38,"loc":{"start":{"line":38,"column":4},"end":{"line":43,"column":7}},"locations":[{"start":{"line":38,"column":4},"end":{"line":43,"column":7}}]},"6":{"type":"branch","line":44,"loc":{"start":{"line":44,"column":4},"end":{"line":56,"column":7}},"locations":[{"start":{"line":44,"column":4},"end":{"line":56,"column":7}}]},"7":{"type":"branch","line":57,"loc":{"start":{"line":57,"column":4},"end":{"line":62,"column":7}},"locations":[{"start":{"line":57,"column":4},"end":{"line":62,"column":7}}]},"8":{"type":"branch","line":63,"loc":{"start":{"line":63,"column":4},"end":{"line":68,"column":7}},"locations":[{"start":{"line":63,"column":4},"end":{"line":68,"column":7}}]},"9":{"type":"branch","line":69,"loc":{"start":{"line":69,"column":4},"end":{"line":74,"column":7}},"locations":[{"start":{"line":69,"column":4},"end":{"line":74,"column":7}}]},"10":{"type":"branch","line":75,"loc":{"start":{"line":75,"column":4},"end":{"line":80,"column":7}},"locations":[{"start":{"line":75,"column":4},"end":{"line":80,"column":7}}]}},"b":{"0":[10],"1":[1],"2":[1],"3":[1],"4":[1],"5":[1],"6":[1],"7":[1],"8":[1],"9":[1],"10":[1]},"fnMap":{"0":{"name":"checkStatus","decl":{"start":{"line":12,"column":27},"end":{"line":82,"column":1}},"loc":{"start":{"line":12,"column":27},"end":{"line":82,"column":1}},"line":12}},"f":{"0":10}},"/Users/ranantharaj/projects/nextgen-ui/libs/shared-utils/src/checkSubOrgVersion/checkSubOrgVersion.ts":{"path":"/Users/ranantharaj/projects/nextgen-ui/libs/shared-utils/src/checkSubOrgVersion/checkSubOrgVersion.ts","all":false,"statementMap":{"0":{"start":{"line":1,"column":0},"end":{"line":1,"column":73}},"1":{"start":{"line":2,"column":0},"end":{"line":2,"column":0}},"2":{"start":{"line":3,"column":0},"end":{"line":3,"column":85}},"3":{"start":{"line":4,"column":0},"end":{"line":4,"column":44}},"4":{"start":{"line":5,"column":0},"end":{"line":5,"column":36}},"5":{"start":{"line":6,"column":0},"end":{"line":6,"column":88}},"6":{"start":{"line":7,"column":0},"end":{"line":7,"column":26}},"7":{"start":{"line":8,"column":0},"end":{"line":8,"column":33}},"8":{"start":{"line":9,"column":0},"end":{"line":9,"column":24}},"9":{"start":{"line":10,"column":0},"end":{"line":10,"column":5}},"10":{"start":{"line":11,"column":0},"end":{"line":11,"column":3}},"11":{"start":{"line":12,"column":0},"end":{"line":12,"column":11}},"12":{"start":{"line":13,"column":0},"end":{"line":13,"column":1}},"13":{"start":{"line":14,"column":0},"end":{"line":14,"column":0}},"14":{"start":{"line":15,"column":0},"end":{"line":15,"column":34}},"15":{"start":{"line":16,"column":0},"end":{"line":16,"column":31}},"16":{"start":{"line":17,"column":0},"end":{"line":17,"column":41}},"17":{"start":{"line":18,"column":0},"end":{"line":18,"column":6}},"18":{"start":{"line":19,"column":0},"end":{"line":19,"column":91}},"19":{"start":{"line":20,"column":0},"end":{"line":20,"column":91}},"20":{"start":{"line":21,"column":0},"end":{"line":21,"column":89}},"21":{"start":{"line":22,"column":0},"end":{"line":22,"column":89}},"22":{"start":{"line":23,"column":0},"end":{"line":23,"column":72}},"23":{"start":{"line":24,"column":0},"end":{"line":24,"column":15}},"24":{"start":{"line":25,"column":0},"end":{"line":25,"column":3}},"25":{"start":{"line":26,"column":0},"end":{"line":26,"column":14}},"26":{"start":{"line":27,"column":0},"end":{"line":27,"column":1}}},"s":{"0":1,"1":1,"2":1,"3":2,"4":2,"5":2,"6":2,"7":2,"8":1,"9":1,"10":2,"11":2,"12":2,"13":1,"14":1,"15":2,"16":2,"17":2,"18":2,"19":2,"20":2,"21":2,"22":2,"23":1,"24":1,"25":1,"26":1},"branchMap":{"0":{"type":"branch","line":3,"loc":{"start":{"line":3,"column":37},"end":{"line":13,"column":1}},"locations":[{"start":{"line":3,"column":37},"end":{"line":13,"column":1}}]},"1":{"type":"branch","line":6,"loc":{"start":{"line":6,"column":6},"end":{"line":6,"column":15}},"locations":[{"start":{"line":6,"column":6},"end":{"line":6,"column":15}}]},"2":{"type":"branch","line":6,"loc":{"start":{"line":6,"column":6},"end":{"line":7,"column":20}},"locations":[{"start":{"line":6,"column":6},"end":{"line":7,"column":20}}]},"3":{"type":"branch","line":7,"loc":{"start":{"line":7,"column":20},"end":{"line":7,"column":26}},"locations":[{"start":{"line":7,"column":20},"end":{"line":7,"column":26}}]},"4":{"type":"branch","line":8,"loc":{"start":{"line":8,"column":32},"end":{"line":10,"column":5}},"locations":[{"start":{"line":8,"column":32},"end":{"line":10,"column":5}}]},"5":{"type":"branch","line":6,"loc":{"start":{"line":6,"column":20},"end":{"line":6,"column":15}},"locations":[{"start":{"line":6,"column":20},"end":{"line":6,"column":15}}]},"6":{"type":"branch","line":6,"loc":{"start":{"line":6,"column":31},"end":{"line":6,"column":39}},"locations":[{"start":{"line":6,"column":31},"end":{"line":6,"column":39}}]},"7":{"type":"branch","line":15,"loc":{"start":{"line":15,"column":33},"end":{"line":27,"column":1}},"locations":[{"start":{"line":15,"column":33},"end":{"line":27,"column":1}}]},"8":{"type":"branch","line":19,"loc":{"start":{"line":19,"column":24},"end":{"line":19,"column":41}},"locations":[{"start":{"line":19,"column":24},"end":{"line":19,"column":41}}]},"9":{"type":"branch","line":19,"loc":{"start":{"line":19,"column":24},"end":{"line":19,"column":41}},"locations":[{"start":{"line":19,"column":24},"end":{"line":19,"column":41}}]},"10":{"type":"branch","line":20,"loc":{"start":{"line":20,"column":24},"end":{"line":20,"column":41}},"locations":[{"start":{"line":20,"column":24},"end":{"line":20,"column":41}}]},"11":{"type":"branch","line":20,"loc":{"start":{"line":20,"column":24},"end":{"line":20,"column":41}},"locations":[{"start":{"line":20,"column":24},"end":{"line":20,"column":41}}]},"12":{"type":"branch","line":21,"loc":{"start":{"line":21,"column":22},"end":{"line":21,"column":39}},"locations":[{"start":{"line":21,"column":22},"end":{"line":21,"column":39}}]},"13":{"type":"branch","line":22,"loc":{"start":{"line":22,"column":22},"end":{"line":22,"column":39}},"locations":[{"start":{"line":22,"column":22},"end":{"line":22,"column":39}}]},"14":{"type":"branch","line":23,"loc":{"start":{"line":23,"column":71},"end":{"line":27,"column":1}},"locations":[{"start":{"line":23,"column":71},"end":{"line":27,"column":1}}]},"15":{"type":"branch","line":19,"loc":{"start":{"line":19,"column":46},"end":{"line":19,"column":41}},"locations":[{"start":{"line":19,"column":46},"end":{"line":19,"column":41}}]},"16":{"type":"branch","line":20,"loc":{"start":{"line":20,"column":46},"end":{"line":20,"column":41}},"locations":[{"start":{"line":20,"column":46},"end":{"line":20,"column":41}}]},"17":{"type":"branch","line":21,"loc":{"start":{"line":21,"column":44},"end":{"line":21,"column":39}},"locations":[{"start":{"line":21,"column":44},"end":{"line":21,"column":39}}]},"18":{"type":"branch","line":22,"loc":{"start":{"line":22,"column":44},"end":{"line":22,"column":39}},"locations":[{"start":{"line":22,"column":44},"end":{"line":22,"column":39}}]}},"b":{"0":[2],"1":[1],"2":[1],"3":[1],"4":[1],"5":[2],"6":[0],"7":[2],"8":[0],"9":[0],"10":[0],"11":[0],"12":[0],"13":[0],"14":[1],"15":[2],"16":[4],"17":[2],"18":[4]},"fnMap":{"0":{"name":"getVersionFromDomains","decl":{"start":{"line":3,"column":37},"end":{"line":13,"column":1}},"loc":{"start":{"line":3,"column":37},"end":{"line":13,"column":1}},"line":3},"1":{"name":"checkIfNewVersion","decl":{"start":{"line":15,"column":33},"end":{"line":27,"column":1}},"loc":{"start":{"line":15,"column":33},"end":{"line":27,"column":1}},"line":15}},"f":{"0":2,"1":2}},"/Users/ranantharaj/projects/nextgen-ui/libs/shared-utils/src/componentNameUtils/pickByName/pickByName.ts":{"path":"/Users/ranantharaj/projects/nextgen-ui/libs/shared-utils/src/componentNameUtils/pickB
[...]
umn":0},"end":{"line":6,"column":18}},"6":{"start":{"line":7,"column":0},"end":{"line":7,"column":38}},"7":{"start":{"line":8,"column":0},"end":{"line":8,"column":3}},"8":{"start":{"line":9,"column":0},"end":{"line":9,"column":0}},"9":{"start":{"line":10,"column":0},"end":{"line":10,"column":21}},"10":{"start":{"line":11,"column":0},"end":{"line":11,"column":1}}},"s":{"0":1,"1":3,"2":3,"3":3,"4":3,"5":3,"6":2,"7":2,"8":1,"9":1,"10":1},"branchMap":{"0":{"type":"branch","line":1,"loc":{"start":{"line":1,"column":24},"end":{"line":11,"column":1}},"locations":[{"start":{"line":1,"column":24},"end":{"line":11,"column":1}}]},"1":{"type":"branch","line":6,"loc":{"start":{"line":6,"column":17},"end":{"line":8,"column":3}},"locations":[{"start":{"line":6,"column":17},"end":{"line":8,"column":3}}]},"2":{"type":"branch","line":8,"loc":{"start":{"line":8,"column":2},"end":{"line":11,"column":1}},"locations":[{"start":{"line":8,"column":2},"end":{"line":11,"column":1}}]}},"b":{"0":[3],"1":[2],"2":[1]},"fnMap":{"0":{"name":"parseXML","decl":{"start":{"line":1,"column":24},"end":{"line":11,"column":1}},"loc":{"start":{"line":1,"column":24},"end":{"line":11,"column":1}},"line":1}},"f":{"0":3}},"/Users/ranantharaj/projects/nextgen-ui/libs/shared-utils/src/preventSymbolsFromInputNumber/preventSymbolsFromInputNumber.ts":{"path":"/Users/ranantharaj/projects/nextgen-ui/libs/shared-utils/src/preventSymbolsFromInputNumber/preventSymbolsFromInputNumber.ts","all":false,"statementMap":{"0":{"start":{"line":1,"column":0},"end":{"line":1,"column":90}},"1":{"start":{"line":2,"column":0},"end":{"line":2,"column":72}},"2":{"start":{"line":3,"column":0},"end":{"line":3,"column":1}}},"s":{"0":1,"1":11,"2":11},"branchMap":{"0":{"type":"branch","line":1,"loc":{"start":{"line":1,"column":45},"end":{"line":3,"column":1}},"locations":[{"start":{"line":1,"column":45},"end":{"line":3,"column":1}}]},"1":{"type":"branch","line":2,"loc":{"start":{"line":2,"column":49},"end":{"line":2,"column":72}},"locations":[{"start":{"line":2,"column":49},"end":{"line":2,"column":72}}]}},"b":{"0":[11],"1":[5]},"fnMap":{"0":{"name":"preventSymbolsFromInputNumber","decl":{"start":{"line":1,"column":45},"end":{"line":3,"column":1}},"loc":{"start":{"line":1,"column":45},"end":{"line":3,"column":1}},"line":1}},"f":{"0":11}},"/Users/ranantharaj/projects/nextgen-ui/libs/shared-utils/src/readFile/readFile.tsx":{"path":"/Users/ranantharaj/projects/nextgen-ui/libs/shared-utils/src/readFile/readFile.tsx","all":false,"statementMap":{"0":{"start":{"line":1,"column":0},"end":{"line":1,"column":58}},"1":{"start":{"line":2,"column":0},"end":{"line":2,"column":43}},"2":{"start":{"line":3,"column":0},"end":{"line":3,"column":35}},"3":{"start":{"line":4,"column":0},"end":{"line":4,"column":26}},"4":{"start":{"line":5,"column":0},"end":{"line":5,"column":21}},"5":{"start":{"line":6,"column":0},"end":{"line":6,"column":38}},"6":{"start":{"line":7,"column":0},"end":{"line":7,"column":0}},"7":{"start":{"line":8,"column":0},"end":{"line":8,"column":21}},"8":{"start":{"line":9,"column":0},"end":{"line":9,"column":35}},"9":{"start":{"line":10,"column":0},"end":{"line":10,"column":9}},"10":{"start":{"line":11,"column":0},"end":{"line":11,"column":7}},"11":{"start":{"line":12,"column":0},"end":{"line":12,"column":5}},"12":{"start":{"line":13,"column":0},"end":{"line":13,"column":27}},"13":{"start":{"line":14,"column":0},"end":{"line":14,"column":27}},"14":{"start":{"line":15,"column":0},"end":{"line":15,"column":4}},"15":{"start":{"line":16,"column":0},"end":{"line":16,"column":1}}},"s":{"0":1,"1":1,"2":1,"3":1,"4":1,"5":1,"6":1,"7":1,"8":1,"9":1,"10":1,"11":1,"12":1,"13":1,"14":1,"15":1},"branchMap":{"0":{"type":"branch","line":1,"loc":{"start":{"line":1,"column":24},"end":{"line":16,"column":1}},"locations":[{"start":{"line":1,"column":24},"end":{"line":16,"column":1}}]},"1":{"type":"branch","line":2,"loc":{"start":{"line":2,"column":21},"end":{"line":15,"column":4}},"locations":[{"start":{"line":2,"column":21},"end":{"line":15,"column":4}}]},"2":{"type":"branch","line":4,"loc":{"start":{"line":4,"column":20},"end":{"line":12,"column":5}},"locations":[{"start":{"line":4,"column":20},"end":{"line":12,"column":5}}]}},"b":{"0":[1],"1":[1],"2":[1]},"fnMap":{"0":{"name":"readFile","decl":{"start":{"line":1,"column":24},"end":{"line":16,"column":1}},"loc":{"start":{"line":1,"column":24},"end":{"line":16,"column":1}},"line":1},"1":{"name":"reader.onload","decl":{"start":{"line":4,"column":20},"end":{"line":12,"column":5}},"loc":{"start":{"line":4,"column":20},"end":{"line":12,"column":5}},"line":4}},"f":{"0":1,"1":1}},"/Users/ranantharaj/projects/nextgen-ui/libs/shared-utils/src/routeProviderUtils/injectRoutesIntoChildren.ts":{"path":"/Users/ranantharaj/projects/nextgen-ui/libs/shared-utils/src/routeProviderUtils/injectRoutesIntoChildren.ts","all":false,"statementMap":{"0":{"start":{"line":1,"column":0},"end":{"line":1,"column":67}},"1":{"start":{"line":2,"column":0},"end":{"line":2,"column":0}},"2":{"start":{"line":3,"column":0},"end":{"line":3,"column":41}},"3":{"start":{"line":4,"column":0},"end":{"line":4,"column":30}},"4":{"start":{"line":5,"column":0},"end":{"line":5,"column":41}},"5":{"start":{"line":6,"column":0},"end":{"line":6,"column":28}},"6":{"start":{"line":7,"column":0},"end":{"line":7,"column":27}},"7":{"start":{"line":8,"column":0},"end":{"line":8,"column":68}},"8":{"start":{"line":9,"column":0},"end":{"line":9,"column":10}},"9":{"start":{"line":10,"column":0},"end":{"line":10,"column":19}},"10":{"start":{"line":11,"column":0},"end":{"line":11,"column":50}},"11":{"start":{"line":12,"column":0},"end":{"line":12,"column":27}},"12":{"start":{"line":13,"column":0},"end":{"line":13,"column":1}}},"s":{"0":1,"1":1,"2":1,"3":1,"4":1,"5":1,"6":1,"7":1,"8":1,"9":1,"10":1,"11":1,"12":1},"branchMap":{"0":{"type":"branch","line":3,"loc":{"start":{"line":3,"column":40},"end":{"line":13,"column":1}},"locations":[{"start":{"line":3,"column":40},"end":{"line":13,"column":1}}]}},"b":{"0":[1]},"fnMap":{"0":{"name":"injectRoutesIntoChildren","decl":{"start":{"line":3,"column":40},"end":{"line":13,"column":1}},"loc":{"start":{"line":3,"column":40},"end":{"line":13,"column":1}},"line":3}},"f":{"0":1}},"/Users/ranantharaj/projects/nextgen-ui/libs/shared-utils/src/routeProviderUtils/injectSidebarItemsIntoHandle.ts":{"path":"/Users/ranantharaj/projects/nextgen-ui/libs/shared-utils/src/routeProviderUtils/injectSidebarItemsIntoHandle.ts","all":false,"statementMap":{"0":{"start":{"line":1,"column":0},"end":{"line":1,"column":67}},"1":{"start":{"line":2,"column":0},"end":{"line":2,"column":0}},"2":{"start":{"line":3,"column":0},"end":{"line":3,"column":44}},"3":{"start":{"line":4,"column":0},"end":{"line":4,"column":0}},"4":{"start":{"line":5,"column":0},"end":{"line":5,"column":45}},"5":{"start":{"line":6,"column":0},"end":{"line":6,"column":30}},"6":{"start":{"line":7,"column":0},"end":{"line":7,"column":34}},"7":{"start":{"line":8,"column":0},"end":{"line":8,"column":36}},"8":{"start":{"line":9,"column":0},"end":{"line":9,"column":28}},"9":{"start":{"line":10,"column":0},"end":{"line":10,"column":60}},"10":{"start":{"line":11,"column":0},"end":{"line":11,"column":94}},"11":{"start":{"line":12,"column":0},"end":{"line":12,"column":100}},"12":{"start":{"line":13,"column":0},"end":{"line":13,"column":10}},"13":{"start":{"line":14,"column":0},"end":{"line":14,"column":13}},"14":{"start":{"line":15,"column":0},"end":{"line":15,"column":11}},"15":{"start":{"line":16,"column":0},"end":{"line":16,"column":27}},"16":{"start":{"line":17,"column":0},"end":{"line":17,"column":1}}},"s":{"0":1,"1":1,"2":1,"3":1,"4":1,"5":1,"6":1,"7":1,"8":1,"9":1,"10":1,"11":1,"12":1,"13":1,"14":1,"15":1,"16":1},"branchMap":{"0":{"type":"branch","line":5,"loc":{"start":{"line":5,"column":44},"end":{"line":17,"column":1}},"locations":[{"start":{"line":5,"column":44},"end":{"line":17,"column":1}}]},"1":{"type":"branch","line":10,"loc":{"start":{"line":10,"column":51},"end":{"line":10,"column":60}},"locations":[{"start":{"line":10,"column":51},"end":{"line":10,"column":60}}]}},"b":{"0":[1],"1":[0]},"fnMap":{"0":{"name":"injectSidebarItemsIntoHandle","decl":{"start":{"line":5,"column":44},"end":{"line":17,"column":1}},"loc":{"start":{"line":5,"column":44},"end":{"line":17,"column":1}},"line":5}},"f":{"0":1}},"/Users/ranantharaj/projects/nextgen-ui/libs/shared-utils/src/stringUtils/StringUtils.ts":{"path":"/Users/ranantharaj/projects/nextgen-ui/libs/shared-utils/src/stringUtils/StringUtils.ts","all":false,"statementMap":{"0":{"start":{"line":1,"column":0},"end":{"line":1,"column":2}},"1":{"start":{"line":2,"column":0},"end":{"line":2,"column":68}},"2":{"start":{"line":3,"column":0},"end":{"line":3,"column":20}},"3":{"start":{"line":4,"column":0},"end":{"line":4,"column":2}},"4":{"start":{"line":5,"column":0},"end":{"line":5,"column":0}},"5":{"start":{"line":6,"column":0},"end":{"line":6,"column":71}},"6":{"start":{"line":7,"column":0},"end":{"line":7,"column":72}},"7":{"start":{"line":8,"column":0},"end":{"line":8,"column":50}},"8":{"start":{"line":9,"column":0},"end":{"line":9,"column":1}}},"s":{"0":1,"1":1,"2":1,"3":1,"4":1,"5":1,"6":2,"7":2,"8":2},"branchMap":{"0":{"type":"branch","line":6,"loc":{"start":{"line":6,"column":38},"end":{"line":9,"column":1}},"locations":[{"start":{"line":6,"column":38},"end":{"line":9,"column":1}}]}},"b":{"0":[2]},"fnMap":{"0":{"name":"caseInsensitiveCompare","decl":{"start":{"line":6,"column":38},"end":{"line":9,"column":1}},"loc":{"start":{"line":6,"column":38},"end":{"line":9,"column":1}},"line":6}},"f":{"0":2}},"/Users/ranantharaj/projects/nextgen-ui/libs/shared-utils/src/timeAgo/timeAgo.ts":{"path":"/Users/ranantharaj/projects/nextgen-ui/libs/shared-utils/src/timeAgo/timeAgo.ts","all":false,"statementMap":{"0":{"start":{"line":1,"column":0},"end":{"line":1,"column":29}},"1":{"start":{"line":2,"column":0},"end":{"line":2,"column":0}},"2":{"start":{"line":3,"column":0},"end":{"line":3,"column":28}},"3":{"start":{"line":4,"column":0},"end":{"line":4,"column":61}},"4":{"start":{"line":5,"column":0},"end":{"line":5,"column":1}},"5":{"start":{"line":6,"column":0},"end":{"line":6,"column":0}},"6":{"start":{"line":7,"column":0},"end":{"line":7,"column":40}},"7":{"start":{"line":8,"column":0},"end":{"line":8,"column":58}},"8":{"start":{"line":9,"column":0},"end":{"line":9,"column":0}},"9":{"start":{"line":10,"column":0},"end":{"line":10,"column":51}},"10":{"start":{"line":11,"column":0},"end":{"line":11,"column":42}},"11":{"start":{"line":12,"column":0},"end":{"line":12,"column":40}},"12":{"start":{"line":13,"column":0},"end":{"line":13,"column":37}},"13":{"start":{"line":14,"column":0},"end":{"line":14,"column":36}},"14":{"start":{"line":15,"column":0},"end":{"line":15,"column":38}},"15":{"start":{"line":16,"column":0},"end":{"line":16,"column":39}},"16":{"start":{"line":17,"column":0},"end":{"line":17,"column":0}},"17":{"start":{"line":18,"column":0},"end":{"line":18,"column":74}},"18":{"start":{"line":19,"column":0},"end":{"line":19,"column":79}},"19":{"start":{"line":20,"column":0},"end":{"line":20,"column":74}},"20":{"start":{"line":21,"column":0},"end":{"line":21,"column":69}},"21":{"start":{"line":22,"column":0},"end":{"line":22,"column":74}},"22":{"start":{"line":23,"column":0},"end":{"line":23,"column":84}},"23":{"start":{"line":24,"column":0},"end":{"line":24,"column":0}},"24":{"start":{"line":25,"column":0},"end":{"line":25,"column":17}},"25":{"start":{"line":26,"column":0},"end":{"line":26,"column":1}}},"s":{"0":1,"1":1,"2":1,"3":13,"4":13,"5":1,"6":1,"7":13,"8":13,"9":13,"10":13,"11":13,"12":13,"13":13,"14":13,"15":13,"16":13,"17":13,"18":13,"19":13,"20":13,"21":13,"22":13,"23":1,"24":1,"25":1},"branchMap":{"0":{"type":"branch","line":3,"loc":{"start":{"line":3,"column":10},"end":{"line":5,"column":1}},"locations":[{"start":{"line":3,"column":10},"end":{"line":5,"column":1}}]},"1":{"type":"branch","line":7,"loc":{"start":{"line":7,"column":23},"end":{"line":26,"column":1}},"locations":[{"start":{"line":7,"column":23},"end":{"line":26,"column":1}}]},"2":{"type":"branch","line":18,"loc":{"start":{"line":18,"column":17},"end":{"line":18,"column":73}},"locations":[{"start":{"line":18,"column":17},"end":{"line":18,"column":73}}]},"3":{"type":"branch","line":18,"loc":{"start":{"line":18,"column":34},"end":{"line":18,"column":50}},"locations":[{"start":{"line":18,"column":34},"end":{"line":18,"column":50}}]},"4":{"type":"branch","line":18,"loc":{"start":{"line":18,"column":40},"end":{"line":18,"column":73}},"locations":[{"start":{"line":18,"column":40},"end":{"line":18,"column":73}}]},"5":{"type":"branch","line":18,"loc":{"start":{"line":18,"column":64},"end":{"line":19,"column":18}},"locations":[{"start":{"line":18,"column":64},"end":{"line":19,"column":18}}]},"6":{"type":"branch","line":19,"loc":{"start":{"line":19,"column":18},"end":{"line":19,"column":78}},"locations":[{"start":{"line":19,"column":18},"end":{"line":19,"column":78}}]},"7":{"type":"branch","line":19,"loc":{"start":{"line":19,"column":36},"end":{"line":19,"column":53}},"locations":[{"start":{"line":19,"column":36},"end":{"line":19,"column":53}}]},"8":{"type":"branch","line":19,"loc":{"start":{"line":19,"column":42},"end":{"line":19,"column":78}},"locations":[{"start":{"line":19,"column":42},"end":{"line":19,"column":78}}]},"9":{"type":"branch","line":19,"loc":{"start":{"line":19,"column":68},"end":{"line":20,"column":17}},"locations":[{"start":{"line":19,"column":68},"end":{"line":20,"column":17}}]},"10":{"type":"branch","line":20,"loc":{"start":{"line":20,"column":17},"end":{"line":20,"column":73}},"locations":[{"start":{"line":20,"column":17},"end":{"line":20,"column":73}}]},"11":{"type":"branch","line":20,"loc":{"start":{"line":20,"column":34},"end":{"line":20,"column":50}},"locations":[{"start":{"line":20,"column":34},"end":{"line":20,"column":50}}]},"12":{"type":"branch","line":20,"loc":{"start":{"line":20,"column":40},"end":{"line":20,"column":73}},"locations":[{"start":{"line":20,"column":40},"end":{"line":20,"column":73}}]},"13":{"type":"branch","line":20,"loc":{"start":{"line":20,"column":64},"end":{"line":21,"column":16}},"locations":[{"start":{"line":20,"column":64},"end":{"line":21,"column":16}}]},"14":{"type":"branch","line":21,"loc":{"start":{"line":21,"column":16},"end":{"line":21,"column":68}},"locations":[{"start":{"line":21,"column":16},"end":{"line":21,"column":68}}]},"15":{"type":"branch","line":21,"loc":{"start":{"line":21,"column":32},"end":{"line":21,"column":47}},"locations":[{"start":{"line":21,"column":32},"end":{"line":21,"column":47}}]},"16":{"type":"branch","line":21,"loc":{"start":{"line":21,"column":38},"end":{"line":21,"column":68}},"locations":[{"start":{"line":21,"column":38},"end":{"line":21,"column":68}}]},"17":{"type":"branch","line":21,"loc":{"start":{"line":21,"column":60},"end":{"line":22,"column":17}},"locations":[{"start":{"line":21,"column":60},"end":{"line":22,"column":17}}]},"18":{"type":"branch","line":22,"loc":{"start":{"line":22,"column":17},"end":{"line":22,"column":73}},"locations":[{"start":{"line":22,"column":17},"end":{"line":22,"column":73}}]},"19":{"type":"branch","line":22,"loc":{"start":{"line":22,"column":34},"end":{"line":22,"column":50}},"locations":[{"start":{"line":22,"column":34},"end":{"line":22,"column":50}}]},"20":{"type":"branch","line":22,"loc":{"start":{"line":22,"column":40},"end":{"line":22,"column":73}},"locations":[{"start":{"line":22,"column":40},"end":{"line":22,"column":73}}]},"21":{"type":"branch","line":22,"loc":{"start":{"line":22,"column":64},"end":{"line":23,"column":19}},"locations":[{"start":{"line":22,"column":64},"end":{"line":23,"column":19}}]},"22":{"type":"branch","line":23,"loc":{"start":{"line":23,"column":19},"end":{"line":23,"column":83}},"locations":[{"start":{"line":23,"column":19},"end":{"line":23,"column":83}}]},"23":{"type":"branch","line":23,"loc":{"start":{"line":23,"column":38},"end":{"line":23,"column":56}},"locations":[{"start":{"line":23,"column":38},"end":{"line":23,"column":56}}]},"24":{"type":"branch","line":23,"loc":{"start":{"line":23,"column":44},"end":{"line":23,"column":83}},"locations":[{"start":{"line":23,"column":44},"end":{"line":23,"column":83}}]},"25":{"type":"branch","line":23,"loc":{"start":{"line":23,"column":72},"end":{"line":26,"column":1}},"locations":[{"start":{"line":23,"column":72},"end":{"line":26,"column":1}}]}},"b":{"0":[13],"1":[13],"2":[2],"3":[1],"4":[1],"5":[11],"6":[2],"7":[1],"8":[1],"9":[9],"10":[2],"11":[1],"12":[1],"13":[7],"14":[2],"15":[1],"16":[1],"17":[5],"18":[2],"19":[1],"20":[1],"21":[3],"22":[2],"23":[1],"24":[1],"25":[1]},"fnMap":{"0":{"name":"t","decl":{"start":{"line":3,"column":10},"end":{"line":5,"column":1}},"loc":{"start":{"line":3,"column":10},"end":{"line":5,"column":1}},"line":3},"1":{"name":"timeAgo","decl":{"start":{"line":7,"column":23},"end":{"line":26,"column":1}},"loc":{"start":{"line":7,"column":23},"end":{"line":26,"column":1}},"line":7}},"f":{"0":13,"1":13}},"/Users/ranantharaj/projects/nextgen-ui/libs/shared-utils/src/times/times.ts":{"path":"/Users/ranantharaj/projects/nextgen-ui/libs/shared-utils/src/times/times.ts","all":false,"statementMap":{"0":{"start":{"line":1,"column":0},"end":{"line":1,"column":3}},"1":{"start":{"line":2,"column":0},"end":{"line":2,"column":36}},"2":{"start":{"line":3,"column":0},"end":{"line":3,"column":2}},"3":{"start":{"line":4,"column":0},"end":{"line":4,"column":26}},"4":{"start":{"line":5,"column":0},"end":{"line":5,"column":48}},"5":{"start":{"line":6,"column":0},"end":{"line":6,"column":2}},"6":{"start":{"line":7,"column":0},"end":{"line":7,"column":3}},"7":{"start":{"line":8,"column":0},"end":{"line":8,"column":0}},"8":{"start":{"line":9,"column":0},"end":{"line":9,"column":3}},"9":{"start":{"line":10,"column":0},"end":{"line":10,"column":26}},"10":{"start":{"line":11,"column":0},"end":{"line":11,"column":11}},"11":{"start":{"line":12,"column":0},"end":{"line":12,"column":75}},"12":{"start":{"line":13,"column":0},"end":{"line":13,"column":2}},"13":{"start":{"line":14,"column":0},"end":{"line":14,"column":62}},"14":{"start":{"line":15,"column":0},"end":{"line":15,"column":58}},"15":{"start":{"line":16,"column":0},"end":{"line":16,"column":15}},"16":{"start":{"line":17,"column":0},"end":{"line":17,"column":3}},"17":{"start":{"line":18,"column":0},"end":{"line":18,"column":80}},"18":{"start":{"line":19,"column":0},"end":{"line":19,"column":50}}},"s":{"0":1,"1":1,"2":1,"3":1,"4":1,"5":1,"6":1,"7":1,"8":1,"9":1,"10":1,"11":1,"12":1,"13":1,"14":1,"15":1,"16":1,"17":1,"18":1},"branchMap":{"0":{"type":"branch","line":18,"loc":{"start":{"line":18,"column":22},"end":{"line":18,"column":29}},"locations":[{"start":{"line":18,"column":22},"end":{"line":18,"column":29}}]},"1":{"type":"branch","line":18,"loc":{"start":{"line":18,"column":29},"end":{"line":18,"column":80}},"locations":[{"start":{"line":18,"column":29},"end":{"line":18,"column":80}}]}},"b":{"0":[0],"1":[0]},"fnMap":{},"f":{}},"/Users/ranantharaj/projects/nextgen-ui/libs/shared-utils/src/validateEmail/validateEmail.tsx":{"path":"/Users/ranantharaj/projects/nextgen-ui/libs/shared-utils/src/validateEmail/validateEmail.tsx","all":false,"statementMap":{"0":{"start":{"line":1,"column":0},"end":{"line":1,"column":19}},"1":{"start":{"line":2,"column":0},"end":{"line":2,"column":154}},"2":{"start":{"line":3,"column":0},"end":{"line":3,"column":47}},"3":{"start":{"line":4,"column":0},"end":{"line":4,"column":31}},"4":{"start":{"line":5,"column":0},"end":{"line":5,"column":1}}},"s":{"0":1,"1":1,"2":1,"3":2,"4":2},"branchMap":{"0":{"type":"branch","line":3,"loc":{"start":{"line":3,"column":29},"end":{"line":5,"column":1}},"locations":[{"start":{"line":3,"column":29},"end":{"line":5,"column":1}}]}},"b":{"0":[2]},"fnMap":{"0":{"name":"validateEmail","decl":{"start":{"line":3,"column":29},"end":{"line":5,"column":1}},"loc":{"start":{"line":3,"column":29},"end":{"line":5,"column":1}},"line":3}},"f":{"0":2}}}}
