TN:
SF:libs/shared-providers/src/DrawerProvider.tsx
FN:1,(empty-report)
FNF:1
FNH:0
FNDA:0,(empty-report)
DA:1,0
DA:2,0
DA:3,0
DA:4,0
DA:5,0
DA:6,0
DA:7,0
DA:8,0
DA:9,0
DA:10,0
DA:11,0
DA:12,0
DA:13,0
DA:14,0
DA:15,0
DA:16,0
DA:17,0
DA:18,0
DA:19,0
DA:20,0
DA:21,0
DA:22,0
DA:23,0
DA:24,0
DA:25,0
DA:26,0
DA:27,0
DA:28,0
DA:29,0
DA:30,0
DA:31,0
DA:32,0
DA:33,0
DA:34,0
DA:35,0
DA:36,0
DA:37,0
DA:38,0
DA:39,0
DA:40,0
DA:41,0
DA:42,0
DA:43,0
DA:44,0
LF:44
LH:0
BRDA:1,0,0,0
BRF:1
BRH:0
end_of_record
TN:
SF:libs/shared-providers/src/components/AppContextProvider/AppContextProvider.tsx
FN:14,AppContextProvider
FNF:1
FNH:1
FNDA:1,AppContextProvider
DA:1,1
DA:2,1
DA:3,1
DA:4,1
DA:5,1
DA:6,1
DA:7,1
DA:8,1
DA:9,1
DA:10,1
DA:11,1
DA:12,1
DA:13,1
DA:14,1
DA:15,1
DA:16,1
DA:17,1
DA:18,1
LF:18
LH:18
BRDA:14,0,0,1
BRF:1
BRH:1
end_of_record
TN:
SF:libs/shared-providers/src/components/ExtensionsProvider/ExtensionsProvider.tsx
FN:26,itemsByOrder
FN:33,resolvePackages
FN:43,checkPackageEntitlement
FN:54,checkPackageFlag
FN:78,checkEntitlementFlag
FN:93,checkExtensionFlag
FN:123,resolveExtensions
FN:205,ExtensionsProvider
FN:258,useExtensionPoint
FNF:9
FNH:9
FNDA:44,itemsByOrder
FNDA:8,resolvePackages
FNDA:10,checkPackageEntitlement
FNDA:12,checkPackageFlag
FNDA:20,checkEntitlementFlag
FNDA:22,checkExtensionFlag
FNDA:8,resolveExtensions
FNDA:22,ExtensionsProvider
FNDA:12,useExtensionPoint
DA:1,1
DA:2,1
DA:3,1
DA:4,1
DA:5,1
DA:6,1
DA:7,1
DA:8,1
DA:9,1
DA:10,1
DA:11,1
DA:12,1
DA:13,1
DA:14,1
DA:15,1
DA:16,1
DA:17,1
DA:18,1
DA:19,1
DA:20,1
DA:21,1
DA:22,1
DA:23,1
DA:24,1
DA:25,1
DA:26,1
DA:27,44
DA:28,44
DA:29,44
DA:30,44
DA:31,44
DA:32,1
DA:33,8
DA:34,8
DA:35,8
DA:36,8
DA:37,12
DA:38,12
DA:39,8
DA:40,8
DA:41,8
DA:42,1
DA:43,1
DA:44,10
DA:45,0
DA:46,0
DA:47,0
DA:48,0
DA:49,0
DA:50,0
DA:51,0
DA:52,0
DA:53,1
DA:54,1
DA:55,12
DA:56,4
DA:57,4
DA:58,4
DA:59,12
DA:60,12
DA:61,1
DA:62,1
DA:63,1
DA:64,1
DA:65,1
DA:66,1
DA:67,12
DA:68,2
DA:69,2
DA:70,2
DA:71,1
DA:72,1
DA:73,1
DA:74,1
DA:75,1
DA:76,1
DA:77,1
DA:78,1
DA:79,20
DA:80,20
DA:81,20
DA:82,20
DA:83,20
DA:84,0
DA:85,0
DA:86,0
DA:87,0
DA:88,0
DA:89,0
DA:90,0
DA:91,0
DA:92,1
DA:93,1
DA:94,22
DA:95,22
DA:96,22
DA:97,22
DA:98,22
DA:99,3
DA:100,3
DA:101,3
DA:102,3
DA:103,22
DA:104,22
DA:105,2
DA:106,2
DA:107,2
DA:108,2
DA:109,2
DA:110,2
DA:111,2
DA:112,22
DA:113,1
DA:114,1
DA:115,0
DA:116,0
DA:117,0
DA:118,0
DA:119,0
DA:120,0
DA:121,0
DA:122,1
DA:123,8
DA:124,8
DA:125,8
DA:126,8
DA:127,8
DA:128,8
DA:129,8
DA:130,8
DA:131,8
DA:132,8
DA:133,8
DA:134,8
DA:135,8
DA:136,8
DA:137,8
DA:138,8
DA:139,8
DA:140,8
DA:141,8
DA:142,8
DA:143,8
DA:144,18
DA:145,18
DA:146,10
DA:147,10
DA:148,10
DA:149,10
DA:150,10
DA:151,10
DA:152,20
DA:153,10
DA:154,10
DA:155,10
DA:156,10
DA:157,18
DA:158,18
DA:159,18
DA:160,8
DA:161,8
DA:162,8
DA:163,8
DA:164,8
DA:165,8
DA:166,8
DA:167,8
DA:168,8
DA:169,8
DA:170,8
DA:171,8
DA:172,8
DA:173,8
DA:174,8
DA:175,8
DA:176,8
DA:177,1
DA:178,1
DA:179,1
DA:180,1
DA:181,1
DA:182,1
DA:183,1
DA:184,1
DA:185,1
DA:186,1
DA:187,1
DA:188,1
DA:189,1
DA:190,1
DA:191,1
DA:192,1
DA:193,1
DA:194,1
DA:195,1
DA:196,1
DA:197,1
DA:198,1
DA:199,1
DA:200,1
DA:201,1
DA:202,1
DA:203,1
DA:204,1
DA:205,1
DA:206,22
DA:207,22
DA:208,22
DA:209,22
DA:210,22
DA:211,22
DA:212,22
DA:213,22
DA:214,22
DA:215,8
DA:216,8
DA:217,8
DA:218,8
DA:219,8
DA:220,8
DA:221,8
DA:222,8
DA:223,8
DA:224,8
DA:225,8
DA:226,8
DA:227,8
DA:228,8
DA:229,8
DA:230,8
DA:231,8
DA:232,8
DA:233,8
DA:234,8
DA:235,8
DA:236,8
DA:237,8
DA:238,8
DA:239,8
DA:240,8
DA:241,8
DA:242,8
DA:243,8
DA:244,22
DA:245,22
DA:246,22
DA:247,10
DA:248,10
DA:249,12
DA:250,12
DA:251,12
DA:252,1
DA:253,1
DA:254,1
DA:255,1
DA:256,1
DA:257,1
DA:258,1
DA:259,12
DA:260,12
DA:261,12
DA:262,12
DA:263,1
DA:264,1
DA:265,12
DA:266,12
DA:267,12
LF:267
LH:244
BRDA:26,0,0,44
BRDA:27,1,0,27
BRDA:27,2,0,17
BRDA:28,3,0,37
BRDA:28,4,0,7
BRDA:33,5,0,8
BRDA:36,6,0,12
BRDA:43,7,0,10
BRDA:44,8,0,0
BRDA:54,9,0,12
BRDA:55,10,0,8
BRDA:55,11,0,4
BRDA:59,12,0,1
BRDA:60,13,0,1
BRDA:66,14,0,3
BRDA:67,15,0,0
BRDA:67,16,0,3
BRDA:67,17,0,2
BRDA:70,18,0,1
BRDA:78,19,0,20
BRDA:83,20,0,0
BRDA:93,21,0,22
BRDA:98,22,0,19
BRDA:98,23,0,3
BRDA:104,24,0,2
BRDA:111,25,0,1
BRDA:112,26,0,0
BRDA:112,27,0,1
BRDA:112,28,0,1
BRDA:114,29,0,0
BRDA:123,30,0,8
BRDA:143,31,0,18
BRDA:143,32,0,0
BRDA:145,33,0,10
BRDA:146,34,0,8
BRDA:151,35,0,20
BRDA:164,36,0,8
BRDA:171,37,0,14
BRDA:205,38,0,22
BRDA:206,39,0,0
BRDA:207,40,0,0
BRDA:208,41,0,12
BRDA:208,42,0,10
BRDA:209,43,0,0
BRDA:246,44,0,10
BRDA:248,45,0,12
BRDA:214,46,0,8
BRDA:215,47,0,8
BRDA:221,48,0,10
BRDA:258,49,0,12
BRDA:261,50,0,0
BRDA:261,51,0,11
BRDA:261,52,0,1
BRDA:262,53,0,1
BRF:54
BRH:44
end_of_record
TN:
SF:libs/shared-providers/src/components/PrimaryNavbar/PrimaryNavbar.tsx
FN:30,PrimaryNavbar
FN:32,PrimaryNavbar.linkMapper
FN:42,handleChange
FNF:3
FNH:2
FNDA:8,PrimaryNavbar
FNDA:0,PrimaryNavbar.linkMapper
FNDA:1,handleChange
DA:1,1
DA:2,1
DA:3,1
DA:4,1
DA:5,1
DA:6,1
DA:7,1
DA:8,1
DA:9,1
DA:10,1
DA:11,1
DA:12,1
DA:13,1
DA:14,1
DA:15,1
DA:16,1
DA:17,1
DA:18,1
DA:19,1
DA:20,1
DA:21,1
DA:22,1
DA:23,1
DA:24,1
DA:25,1
DA:26,1
DA:27,1
DA:28,1
DA:29,1
DA:30,1
DA:31,8
DA:32,8
DA:33,0
DA:34,8
DA:35,8
DA:36,8
DA:37,8
DA:38,8
DA:39,8
DA:40,8
DA:41,8
DA:42,8
DA:43,1
DA:44,1
DA:45,1
DA:46,1
DA:47,1
DA:48,1
DA:49,1
DA:50,8
DA:51,8
DA:52,2
DA:53,8
DA:54,8
DA:55,8
DA:56,5
DA:57,5
DA:58,8
DA:59,8
DA:60,8
DA:61,8
DA:62,8
DA:63,8
DA:64,8
DA:65,8
DA:66,8
DA:67,8
DA:68,8
DA:69,8
DA:70,8
DA:71,8
DA:72,8
DA:73,8
LF:73
LH:72
BRDA:30,0,0,8
BRDA:32,1,0,0
BRDA:33,2,0,7
BRDA:42,3,0,1
BRDA:43,4,0,0
BRDA:51,5,0,2
BRDA:55,6,0,5
BRDA:57,7,0,3
BRDA:57,8,0,2
BRDA:57,9,0,3
BRDA:56,10,0,0
BRF:11
BRH:8
end_of_record
