TN:
SF:libs/api-platform/src/Permission/PermissionProvider.tsx
FN:37,isAuthorizedForAction
FN:60,usePermission
FN:88,useTenantPermission
FN:97,useOrganizationPermission
FN:106,useComponentPermission
FN:146,PermissionProvider
FNF:6
FNH:4
FNDA:24,isAuthorizedForAction
FNDA:4,usePermission
FNDA:0,useTenantPermission
FNDA:4,useOrganizationPermission
FNDA:0,useComponentPermission
FNDA:6,PermissionProvider
DA:1,1
DA:2,1
DA:3,1
DA:4,1
DA:5,1
DA:6,1
DA:7,1
DA:8,1
DA:9,1
DA:10,1
DA:11,1
DA:12,1
DA:13,1
DA:14,1
DA:15,1
DA:16,1
DA:17,1
DA:18,1
DA:19,48
DA:20,48
DA:21,48
DA:22,48
DA:23,48
DA:24,48
DA:25,1
DA:26,1
DA:27,1
DA:28,1
DA:29,1
DA:30,1
DA:31,1
DA:32,1
DA:33,1
DA:34,1
DA:35,1
DA:36,1
DA:37,1
DA:38,24
DA:39,24
DA:40,24
DA:41,24
DA:42,24
DA:43,24
DA:44,24
DA:45,38
DA:46,24
DA:47,24
DA:48,24
DA:49,1
DA:50,1
DA:51,1
DA:52,1
DA:53,1
DA:54,1
DA:55,1
DA:56,1
DA:57,1
DA:58,1
DA:59,1
DA:60,1
DA:61,4
DA:62,4
DA:63,4
DA:64,4
DA:65,4
DA:66,4
DA:67,4
DA:68,4
DA:69,4
DA:70,4
DA:71,4
DA:72,4
DA:73,4
DA:74,4
DA:75,4
DA:76,4
DA:77,4
DA:78,4
DA:79,4
DA:80,4
DA:81,4
DA:82,4
DA:83,4
DA:84,1
DA:85,1
DA:86,1
DA:87,1
DA:88,1
DA:89,0
DA:90,0
DA:91,0
DA:92,0
DA:93,1
DA:94,1
DA:95,1
DA:96,1
DA:97,1
DA:98,4
DA:99,4
DA:100,4
DA:101,4
DA:102,1
DA:103,1
DA:104,1
DA:105,1
DA:106,1
DA:107,0
DA:108,0
DA:109,0
DA:110,0
DA:111,1
DA:112,1
DA:113,1
DA:114,1
DA:115,1
DA:116,1
DA:117,1
DA:118,1
DA:119,1
DA:120,1
DA:121,1
DA:122,1
DA:123,1
DA:124,1
DA:125,1
DA:126,1
DA:127,1
DA:128,1
DA:129,1
DA:130,1
DA:131,1
DA:132,1
DA:133,1
DA:134,1
DA:135,1
DA:136,1
DA:137,1
DA:138,1
DA:139,1
DA:140,1
DA:141,1
DA:142,1
DA:143,1
DA:144,1
DA:145,1
DA:146,1
DA:147,6
DA:148,6
DA:149,6
DA:150,6
DA:151,6
DA:152,6
DA:153,6
DA:154,6
DA:155,6
DA:156,6
DA:157,6
DA:158,6
DA:159,6
DA:160,6
DA:161,6
DA:162,6
DA:163,6
DA:164,6
DA:165,6
DA:166,6
DA:167,6
DA:168,6
DA:169,6
DA:170,6
DA:171,0
DA:172,6
DA:173,6
DA:174,6
DA:175,6
DA:176,6
DA:177,6
DA:178,6
DA:179,6
DA:180,6
LF:180
LH:171
BRDA:18,0,0,48
BRDA:37,1,0,24
BRDA:44,2,0,38
BRDA:45,3,0,6
BRDA:60,4,0,4
BRDA:63,5,0,0
BRDA:63,6,0,0
BRDA:63,7,0,6
BRDA:65,8,0,0
BRDA:97,9,0,4
BRDA:100,10,0,0
BRDA:146,11,0,6
BRDA:148,12,0,0
BRDA:149,13,0,0
BRDA:161,14,0,0
BRDA:161,15,0,0
BRDA:166,16,0,0
BRDA:168,17,0,0
BRDA:168,18,0,0
BRDA:168,19,0,4
BRDA:168,20,0,2
BRDA:168,21,0,4
BRDA:169,22,0,0
BRDA:169,23,0,4
BRDA:169,24,0,2
BRDA:169,25,0,4
BRDA:170,26,0,0
BRF:27
BRH:14
end_of_record
TN:
SF:libs/api-platform/src/buildComprehensiveTaskLogs/buildComprehensiveTaskLogs.ts
FN:10,splitPayload
FN:23,getLogsWithTimestamp
FN:44,getTektonLogsWithTimestamp
FN:63,buildComprehensiveTaskLogs
FNF:4
FNH:3
FNDA:12,splitPayload
FNDA:2,getLogsWithTimestamp
FNDA:0,getTektonLogsWithTimestamp
FNDA:2,buildComprehensiveTaskLogs
DA:1,1
DA:2,1
DA:3,1
DA:4,1
DA:5,1
DA:6,1
DA:7,1
DA:8,1
DA:9,1
DA:10,1
DA:11,12
DA:12,12
DA:13,12
DA:14,12
DA:15,12
DA:16,12
DA:17,12
DA:18,68
DA:19,39
DA:20,12
DA:21,12
DA:22,1
DA:23,1
DA:24,2
DA:25,2
DA:26,2
DA:27,2
DA:28,12
DA:29,12
DA:30,12
DA:31,12
DA:32,12
DA:33,12
DA:34,12
DA:35,12
DA:36,1
DA:37,1
DA:38,1
DA:39,12
DA:40,2
DA:41,2
DA:42,2
DA:43,1
DA:44,1
DA:45,0
DA:46,0
DA:47,0
DA:48,0
DA:49,0
DA:50,0
DA:51,0
DA:52,0
DA:53,0
DA:54,0
DA:55,0
DA:56,0
DA:57,0
DA:58,0
DA:59,0
DA:60,0
DA:61,0
DA:62,1
DA:63,1
DA:64,2
DA:65,2
DA:66,2
DA:67,2
DA:68,2
DA:69,0
DA:70,0
DA:71,0
DA:72,0
DA:73,2
DA:74,2
DA:75,2
DA:76,2
DA:77,2
LF:77
LH:56
BRDA:10,0,0,12
BRDA:17,1,0,68
BRDA:18,2,0,29
BRDA:18,3,0,39
BRDA:23,4,0,2
BRDA:24,5,0,0
BRDA:24,6,0,0
BRDA:24,7,0,0
BRDA:27,8,0,12
BRDA:31,9,0,11
BRDA:31,10,0,0
BRDA:35,11,0,1
BRDA:63,12,0,2
BRDA:66,13,0,0
BRDA:68,14,0,0
BRF:15
BRH:9
end_of_record
TN:
SF:libs/api-platform/src/defaultQueryFactory/defaultQueryFactory.ts
FNF:0
FNH:0
DA:1,1
DA:2,1
DA:3,1
DA:4,1
DA:5,1
DA:6,1
DA:7,1
DA:8,1
DA:9,1
DA:10,1
DA:11,1
DA:12,1
DA:13,1
DA:14,1
DA:15,1
DA:16,1
DA:17,1
DA:18,1
DA:19,1
DA:20,1
DA:21,1
DA:22,1
DA:23,1
DA:24,1
DA:25,1
DA:26,1
DA:27,1
DA:28,1
DA:29,1
LF:29
LH:29
BRDA:12,0,0,0
BRDA:12,1,0,0
BRDA:21,2,0,0
BRDA:20,3,0,0
BRF:4
BRH:0
end_of_record
TN:
SF:libs/api-platform/src/pipelineOverviewHelper/mockStartedOverview.ts
FNF:0
FNH:0
DA:1,1
DA:2,1
DA:3,1
DA:4,1
DA:5,1
DA:6,1
DA:7,1
DA:8,1
DA:9,1
DA:10,1
DA:11,1
DA:12,1
DA:13,1
DA:14,1
DA:15,1
DA:16,1
DA:17,1
DA:18,1
DA:19,1
DA:20,1
DA:21,1
DA:22,1
DA:23,1
DA:24,1
DA:25,1
DA:26,1
DA:27,1
DA:28,1
DA:29,1
DA:30,1
DA:31,1
DA:32,1
DA:33,1
DA:34,1
DA:35,1
DA:36,1
DA:37,1
DA:38,1
DA:39,1
DA:40,1
DA:41,1
DA:42,1
DA:43,1
DA:44,1
DA:45,1
DA:46,1
DA:47,1
DA:48,1
DA:49,1
DA:50,1
DA:51,1
DA:52,1
DA:53,1
DA:54,1
DA:55,1
DA:56,1
DA:57,1
DA:58,1
DA:59,1
DA:60,1
DA:61,1
DA:62,1
DA:63,1
DA:64,1
DA:65,1
DA:66,1
DA:67,1
DA:68,1
DA:69,1
DA:70,1
DA:71,1
DA:72,1
DA:73,1
DA:74,1
DA:75,1
DA:76,1
DA:77,1
DA:78,1
DA:79,1
DA:80,1
DA:81,1
DA:82,1
DA:83,1
DA:84,1
DA:85,1
DA:86,1
DA:87,1
DA:88,1
DA:89,1
DA:90,1
DA:91,1
DA:92,1
DA:93,1
DA:94,1
DA:95,1
DA:96,1
DA:97,1
DA:98,1
DA:99,1
DA:100,1
DA:101,1
DA:102,1
DA:103,1
DA:104,1
DA:105,1
DA:106,1
DA:107,1
DA:108,1
DA:109,1
DA:110,1
DA:111,1
DA:112,1
DA:113,1
DA:114,1
DA:115,1
DA:116,1
DA:117,1
DA:118,1
DA:119,1
DA:120,1
DA:121,1
DA:122,1
DA:123,1
DA:124,1
DA:125,1
DA:126,1
DA:127,1
DA:128,1
DA:129,1
DA:130,1
DA:131,1
DA:132,1
DA:133,1
DA:134,1
DA:135,1
DA:136,1
DA:137,1
DA:138,1
DA:139,1
DA:140,1
DA:141,1
DA:142,1
DA:143,1
DA:144,1
DA:145,1
DA:146,1
DA:147,1
DA:148,1
DA:149,1
DA:150,1
DA:151,1
DA:152,1
DA:153,1
DA:154,1
DA:155,1
DA:156,1
DA:157,1
DA:158,1
DA:159,1
DA:160,1
DA:161,1
DA:162,1
DA:163,1
DA:164,1
DA:165,1
DA:166,1
DA:167,1
DA:168,1
DA:169,1
DA:170,1
DA:171,1
DA:172,1
DA:173,1
DA:174,1
DA:175,1
DA:176,1
DA:177,1
DA:178,1
DA:179,1
DA:180,1
DA:181,1
DA:182,1
DA:183,1
DA:184,1
DA:185,1
DA:186,1
DA:187,1
DA:188,1
DA:189,1
DA:190,1
DA:191,1
DA:192,1
DA:193,1
DA:194,1
DA:195,1
DA:196,1
DA:197,1
DA:198,1
DA:199,1
DA:200,1
DA:201,1
DA:202,1
DA:203,1
DA:204,1
DA:205,1
DA:206,1
DA:207,1
DA:208,1
DA:209,1
DA:210,1
DA:211,1
DA:212,1
DA:213,1
DA:214,1
DA:215,1
DA:216,1
DA:217,1
DA:218,1
DA:219,1
DA:220,1
DA:221,1
DA:222,1
DA:223,1
DA:224,1
DA:225,1
DA:226,1
DA:227,1
DA:228,1
DA:229,1
DA:230,1
DA:231,1
DA:232,1
DA:233,1
DA:234,1
DA:235,1
DA:236,1
DA:237,1
DA:238,1
DA:239,1
DA:240,1
DA:241,1
DA:242,1
DA:243,1
DA:244,1
DA:245,1
DA:246,1
DA:247,1
DA:248,1
DA:249,1
DA:250,1
DA:251,1
DA:252,1
DA:253,1
DA:254,1
DA:255,1
DA:256,1
DA:257,1
DA:258,1
DA:259,1
DA:260,1
DA:261,1
DA:262,1
DA:263,1
DA:264,1
DA:265,1
DA:266,1
DA:267,1
DA:268,1
DA:269,1
DA:270,1
DA:271,1
DA:272,1
DA:273,1
DA:274,1
DA:275,1
DA:276,1
DA:277,1
DA:278,1
DA:279,1
DA:280,1
DA:281,1
DA:282,1
DA:283,1
DA:284,1
DA:285,1
DA:286,1
DA:287,1
DA:288,1
DA:289,1
DA:290,1
DA:291,1
DA:292,1
DA:293,1
DA:294,1
DA:295,1
DA:296,1
DA:297,1
DA:298,1
DA:299,1
DA:300,1
DA:301,1
DA:302,1
DA:303,1
DA:304,1
DA:305,1
DA:306,1
DA:307,1
DA:308,1
DA:309,1
DA:310,1
DA:311,1
DA:312,1
DA:313,1
DA:314,1
DA:315,1
DA:316,1
DA:317,1
DA:318,1
DA:319,1
DA:320,1
DA:321,1
DA:322,1
DA:323,1
DA:324,1
DA:325,1
DA:326,1
DA:327,1
DA:328,1
DA:329,1
DA:330,1
DA:331,1
DA:332,1
DA:333,1
DA:334,1
DA:335,1
DA:336,1
DA:337,1
DA:338,1
DA:339,1
DA:340,1
DA:341,1
DA:342,1
DA:343,1
DA:344,1
DA:345,1
DA:346,1
DA:347,1
DA:348,1
DA:349,1
DA:350,1
DA:351,1
DA:352,1
DA:353,1
DA:354,1
DA:355,1
DA:356,1
DA:357,1
DA:358,1
DA:359,1
DA:360,1
DA:361,1
DA:362,1
DA:363,1
DA:364,1
DA:365,1
DA:366,1
DA:367,1
DA:368,1
DA:369,1
DA:370,1
DA:371,1
DA:372,1
DA:373,1
DA:374,1
DA:375,1
DA:376,1
LF:376
LH:376
BRF:0
BRH:0
end_of_record
TN:
SF:libs/api-platform/src/pipelineOverviewHelper/pipelineOverviewHelper.ts
FN:5,getLastFailedSegment
FN:14,getLastSuccessfulSegment
FN:24,getStatusFromSegmentsOverview
FN:50,getLastBuildEndTime
FNF:4
FNH:4
FNDA:14,getLastFailedSegment
FNDA:11,getLastSuccessfulSegment
FNDA:22,getStatusFromSegmentsOverview
FNDA:11,getLastBuildEndTime
DA:1,1
DA:2,1
DA:3,1
DA:4,1
DA:5,1
DA:6,14
DA:7,14
DA:8,14
DA:9,14
DA:10,14
DA:11,14
DA:12,14
DA:13,1
DA:14,1
DA:15,11
DA:16,11
DA:17,11
DA:18,11
DA:19,11
DA:20,11
DA:21,11
DA:22,11
DA:23,1
DA:24,1
DA:25,22
DA:26,22
DA:27,22
DA:28,22
DA:29,10
DA:30,10
DA:31,10
DA:32,10
DA:33,22
DA:34,4
DA:35,4
DA:36,4
DA:37,4
DA:38,22
DA:39,2
DA:40,2
DA:41,2
DA:42,2
DA:43,2
DA:44,2
DA:45,0
DA:46,0
DA:47,0
DA:48,1
DA:49,1
DA:50,1
DA:51,11
DA:52,11
DA:53,11
DA:54,11
DA:55,6
DA:56,6
DA:57,6
DA:58,6
DA:59,11
DA:60,11
DA:61,11
DA:62,3
DA:63,11
DA:64,2
DA:65,11
DA:66,11
DA:67,1
DA:68,1
DA:69,1
DA:70,1
DA:71,1
DA:72,1
DA:73,1
DA:74,1
DA:75,1
DA:76,1
DA:77,1
DA:78,1
LF:78
LH:75
BRDA:5,0,0,14
BRDA:14,1,0,11
BRDA:24,2,0,22
BRDA:28,3,0,12
BRDA:28,4,0,10
BRDA:33,5,0,6
BRDA:33,6,0,4
BRDA:38,7,0,2
BRDA:44,8,0,0
BRDA:26,9,0,72
BRDA:31,10,0,36
BRDA:36,11,0,12
BRDA:42,12,0,6
BRDA:42,13,0,4
BRDA:50,14,0,11
BRDA:54,15,0,6
BRDA:56,16,0,0
BRDA:58,17,0,0
BRDA:61,18,0,3
BRDA:62,19,0,0
BRDA:62,20,0,0
BRDA:63,21,0,2
BRDA:70,22,0,0
BRDA:70,23,0,0
BRDA:71,24,0,0
BRDA:71,25,0,0
BRDA:72,26,0,0
BRF:27
BRH:17
end_of_record
TN:
SF:libs/api-platform/src/queries/extractFromPayload.ts
FN:7,extractScmUrl
FN:19,extractScmProvider
FN:30,extractRepoConfig
FN:53,handleGitHubUrl
FN:87,handleBitbucketUrl
FN:110,extractRepoConfigFromUrl
FN:111,getUrlProvider
FNF:7
FNH:4
FNDA:0,extractScmUrl
FNDA:0,extractScmProvider
FNDA:0,extractRepoConfig
FNDA:7,handleGitHubUrl
FNDA:4,handleBitbucketUrl
FNDA:11,extractRepoConfigFromUrl
FNDA:11,getUrlProvider
DA:1,1
DA:2,1
DA:3,1
DA:4,1
DA:5,1
DA:6,1
DA:7,1
DA:8,0
DA:9,0
DA:10,0
DA:11,0
DA:12,0
DA:13,0
DA:14,0
DA:15,0
DA:16,0
DA:17,0
DA:18,0
DA:19,1
DA:20,0
DA:21,0
DA:22,0
DA:23,0
DA:24,0
DA:25,0
DA:26,1
DA:27,1
DA:28,1
DA:29,1
DA:30,1
DA:31,0
DA:32,0
DA:33,0
DA:34,0
DA:35,0
DA:36,0
DA:37,0
DA:38,0
DA:39,0
DA:40,0
DA:41,0
DA:42,0
DA:43,0
DA:44,0
DA:45,0
DA:46,0
DA:47,0
DA:48,1
DA:49,1
DA:50,1
DA:51,1
DA:52,1
DA:53,1
DA:54,7
DA:55,7
DA:56,7
DA:57,7
DA:58,7
DA:59,7
DA:60,7
DA:61,7
DA:62,7
DA:63,7
DA:64,7
DA:65,7
DA:66,7
DA:67,7
DA:68,7
DA:69,7
DA:70,7
DA:71,5
DA:72,4
DA:73,2
DA:74,1
DA:75,7
DA:76,7
DA:77,7
DA:78,7
DA:79,7
DA:80,7
DA:81,7
DA:82,7
DA:83,7
DA:84,7
DA:85,7
DA:86,1
DA:87,1
DA:88,4
DA:89,4
DA:90,4
DA:91,4
DA:92,4
DA:93,4
DA:94,4
DA:95,4
DA:96,4
DA:97,4
DA:98,4
DA:99,4
DA:100,4
DA:101,4
DA:102,4
DA:103,4
DA:104,4
DA:105,4
DA:106,4
DA:107,4
DA:108,4
DA:109,1
DA:110,1
DA:111,11
DA:112,11
DA:113,11
DA:114,11
DA:115,4
DA:116,0
DA:117,0
DA:118,0
DA:119,11
DA:120,11
DA:121,11
DA:122,7
DA:123,11
DA:124,4
DA:125,11
DA:126,0
DA:127,0
DA:128,0
DA:129,0
DA:130,0
DA:131,0
DA:132,11
DA:133,11
LF:133
LH:90
BRDA:53,0,0,7
BRDA:70,1,0,5
BRDA:71,2,0,4
BRDA:72,3,0,2
BRDA:73,4,0,1
BRDA:76,5,0,0
BRDA:76,6,0,0
BRDA:77,7,0,0
BRDA:77,8,0,0
BRDA:87,9,0,4
BRDA:97,10,0,2
BRDA:97,11,0,1
BRDA:99,12,0,0
BRDA:99,13,0,0
BRDA:100,14,0,0
BRDA:100,15,0,0
BRDA:110,16,0,11
BRDA:121,17,0,7
BRDA:123,18,0,4
BRDA:125,19,0,0
BRDA:111,20,0,11
BRDA:114,21,0,7
BRDA:115,22,0,4
BRDA:116,23,0,0
BRF:24
BRH:14
end_of_record
TN:
SF:libs/api-platform/src/queries/guiderails.ts
FN:94,useQueryGRApiPlatform
FN:112,_object_spread.enabled
FN:117,useErrorBoundary
FN:132,useInfinitePlatformQuery
FN:154,useQueriesGRApiPlatform
FN:184,useQueryGRApiPlatformMutation
FN:213,useApiMutation
FN:220,onError
FNF:8
FNH:6
FNDA:22,useQueryGRApiPlatform
FNDA:11,_object_spread.enabled
FNDA:1,useErrorBoundary
FNDA:0,useInfinitePlatformQuery
FNDA:6,useQueriesGRApiPlatform
FNDA:18,useQueryGRApiPlatformMutation
FNDA:1,useApiMutation
FNDA:0,onError
DA:1,1
DA:2,1
DA:3,1
DA:4,1
DA:5,1
DA:6,1
DA:7,1
DA:8,1
DA:9,1
DA:10,1
DA:11,1
DA:12,1
DA:13,1
DA:14,1
DA:15,1
DA:16,1
DA:17,1
DA:18,1
DA:19,1
DA:20,1
DA:21,1
DA:22,1
DA:23,1
DA:24,1
DA:25,0
DA:26,0
DA:27,0
DA:28,0
DA:29,1
DA:30,1
DA:31,1
DA:32,1
DA:33,1
DA:34,1
DA:35,1
DA:36,1
DA:37,1
DA:38,1
DA:39,1
DA:40,1
DA:41,1
DA:42,1
DA:43,1
DA:44,1
DA:45,1
DA:46,1
DA:47,12
DA:48,12
DA:49,12
DA:50,12
DA:51,12
DA:52,12
DA:53,12
DA:54,12
DA:55,12
DA:56,12
DA:57,12
DA:58,12
DA:59,12
DA:60,1
DA:61,1
DA:62,11
DA:63,11
DA:64,11
DA:65,9
DA:66,9
DA:67,9
DA:68,9
DA:69,8
DA:70,8
DA:71,8
DA:72,12
DA:73,12
DA:74,12
DA:75,12
DA:76,12
DA:77,12
DA:78,12
DA:79,12
DA:80,12
DA:81,12
DA:82,12
DA:83,12
DA:84,12
DA:85,12
DA:86,12
DA:87,12
DA:88,12
DA:89,1
DA:90,1
DA:91,1
DA:92,1
DA:93,1
DA:94,1
DA:95,22
DA:96,22
DA:97,22
DA:98,22
DA:99,22
DA:100,22
DA:101,22
DA:102,22
DA:103,22
DA:104,22
DA:105,22
DA:106,22
DA:107,22
DA:108,22
DA:109,22
DA:110,22
DA:111,22
DA:112,22
DA:113,11
DA:114,22
DA:115,22
DA:116,22
DA:117,22
DA:118,1
DA:119,1
DA:120,22
DA:121,22
DA:122,22
DA:123,22
DA:124,1
DA:125,1
DA:126,1
DA:127,1
DA:128,1
DA:129,1
DA:130,1
DA:131,1
DA:132,1
DA:133,0
DA:134,0
DA:135,0
DA:136,0
DA:137,0
DA:138,0
DA:139,0
DA:140,0
DA:141,0
DA:142,0
DA:143,0
DA:144,0
DA:145,0
DA:146,0
DA:147,0
DA:148,0
DA:149,1
DA:150,1
DA:151,1
DA:152,1
DA:153,1
DA:154,1
DA:155,6
DA:156,6
DA:157,6
DA:158,6
DA:159,6
DA:160,6
DA:161,6
DA:162,6
DA:163,6
DA:164,6
DA:165,6
DA:166,6
DA:167,6
DA:168,6
DA:169,6
DA:170,6
DA:171,6
DA:172,6
DA:173,6
DA:174,6
DA:175,6
DA:176,6
DA:177,6
DA:178,6
DA:179,6
DA:180,6
DA:181,6
DA:182,6
DA:183,1
DA:184,1
DA:185,18
DA:186,18
DA:187,18
DA:188,18
DA:189,18
DA:190,18
DA:191,18
DA:192,18
DA:193,18
DA:194,18
DA:195,18
DA:196,18
DA:197,18
DA:198,18
DA:199,18
DA:200,1
DA:201,1
DA:202,1
DA:203,1
DA:204,1
DA:205,1
DA:206,1
DA:207,1
DA:208,1
DA:209,1
DA:210,1
DA:211,1
DA:212,1
DA:213,1
DA:214,1
DA:215,1
DA:216,1
DA:217,1
DA:218,1
DA:219,1
DA:220,1
DA:221,0
DA:222,0
DA:223,0
DA:224,0
DA:225,0
DA:226,0
DA:227,1
DA:228,1
DA:229,1
DA:230,1
DA:231,1
DA:232,1
DA:233,1
DA:234,1
DA:235,1
DA:236,1
DA:237,1
DA:238,1
DA:239,1
DA:240,1
DA:241,1
DA:242,1
DA:243,1
DA:244,1
DA:245,1
DA:246,1
DA:247,1
DA:248,1
DA:249,1
DA:250,1
DA:251,1
DA:252,1
DA:253,1
DA:254,1
DA:255,1
DA:256,1
DA:257,1
DA:258,1
DA:259,1
DA:260,1
DA:261,1
DA:262,1
DA:263,1
DA:264,1
DA:265,1
DA:266,1
DA:267,1
DA:268,1
DA:269,1
DA:270,1
DA:271,1
DA:272,1
DA:273,1
DA:274,1
DA:275,1
DA:276,1
DA:277,1
DA:278,1
DA:279,1
DA:280,1
DA:281,1
DA:282,1
DA:283,1
LF:283
LH:257
BRDA:22,0,0,0
BRDA:24,1,0,0
BRDA:46,2,0,12
BRDA:46,3,0,5
BRDA:46,4,0,7
BRDA:47,5,0,0
BRDA:47,6,0,0
BRDA:54,7,0,2
BRDA:54,8,0,10
BRDA:59,9,0,1
BRDA:61,10,0,11
BRDA:64,11,0,9
BRDA:68,12,0,8
BRDA:71,13,0,8
BRDA:75,14,0,11
BRDA:78,15,0,0
BRDA:78,16,0,0
BRDA:78,17,0,0
BRDA:83,18,0,2
BRDA:83,19,0,7
BRDA:87,20,0,1
BRDA:87,21,0,1
BRDA:94,22,0,22
BRDA:99,23,0,12
BRDA:99,24,0,10
BRDA:100,25,0,19
BRDA:100,26,0,3
BRDA:101,27,0,20
BRDA:101,28,0,2
BRDA:102,29,0,13
BRDA:102,30,0,9
BRDA:116,31,0,0
BRDA:112,32,0,11
BRDA:117,33,0,1
BRDA:118,34,0,0
BRDA:154,35,0,6
BRDA:166,36,0,0
BRDA:167,37,0,0
BRDA:168,38,0,12
BRDA:168,39,0,2
BRDA:169,40,0,0
BRDA:176,41,0,0
BRDA:184,42,0,18
BRDA:213,43,0,1
BRDA:231,44,0,0
BRDA:232,45,0,0
BRDA:234,46,0,0
BRDA:250,47,0,0
BRDA:261,48,0,0
BRDA:272,49,0,0
BRDA:277,50,0,1
BRF:51
BRH:32
end_of_record
TN:
SF:libs/api-platform/src/queries/useAccountMutation.ts
FN:5,useLinkAccountMutation
FN:10,onSuccess
FN:16,useUnlinkAccountMutation
FN:21,onSuccess
FNF:4
FNH:4
FNDA:3,useLinkAccountMutation
FNDA:1,onSuccess
FNDA:3,useUnlinkAccountMutation
FNDA:1,onSuccess
DA:1,1
DA:2,1
DA:3,1
DA:4,1
DA:5,1
DA:6,3
DA:7,3
DA:8,3
DA:9,3
DA:10,3
DA:11,1
DA:12,1
DA:13,3
DA:14,3
DA:15,1
DA:16,1
DA:17,3
DA:18,3
DA:19,3
DA:20,3
DA:21,3
DA:22,1
DA:23,1
DA:24,3
DA:25,3
LF:25
LH:25
BRDA:5,0,0,3
BRDA:10,1,0,1
BRDA:16,2,0,3
BRDA:21,3,0,1
BRF:4
BRH:4
end_of_record
TN:
SF:libs/api-platform/src/queries/useAnalyticsConfiguration.ts
FN:3,useAnalyticsConfigurationQuery
FN:11,useAnalyticsConfigurationEndPointsQuery
FNF:2
FNH:2
FNDA:3,useAnalyticsConfigurationQuery
FNDA:3,useAnalyticsConfigurationEndPointsQuery
DA:1,1
DA:2,1
DA:3,1
DA:4,3
DA:5,3
DA:6,3
DA:7,3
DA:8,3
DA:9,3
DA:10,1
DA:11,1
DA:12,3
DA:13,3
DA:14,3
DA:15,3
DA:16,3
DA:17,3
LF:17
LH:17
BRDA:3,0,0,3
BRDA:11,1,0,3
BRF:2
BRH:2
end_of_record
TN:
SF:libs/api-platform/src/queries/useApiTokensQuery.ts
FN:1,(empty-report)
FNF:1
FNH:0
FNDA:0,(empty-report)
DA:1,0
DA:2,0
DA:3,0
DA:4,0
DA:5,0
DA:6,0
DA:7,0
DA:8,0
DA:9,0
DA:10,0
DA:11,0
DA:12,0
DA:13,0
DA:14,0
DA:15,0
DA:16,0
DA:17,0
DA:18,0
DA:19,0
DA:20,0
DA:21,0
DA:22,0
DA:23,0
DA:24,0
DA:25,0
DA:26,0
DA:27,0
DA:28,0
DA:29,0
DA:30,0
DA:31,0
LF:31
LH:0
BRDA:1,0,0,0
BRF:1
BRH:0
end_of_record
TN:
SF:libs/api-platform/src/queries/useAssetIssueFilterCriteriaQuery.ts
FN:1,(empty-report)
FNF:1
FNH:0
FNDA:0,(empty-report)
DA:1,0
DA:2,0
DA:3,0
DA:4,0
DA:5,0
DA:6,0
DA:7,0
DA:8,0
DA:9,0
DA:10,0
DA:11,0
DA:12,0
DA:13,0
DA:14,0
DA:15,0
DA:16,0
DA:17,0
DA:18,0
DA:19,0
DA:20,0
DA:21,0
DA:22,0
DA:23,0
DA:24,0
DA:25,0
DA:26,0
DA:27,0
DA:28,0
DA:29,0
DA:30,0
DA:31,0
DA:32,0
DA:33,0
DA:34,0
DA:35,0
DA:36,0
DA:37,0
DA:38,0
DA:39,0
DA:40,0
DA:41,0
DA:42,0
LF:42
LH:0
BRDA:1,0,0,0
BRF:1
BRH:0
end_of_record
TN:
SF:libs/api-platform/src/queries/useAssetIssuesQuery.ts
FN:1,(empty-report)
FNF:1
FNH:0
FNDA:0,(empty-report)
DA:1,0
DA:2,0
DA:3,0
DA:4,0
DA:5,0
DA:6,0
DA:7,0
DA:8,0
DA:9,0
DA:10,0
DA:11,0
DA:12,0
DA:13,0
DA:14,0
DA:15,0
DA:16,0
DA:17,0
DA:18,0
DA:19,0
DA:20,0
DA:21,0
DA:22,0
DA:23,0
DA:24,0
DA:25,0
DA:26,0
DA:27,0
DA:28,0
DA:29,0
DA:30,0
DA:31,0
DA:32,0
DA:33,0
DA:34,0
DA:35,0
DA:36,0
DA:37,0
DA:38,0
DA:39,0
DA:40,0
DA:41,0
DA:42,0
DA:43,0
DA:44,0
DA:45,0
DA:46,0
DA:47,0
DA:48,0
DA:49,0
DA:50,0
DA:51,0
DA:52,0
DA:53,0
DA:54,0
DA:55,0
DA:56,0
DA:57,0
DA:58,0
DA:59,0
DA:60,0
DA:61,0
DA:62,0
DA:63,0
DA:64,0
DA:65,0
DA:66,0
DA:67,0
DA:68,0
DA:69,0
DA:70,0
DA:71,0
DA:72,0
DA:73,0
DA:74,0
DA:75,0
DA:76,0
DA:77,0
DA:78,0
DA:79,0
DA:80,0
DA:81,0
DA:82,0
DA:83,0
DA:84,0
DA:85,0
DA:86,0
DA:87,0
DA:88,0
DA:89,0
DA:90,0
DA:91,0
DA:92,0
DA:93,0
DA:94,0
DA:95,0
DA:96,0
DA:97,0
DA:98,0
DA:99,0
DA:100,0
DA:101,0
DA:102,0
DA:103,0
DA:104,0
DA:105,0
DA:106,0
DA:107,0
DA:108,0
DA:109,0
DA:110,0
DA:111,0
DA:112,0
DA:113,0
DA:114,0
DA:115,0
DA:116,0
DA:117,0
DA:118,0
DA:119,0
DA:120,0
DA:121,0
DA:122,0
DA:123,0
DA:124,0
DA:125,0
DA:126,0
DA:127,0
DA:128,0
DA:129,0
DA:130,0
DA:131,0
DA:132,0
DA:133,0
DA:134,0
DA:135,0
DA:136,0
DA:137,0
DA:138,0
DA:139,0
DA:140,0
DA:141,0
DA:142,0
DA:143,0
DA:144,0
DA:145,0
DA:146,0
DA:147,0
DA:148,0
DA:149,0
DA:150,0
DA:151,0
DA:152,0
DA:153,0
DA:154,0
DA:155,0
DA:156,0
DA:157,0
DA:158,0
DA:159,0
DA:160,0
DA:161,0
DA:162,0
DA:163,0
DA:164,0
DA:165,0
DA:166,0
DA:167,0
DA:168,0
DA:169,0
DA:170,0
DA:171,0
DA:172,0
DA:173,0
DA:174,0
DA:175,0
DA:176,0
DA:177,0
DA:178,0
DA:179,0
DA:180,0
DA:181,0
DA:182,0
DA:183,0
DA:184,0
DA:185,0
DA:186,0
DA:187,0
DA:188,0
DA:189,0
DA:190,0
DA:191,0
DA:192,0
DA:193,0
DA:194,0
LF:194
LH:0
BRDA:1,0,0,0
BRF:1
BRH:0
end_of_record
TN:
SF:libs/api-platform/src/queries/useAssetsConfigMutation.ts
FN:5,useAssetsConfigMutation
FN:10,onSuccess
FNF:2
FNH:2
FNDA:3,useAssetsConfigMutation
FNDA:1,onSuccess
DA:1,1
DA:2,1
DA:3,1
DA:4,1
DA:5,1
DA:6,3
DA:7,3
DA:8,3
DA:9,3
DA:10,3
DA:11,1
DA:12,1
DA:13,3
DA:14,3
LF:14
LH:14
BRDA:5,0,0,3
BRDA:10,1,0,1
BRF:2
BRH:2
end_of_record
TN:
SF:libs/api-platform/src/queries/useAssetsConfigQuery.ts
FN:10,useAssetsConfigQuery
FNF:1
FNH:1
FNDA:2,useAssetsConfigQuery
DA:1,1
DA:2,1
DA:3,1
DA:4,1
DA:5,1
DA:6,1
DA:7,1
DA:8,1
DA:9,1
DA:10,1
DA:11,2
DA:12,2
DA:13,2
DA:14,2
DA:15,2
DA:16,2
LF:16
LH:16
BRDA:10,0,0,2
BRF:1
BRH:1
end_of_record
TN:
SF:libs/api-platform/src/queries/useAssetsQuery.ts
FN:1,(empty-report)
FNF:1
FNH:0
FNDA:0,(empty-report)
DA:1,0
DA:2,0
DA:3,0
DA:4,0
DA:5,0
DA:6,0
DA:7,0
DA:8,0
DA:9,0
DA:10,0
DA:11,0
DA:12,0
DA:13,0
DA:14,0
DA:15,0
DA:16,0
DA:17,0
DA:18,0
DA:19,0
DA:20,0
DA:21,0
DA:22,0
DA:23,0
DA:24,0
DA:25,0
DA:26,0
DA:27,0
DA:28,0
DA:29,0
DA:30,0
DA:31,0
DA:32,0
DA:33,0
DA:34,0
DA:35,0
DA:36,0
DA:37,0
DA:38,0
DA:39,0
DA:40,0
DA:41,0
DA:42,0
DA:43,0
DA:44,0
DA:45,0
DA:46,0
DA:47,0
DA:48,0
DA:49,0
DA:50,0
DA:51,0
DA:52,0
DA:53,0
DA:54,0
LF:54
LH:0
BRDA:1,0,0,0
BRF:1
BRH:0
end_of_record
TN:
SF:libs/api-platform/src/queries/useAuthorizationsQuery.ts
FN:9,useAuthorizationsQuery
FN:22,usePostAuthorizationsQuery
FN:32,useAuthorizationsMutation
FN:36,authorizationsPOST
FNF:4
FNH:4
FNDA:2,useAuthorizationsQuery
FNDA:3,usePostAuthorizationsQuery
FNDA:1,useAuthorizationsMutation
FNDA:1,authorizationsPOST
DA:1,1
DA:2,1
DA:3,1
DA:4,1
DA:5,1
DA:6,1
DA:7,1
DA:8,1
DA:9,1
DA:10,2
DA:11,2
DA:12,2
DA:13,2
DA:14,2
DA:15,2
DA:16,2
DA:17,2
DA:18,2
DA:19,2
DA:20,2
DA:21,1
DA:22,1
DA:23,3
DA:24,3
DA:25,3
DA:26,3
DA:27,3
DA:28,3
DA:29,3
DA:30,3
DA:31,1
DA:32,1
DA:33,1
DA:34,1
DA:35,1
DA:36,1
DA:37,1
DA:38,1
DA:39,1
DA:40,1
DA:41,1
DA:42,1
DA:43,1
DA:44,1
DA:45,1
DA:46,1
DA:47,1
DA:48,1
DA:49,1
DA:50,1
DA:51,1
DA:52,1
DA:53,1
DA:54,1
DA:55,1
DA:56,1
DA:57,1
DA:58,1
DA:59,1
DA:60,1
LF:60
LH:60
BRDA:9,0,0,2
BRDA:9,1,0,0
BRDA:9,2,0,0
BRDA:22,3,0,3
BRDA:27,4,0,0
BRDA:27,5,0,0
BRDA:32,6,0,1
BRDA:36,7,0,1
BRDA:47,8,0,0
BRDA:48,9,0,0
BRF:10
BRH:4
end_of_record
TN:
SF:libs/api-platform/src/queries/useAutomationQuery.ts
FN:4,useAutomationQuery
FNF:1
FNH:1
FNDA:3,useAutomationQuery
DA:1,1
DA:2,1
DA:3,1
DA:4,1
DA:5,3
DA:6,3
DA:7,3
DA:8,3
DA:9,3
DA:10,3
DA:11,3
DA:12,3
DA:13,3
DA:14,3
DA:15,3
DA:16,3
DA:17,3
DA:18,3
DA:19,3
DA:20,3
DA:21,3
DA:22,3
DA:23,3
DA:24,3
DA:25,3
LF:25
LH:25
BRDA:4,0,0,3
BRDA:9,1,0,0
BRDA:10,2,0,0
BRDA:16,3,0,0
BRDA:18,4,0,0
BRF:5
BRH:1
end_of_record
TN:
SF:libs/api-platform/src/queries/useAutomationRunQuery.ts
FN:1,(empty-report)
FNF:1
FNH:0
FNDA:0,(empty-report)
DA:1,0
DA:2,0
DA:3,0
DA:4,0
DA:5,0
DA:6,0
DA:7,0
DA:8,0
DA:9,0
DA:10,0
DA:11,0
DA:12,0
DA:13,0
DA:14,0
DA:15,0
DA:16,0
DA:17,0
DA:18,0
DA:19,0
DA:20,0
DA:21,0
DA:22,0
DA:23,0
DA:24,0
DA:25,0
DA:26,0
DA:27,0
DA:28,0
DA:29,0
DA:30,0
DA:31,0
DA:32,0
DA:33,0
DA:34,0
DA:35,0
DA:36,0
DA:37,0
DA:38,0
DA:39,0
DA:40,0
DA:41,0
DA:42,0
DA:43,0
DA:44,0
DA:45,0
DA:46,0
DA:47,0
DA:48,0
DA:49,0
DA:50,0
DA:51,0
DA:52,0
DA:53,0
DA:54,0
DA:55,0
DA:56,0
DA:57,0
DA:58,0
DA:59,0
DA:60,0
DA:61,0
DA:62,0
DA:63,0
DA:64,0
DA:65,0
DA:66,0
DA:67,0
DA:68,0
DA:69,0
DA:70,0
DA:71,0
DA:72,0
DA:73,0
DA:74,0
DA:75,0
DA:76,0
DA:77,0
DA:78,0
DA:79,0
DA:80,0
DA:81,0
DA:82,0
DA:83,0
LF:83
LH:0
BRDA:1,0,0,0
BRF:1
BRH:0
end_of_record
TN:
SF:libs/api-platform/src/queries/useAutomationsQuery.ts
FN:13,useAutomationsQuery
FNF:1
FNH:1
FNDA:5,useAutomationsQuery
DA:1,1
DA:2,1
DA:3,1
DA:4,1
DA:5,1
DA:6,1
DA:7,1
DA:8,1
DA:9,1
DA:10,1
DA:11,1
DA:12,1
DA:13,1
DA:14,5
DA:15,5
DA:16,5
DA:17,5
DA:18,5
DA:19,5
DA:20,5
DA:21,5
DA:22,5
DA:23,5
DA:24,5
DA:25,2
DA:26,3
DA:27,5
DA:28,5
DA:29,5
DA:30,5
DA:31,5
DA:32,5
DA:33,5
DA:34,5
LF:34
LH:34
BRDA:13,0,0,5
BRDA:16,1,0,1
BRDA:16,2,0,4
BRDA:17,3,0,0
BRDA:18,4,0,0
BRDA:24,5,0,2
BRDA:25,6,0,3
BRDA:32,7,0,0
BRF:8
BRH:5
end_of_record
TN:
SF:libs/api-platform/src/queries/useBranchQuery.ts
FN:4,useBranchQuery
FNF:1
FNH:1
FNDA:3,useBranchQuery
DA:1,1
DA:2,1
DA:3,1
DA:4,1
DA:5,3
DA:6,3
DA:7,3
DA:8,3
DA:9,3
DA:10,3
DA:11,3
DA:12,3
DA:13,3
DA:14,3
DA:15,3
DA:16,3
DA:17,3
LF:17
LH:17
BRDA:4,0,0,3
BRDA:6,1,0,0
BRDA:6,2,0,0
BRDA:7,3,0,0
BRDA:7,4,0,0
BRF:5
BRH:1
end_of_record
TN:
SF:libs/api-platform/src/queries/useBranchesQuery.ts
FN:4,useBranchesQuery
FNF:1
FNH:1
FNDA:3,useBranchesQuery
DA:1,1
DA:2,1
DA:3,1
DA:4,1
DA:5,3
DA:6,3
DA:7,3
DA:8,3
DA:9,3
DA:10,3
DA:11,3
DA:12,3
DA:13,3
DA:14,3
DA:15,3
DA:16,3
DA:17,3
LF:17
LH:17
BRDA:4,0,0,3
BRDA:7,1,0,0
BRDA:7,2,0,0
BRDA:8,3,0,0
BRDA:8,4,0,0
BRF:5
BRH:1
end_of_record
TN:
SF:libs/api-platform/src/queries/useCIInsightsQuery.ts
FN:62,useCIIntegrationQuery
FN:73,useCIInsightsWidgetsQueries
FN:120,useCIInsightsWidgetDrillDownQuery
FN:159,useCIInsightsCJOCWidgetQuery
FNF:4
FNH:3
FNDA:2,useCIIntegrationQuery
FNDA:2,useCIInsightsWidgetsQueries
FNDA:2,useCIInsightsWidgetDrillDownQuery
FNDA:0,useCIInsightsCJOCWidgetQuery
DA:1,1
DA:2,1
DA:3,1
DA:4,1
DA:5,1
DA:6,1
DA:7,1
DA:8,1
DA:9,1
DA:10,1
DA:11,1
DA:12,1
DA:13,1
DA:14,1
DA:15,1
DA:16,1
DA:17,1
DA:18,1
DA:19,1
DA:20,1
DA:21,1
DA:22,1
DA:23,1
DA:24,1
DA:25,1
DA:26,1
DA:27,1
DA:28,1
DA:29,1
DA:30,1
DA:31,1
DA:32,1
DA:33,1
DA:34,1
DA:35,1
DA:36,1
DA:37,1
DA:38,1
DA:39,1
DA:40,1
DA:41,1
DA:42,1
DA:43,1
DA:44,1
DA:45,1
DA:46,1
DA:47,1
DA:48,1
DA:49,1
DA:50,1
DA:51,1
DA:52,1
DA:53,1
DA:54,1
DA:55,1
DA:56,1
DA:57,1
DA:58,1
DA:59,1
DA:60,1
DA:61,1
DA:62,1
DA:63,2
DA:64,2
DA:65,2
DA:66,2
DA:67,2
DA:68,2
DA:69,2
DA:70,2
DA:71,2
DA:72,1
DA:73,1
DA:74,2
DA:75,2
DA:76,2
DA:77,2
DA:78,2
DA:79,2
DA:80,2
DA:81,2
DA:82,2
DA:83,2
DA:84,2
DA:85,2
DA:86,2
DA:87,2
DA:88,2
DA:89,2
DA:90,2
DA:91,2
DA:92,2
DA:93,2
DA:94,2
DA:95,2
DA:96,2
DA:97,2
DA:98,2
DA:99,2
DA:100,2
DA:101,2
DA:102,2
DA:103,2
DA:104,2
DA:105,2
DA:106,2
DA:107,2
DA:108,2
DA:109,2
DA:110,2
DA:111,2
DA:112,2
DA:113,2
DA:114,2
DA:115,2
DA:116,2
DA:117,2
DA:118,2
DA:119,1
DA:120,1
DA:121,2
DA:122,2
DA:123,2
DA:124,2
DA:125,2
DA:126,2
DA:127,2
DA:128,2
DA:129,2
DA:130,2
DA:131,2
DA:132,2
DA:133,2
DA:134,2
DA:135,2
DA:136,2
DA:137,2
DA:138,2
DA:139,2
DA:140,2
DA:141,2
DA:142,2
DA:143,2
DA:144,2
DA:145,2
DA:146,2
DA:147,2
DA:148,2
DA:149,2
DA:150,2
DA:151,2
DA:152,2
DA:153,2
DA:154,2
DA:155,2
DA:156,2
DA:157,2
DA:158,1
DA:159,1
DA:160,0
DA:161,0
DA:162,0
DA:163,0
DA:164,0
DA:165,0
DA:166,0
DA:167,0
DA:168,0
DA:169,0
DA:170,0
DA:171,0
DA:172,0
DA:173,0
DA:174,0
DA:175,0
DA:176,0
DA:177,0
DA:178,0
DA:179,0
DA:180,0
DA:181,0
DA:182,0
DA:183,0
DA:184,0
DA:185,0
DA:186,0
DA:187,0
LF:187
LH:159
BRDA:62,0,0,2
BRDA:64,1,0,0
BRDA:64,2,0,0
BRDA:64,3,0,0
BRDA:73,4,0,2
BRDA:78,5,0,0
BRDA:79,6,0,0
BRDA:80,7,0,0
BRDA:86,8,0,0
BRDA:88,9,0,2
BRDA:91,10,0,0
BRDA:92,11,0,0
BRDA:93,12,0,0
BRDA:101,13,0,0
BRDA:102,14,0,0
BRDA:104,15,0,0
BRDA:105,16,0,0
BRDA:106,17,0,0
BRDA:107,18,0,0
BRDA:107,19,0,0
BRDA:109,20,0,0
BRDA:109,21,0,0
BRDA:120,22,0,2
BRDA:130,23,0,0
BRDA:140,24,0,0
BRDA:143,25,0,0
BRDA:144,26,0,0
BRDA:146,27,0,0
BRDA:147,28,0,0
BRDA:148,29,0,0
BRDA:149,30,0,0
BRDA:149,31,0,0
BRF:32
BRH:4
end_of_record
TN:
SF:libs/api-platform/src/queries/useCheckBulkPermissionQuery.ts
FNF:0
FNH:0
DA:1,1
DA:2,1
DA:3,1
DA:4,1
DA:5,1
DA:6,1
DA:7,1
DA:8,1
DA:9,1
DA:10,1
DA:11,1
DA:12,1
DA:13,1
DA:14,1
DA:15,1
DA:16,1
DA:17,1
DA:18,1
LF:18
LH:18
BRF:0
BRH:0
end_of_record
TN:
SF:libs/api-platform/src/queries/useCheckFeatureFlagSDKQuery.ts
FN:7,useCheckFeatureFlagSDKQuery
FNF:1
FNH:1
FNDA:2,useCheckFeatureFlagSDKQuery
DA:1,1
DA:2,1
DA:3,1
DA:4,1
DA:5,1
DA:6,1
DA:7,1
DA:8,2
DA:9,2
DA:10,2
DA:11,2
DA:12,2
DA:13,2
DA:14,2
LF:14
LH:14
BRDA:7,0,0,2
BRF:1
BRH:1
end_of_record
TN:
SF:libs/api-platform/src/queries/useCloneFlagConfigurationMutation.ts
FN:5,useCloneFlagConfigurationMutation
FN:14,onSuccess
FNF:2
FNH:2
FNDA:3,useCloneFlagConfigurationMutation
FNDA:1,onSuccess
DA:1,1
DA:2,1
DA:3,1
DA:4,1
DA:5,1
DA:6,3
DA:7,3
DA:8,3
DA:9,3
DA:10,3
DA:11,3
DA:12,3
DA:13,3
DA:14,3
DA:15,1
DA:16,1
DA:17,1
DA:18,1
DA:19,3
DA:20,3
LF:20
LH:20
BRDA:5,0,0,3
BRDA:14,1,0,1
BRF:2
BRH:2
end_of_record
TN:
SF:libs/api-platform/src/queries/useComponentQuery.ts
FN:6,useComponentQuery
FN:18,onError
FN:25,useMoveComponentQuery
FN:30,onSuccess
FNF:4
FNH:2
FNDA:2,useComponentQuery
FNDA:0,onError
FNDA:1,useMoveComponentQuery
FNDA:0,onSuccess
DA:1,1
DA:2,1
DA:3,1
DA:4,1
DA:5,1
DA:6,1
DA:7,2
DA:8,2
DA:9,2
DA:10,2
DA:11,2
DA:12,2
DA:13,2
DA:14,2
DA:15,2
DA:16,2
DA:17,2
DA:18,2
DA:19,0
DA:20,0
DA:21,2
DA:22,2
DA:23,2
DA:24,1
DA:25,1
DA:26,1
DA:27,1
DA:28,1
DA:29,1
DA:30,1
DA:31,0
DA:32,0
DA:33,1
DA:34,1
LF:34
LH:30
BRDA:6,0,0,2
BRDA:7,1,0,0
BRDA:8,2,0,0
BRDA:9,3,0,0
BRDA:9,4,0,0
BRDA:10,5,0,0
BRDA:10,6,0,0
BRDA:25,7,0,1
BRDA:25,8,0,0
BRDA:25,9,0,0
BRF:10
BRH:2
end_of_record
TN:
SF:libs/api-platform/src/queries/useComponentRunsQuery.ts
FN:12,useComponentRunsQuery
FNF:1
FNH:1
FNDA:4,useComponentRunsQuery
DA:1,1
DA:2,1
DA:3,1
DA:4,1
DA:5,1
DA:6,1
DA:7,1
DA:8,1
DA:9,1
DA:10,1
DA:11,1
DA:12,1
DA:13,4
DA:14,4
DA:15,4
DA:16,4
DA:17,4
DA:18,4
DA:19,4
DA:20,4
DA:21,4
DA:22,4
DA:23,4
DA:24,4
DA:25,4
DA:26,4
LF:26
LH:26
BRDA:12,0,0,4
BRDA:15,1,0,2
BRDA:15,2,0,2
BRDA:24,3,0,2
BRF:4
BRH:4
end_of_record
TN:
SF:libs/api-platform/src/queries/useComponentStatusesQuery.ts
FN:23,useComponentStatusesQuery
FN:38,select
FNF:2
FNH:2
FNDA:4,useComponentStatusesQuery
FNDA:4,select
DA:1,1
DA:2,1
DA:3,1
DA:4,1
DA:5,1
DA:6,1
DA:7,1
DA:8,1
DA:9,1
DA:10,1
DA:11,1
DA:12,1
DA:13,1
DA:14,1
DA:15,1
DA:16,1
DA:17,1
DA:18,1
DA:19,1
DA:20,1
DA:21,1
DA:22,1
DA:23,1
DA:24,4
DA:25,4
DA:26,4
DA:27,4
DA:28,4
DA:29,4
DA:30,4
DA:31,4
DA:32,4
DA:33,4
DA:34,4
DA:35,4
DA:36,4
DA:37,4
DA:38,4
DA:39,4
DA:40,2
DA:41,2
DA:42,2
DA:43,2
DA:44,2
DA:45,2
DA:46,2
DA:47,4
DA:48,4
DA:49,4
LF:49
LH:49
BRDA:23,0,0,4
BRDA:26,1,0,0
BRDA:37,2,0,0
BRDA:38,3,0,4
BRDA:40,4,0,2
BRDA:42,5,0,0
BRDA:43,6,0,0
BRDA:44,7,0,0
BRDA:44,8,0,0
BRDA:47,9,0,2
BRF:10
BRH:4
end_of_record
TN:
SF:libs/api-platform/src/queries/useComponentsAutomationsQuery.ts
FN:20,sortAutomations
FN:24,useComponentsAutomationsQuery
FNF:2
FNH:1
FNDA:0,sortAutomations
FNDA:3,useComponentsAutomationsQuery
DA:1,1
DA:2,1
DA:3,1
DA:4,1
DA:5,1
DA:6,1
DA:7,1
DA:8,1
DA:9,1
DA:10,1
DA:11,1
DA:12,1
DA:13,1
DA:14,1
DA:15,1
DA:16,1
DA:17,1
DA:18,1
DA:19,1
DA:20,1
DA:21,0
DA:22,0
DA:23,1
DA:24,1
DA:25,3
DA:26,3
DA:27,3
DA:28,3
DA:29,3
DA:30,3
DA:31,3
DA:32,3
DA:33,3
DA:34,3
DA:35,3
DA:36,3
DA:37,3
DA:38,3
DA:39,3
DA:40,3
DA:41,3
DA:42,3
DA:43,3
DA:44,3
DA:45,3
DA:46,1
DA:47,2
DA:48,2
DA:49,2
DA:50,2
DA:51,2
DA:52,2
DA:53,2
DA:54,2
DA:55,2
DA:56,2
DA:57,2
DA:58,1
DA:59,2
DA:60,2
DA:61,3
DA:62,3
DA:63,3
DA:64,3
DA:65,3
DA:66,3
DA:67,3
LF:67
LH:65
BRDA:24,0,0,3
BRDA:26,1,0,0
BRDA:27,2,0,0
BRDA:28,3,0,0
BRDA:41,4,0,0
BRDA:65,5,0,1
BRDA:44,6,0,3
BRDA:45,7,0,1
BRDA:45,8,0,0
BRDA:45,9,0,1
BRDA:46,10,0,0
BRDA:58,11,0,2
BRDA:46,12,0,2
BRDA:52,13,0,0
BRF:14
BRH:7
end_of_record
TN:
SF:libs/api-platform/src/queries/useComponentsQuery.ts
FN:4,useComponentsQuery
FNF:1
FNH:1
FNDA:4,useComponentsQuery
DA:1,1
DA:2,1
DA:3,1
DA:4,1
DA:5,4
DA:6,4
DA:7,4
DA:8,4
DA:9,4
DA:10,4
DA:11,4
DA:12,4
DA:13,4
DA:14,4
DA:15,4
DA:16,4
LF:16
LH:16
BRDA:4,0,0,4
BRDA:6,1,0,1
BRDA:6,2,0,1
BRDA:6,3,0,3
BRDA:7,4,0,1
BRDA:7,5,0,1
BRDA:7,6,0,3
BRDA:13,7,0,3
BRF:8
BRH:8
end_of_record
TN:
SF:libs/api-platform/src/queries/useConnectorsQuery.ts
FN:34,useConnectorsQuery
FN:58,getCategories
FN:65,useExtensionsCatalog
FN:75,useTestConnector
FN:88,useConnectorsProviders
FN:111,findContributionById
FN:122,useConfigurationDescriptors
FN:131,useConnectionTestDescriptor
FNF:8
FNH:2
FNDA:3,useConnectorsQuery
FNDA:0,getCategories
FNDA:2,useExtensionsCatalog
FNDA:0,useTestConnector
FNDA:0,useConnectorsProviders
FNDA:0,findContributionById
FNDA:0,useConfigurationDescriptors
FNDA:0,useConnectionTestDescriptor
DA:1,1
DA:2,1
DA:3,1
DA:4,1
DA:5,1
DA:6,1
DA:7,1
DA:8,1
DA:9,1
DA:10,1
DA:11,1
DA:12,1
DA:13,1
DA:14,1
DA:15,1
DA:16,1
DA:17,1
DA:18,1
DA:19,1
DA:20,1
DA:21,1
DA:22,1
DA:23,1
DA:24,1
DA:25,1
DA:26,1
DA:27,1
DA:28,1
DA:29,1
DA:30,1
DA:31,1
DA:32,1
DA:33,1
DA:34,1
DA:35,3
DA:36,3
DA:37,3
DA:38,3
DA:39,3
DA:40,3
DA:41,3
DA:42,3
DA:43,3
DA:44,3
DA:45,3
DA:46,3
DA:47,1
DA:48,1
DA:49,1
DA:50,1
DA:51,1
DA:52,1
DA:53,1
DA:54,1
DA:55,3
DA:56,3
DA:57,1
DA:58,1
DA:59,0
DA:60,0
DA:61,0
DA:62,0
DA:63,0
DA:64,1
DA:65,1
DA:66,2
DA:67,2
DA:68,2
DA:69,2
DA:70,2
DA:71,2
DA:72,2
DA:73,2
DA:74,1
DA:75,1
DA:76,0
DA:77,0
DA:78,0
DA:79,0
DA:80,0
DA:81,0
DA:82,0
DA:83,0
DA:84,0
DA:85,0
DA:86,0
DA:87,1
DA:88,1
DA:89,0
DA:90,0
DA:91,0
DA:92,0
DA:93,0
DA:94,0
DA:95,0
DA:96,0
DA:97,0
DA:98,0
DA:99,0
DA:100,0
DA:101,0
DA:102,0
DA:103,0
DA:104,0
DA:105,0
DA:106,0
DA:107,0
DA:108,0
DA:109,0
DA:110,1
DA:111,0
DA:112,0
DA:113,0
DA:114,0
DA:115,0
DA:116,0
DA:117,0
DA:118,0
DA:119,0
DA:120,0
DA:121,1
DA:122,1
DA:123,0
DA:124,0
DA:125,0
DA:126,0
DA:127,0
DA:128,0
DA:129,0
DA:130,1
DA:131,1
DA:132,0
DA:133,0
DA:134,0
DA:135,0
DA:136,0
DA:137,0
DA:138,0
DA:139,0
DA:140,0
LF:140
LH:77
BRDA:34,0,0,3
BRDA:36,1,0,0
BRDA:36,2,0,0
BRDA:37,3,0,0
BRDA:37,4,0,0
BRDA:46,5,0,1
BRDA:47,6,0,0
BRDA:47,7,0,1
BRDA:50,8,0,0
BRDA:50,9,0,0
BRDA:51,10,0,0
BRDA:51,11,0,0
BRDA:65,12,0,2
BRF:13
BRH:4
end_of_record
TN:
SF:libs/api-platform/src/queries/useCreateComponentsMutation.ts
FN:17,useCreateComponentsMutation
FN:22,onSuccess
FNF:2
FNH:1
FNDA:1,useCreateComponentsMutation
FNDA:0,onSuccess
DA:1,1
DA:2,1
DA:3,1
DA:4,1
DA:5,1
DA:6,1
DA:7,1
DA:8,1
DA:9,1
DA:10,1
DA:11,1
DA:12,1
DA:13,1
DA:14,1
DA:15,1
DA:16,1
DA:17,1
DA:18,1
DA:19,1
DA:20,1
DA:21,1
DA:22,1
DA:23,0
DA:24,0
DA:25,0
DA:26,0
DA:27,0
DA:28,1
DA:29,1
LF:29
LH:24
BRDA:17,0,0,1
BRF:1
BRH:1
end_of_record
TN:
SF:libs/api-platform/src/queries/useCreateEndpoint.ts
FN:8,useCreateEndpoint
FN:15,onSuccess
FNF:2
FNH:1
FNDA:2,useCreateEndpoint
FNDA:0,onSuccess
DA:1,1
DA:2,1
DA:3,1
DA:4,1
DA:5,1
DA:6,1
DA:7,1
DA:8,1
DA:9,2
DA:10,2
DA:11,2
DA:12,2
DA:13,2
DA:14,2
DA:15,2
DA:16,0
DA:17,0
DA:18,0
DA:19,2
DA:20,2
LF:20
LH:17
BRDA:8,0,0,2
BRDA:14,1,0,1
BRDA:14,2,0,1
BRF:3
BRH:3
end_of_record
TN:
SF:libs/api-platform/src/queries/useCreateFeatureFlagQuery.ts
FN:5,useCreateFeatureFlagQuery
FN:15,onSuccess
FNF:2
FNH:2
FNDA:3,useCreateFeatureFlagQuery
FNDA:1,onSuccess
DA:1,1
DA:2,1
DA:3,1
DA:4,1
DA:5,1
DA:6,3
DA:7,3
DA:8,3
DA:9,3
DA:10,3
DA:11,3
DA:12,3
DA:13,3
DA:14,3
DA:15,3
DA:16,1
DA:17,1
DA:18,1
DA:19,1
DA:20,1
DA:21,1
DA:22,1
DA:23,1
DA:24,1
DA:25,1
DA:26,1
DA:27,3
DA:28,3
LF:28
LH:28
BRDA:5,0,0,3
BRDA:15,1,0,1
BRF:2
BRH:2
end_of_record
TN:
SF:libs/api-platform/src/queries/useCreateOrEditAutomationMutation.ts
FN:5,useCreateAutomationMutation
FN:10,onSuccess
FN:17,useEditAutomationMutation
FN:26,onSuccess
FNF:4
FNH:2
FNDA:1,useCreateAutomationMutation
FNDA:0,onSuccess
FNDA:1,useEditAutomationMutation
FNDA:0,onSuccess
DA:1,1
DA:2,1
DA:3,1
DA:4,1
DA:5,1
DA:6,1
DA:7,1
DA:8,1
DA:9,1
DA:10,1
DA:11,0
DA:12,0
DA:13,1
DA:14,1
DA:15,1
DA:16,1
DA:17,1
DA:18,1
DA:19,1
DA:20,1
DA:21,1
DA:22,1
DA:23,1
DA:24,1
DA:25,1
DA:26,1
DA:27,0
DA:28,0
DA:29,0
DA:30,0
DA:31,1
DA:32,1
DA:33,1
LF:33
LH:27
BRDA:5,0,0,1
BRDA:17,1,0,1
BRF:2
BRH:2
end_of_record
TN:
SF:libs/api-platform/src/queries/useCreateOrEditCustomPropertyMutation.ts
FN:13,useCreateOrEditCustomPropertyMutation
FN:24,onSuccess
FNF:2
FNH:2
FNDA:4,useCreateOrEditCustomPropertyMutation
FNDA:2,onSuccess
DA:1,1
DA:2,1
DA:3,1
DA:4,1
DA:5,1
DA:6,1
DA:7,1
DA:8,1
DA:9,1
DA:10,1
DA:11,1
DA:12,1
DA:13,1
DA:14,4
DA:15,4
DA:16,4
DA:17,4
DA:18,4
DA:19,4
DA:20,4
DA:21,4
DA:22,4
DA:23,4
DA:24,4
DA:25,2
DA:26,2
DA:27,2
DA:28,4
DA:29,4
DA:30,4
LF:30
LH:30
BRDA:13,0,0,4
BRDA:23,1,0,2
BRDA:23,2,0,2
BRDA:24,3,0,2
BRDA:25,4,0,0
BRF:5
BRH:4
end_of_record
TN:
SF:libs/api-platform/src/queries/useCreateOrEditProperty.ts
FNF:0
FNH:0
DA:1,1
DA:2,1
DA:3,1
DA:4,1
DA:5,1
DA:6,1
DA:7,1
DA:8,1
DA:9,1
DA:10,1
DA:11,1
DA:12,1
DA:13,1
DA:14,1
DA:15,1
LF:15
LH:15
BRF:0
BRH:0
end_of_record
TN:
SF:libs/api-platform/src/queries/useCreateOrganizationQuery.ts
FNF:0
FNH:0
DA:1,1
DA:2,1
DA:3,1
DA:4,1
DA:5,1
DA:6,1
DA:7,1
LF:7
LH:7
BRF:0
BRH:0
end_of_record
TN:
SF:libs/api-platform/src/queries/useCreateScanWorkflowQuery.ts
FN:18,useCreateScanWorkflowQuery
FN:26,mutationFn
FNF:2
FNH:2
FNDA:3,useCreateScanWorkflowQuery
FNDA:1,mutationFn
DA:1,1
DA:2,1
DA:3,1
DA:4,1
DA:5,1
DA:6,1
DA:7,1
DA:8,1
DA:9,1
DA:10,1
DA:11,1
DA:12,1
DA:13,1
DA:14,1
DA:15,1
DA:16,1
DA:17,1
DA:18,1
DA:19,3
DA:20,3
DA:21,3
DA:22,3
DA:23,3
DA:24,3
DA:25,3
DA:26,3
DA:27,1
DA:28,1
DA:29,1
DA:30,1
DA:31,1
DA:32,1
DA:33,3
DA:34,3
DA:35,3
DA:36,3
LF:36
LH:36
BRDA:18,0,0,3
BRDA:26,1,0,1
BRF:2
BRH:2
end_of_record
TN:
SF:libs/api-platform/src/queries/useCreateTargetGroupMutation.ts
FN:8,useCreateTargetGroupMutation
FN:15,onSuccess
FNF:2
FNH:1
FNDA:1,useCreateTargetGroupMutation
FNDA:0,onSuccess
DA:1,1
DA:2,1
DA:3,1
DA:4,1
DA:5,1
DA:6,1
DA:7,1
DA:8,1
DA:9,1
DA:10,1
DA:11,1
DA:12,1
DA:13,1
DA:14,1
DA:15,1
DA:16,0
DA:17,0
DA:18,0
DA:19,0
DA:20,1
DA:21,1
DA:22,1
LF:22
LH:18
BRDA:8,0,0,1
BRF:1
BRH:1
end_of_record
TN:
SF:libs/api-platform/src/queries/useDeleteComponentAutomation.ts
FNF:0
FNH:0
DA:1,1
DA:2,1
DA:3,1
DA:4,1
DA:5,1
DA:6,1
DA:7,1
DA:8,1
DA:9,1
DA:10,1
DA:11,1
DA:12,1
DA:13,1
DA:14,1
DA:15,1
DA:16,1
DA:17,1
DA:18,1
DA:19,1
LF:19
LH:19
BRF:0
BRH:0
end_of_record
TN:
SF:libs/api-platform/src/queries/useDeleteEndpoint.ts
FNF:0
FNH:0
DA:1,1
DA:2,1
DA:3,1
DA:4,1
DA:5,1
DA:6,1
DA:7,1
DA:8,1
DA:9,1
DA:10,1
DA:11,1
DA:12,1
DA:13,1
DA:14,1
DA:15,1
DA:16,1
DA:17,1
DA:18,1
DA:19,1
DA:20,1
DA:21,1
DA:22,1
LF:22
LH:22
BRDA:17,0,0,1
BRDA:17,1,0,1
BRF:2
BRH:2
end_of_record
TN:
SF:libs/api-platform/src/queries/useDeleteFeatureFlag.ts
FN:13,useDeleteFeatureFlag
FN:25,onSuccess
FNF:2
FNH:1
FNDA:1,useDeleteFeatureFlag
FNDA:0,onSuccess
DA:1,1
DA:2,1
DA:3,1
DA:4,1
DA:5,1
DA:6,1
DA:7,1
DA:8,1
DA:9,1
DA:10,1
DA:11,1
DA:12,1
DA:13,1
DA:14,1
DA:15,1
DA:16,1
DA:17,1
DA:18,1
DA:19,1
DA:20,1
DA:21,1
DA:22,1
DA:23,1
DA:24,1
DA:25,1
DA:26,0
DA:27,0
DA:28,0
DA:29,0
DA:30,0
DA:31,0
DA:32,0
DA:33,0
DA:34,0
DA:35,0
DA:36,1
DA:37,1
DA:38,1
LF:38
LH:28
BRDA:13,0,0,1
BRF:1
BRH:1
end_of_record
TN:
SF:libs/api-platform/src/queries/useDeleteProperty.ts
FNF:0
FNH:0
DA:1,1
DA:2,1
DA:3,1
DA:4,1
DA:5,1
DA:6,1
DA:7,1
DA:8,1
DA:9,1
DA:10,1
DA:11,1
DA:12,1
DA:13,1
DA:14,1
DA:15,1
DA:16,1
DA:17,1
DA:18,1
DA:19,1
DA:20,1
DA:21,1
LF:21
LH:21
BRF:0
BRH:0
end_of_record
TN:
SF:libs/api-platform/src/queries/useDeleteTargetGroup.ts
FNF:0
FNH:0
DA:1,1
DA:2,1
DA:3,1
DA:4,1
DA:5,1
DA:6,1
DA:7,1
DA:8,1
DA:9,1
DA:10,1
DA:11,1
DA:12,1
DA:13,1
DA:14,1
DA:15,1
DA:16,1
DA:17,1
DA:18,1
DA:19,1
DA:20,1
DA:21,1
LF:21
LH:21
BRF:0
BRH:0
end_of_record
TN:
SF:libs/api-platform/src/queries/useDownloadLogQuery.ts
FN:10,useDownloadLogQuery
FNF:1
FNH:1
FNDA:1,useDownloadLogQuery
DA:1,1
DA:2,1
DA:3,1
DA:4,1
DA:5,1
DA:6,1
DA:7,1
DA:8,1
DA:9,1
DA:10,1
DA:11,1
DA:12,1
DA:13,1
DA:14,1
DA:15,1
DA:16,1
DA:17,1
LF:17
LH:17
BRDA:10,0,0,1
BRF:1
BRH:1
end_of_record
TN:
SF:libs/api-platform/src/queries/useEndpointsQuery.ts
FN:14,useEndpointsQuery
FNF:1
FNH:1
FNDA:3,useEndpointsQuery
DA:1,1
DA:2,1
DA:3,1
DA:4,1
DA:5,1
DA:6,1
DA:7,1
DA:8,1
DA:9,1
DA:10,1
DA:11,1
DA:12,1
DA:13,1
DA:14,1
DA:15,3
DA:16,3
DA:17,3
DA:18,3
DA:19,3
DA:20,3
DA:21,3
DA:22,3
DA:23,3
DA:24,3
DA:25,3
DA:26,3
DA:27,3
DA:28,3
DA:29,3
DA:30,3
DA:31,3
LF:31
LH:31
BRDA:14,0,0,3
BRDA:17,1,0,2
BRDA:17,2,0,1
BRDA:18,3,0,2
BRDA:18,4,0,1
BRDA:19,5,0,2
BRDA:19,6,0,1
BRDA:22,7,0,0
BRDA:22,8,0,0
BRF:9
BRH:7
end_of_record
TN:
SF:libs/api-platform/src/queries/useFeatureFlagConfigurationStateQuery.ts
FN:4,useFeatureFlagConfigurationStateQuery
FNF:1
FNH:1
FNDA:3,useFeatureFlagConfigurationStateQuery
DA:1,1
DA:2,1
DA:3,1
DA:4,1
DA:5,3
DA:6,3
DA:7,3
DA:8,3
DA:9,3
DA:10,3
DA:11,3
DA:12,3
DA:13,3
DA:14,3
DA:15,3
LF:15
LH:15
BRDA:4,0,0,3
BRF:1
BRH:1
end_of_record
TN:
SF:libs/api-platform/src/queries/useFeatureFlagsImpressionsQuery.ts
FN:7,useFeatureFlagsImpressionsQuery
FNF:1
FNH:1
FNDA:2,useFeatureFlagsImpressionsQuery
DA:1,1
DA:2,1
DA:3,1
DA:4,1
DA:5,1
DA:6,1
DA:7,1
DA:8,2
DA:9,2
DA:10,2
DA:11,2
DA:12,2
DA:13,2
DA:14,2
DA:15,2
DA:16,2
DA:17,2
DA:18,2
DA:19,2
DA:20,2
LF:20
LH:20
BRDA:7,0,0,2
BRDA:9,1,0,0
BRF:2
BRH:1
end_of_record
TN:
SF:libs/api-platform/src/queries/useFindingDetailsQuery.ts
FN:43,useFindingDetailsQuery
FNF:1
FNH:1
FNDA:2,useFindingDetailsQuery
DA:1,1
DA:2,1
DA:3,1
DA:4,1
DA:5,1
DA:6,1
DA:7,1
DA:8,1
DA:9,1
DA:10,1
DA:11,1
DA:12,1
DA:13,1
DA:14,1
DA:15,1
DA:16,1
DA:17,1
DA:18,1
DA:19,1
DA:20,1
DA:21,1
DA:22,1
DA:23,1
DA:24,1
DA:25,1
DA:26,1
DA:27,1
DA:28,1
DA:29,1
DA:30,1
DA:31,1
DA:32,1
DA:33,1
DA:34,1
DA:35,1
DA:36,1
DA:37,1
DA:38,1
DA:39,1
DA:40,1
DA:41,1
DA:42,1
DA:43,1
DA:44,2
DA:45,2
DA:46,2
DA:47,2
DA:48,2
DA:49,2
DA:50,2
DA:51,2
DA:52,2
DA:53,2
DA:54,2
DA:55,2
DA:56,2
DA:57,2
DA:58,2
DA:59,2
LF:59
LH:59
BRDA:43,0,0,2
BRDA:50,1,0,0
BRDA:50,2,0,0
BRF:3
BRH:1
end_of_record
TN:
SF:libs/api-platform/src/queries/useGetAllFeatureFlagsLabelsQuery.ts
FN:4,useGetAllFeatureFlagsLabelsQuery
FNF:1
FNH:1
FNDA:3,useGetAllFeatureFlagsLabelsQuery
DA:1,1
DA:2,1
DA:3,1
DA:4,1
DA:5,3
DA:6,3
DA:7,3
DA:8,3
DA:9,3
DA:10,3
DA:11,3
LF:11
LH:11
BRDA:4,0,0,3
BRDA:4,1,0,0
BRDA:4,2,0,0
BRF:3
BRH:1
end_of_record
TN:
SF:libs/api-platform/src/queries/useGetAllFeatureFlagsQuery.ts
FN:4,useGetAllFeatureFlagsQuery
FNF:1
FNH:1
FNDA:3,useGetAllFeatureFlagsQuery
DA:1,1
DA:2,1
DA:3,1
DA:4,1
DA:5,3
DA:6,3
DA:7,3
DA:8,3
DA:9,3
DA:10,3
DA:11,3
LF:11
LH:11
BRDA:4,0,0,3
BRDA:4,1,0,1
BRDA:4,2,0,1
BRDA:4,3,0,2
BRDA:9,4,0,2
BRF:5
BRH:5
end_of_record
TN:
SF:libs/api-platform/src/queries/useGetAllFlagConfigurationsForAllEnvironmentsQuery.ts
FN:3,useGetAllFlagConfigurationsForAllEnvironmentsQuery
FNF:1
FNH:1
FNDA:2,useGetAllFlagConfigurationsForAllEnvironmentsQuery
DA:1,1
DA:2,1
DA:3,1
DA:4,2
DA:5,2
DA:6,2
DA:7,2
DA:8,2
DA:9,2
DA:10,2
DA:11,2
DA:12,2
DA:13,2
DA:14,2
DA:15,2
DA:16,2
LF:16
LH:16
BRDA:3,0,0,2
BRDA:6,1,0,0
BRDA:6,2,0,0
BRF:3
BRH:1
end_of_record
TN:
SF:libs/api-platform/src/queries/useGetAllFlagConfigurationsForEnvironmentQuery.ts
FN:4,useGetAllFlagConfigurationsForEnvironmentQuery
FNF:1
FNH:1
FNDA:3,useGetAllFlagConfigurationsForEnvironmentQuery
DA:1,1
DA:2,1
DA:3,1
DA:4,1
DA:5,3
DA:6,3
DA:7,3
DA:8,3
DA:9,3
DA:10,3
DA:11,3
DA:12,3
DA:13,3
DA:14,3
DA:15,3
LF:15
LH:15
BRDA:4,0,0,3
BRDA:7,1,0,1
BRDA:7,2,0,1
BRDA:7,3,0,2
BRF:4
BRH:4
end_of_record
TN:
SF:libs/api-platform/src/queries/useGetAllUsers.tsx
FN:10,useGetAllUsers
FNF:1
FNH:1
FNDA:2,useGetAllUsers
DA:1,1
DA:2,1
DA:3,1
DA:4,1
DA:5,1
DA:6,1
DA:7,1
DA:8,1
DA:9,1
DA:10,1
DA:11,2
DA:12,2
DA:13,2
DA:14,2
DA:15,2
DA:16,2
LF:16
LH:16
BRDA:10,0,0,2
BRF:1
BRH:1
end_of_record
TN:
SF:libs/api-platform/src/queries/useGetCIPrivatePluginAccessKey.ts
FN:18,useGetCIPrivatePluginAccessKey
FNF:1
FNH:1
FNDA:2,useGetCIPrivatePluginAccessKey
DA:1,1
DA:2,1
DA:3,1
DA:4,1
DA:5,1
DA:6,1
DA:7,1
DA:8,1
DA:9,1
DA:10,1
DA:11,1
DA:12,1
DA:13,1
DA:14,1
DA:15,1
DA:16,1
DA:17,1
DA:18,1
DA:19,2
DA:20,2
DA:21,2
DA:22,2
DA:23,2
DA:24,2
DA:25,2
DA:26,2
DA:27,2
DA:28,2
DA:29,2
DA:30,2
DA:31,2
DA:32,2
DA:33,2
DA:34,2
DA:35,2
DA:36,2
DA:37,2
DA:38,2
DA:39,2
DA:40,2
DA:41,2
LF:41
LH:41
BRDA:18,0,0,2
BRDA:18,1,0,0
BRDA:18,2,0,0
BRDA:18,3,0,0
BRDA:35,4,0,1
BRF:5
BRH:2
end_of_record
TN:
SF:libs/api-platform/src/queries/useGetCustomProperties.ts
FN:4,useGetCustomPropertiesQuery
FNF:1
FNH:1
FNDA:2,useGetCustomPropertiesQuery
DA:1,1
DA:2,1
DA:3,1
DA:4,1
DA:5,2
DA:6,2
DA:7,2
DA:8,2
DA:9,2
DA:10,2
DA:11,2
LF:11
LH:11
BRDA:4,0,0,2
BRF:1
BRH:1
end_of_record
TN:
SF:libs/api-platform/src/queries/useGetEnvironments.ts
FN:10,useGetEnvironments
FNF:1
FNH:1
FNDA:2,useGetEnvironments
DA:1,1
DA:2,1
DA:3,1
DA:4,1
DA:5,1
DA:6,1
DA:7,1
DA:8,1
DA:9,1
DA:10,1
DA:11,2
DA:12,2
DA:13,2
DA:14,2
DA:15,2
DA:16,2
DA:17,2
DA:18,2
DA:19,2
DA:20,2
DA:21,2
DA:22,2
DA:23,2
DA:24,2
DA:25,2
LF:25
LH:25
BRDA:10,0,0,2
BRDA:19,1,0,0
BRDA:22,2,0,0
BRDA:24,3,0,0
BRDA:24,4,0,0
BRDA:19,5,0,2
BRF:6
BRH:2
end_of_record
TN:
SF:libs/api-platform/src/queries/useGetFeatureFlag.ts
FN:8,useGetFeatureFlag
FNF:1
FNH:1
FNDA:3,useGetFeatureFlag
DA:1,1
DA:2,1
DA:3,1
DA:4,1
DA:5,1
DA:6,1
DA:7,1
DA:8,1
DA:9,3
DA:10,3
DA:11,3
DA:12,3
DA:13,3
DA:14,3
DA:15,3
LF:15
LH:15
BRDA:8,0,0,3
BRDA:8,1,0,1
BRDA:8,2,0,1
BRDA:8,3,0,2
BRF:4
BRH:4
end_of_record
TN:
SF:libs/api-platform/src/queries/useGetFeatureFlagConfigurationQuery.ts
FN:4,useGetFeatureFlagConfigurationQuery
FNF:1
FNH:1
FNDA:2,useGetFeatureFlagConfigurationQuery
DA:1,1
DA:2,1
DA:3,1
DA:4,1
DA:5,2
DA:6,2
DA:7,2
DA:8,2
DA:9,2
DA:10,2
DA:11,2
DA:12,2
DA:13,2
DA:14,2
DA:15,2
DA:16,2
LF:16
LH:16
BRDA:4,0,0,2
BRF:1
BRH:1
end_of_record
TN:
SF:libs/api-platform/src/queries/useGetFeatureFlagSDKInstallKey.ts
FN:6,useGetFeatureFlagSDKInstallKeyQuery
FNF:1
FNH:1
FNDA:2,useGetFeatureFlagSDKInstallKeyQuery
DA:1,1
DA:2,1
DA:3,1
DA:4,1
DA:5,1
DA:6,1
DA:7,2
DA:8,2
DA:9,2
DA:10,2
DA:11,2
DA:12,2
DA:13,2
DA:14,2
DA:15,2
DA:16,2
DA:17,2
LF:17
LH:17
BRDA:6,0,0,2
BRF:1
BRH:1
end_of_record
TN:
SF:libs/api-platform/src/queries/useGetFeatureFlagStatusesQuery.ts
FN:5,useGetFeatureFlagStatusesQuery
FNF:1
FNH:1
FNDA:3,useGetFeatureFlagStatusesQuery
DA:1,1
DA:2,1
DA:3,1
DA:4,1
DA:5,1
DA:6,3
DA:7,3
DA:8,3
DA:9,3
DA:10,3
DA:11,3
DA:12,3
DA:13,3
DA:14,3
DA:15,3
DA:16,3
LF:16
LH:16
BRDA:5,0,0,3
BRDA:8,1,0,0
BRDA:8,2,0,0
BRDA:14,3,0,2
BRF:4
BRH:2
end_of_record
TN:
SF:libs/api-platform/src/queries/useGetFeatureFlags.ts
FN:11,useGetFeatureFlags
FNF:1
FNH:1
FNDA:2,useGetFeatureFlags
DA:1,1
DA:2,1
DA:3,1
DA:4,1
DA:5,1
DA:6,1
DA:7,1
DA:8,1
DA:9,1
DA:10,1
DA:11,1
DA:12,2
DA:13,2
DA:14,2
DA:15,2
DA:16,2
DA:17,2
DA:18,2
DA:19,2
DA:20,2
DA:21,2
DA:22,2
DA:23,2
DA:24,2
DA:25,2
LF:25
LH:25
BRDA:11,0,0,2
BRDA:19,1,0,0
BRDA:22,2,0,0
BRDA:24,3,0,0
BRDA:24,4,0,0
BRDA:19,5,0,2
BRF:6
BRH:2
end_of_record
TN:
SF:libs/api-platform/src/queries/useGetTargetGroup.ts
FN:10,useGetTargetGroup
FNF:1
FNH:1
FNDA:2,useGetTargetGroup
DA:1,1
DA:2,1
DA:3,1
DA:4,1
DA:5,1
DA:6,1
DA:7,1
DA:8,1
DA:9,1
DA:10,1
DA:11,2
DA:12,2
DA:13,2
DA:14,2
DA:15,2
DA:16,2
DA:17,2
DA:18,2
DA:19,2
DA:20,2
DA:21,2
LF:21
LH:21
BRDA:10,0,0,2
BRF:1
BRH:1
end_of_record
TN:
SF:libs/api-platform/src/queries/useGetTargetGroupWithFlagUsagePerEnvironment.ts
FN:11,useGetTargetGroupWithFlagUsagePerEnvironment
FNF:1
FNH:1
FNDA:3,useGetTargetGroupWithFlagUsagePerEnvironment
DA:1,1
DA:2,1
DA:3,1
DA:4,1
DA:5,1
DA:6,1
DA:7,1
DA:8,1
DA:9,1
DA:10,1
DA:11,1
DA:12,3
DA:13,3
DA:14,3
DA:15,3
DA:16,3
DA:17,3
DA:18,3
DA:19,3
DA:20,3
DA:21,3
DA:22,3
DA:23,3
DA:24,3
DA:25,3
LF:25
LH:25
BRDA:11,0,0,3
BRDA:15,1,0,2
BRDA:15,2,0,1
BRF:3
BRH:3
end_of_record
TN:
SF:libs/api-platform/src/queries/useGetTargetGroups.ts
FN:4,useGetTargetGroups
FNF:1
FNH:1
FNDA:2,useGetTargetGroups
DA:1,1
DA:2,1
DA:3,1
DA:4,1
DA:5,2
DA:6,2
DA:7,2
DA:8,2
DA:9,2
DA:10,2
DA:11,2
LF:11
LH:11
BRDA:4,0,0,2
BRF:1
BRH:1
end_of_record
TN:
SF:libs/api-platform/src/queries/useGetTargetGroupsWithFlagUsage.ts
FN:4,useGetTargetGroupsWithFlagUsage
FNF:1
FNH:1
FNDA:2,useGetTargetGroupsWithFlagUsage
DA:1,1
DA:2,1
DA:3,1
DA:4,1
DA:5,2
DA:6,2
DA:7,2
DA:8,2
DA:9,2
DA:10,2
DA:11,2
LF:11
LH:11
BRDA:4,0,0,2
BRF:1
BRH:1
end_of_record
TN:
SF:libs/api-platform/src/queries/useGetTargetGroupsWithOptions.ts
FN:10,useGetTargetGroupsWithOptions
FNF:1
FNH:1
FNDA:2,useGetTargetGroupsWithOptions
DA:1,1
DA:2,1
DA:3,1
DA:4,1
DA:5,1
DA:6,1
DA:7,1
DA:8,1
DA:9,1
DA:10,1
DA:11,2
DA:12,2
DA:13,2
DA:14,2
DA:15,2
DA:16,2
DA:17,2
DA:18,2
DA:19,2
DA:20,2
DA:21,2
DA:22,2
DA:23,2
DA:24,2
LF:24
LH:24
BRDA:10,0,0,2
BRDA:18,1,0,0
BRDA:21,2,0,0
BRDA:23,3,0,0
BRDA:23,4,0,0
BRDA:18,5,0,2
BRDA:19,6,0,0
BRF:7
BRH:2
end_of_record
TN:
SF:libs/api-platform/src/queries/useGetUserPreferences.ts
FN:11,useGetUserPreferences
FNF:1
FNH:1
FNDA:2,useGetUserPreferences
DA:1,1
DA:2,1
DA:3,1
DA:4,1
DA:5,1
DA:6,1
DA:7,1
DA:8,1
DA:9,1
DA:10,1
DA:11,1
DA:12,2
DA:13,2
DA:14,2
DA:15,2
DA:16,2
DA:17,2
DA:18,2
DA:19,2
DA:20,2
DA:21,2
DA:22,2
DA:23,2
DA:24,2
DA:25,2
LF:25
LH:25
BRDA:11,0,0,2
BRF:1
BRH:1
end_of_record
TN:
SF:libs/api-platform/src/queries/useGetUsersInvitedToTeam.ts
FN:17,useGetUsersInvitedToTeam
FNF:1
FNH:1
FNDA:3,useGetUsersInvitedToTeam
DA:1,1
DA:2,1
DA:3,1
DA:4,1
DA:5,1
DA:6,1
DA:7,1
DA:8,1
DA:9,1
DA:10,1
DA:11,1
DA:12,1
DA:13,1
DA:14,1
DA:15,1
DA:16,1
DA:17,1
DA:18,3
DA:19,3
DA:20,3
DA:21,3
DA:22,3
DA:23,3
DA:24,3
DA:25,3
DA:26,3
DA:27,3
DA:28,3
DA:29,3
LF:29
LH:29
BRDA:17,0,0,3
BRDA:22,1,0,2
BRF:2
BRH:2
end_of_record
TN:
SF:libs/api-platform/src/queries/useImpressionsQuery.ts
FN:14,useImpressionsQuery
FNF:1
FNH:1
FNDA:2,useImpressionsQuery
DA:1,1
DA:2,1
DA:3,1
DA:4,1
DA:5,1
DA:6,1
DA:7,1
DA:8,1
DA:9,1
DA:10,1
DA:11,1
DA:12,1
DA:13,1
DA:14,1
DA:15,2
DA:16,2
DA:17,2
DA:18,2
DA:19,2
DA:20,2
DA:21,2
DA:22,2
DA:23,2
DA:24,2
DA:25,2
DA:26,2
DA:27,2
DA:28,2
DA:29,2
DA:30,2
LF:30
LH:30
BRDA:14,0,0,2
BRDA:16,1,0,0
BRF:2
BRH:1
end_of_record
TN:
SF:libs/api-platform/src/queries/useInstrumentation.tsx
FN:1,(empty-report)
FNF:1
FNH:0
FNDA:0,(empty-report)
DA:1,0
DA:2,0
DA:3,0
DA:4,0
DA:5,0
DA:6,0
DA:7,0
DA:8,0
DA:9,0
DA:10,0
DA:11,0
DA:12,0
DA:13,0
DA:14,0
DA:15,0
DA:16,0
DA:17,0
DA:18,0
DA:19,0
DA:20,0
DA:21,0
DA:22,0
DA:23,0
DA:24,0
DA:25,0
DA:26,0
DA:27,0
DA:28,0
DA:29,0
DA:30,0
DA:31,0
DA:32,0
DA:33,0
DA:34,0
DA:35,0
DA:36,0
DA:37,0
DA:38,0
DA:39,0
DA:40,0
DA:41,0
DA:42,0
DA:43,0
DA:44,0
DA:45,0
DA:46,0
DA:47,0
DA:48,0
DA:49,0
DA:50,0
DA:51,0
DA:52,0
DA:53,0
DA:54,0
DA:55,0
DA:56,0
DA:57,0
DA:58,0
DA:59,0
DA:60,0
DA:61,0
DA:62,0
DA:63,0
DA:64,0
DA:65,0
DA:66,0
DA:67,0
DA:68,0
DA:69,0
DA:70,0
DA:71,0
DA:72,0
DA:73,0
DA:74,0
DA:75,0
DA:76,0
DA:77,0
DA:78,0
DA:79,0
DA:80,0
DA:81,0
DA:82,0
DA:83,0
DA:84,0
DA:85,0
DA:86,0
DA:87,0
DA:88,0
DA:89,0
DA:90,0
DA:91,0
DA:92,0
DA:93,0
DA:94,0
DA:95,0
DA:96,0
DA:97,0
DA:98,0
DA:99,0
DA:100,0
DA:101,0
DA:102,0
DA:103,0
DA:104,0
DA:105,0
DA:106,0
DA:107,0
DA:108,0
DA:109,0
DA:110,0
DA:111,0
DA:112,0
DA:113,0
DA:114,0
DA:115,0
DA:116,0
DA:117,0
DA:118,0
DA:119,0
DA:120,0
DA:121,0
DA:122,0
DA:123,0
DA:124,0
DA:125,0
DA:126,0
DA:127,0
DA:128,0
DA:129,0
DA:130,0
DA:131,0
DA:132,0
DA:133,0
DA:134,0
DA:135,0
DA:136,0
DA:137,0
DA:138,0
DA:139,0
LF:139
LH:0
BRDA:1,0,0,0
BRF:1
BRH:0
end_of_record
TN:
SF:libs/api-platform/src/queries/useIssueFindingsQuery.ts
FN:1,(empty-report)
FNF:1
FNH:0
FNDA:0,(empty-report)
DA:1,0
DA:2,0
DA:3,0
DA:4,0
DA:5,0
DA:6,0
DA:7,0
DA:8,0
DA:9,0
DA:10,0
DA:11,0
DA:12,0
DA:13,0
DA:14,0
DA:15,0
DA:16,0
DA:17,0
DA:18,0
DA:19,0
DA:20,0
DA:21,0
DA:22,0
DA:23,0
DA:24,0
DA:25,0
DA:26,0
DA:27,0
DA:28,0
DA:29,0
DA:30,0
DA:31,0
DA:32,0
DA:33,0
DA:34,0
DA:35,0
DA:36,0
DA:37,0
DA:38,0
DA:39,0
DA:40,0
DA:41,0
DA:42,0
DA:43,0
DA:44,0
DA:45,0
DA:46,0
DA:47,0
DA:48,0
DA:49,0
DA:50,0
DA:51,0
DA:52,0
DA:53,0
DA:54,0
DA:55,0
DA:56,0
DA:57,0
DA:58,0
DA:59,0
DA:60,0
DA:61,0
DA:62,0
DA:63,0
DA:64,0
DA:65,0
DA:66,0
DA:67,0
DA:68,0
DA:69,0
DA:70,0
DA:71,0
DA:72,0
DA:73,0
DA:74,0
DA:75,0
DA:76,0
DA:77,0
LF:77
LH:0
BRDA:1,0,0,0
BRF:1
BRH:0
end_of_record
TN:
SF:libs/api-platform/src/queries/useJenkinsControllersQuery.ts
FN:1,(empty-report)
FNF:1
FNH:0
FNDA:0,(empty-report)
DA:1,0
DA:2,0
DA:3,0
DA:4,0
DA:5,0
DA:6,0
DA:7,0
DA:8,0
DA:9,0
DA:10,0
DA:11,0
DA:12,0
DA:13,0
DA:14,0
DA:15,0
DA:16,0
DA:17,0
DA:18,0
DA:19,0
DA:20,0
DA:21,0
DA:22,0
DA:23,0
DA:24,0
DA:25,0
DA:26,0
DA:27,0
DA:28,0
DA:29,0
DA:30,0
DA:31,0
DA:32,0
DA:33,0
DA:34,0
DA:35,0
DA:36,0
DA:37,0
DA:38,0
LF:38
LH:0
BRDA:1,0,0,0
BRF:1
BRH:0
end_of_record
TN:
SF:libs/api-platform/src/queries/useLeaveTeamQuery.ts
FN:6,useLeaveTeamQuery
FNF:1
FNH:1
FNDA:3,useLeaveTeamQuery
DA:1,1
DA:2,1
DA:3,1
DA:4,1
DA:5,1
DA:6,1
DA:7,3
DA:8,3
DA:9,3
DA:10,3
DA:11,3
LF:11
LH:11
BRDA:6,0,0,3
BRF:1
BRH:1
end_of_record
TN:
SF:libs/api-platform/src/queries/useManualTriggerMutation.ts
FN:23,useManualTriggerMutation
FNF:1
FNH:1
FNDA:1,useManualTriggerMutation
DA:1,1
DA:2,1
DA:3,1
DA:4,1
DA:5,1
DA:6,1
DA:7,1
DA:8,1
DA:9,1
DA:10,1
DA:11,1
DA:12,1
DA:13,1
DA:14,1
DA:15,1
DA:16,1
DA:17,1
DA:18,1
DA:19,1
DA:20,1
DA:21,1
DA:22,1
DA:23,1
DA:24,1
DA:25,1
DA:26,1
DA:27,1
DA:28,1
DA:29,1
DA:30,1
DA:31,1
DA:32,1
DA:33,1
DA:34,1
DA:35,1
DA:36,1
LF:36
LH:36
BRDA:23,0,0,1
BRF:1
BRH:1
end_of_record
TN:
SF:libs/api-platform/src/queries/useOrganizationQueries.ts
FN:15,useGetOrganization
FN:25,findOrg
FN:46,calculateFullQualifiedDomainName
FN:73,useGetOrganizationWithSubOrgs
FN:106,useGetCurrentOrganizationWithSubOrgs
FN:119,useGetOrganizationsForUser
FNF:6
FNH:2
FNDA:3,useGetOrganization
FNDA:0,findOrg
FNDA:0,calculateFullQualifiedDomainName
FNDA:0,useGetOrganizationWithSubOrgs
FNDA:0,useGetCurrentOrganizationWithSubOrgs
FNDA:3,useGetOrganizationsForUser
DA:1,1
DA:2,1
DA:3,1
DA:4,1
DA:5,1
DA:6,1
DA:7,1
DA:8,1
DA:9,1
DA:10,1
DA:11,1
DA:12,1
DA:13,1
DA:14,1
DA:15,1
DA:16,3
DA:17,3
DA:18,3
DA:19,3
DA:20,3
DA:21,3
DA:22,3
DA:23,1
DA:24,1
DA:25,1
DA:26,0
DA:27,0
DA:28,0
DA:29,0
DA:30,0
DA:31,0
DA:32,0
DA:33,0
DA:34,0
DA:35,0
DA:36,0
DA:37,0
DA:38,0
DA:39,0
DA:40,0
DA:41,0
DA:42,0
DA:43,0
DA:44,0
DA:45,1
DA:46,1
DA:47,0
DA:48,0
DA:49,0
DA:50,0
DA:51,0
DA:52,0
DA:53,0
DA:54,0
DA:55,0
DA:56,0
DA:57,0
DA:58,0
DA:59,0
DA:60,0
DA:61,0
DA:62,0
DA:63,0
DA:64,0
DA:65,0
DA:66,0
DA:67,0
DA:68,1
DA:69,1
DA:70,1
DA:71,1
DA:72,1
DA:73,1
DA:74,0
DA:75,0
DA:76,0
DA:77,0
DA:78,0
DA:79,0
DA:80,0
DA:81,0
DA:82,0
DA:83,0
DA:84,0
DA:85,0
DA:86,0
DA:87,0
DA:88,0
DA:89,0
DA:90,0
DA:91,0
DA:92,0
DA:93,0
DA:94,0
DA:95,0
DA:96,0
DA:97,0
DA:98,0
DA:99,0
DA:100,0
DA:101,1
DA:102,1
DA:103,1
DA:104,1
DA:105,1
DA:106,1
DA:107,0
DA:108,0
DA:109,0
DA:110,0
DA:111,1
DA:112,1
DA:113,1
DA:114,1
DA:115,1
DA:116,1
DA:117,1
DA:118,1
DA:119,1
DA:120,3
DA:121,3
DA:122,3
DA:123,3
DA:124,3
DA:125,3
DA:126,3
DA:127,3
DA:128,3
LF:128
LH:57
BRDA:15,0,0,3
BRDA:15,1,0,0
BRDA:15,2,0,0
BRDA:119,3,0,3
BRDA:119,4,0,0
BRDA:119,5,0,0
BRDA:126,6,0,0
BRF:7
BRH:2
end_of_record
TN:
SF:libs/api-platform/src/queries/usePluginConfigMutation.ts
FN:7,usePluginConfigMutation
FN:16,onSuccess
FNF:2
FNH:2
FNDA:2,usePluginConfigMutation
FNDA:1,onSuccess
DA:1,1
DA:2,1
DA:3,1
DA:4,1
DA:5,1
DA:6,1
DA:7,1
DA:8,2
DA:9,2
DA:10,2
DA:11,2
DA:12,2
DA:13,2
DA:14,2
DA:15,2
DA:16,2
DA:17,1
DA:18,1
DA:19,2
DA:20,2
DA:21,2
LF:21
LH:21
BRDA:7,0,0,2
BRDA:16,1,0,1
BRF:2
BRH:2
end_of_record
TN:
SF:libs/api-platform/src/queries/usePostSamlConnection.ts
FN:17,usePostSamlConnection
FNF:1
FNH:1
FNDA:6,usePostSamlConnection
DA:1,1
DA:2,1
DA:3,1
DA:4,1
DA:5,1
DA:6,1
DA:7,1
DA:8,1
DA:9,1
DA:10,1
DA:11,1
DA:12,1
DA:13,1
DA:14,1
DA:15,1
DA:16,1
DA:17,1
DA:18,6
DA:19,6
DA:20,6
DA:21,6
DA:22,6
DA:23,6
DA:24,6
DA:25,6
DA:26,6
DA:27,6
LF:27
LH:27
BRDA:17,0,0,6
BRDA:19,1,0,0
BRDA:24,2,0,3
BRDA:24,3,0,3
BRF:4
BRH:3
end_of_record
TN:
SF:libs/api-platform/src/queries/usePropertiesQuery.ts
FN:4,useExtendedPropertiesQuery
FNF:1
FNH:1
FNDA:3,useExtendedPropertiesQuery
DA:1,1
DA:2,1
DA:3,1
DA:4,1
DA:5,3
DA:6,3
DA:7,3
DA:8,3
DA:9,3
DA:10,3
DA:11,3
DA:12,3
DA:13,3
DA:14,3
DA:15,3
DA:16,3
LF:16
LH:16
BRDA:4,0,0,3
BRDA:6,1,0,0
BRDA:6,2,0,0
BRDA:7,3,0,0
BRDA:7,4,0,0
BRF:5
BRH:1
end_of_record
TN:
SF:libs/api-platform/src/queries/useRbacQueries.ts
FN:11,useGetUserRolesForOrganization
FN:31,useGetUserRolesForOrganizations
FNF:2
FNH:2
FNDA:2,useGetUserRolesForOrganization
FNDA:2,useGetUserRolesForOrganizations
DA:1,1
DA:2,1
DA:3,1
DA:4,1
DA:5,1
DA:6,1
DA:7,1
DA:8,1
DA:9,1
DA:10,1
DA:11,1
DA:12,2
DA:13,2
DA:14,2
DA:15,2
DA:16,2
DA:17,2
DA:18,2
DA:19,2
DA:20,2
DA:21,2
DA:22,2
DA:23,2
DA:24,2
DA:25,1
DA:26,1
DA:27,1
DA:28,1
DA:29,1
DA:30,1
DA:31,1
DA:32,2
DA:33,2
DA:34,2
DA:35,2
DA:36,2
DA:37,2
DA:38,2
DA:39,2
DA:40,2
DA:41,2
DA:42,2
DA:43,2
DA:44,2
DA:45,2
LF:45
LH:45
BRDA:11,0,0,2
BRDA:14,1,0,0
BRDA:14,2,0,0
BRDA:14,3,0,0
BRDA:14,4,0,0
BRDA:17,5,0,0
BRDA:31,6,0,2
BRDA:33,7,0,0
BRDA:33,8,0,0
BRDA:33,9,0,0
BRDA:33,10,0,0
BRF:11
BRH:2
end_of_record
TN:
SF:libs/api-platform/src/queries/useRemoveTeam.ts
FN:1,(empty-report)
FNF:1
FNH:0
FNDA:0,(empty-report)
DA:1,0
DA:2,0
DA:3,0
DA:4,0
DA:5,0
DA:6,0
DA:7,0
DA:8,0
DA:9,0
DA:10,0
DA:11,0
DA:12,0
DA:13,0
DA:14,0
DA:15,0
DA:16,0
LF:16
LH:0
BRDA:1,0,0,0
BRF:1
BRH:0
end_of_record
TN:
SF:libs/api-platform/src/queries/useRepositoriesQuery.ts
FN:12,useRepositoriesQuery
FNF:1
FNH:1
FNDA:3,useRepositoriesQuery
DA:1,1
DA:2,1
DA:3,1
DA:4,1
DA:5,1
DA:6,1
DA:7,1
DA:8,1
DA:9,1
DA:10,1
DA:11,1
DA:12,1
DA:13,3
DA:14,3
DA:15,3
DA:16,3
DA:17,3
DA:18,3
DA:19,3
DA:20,3
DA:21,3
DA:22,3
DA:23,3
DA:24,3
DA:25,3
DA:26,3
DA:27,3
DA:28,3
LF:28
LH:28
BRDA:12,0,0,3
BRDA:14,1,0,0
BRDA:15,2,0,0
BRDA:17,3,0,0
BRDA:25,4,0,0
BRF:5
BRH:1
end_of_record
TN:
SF:libs/api-platform/src/queries/useResourceListQuery.ts
FN:31,useResourceListQuery
FNF:1
FNH:1
FNDA:3,useResourceListQuery
DA:1,1
DA:2,1
DA:3,1
DA:4,1
DA:5,1
DA:6,1
DA:7,1
DA:8,1
DA:9,1
DA:10,1
DA:11,1
DA:12,1
DA:13,1
DA:14,1
DA:15,1
DA:16,1
DA:17,1
DA:18,1
DA:19,1
DA:20,1
DA:21,1
DA:22,1
DA:23,3
DA:24,2
DA:25,2
DA:26,3
DA:27,3
DA:28,1
DA:29,1
DA:30,1
DA:31,1
DA:32,3
DA:33,3
DA:34,3
DA:35,3
DA:36,3
DA:37,3
DA:38,3
DA:39,3
DA:40,3
DA:41,3
DA:42,3
DA:43,3
DA:44,3
DA:45,3
DA:46,3
LF:46
LH:46
BRDA:22,0,0,3
BRDA:23,1,0,2
BRDA:31,2,0,3
BRDA:37,3,0,0
BRDA:37,4,0,1
BRDA:37,5,0,2
BRF:6
BRH:5
end_of_record
TN:
SF:libs/api-platform/src/queries/useRolesQuery.ts
FN:1,(empty-report)
FNF:1
FNH:0
FNDA:0,(empty-report)
DA:1,0
DA:2,0
DA:3,0
DA:4,0
DA:5,0
DA:6,0
DA:7,0
DA:8,0
DA:9,0
DA:10,0
DA:11,0
DA:12,0
DA:13,0
DA:14,0
DA:15,0
DA:16,0
DA:17,0
DA:18,0
DA:19,0
DA:20,0
DA:21,0
DA:22,0
DA:23,0
DA:24,0
DA:25,0
DA:26,0
DA:27,0
DA:28,0
DA:29,0
DA:30,0
DA:31,0
DA:32,0
DA:33,0
DA:34,0
DA:35,0
DA:36,0
DA:37,0
DA:38,0
DA:39,0
DA:40,0
DA:41,0
DA:42,0
DA:43,0
DA:44,0
DA:45,0
DA:46,0
DA:47,0
DA:48,0
DA:49,0
DA:50,0
DA:51,0
DA:52,0
DA:53,0
DA:54,0
DA:55,0
DA:56,0
DA:57,0
DA:58,0
DA:59,0
DA:60,0
DA:61,0
DA:62,0
DA:63,0
DA:64,0
DA:65,0
DA:66,0
DA:67,0
DA:68,0
DA:69,0
DA:70,0
DA:71,0
DA:72,0
DA:73,0
DA:74,0
DA:75,0
DA:76,0
DA:77,0
DA:78,0
DA:79,0
DA:80,0
DA:81,0
DA:82,0
DA:83,0
DA:84,0
DA:85,0
DA:86,0
DA:87,0
DA:88,0
DA:89,0
DA:90,0
DA:91,0
DA:92,0
DA:93,0
DA:94,0
DA:95,0
DA:96,0
DA:97,0
DA:98,0
DA:99,0
DA:100,0
DA:101,0
DA:102,0
DA:103,0
DA:104,0
DA:105,0
DA:106,0
DA:107,0
DA:108,0
DA:109,0
DA:110,0
DA:111,0
DA:112,0
DA:113,0
DA:114,0
DA:115,0
DA:116,0
DA:117,0
DA:118,0
DA:119,0
DA:120,0
DA:121,0
DA:122,0
DA:123,0
DA:124,0
DA:125,0
DA:126,0
DA:127,0
DA:128,0
DA:129,0
DA:130,0
DA:131,0
DA:132,0
DA:133,0
DA:134,0
DA:135,0
DA:136,0
DA:137,0
DA:138,0
DA:139,0
DA:140,0
DA:141,0
DA:142,0
DA:143,0
DA:144,0
DA:145,0
DA:146,0
DA:147,0
DA:148,0
DA:149,0
DA:150,0
DA:151,0
DA:152,0
DA:153,0
DA:154,0
DA:155,0
DA:156,0
DA:157,0
DA:158,0
DA:159,0
DA:160,0
DA:161,0
DA:162,0
DA:163,0
DA:164,0
DA:165,0
DA:166,0
DA:167,0
DA:168,0
DA:169,0
DA:170,0
DA:171,0
DA:172,0
DA:173,0
DA:174,0
DA:175,0
DA:176,0
DA:177,0
DA:178,0
DA:179,0
DA:180,0
DA:181,0
DA:182,0
DA:183,0
DA:184,0
DA:185,0
DA:186,0
DA:187,0
DA:188,0
DA:189,0
DA:190,0
DA:191,0
DA:192,0
DA:193,0
DA:194,0
DA:195,0
DA:196,0
DA:197,0
DA:198,0
DA:199,0
DA:200,0
DA:201,0
DA:202,0
DA:203,0
DA:204,0
DA:205,0
DA:206,0
DA:207,0
DA:208,0
DA:209,0
DA:210,0
DA:211,0
DA:212,0
DA:213,0
DA:214,0
DA:215,0
DA:216,0
DA:217,0
DA:218,0
DA:219,0
DA:220,0
DA:221,0
DA:222,0
DA:223,0
DA:224,0
DA:225,0
LF:225
LH:0
BRDA:1,0,0,0
BRF:1
BRH:0
end_of_record
TN:
SF:libs/api-platform/src/queries/useRunDetailsTestResults.ts
FN:1,(empty-report)
FNF:1
FNH:0
FNDA:0,(empty-report)
DA:1,0
DA:2,0
DA:3,0
DA:4,0
DA:5,0
DA:6,0
DA:7,0
DA:8,0
DA:9,0
DA:10,0
DA:11,0
DA:12,0
DA:13,0
DA:14,0
DA:15,0
DA:16,0
DA:17,0
DA:18,0
DA:19,0
DA:20,0
DA:21,0
DA:22,0
DA:23,0
DA:24,0
DA:25,0
DA:26,0
DA:27,0
DA:28,0
DA:29,0
DA:30,0
DA:31,0
DA:32,0
DA:33,0
DA:34,0
DA:35,0
DA:36,0
DA:37,0
DA:38,0
DA:39,0
DA:40,0
DA:41,0
DA:42,0
DA:43,0
DA:44,0
DA:45,0
DA:46,0
DA:47,0
DA:48,0
DA:49,0
LF:49
LH:0
BRDA:1,0,0,0
BRF:1
BRH:0
end_of_record
TN:
SF:libs/api-platform/src/queries/useSCMBranchesQuery.ts
FN:4,useSCMBranchesQuery
FNF:1
FNH:1
FNDA:3,useSCMBranchesQuery
DA:1,1
DA:2,1
DA:3,1
DA:4,1
DA:5,3
DA:6,3
DA:7,3
DA:8,3
DA:9,3
DA:10,3
DA:11,3
DA:12,3
DA:13,3
DA:14,3
DA:15,3
DA:16,3
DA:17,3
DA:18,3
LF:18
LH:18
BRDA:4,0,0,3
BRDA:8,1,0,0
BRDA:8,2,0,0
BRDA:9,3,0,0
BRDA:9,4,0,0
BRDA:15,5,0,2
BRDA:15,6,0,2
BRF:7
BRH:3
end_of_record
TN:
SF:libs/api-platform/src/queries/useSLAConfigurationQuery.ts
FN:1,(empty-report)
FNF:1
FNH:0
FNDA:0,(empty-report)
DA:1,0
DA:2,0
DA:3,0
DA:4,0
DA:5,0
DA:6,0
DA:7,0
DA:8,0
DA:9,0
DA:10,0
DA:11,0
DA:12,0
DA:13,0
DA:14,0
DA:15,0
DA:16,0
DA:17,0
DA:18,0
DA:19,0
DA:20,0
DA:21,0
DA:22,0
DA:23,0
DA:24,0
DA:25,0
DA:26,0
DA:27,0
DA:28,0
DA:29,0
DA:30,0
DA:31,0
DA:32,0
DA:33,0
DA:34,0
DA:35,0
DA:36,0
DA:37,0
DA:38,0
DA:39,0
DA:40,0
DA:41,0
DA:42,0
DA:43,0
DA:44,0
LF:44
LH:0
BRDA:1,0,0,0
BRF:1
BRH:0
end_of_record
TN:
SF:libs/api-platform/src/queries/useScanResultsQuery.ts
FN:6,useScanResultsQuery
FNF:1
FNH:1
FNDA:2,useScanResultsQuery
DA:1,1
DA:2,1
DA:3,1
DA:4,1
DA:5,1
DA:6,1
DA:7,2
DA:8,2
DA:9,2
DA:10,2
DA:11,2
DA:12,2
DA:13,2
DA:14,2
DA:15,2
DA:16,2
DA:17,2
DA:18,2
DA:19,2
DA:20,2
LF:20
LH:20
BRDA:6,0,0,2
BRF:1
BRH:1
end_of_record
TN:
SF:libs/api-platform/src/queries/useSecurityConfigurationFilterCriteriaQuery.ts
FN:1,(empty-report)
FNF:1
FNH:0
FNDA:0,(empty-report)
DA:1,0
DA:2,0
DA:3,0
DA:4,0
DA:5,0
DA:6,0
DA:7,0
DA:8,0
DA:9,0
DA:10,0
DA:11,0
DA:12,0
DA:13,0
DA:14,0
DA:15,0
DA:16,0
DA:17,0
DA:18,0
DA:19,0
DA:20,0
DA:21,0
DA:22,0
DA:23,0
DA:24,0
DA:25,0
DA:26,0
DA:27,0
DA:28,0
DA:29,0
DA:30,0
DA:31,0
DA:32,0
DA:33,0
LF:33
LH:0
BRDA:1,0,0,0
BRF:1
BRH:0
end_of_record
TN:
SF:libs/api-platform/src/queries/useTeamsQueries.ts
FN:15,useGetTeamsByUser
FN:23,useGetTeamById
FN:41,useGetFullTeamDetailsForAllTeamsUnderOrgs
FN:58,normalizeUserType
FN:72,useGetSingleTeamWithUserData
FNF:5
FNH:5
FNDA:2,useGetTeamsByUser
FNDA:2,useGetTeamById
FNDA:2,useGetFullTeamDetailsForAllTeamsUnderOrgs
FNDA:1,normalizeUserType
FNDA:2,useGetSingleTeamWithUserData
DA:1,1
DA:2,1
DA:3,1
DA:4,1
DA:5,1
DA:6,1
DA:7,1
DA:8,1
DA:9,1
DA:10,1
DA:11,1
DA:12,1
DA:13,1
DA:14,1
DA:15,1
DA:16,2
DA:17,2
DA:18,2
DA:19,2
DA:20,2
DA:21,2
DA:22,1
DA:23,1
DA:24,2
DA:25,2
DA:26,2
DA:27,2
DA:28,2
DA:29,2
DA:30,2
DA:31,2
DA:32,2
DA:33,1
DA:34,1
DA:35,1
DA:36,1
DA:37,1
DA:38,1
DA:39,1
DA:40,1
DA:41,1
DA:42,2
DA:43,2
DA:44,2
DA:45,2
DA:46,2
DA:47,2
DA:48,2
DA:49,2
DA:50,2
DA:51,2
DA:52,1
DA:53,1
DA:54,1
DA:55,1
DA:56,1
DA:57,1
DA:58,1
DA:59,1
DA:60,1
DA:61,1
DA:62,1
DA:63,1
DA:64,1
DA:65,1
DA:66,1
DA:67,1
DA:68,1
DA:69,1
DA:70,1
DA:71,1
DA:72,1
DA:73,2
DA:74,2
DA:75,2
DA:76,2
DA:77,2
DA:78,2
DA:79,2
DA:80,2
DA:81,2
DA:82,2
DA:83,2
DA:84,2
DA:85,2
DA:86,2
DA:87,2
LF:87
LH:87
BRDA:15,0,0,2
BRDA:23,1,0,2
BRDA:30,2,0,0
BRDA:41,3,0,2
BRDA:41,4,0,0
BRDA:41,5,0,0
BRDA:47,6,0,0
BRDA:58,7,0,1
BRDA:63,8,0,0
BRDA:72,9,0,2
BRDA:76,10,0,0
BRDA:76,11,0,0
BRF:12
BRH:5
end_of_record
TN:
SF:libs/api-platform/src/queries/useTeamsQuery.ts
FN:5,useTeamsQuery
FNF:1
FNH:1
FNDA:3,useTeamsQuery
DA:1,1
DA:2,1
DA:3,1
DA:4,1
DA:5,1
DA:6,3
DA:7,3
DA:8,3
DA:9,3
DA:10,3
DA:11,3
DA:12,3
DA:13,3
LF:13
LH:13
BRDA:5,0,0,3
BRF:1
BRH:1
end_of_record
TN:
SF:libs/api-platform/src/queries/useUpdateComponentsMutation.ts
FN:5,useUpdateComponentsMutation
FN:10,onSuccess
FNF:2
FNH:2
FNDA:3,useUpdateComponentsMutation
FNDA:1,onSuccess
DA:1,1
DA:2,1
DA:3,1
DA:4,1
DA:5,1
DA:6,3
DA:7,3
DA:8,3
DA:9,3
DA:10,3
DA:11,1
DA:12,1
DA:13,1
DA:14,3
DA:15,3
LF:15
LH:15
BRDA:5,0,0,3
BRDA:10,1,0,1
BRF:2
BRH:2
end_of_record
TN:
SF:libs/api-platform/src/queries/useUpdateFeatureFlag.ts
FN:1,(empty-report)
FNF:1
FNH:0
FNDA:0,(empty-report)
DA:1,0
DA:2,0
DA:3,0
DA:4,0
DA:5,0
DA:6,0
DA:7,0
DA:8,0
DA:9,0
DA:10,0
DA:11,0
DA:12,0
DA:13,0
DA:14,0
DA:15,0
DA:16,0
DA:17,0
DA:18,0
DA:19,0
DA:20,0
DA:21,0
DA:22,0
DA:23,0
DA:24,0
DA:25,0
DA:26,0
DA:27,0
LF:27
LH:0
BRDA:1,0,0,0
BRF:1
BRH:0
end_of_record
TN:
SF:libs/api-platform/src/queries/useUpdateFlagConfigurationMutation.ts
FN:5,useUpdateFlagConfigurationMutation
FN:16,onSuccess
FNF:2
FNH:2
FNDA:3,useUpdateFlagConfigurationMutation
FNDA:1,onSuccess
DA:1,1
DA:2,1
DA:3,1
DA:4,1
DA:5,1
DA:6,3
DA:7,3
DA:8,3
DA:9,3
DA:10,3
DA:11,3
DA:12,3
DA:13,3
DA:14,3
DA:15,3
DA:16,3
DA:17,1
DA:18,1
DA:19,1
DA:20,1
DA:21,1
DA:22,1
DA:23,1
DA:24,1
DA:25,1
DA:26,1
DA:27,1
DA:28,1
DA:29,1
DA:30,1
DA:31,3
DA:32,3
DA:33,3
LF:33
LH:33
BRDA:5,0,0,3
BRDA:16,1,0,1
BRDA:17,2,0,0
BRF:3
BRH:2
end_of_record
TN:
SF:libs/api-platform/src/queries/useUpdateFlagConfigurationStateMutation.ts
FN:3,useUpdateFlagConfigurationStateMutation
FNF:1
FNH:1
FNDA:3,useUpdateFlagConfigurationStateMutation
DA:1,1
DA:2,1
DA:3,1
DA:4,3
DA:5,3
DA:6,3
DA:7,3
DA:8,3
DA:9,3
DA:10,3
DA:11,3
DA:12,3
DA:13,3
DA:14,3
DA:15,3
DA:16,3
LF:16
LH:16
BRDA:3,0,0,3
BRDA:13,1,0,0
BRF:2
BRH:1
end_of_record
TN:
SF:libs/api-platform/src/queries/useUpdateFlagSettingsMutation.ts
FN:5,useUpdateFlagSettingsMutation
FN:16,onSuccess
FNF:2
FNH:2
FNDA:3,useUpdateFlagSettingsMutation
FNDA:1,onSuccess
DA:1,1
DA:2,1
DA:3,1
DA:4,1
DA:5,1
DA:6,3
DA:7,3
DA:8,3
DA:9,3
DA:10,3
DA:11,3
DA:12,3
DA:13,3
DA:14,3
DA:15,3
DA:16,3
DA:17,1
DA:18,1
DA:19,1
DA:20,1
DA:21,1
DA:22,1
DA:23,1
DA:24,1
DA:25,3
DA:26,3
DA:27,3
LF:27
LH:27
BRDA:5,0,0,3
BRDA:16,1,0,1
BRDA:17,2,0,0
BRF:3
BRH:2
end_of_record
TN:
SF:libs/api-platform/src/queries/useUpdateOrganizationQuery.ts
FN:1,(empty-report)
FNF:1
FNH:0
FNDA:0,(empty-report)
DA:1,0
DA:2,0
DA:3,0
DA:4,0
DA:5,0
DA:6,0
DA:7,0
DA:8,0
LF:8
LH:0
BRDA:1,0,0,0
BRF:1
BRH:0
end_of_record
TN:
SF:libs/api-platform/src/queries/useUpdateTargetGroupMutation.ts
FN:8,useUpdateTargetGroupMutation
FN:19,onSuccess
FN:25,onError
FNF:3
FNH:2
FNDA:3,useUpdateTargetGroupMutation
FNDA:1,onSuccess
FNDA:0,onError
DA:1,1
DA:2,1
DA:3,1
DA:4,1
DA:5,1
DA:6,1
DA:7,1
DA:8,1
DA:9,3
DA:10,3
DA:11,3
DA:12,3
DA:13,3
DA:14,3
DA:15,3
DA:16,3
DA:17,3
DA:18,3
DA:19,3
DA:20,1
DA:21,1
DA:22,1
DA:23,1
DA:24,1
DA:25,3
DA:26,0
DA:27,0
DA:28,3
DA:29,3
LF:29
LH:27
BRDA:8,0,0,3
BRDA:19,1,0,1
BRDA:20,2,0,0
BRF:3
BRH:2
end_of_record
TN:
SF:libs/api-platform/src/queries/useUpdateUserPreferencesMutation.ts
FN:1,(empty-report)
FNF:1
FNH:0
FNDA:0,(empty-report)
DA:1,0
DA:2,0
DA:3,0
DA:4,0
DA:5,0
DA:6,0
DA:7,0
DA:8,0
DA:9,0
DA:10,0
DA:11,0
DA:12,0
LF:12
LH:0
BRDA:1,0,0,0
BRF:1
BRH:0
end_of_record
TN:
SF:libs/api-platform/src/queries/useWidgetsQuery.ts
FN:1,(empty-report)
FNF:1
FNH:0
FNDA:0,(empty-report)
DA:1,0
DA:2,0
DA:3,0
DA:4,0
DA:5,0
DA:6,0
DA:7,0
DA:8,0
DA:9,0
DA:10,0
DA:11,0
DA:12,0
DA:13,0
DA:14,0
DA:15,0
DA:16,0
DA:17,0
DA:18,0
DA:19,0
DA:20,0
DA:21,0
DA:22,0
DA:23,0
DA:24,0
DA:25,0
DA:26,0
DA:27,0
DA:28,0
DA:29,0
DA:30,0
DA:31,0
DA:32,0
DA:33,0
DA:34,0
DA:35,0
DA:36,0
DA:37,0
DA:38,0
DA:39,0
DA:40,0
DA:41,0
DA:42,0
DA:43,0
DA:44,0
DA:45,0
DA:46,0
DA:47,0
DA:48,0
DA:49,0
DA:50,0
DA:51,0
DA:52,0
DA:53,0
DA:54,0
DA:55,0
DA:56,0
DA:57,0
DA:58,0
DA:59,0
DA:60,0
DA:61,0
DA:62,0
DA:63,0
DA:64,0
DA:65,0
DA:66,0
DA:67,0
DA:68,0
DA:69,0
DA:70,0
DA:71,0
DA:72,0
DA:73,0
DA:74,0
DA:75,0
DA:76,0
DA:77,0
DA:78,0
DA:79,0
DA:80,0
DA:81,0
DA:82,0
DA:83,0
DA:84,0
DA:85,0
DA:86,0
DA:87,0
DA:88,0
DA:89,0
DA:90,0
DA:91,0
DA:92,0
DA:93,0
DA:94,0
DA:95,0
DA:96,0
DA:97,0
DA:98,0
DA:99,0
DA:100,0
DA:101,0
DA:102,0
DA:103,0
DA:104,0
DA:105,0
DA:106,0
DA:107,0
DA:108,0
DA:109,0
DA:110,0
DA:111,0
DA:112,0
DA:113,0
DA:114,0
DA:115,0
DA:116,0
DA:117,0
DA:118,0
DA:119,0
DA:120,0
DA:121,0
DA:122,0
DA:123,0
DA:124,0
DA:125,0
DA:126,0
DA:127,0
DA:128,0
DA:129,0
DA:130,0
DA:131,0
DA:132,0
DA:133,0
DA:134,0
DA:135,0
DA:136,0
DA:137,0
DA:138,0
DA:139,0
DA:140,0
DA:141,0
DA:142,0
DA:143,0
DA:144,0
DA:145,0
DA:146,0
DA:147,0
DA:148,0
DA:149,0
DA:150,0
DA:151,0
DA:152,0
DA:153,0
DA:154,0
DA:155,0
DA:156,0
DA:157,0
DA:158,0
DA:159,0
DA:160,0
DA:161,0
DA:162,0
DA:163,0
DA:164,0
DA:165,0
DA:166,0
DA:167,0
DA:168,0
DA:169,0
DA:170,0
DA:171,0
DA:172,0
DA:173,0
DA:174,0
DA:175,0
DA:176,0
DA:177,0
DA:178,0
DA:179,0
DA:180,0
DA:181,0
DA:182,0
DA:183,0
DA:184,0
DA:185,0
DA:186,0
DA:187,0
DA:188,0
DA:189,0
DA:190,0
DA:191,0
DA:192,0
DA:193,0
DA:194,0
DA:195,0
DA:196,0
DA:197,0
DA:198,0
DA:199,0
DA:200,0
DA:201,0
DA:202,0
DA:203,0
DA:204,0
DA:205,0
DA:206,0
DA:207,0
DA:208,0
DA:209,0
DA:210,0
DA:211,0
DA:212,0
DA:213,0
DA:214,0
DA:215,0
DA:216,0
DA:217,0
DA:218,0
DA:219,0
DA:220,0
DA:221,0
DA:222,0
DA:223,0
DA:224,0
DA:225,0
DA:226,0
DA:227,0
DA:228,0
DA:229,0
DA:230,0
DA:231,0
DA:232,0
DA:233,0
DA:234,0
DA:235,0
DA:236,0
DA:237,0
DA:238,0
DA:239,0
DA:240,0
DA:241,0
DA:242,0
DA:243,0
DA:244,0
DA:245,0
DA:246,0
DA:247,0
DA:248,0
DA:249,0
DA:250,0
DA:251,0
DA:252,0
DA:253,0
DA:254,0
DA:255,0
DA:256,0
DA:257,0
DA:258,0
DA:259,0
DA:260,0
DA:261,0
DA:262,0
DA:263,0
DA:264,0
DA:265,0
DA:266,0
DA:267,0
DA:268,0
DA:269,0
DA:270,0
DA:271,0
DA:272,0
DA:273,0
DA:274,0
DA:275,0
DA:276,0
DA:277,0
DA:278,0
DA:279,0
LF:279
LH:0
BRDA:1,0,0,0
BRF:1
BRH:0
end_of_record
TN:
SF:libs/api-platform/src/queries/authentication/useGetDomains.ts
FN:6,useGetDomains
FNF:1
FNH:1
FNDA:2,useGetDomains
DA:1,1
DA:2,1
DA:3,1
DA:4,1
DA:5,1
DA:6,1
DA:7,2
DA:8,2
DA:9,2
DA:10,2
DA:11,2
DA:12,2
DA:13,2
DA:14,2
DA:15,2
DA:16,2
DA:17,2
LF:17
LH:17
BRDA:6,0,0,2
BRDA:9,1,0,0
BRDA:9,2,0,0
BRF:3
BRH:1
end_of_record
TN:
SF:libs/api-platform/src/queries/authentication/useGetSamlConnections.ts
FN:12,useGetSamlConnections
FNF:1
FNH:1
FNDA:2,useGetSamlConnections
DA:1,1
DA:2,1
DA:3,1
DA:4,1
DA:5,1
DA:6,1
DA:7,1
DA:8,1
DA:9,1
DA:10,1
DA:11,1
DA:12,1
DA:13,2
DA:14,2
DA:15,2
DA:16,2
DA:17,2
DA:18,2
DA:19,2
DA:20,2
DA:21,2
DA:22,2
DA:23,2
DA:24,2
DA:25,2
DA:26,2
DA:27,2
LF:27
LH:27
BRDA:12,0,0,2
BRDA:19,1,0,0
BRDA:19,2,0,0
BRDA:19,3,0,0
BRF:4
BRH:1
end_of_record
TN:
SF:libs/api-platform/src/queries/authentication/useUpdateSamlEmailDomain.ts
FN:17,useUpdateSamlEmailDomain
FNF:1
FNH:1
FNDA:3,useUpdateSamlEmailDomain
DA:1,1
DA:2,1
DA:3,1
DA:4,1
DA:5,1
DA:6,1
DA:7,1
DA:8,1
DA:9,1
DA:10,1
DA:11,1
DA:12,1
DA:13,1
DA:14,1
DA:15,1
DA:16,1
DA:17,1
DA:18,3
DA:19,3
DA:20,3
DA:21,3
DA:22,3
DA:23,3
DA:24,3
DA:25,3
LF:25
LH:25
BRDA:17,0,0,3
BRDA:19,1,0,0
BRF:2
BRH:1
end_of_record
TN:
SF:libs/api-platform/src/queries/billing/useManageStripePaymentMethod.ts
FN:10,useManageStripePaymentMethod
FNF:1
FNH:1
FNDA:4,useManageStripePaymentMethod
DA:1,1
DA:2,1
DA:3,1
DA:4,1
DA:5,1
DA:6,1
DA:7,1
DA:8,1
DA:9,1
DA:10,1
DA:11,4
DA:12,4
DA:13,4
DA:14,4
DA:15,4
DA:16,4
DA:17,4
DA:18,4
DA:19,4
DA:20,4
DA:21,4
DA:22,4
DA:23,4
LF:23
LH:23
BRDA:10,0,0,4
BRDA:16,1,0,1
BRDA:16,2,0,3
BRDA:16,3,0,1
BRF:4
BRH:4
end_of_record
TN:
SF:libs/api-platform/src/queries/billing/useUpdateAccount.ts
FN:10,useUpdateAccount
FNF:1
FNH:1
FNDA:4,useUpdateAccount
DA:1,1
DA:2,1
DA:3,1
DA:4,1
DA:5,1
DA:6,1
DA:7,1
DA:8,1
DA:9,1
DA:10,1
DA:11,4
DA:12,4
DA:13,4
DA:14,4
DA:15,4
DA:16,4
DA:17,4
DA:18,4
DA:19,4
DA:20,4
LF:20
LH:20
BRDA:10,0,0,4
BRDA:13,1,0,1
BRDA:13,2,0,3
BRDA:13,3,0,1
BRF:4
BRH:4
end_of_record
TN:
SF:libs/api-platform/src/queries/billing/useUpdateStripePaymentMethod.ts
FN:10,useUpdateStripePaymentMethod
FNF:1
FNH:1
FNDA:4,useUpdateStripePaymentMethod
DA:1,1
DA:2,1
DA:3,1
DA:4,1
DA:5,1
DA:6,1
DA:7,1
DA:8,1
DA:9,1
DA:10,1
DA:11,4
DA:12,4
DA:13,4
DA:14,4
DA:15,4
DA:16,4
DA:17,4
DA:18,4
DA:19,4
DA:20,4
LF:20
LH:20
BRDA:10,0,0,4
BRDA:13,1,0,1
BRDA:13,2,0,3
BRDA:13,3,0,1
BRF:4
BRH:4
end_of_record
TN:
SF:libs/api-platform/src/queries/dashboard/useGetDashboardQuery.ts
FN:10,useGetDashboardQuery
FNF:1
FNH:1
FNDA:4,useGetDashboardQuery
DA:1,1
DA:2,1
DA:3,1
DA:4,1
DA:5,1
DA:6,1
DA:7,1
DA:8,1
DA:9,1
DA:10,1
DA:11,4
DA:12,4
DA:13,4
DA:14,4
DA:15,4
DA:16,4
DA:17,4
DA:18,4
DA:19,4
DA:20,4
DA:21,4
DA:22,4
LF:22
LH:22
BRDA:10,0,0,4
BRDA:13,1,0,1
BRDA:13,2,0,3
BRDA:13,3,0,1
BRF:4
BRH:4
end_of_record
TN:
SF:libs/api-platform/src/queries/enforcement/useCapacityQuery.ts
FN:1,(empty-report)
FNF:1
FNH:0
FNDA:0,(empty-report)
DA:1,0
DA:2,0
DA:3,0
DA:4,0
DA:5,0
DA:6,0
DA:7,0
DA:8,0
DA:9,0
DA:10,0
DA:11,0
DA:12,0
DA:13,0
DA:14,0
DA:15,0
DA:16,0
DA:17,0
DA:18,0
DA:19,0
DA:20,0
DA:21,0
DA:22,0
DA:23,0
DA:24,0
DA:25,0
DA:26,0
DA:27,0
DA:28,0
DA:29,0
DA:30,0
DA:31,0
DA:32,0
DA:33,0
DA:34,0
DA:35,0
DA:36,0
DA:37,0
DA:38,0
DA:39,0
DA:40,0
DA:41,0
DA:42,0
DA:43,0
DA:44,0
DA:45,0
LF:45
LH:0
BRDA:1,0,0,0
BRF:1
BRH:0
end_of_record
TN:
SF:libs/api-platform/src/queries/enforcement/useGetAccounts.ts
FN:1,(empty-report)
FNF:1
FNH:0
FNDA:0,(empty-report)
DA:1,0
DA:2,0
DA:3,0
DA:4,0
DA:5,0
DA:6,0
DA:7,0
DA:8,0
DA:9,0
DA:10,0
DA:11,0
DA:12,0
DA:13,0
DA:14,0
DA:15,0
DA:16,0
DA:17,0
DA:18,0
DA:19,0
DA:20,0
DA:21,0
DA:22,0
DA:23,0
DA:24,0
DA:25,0
DA:26,0
DA:27,0
DA:28,0
DA:29,0
DA:30,0
DA:31,0
DA:32,0
DA:33,0
DA:34,0
DA:35,0
DA:36,0
DA:37,0
DA:38,0
DA:39,0
DA:40,0
DA:41,0
DA:42,0
DA:43,0
DA:44,0
DA:45,0
DA:46,0
DA:47,0
DA:48,0
DA:49,0
DA:50,0
DA:51,0
DA:52,0
DA:53,0
DA:54,0
DA:55,0
DA:56,0
DA:57,0
DA:58,0
DA:59,0
DA:60,0
DA:61,0
DA:62,0
DA:63,0
DA:64,0
DA:65,0
DA:66,0
DA:67,0
DA:68,0
DA:69,0
DA:70,0
DA:71,0
DA:72,0
DA:73,0
DA:74,0
DA:75,0
DA:76,0
DA:77,0
DA:78,0
DA:79,0
DA:80,0
LF:80
LH:0
BRDA:1,0,0,0
BRF:1
BRH:0
end_of_record
TN:
SF:libs/api-platform/src/queries/enforcement/useGetPlatformPlanType.ts
FN:1,(empty-report)
FNF:1
FNH:0
FNDA:0,(empty-report)
DA:1,0
DA:2,0
DA:3,0
DA:4,0
DA:5,0
DA:6,0
DA:7,0
DA:8,0
DA:9,0
DA:10,0
DA:11,0
DA:12,0
DA:13,0
DA:14,0
DA:15,0
DA:16,0
DA:17,0
DA:18,0
DA:19,0
DA:20,0
DA:21,0
DA:22,0
DA:23,0
DA:24,0
DA:25,0
DA:26,0
DA:27,0
DA:28,0
DA:29,0
DA:30,0
DA:31,0
DA:32,0
DA:33,0
DA:34,0
DA:35,0
DA:36,0
DA:37,0
DA:38,0
DA:39,0
DA:40,0
DA:41,0
DA:42,0
DA:43,0
DA:44,0
DA:45,0
DA:46,0
DA:47,0
DA:48,0
DA:49,0
DA:50,0
DA:51,0
DA:52,0
DA:53,0
DA:54,0
DA:55,0
DA:56,0
LF:56
LH:0
BRDA:1,0,0,0
BRF:1
BRH:0
end_of_record
TN:
SF:libs/api-platform/src/queries/githubapp/useGetRegistrations.ts
FN:1,(empty-report)
FNF:1
FNH:0
FNDA:0,(empty-report)
DA:1,0
DA:2,0
DA:3,0
DA:4,0
DA:5,0
DA:6,0
DA:7,0
DA:8,0
DA:9,0
DA:10,0
DA:11,0
DA:12,0
DA:13,0
DA:14,0
DA:15,0
DA:16,0
DA:17,0
LF:17
LH:0
BRDA:1,0,0,0
BRF:1
BRH:0
end_of_record
TN:
SF:libs/api-platform/src/queries/githubapp/useRegisterApp.ts
FN:3,useRegisterApp
FNF:1
FNH:1
FNDA:3,useRegisterApp
DA:1,1
DA:2,1
DA:3,1
DA:4,3
DA:5,3
DA:6,3
DA:7,3
DA:8,3
DA:9,3
LF:9
LH:9
BRDA:3,0,0,3
BRF:1
BRH:1
end_of_record
TN:
SF:libs/api-platform/src/queries/logs/useStepLogs.ts
FN:1,(empty-report)
FNF:1
FNH:0
FNDA:0,(empty-report)
DA:1,0
DA:2,0
DA:3,0
DA:4,0
DA:5,0
DA:6,0
DA:7,0
DA:8,0
DA:9,0
DA:10,0
DA:11,0
DA:12,0
DA:13,0
DA:14,0
DA:15,0
DA:16,0
DA:17,0
DA:18,0
DA:19,0
DA:20,0
DA:21,0
DA:22,0
DA:23,0
DA:24,0
DA:25,0
DA:26,0
DA:27,0
DA:28,0
DA:29,0
DA:30,0
DA:31,0
DA:32,0
DA:33,0
DA:34,0
DA:35,0
DA:36,0
DA:37,0
DA:38,0
DA:39,0
DA:40,0
DA:41,0
DA:42,0
DA:43,0
DA:44,0
DA:45,0
DA:46,0
DA:47,0
DA:48,0
DA:49,0
DA:50,0
DA:51,0
DA:52,0
DA:53,0
LF:53
LH:0
BRDA:1,0,0,0
BRF:1
BRH:0
end_of_record
TN:
SF:libs/api-platform/src/queries/logs/useStepLogsQuery.ts
FN:1,(empty-report)
FNF:1
FNH:0
FNDA:0,(empty-report)
DA:1,0
DA:2,0
DA:3,0
DA:4,0
DA:5,0
DA:6,0
DA:7,0
DA:8,0
DA:9,0
DA:10,0
DA:11,0
DA:12,0
DA:13,0
DA:14,0
DA:15,0
DA:16,0
DA:17,0
DA:18,0
DA:19,0
DA:20,0
DA:21,0
DA:22,0
DA:23,0
DA:24,0
DA:25,0
DA:26,0
DA:27,0
DA:28,0
DA:29,0
DA:30,0
DA:31,0
DA:32,0
DA:33,0
DA:34,0
DA:35,0
DA:36,0
DA:37,0
DA:38,0
DA:39,0
DA:40,0
DA:41,0
DA:42,0
DA:43,0
DA:44,0
DA:45,0
DA:46,0
DA:47,0
DA:48,0
DA:49,0
DA:50,0
LF:50
LH:0
BRDA:1,0,0,0
BRF:1
BRH:0
end_of_record
TN:
SF:libs/api-platform/src/queries/logs/useStepLogsStreaming.ts
FN:16,useStepLogsStreaming
FNF:1
FNH:1
FNDA:12,useStepLogsStreaming
DA:1,1
DA:2,1
DA:3,1
DA:4,1
DA:5,1
DA:6,1
DA:7,1
DA:8,1
DA:9,1
DA:10,1
DA:11,1
DA:12,1
DA:13,1
DA:14,1
DA:15,1
DA:16,1
DA:17,12
DA:18,12
DA:19,12
DA:20,12
DA:21,12
DA:22,12
DA:23,12
DA:24,12
DA:25,12
DA:26,12
DA:27,12
DA:28,12
DA:29,4
DA:30,4
DA:31,4
DA:32,4
DA:33,4
DA:34,4
DA:35,4
DA:36,4
DA:37,4
DA:38,4
DA:39,4
DA:40,4
DA:41,4
DA:42,4
DA:43,4
DA:44,4
DA:45,4
DA:46,4
DA:47,4
DA:48,4
DA:49,4
DA:50,4
DA:51,4
DA:52,4
DA:53,0
DA:54,0
DA:55,4
DA:56,4
DA:57,4
DA:58,4
DA:59,4
DA:60,4
DA:61,4
DA:62,4
DA:63,4
DA:64,4
DA:65,7
DA:66,7
DA:67,6
DA:68,6
DA:69,7
DA:70,1
DA:71,1
DA:72,7
DA:73,7
DA:74,7
DA:75,4
DA:76,4
DA:77,4
DA:78,4
DA:79,4
DA:80,4
DA:81,4
DA:82,4
DA:83,4
DA:84,4
DA:85,4
DA:86,4
DA:87,4
DA:88,4
DA:89,4
DA:90,0
DA:91,4
DA:92,4
DA:93,4
DA:94,4
DA:95,4
DA:96,4
DA:97,4
DA:98,4
DA:99,4
DA:100,4
DA:101,12
DA:102,12
DA:103,5
DA:104,5
DA:105,5
DA:106,4
DA:107,4
DA:108,4
DA:109,4
DA:110,5
DA:111,5
DA:112,5
DA:113,5
DA:114,5
DA:115,5
DA:116,5
DA:117,5
DA:118,12
DA:119,12
DA:120,12
DA:121,12
DA:122,12
DA:123,12
DA:124,12
DA:125,12
DA:126,12
LF:126
LH:123
BRDA:16,0,0,12
BRDA:28,1,0,4
BRDA:32,2,0,0
BRDA:41,3,0,2
BRDA:89,4,0,0
BRDA:52,5,0,0
BRDA:64,6,0,7
BRDA:66,7,0,6
BRDA:69,8,0,1
BRDA:77,9,0,2
BRDA:77,10,0,2
BRDA:102,11,0,5
BRDA:105,12,0,4
BRDA:112,13,0,5
BRF:14
BRH:11
end_of_record
TN:
SF:libs/api-platform/src/queries/ping/test-utils.ts
FN:1,jsonToUint8Array
FNF:1
FNH:1
FNDA:3,jsonToUint8Array
DA:1,1
DA:2,3
DA:3,3
DA:4,3
DA:5,3
DA:6,30
DA:7,30
DA:8,3
DA:9,3
DA:10,3
LF:10
LH:10
BRDA:1,0,0,3
BRDA:5,1,0,30
BRF:2
BRH:2
end_of_record
TN:
SF:libs/api-platform/src/queries/ping/utils.ts
FNF:0
FNH:0
DA:1,1
DA:2,1
DA:3,1
DA:4,14
DA:5,14
DA:6,14
DA:7,14
DA:8,14
DA:9,14
DA:10,14
DA:11,14
DA:12,14
DA:13,14
DA:14,14
DA:15,14
DA:16,14
DA:17,14
DA:18,3
DA:19,3
DA:20,8
DA:21,14
DA:22,14
DA:23,14
DA:24,1
DA:25,1
DA:26,14
DA:27,14
DA:28,14
LF:28
LH:28
BRDA:3,0,0,14
BRDA:8,1,0,0
BRDA:17,2,0,3
BRDA:19,3,0,8
BRDA:21,4,0,1
BRDA:21,5,0,7
BRDA:23,6,0,1
BRF:7
BRH:6
end_of_record
TN:
SF:libs/api-platform/src/queries/ping/useQueryPing/useQueryPing.ts
FN:10,useQueryPing
FN:17,dataHandler
FNF:2
FNH:2
FNDA:7,useQueryPing
FNDA:3,dataHandler
DA:1,1
DA:2,1
DA:3,1
DA:4,1
DA:5,1
DA:6,1
DA:7,1
DA:8,1
DA:9,1
DA:10,1
DA:11,7
DA:12,7
DA:13,7
DA:14,7
DA:15,7
DA:16,7
DA:17,7
DA:18,3
DA:19,3
DA:20,3
DA:21,3
DA:22,3
DA:23,1
DA:24,1
DA:25,1
DA:26,1
DA:27,1
DA:28,1
DA:29,0
DA:30,0
DA:31,0
DA:32,1
DA:33,3
DA:34,3
DA:35,7
DA:36,7
DA:37,7
DA:38,7
DA:39,7
DA:40,7
DA:41,7
DA:42,7
DA:43,7
LF:43
LH:40
BRDA:10,0,0,7
BRDA:17,1,0,3
BRDA:22,2,0,1
BRDA:28,3,0,0
BRF:4
BRH:3
end_of_record
TN:
SF:libs/api-platform/src/queries/ping/useStreaming/useStreaming.ts
FN:15,useStreaming
FNF:1
FNH:1
FNDA:30,useStreaming
DA:1,1
DA:2,1
DA:3,1
DA:4,1
DA:5,1
DA:6,1
DA:7,1
DA:8,1
DA:9,1
DA:10,1
DA:11,1
DA:12,1
DA:13,1
DA:14,1
DA:15,1
DA:16,30
DA:17,30
DA:18,30
DA:19,30
DA:20,30
DA:21,30
DA:22,30
DA:23,30
DA:24,30
DA:25,30
DA:26,30
DA:27,30
DA:28,30
DA:29,10
DA:30,10
DA:31,10
DA:32,10
DA:33,10
DA:34,10
DA:35,10
DA:36,10
DA:37,10
DA:38,0
DA:39,0
DA:40,10
DA:41,10
DA:42,10
DA:43,10
DA:44,10
DA:45,10
DA:46,10
DA:47,10
DA:48,10
DA:49,10
DA:50,10
DA:51,10
DA:52,10
DA:53,10
DA:54,10
DA:55,10
DA:56,10
DA:57,0
DA:58,10
DA:59,10
DA:60,10
DA:61,10
DA:62,10
DA:63,10
DA:64,10
DA:65,10
DA:66,10
DA:67,10
DA:68,30
DA:69,30
DA:70,12
DA:71,12
DA:72,12
DA:73,10
DA:74,10
DA:75,10
DA:76,12
DA:77,12
DA:78,12
DA:79,12
DA:80,12
DA:81,12
DA:82,12
DA:83,30
DA:84,30
DA:85,30
DA:86,30
DA:87,30
DA:88,30
DA:89,30
DA:90,30
LF:90
LH:87
BRDA:15,0,0,30
BRDA:28,1,0,10
BRDA:37,2,0,0
BRDA:56,3,0,0
BRDA:69,4,0,12
BRDA:72,5,0,10
BRDA:77,6,0,12
BRF:7
BRH:5
end_of_record
TN:
SF:libs/api-platform/src/queries/useWorkflowsListStreaming/useWorkflowsListStreaming.ts
FN:1,(empty-report)
FNF:1
FNH:0
FNDA:0,(empty-report)
DA:1,0
DA:2,0
DA:3,0
DA:4,0
DA:5,0
DA:6,0
DA:7,0
DA:8,0
DA:9,0
DA:10,0
DA:11,0
DA:12,0
DA:13,0
DA:14,0
DA:15,0
DA:16,0
DA:17,0
DA:18,0
DA:19,0
DA:20,0
DA:21,0
DA:22,0
DA:23,0
DA:24,0
DA:25,0
DA:26,0
DA:27,0
DA:28,0
DA:29,0
DA:30,0
DA:31,0
DA:32,0
DA:33,0
DA:34,0
LF:34
LH:0
BRDA:1,0,0,0
BRF:1
BRH:0
end_of_record
TN:
SF:libs/api-platform/src/queries/workflows/useWorkflowArtifacts.ts
FN:1,(empty-report)
FNF:1
FNH:0
FNDA:0,(empty-report)
DA:1,0
DA:2,0
DA:3,0
DA:4,0
DA:5,0
DA:6,0
DA:7,0
DA:8,0
DA:9,0
DA:10,0
DA:11,0
DA:12,0
DA:13,0
DA:14,0
DA:15,0
DA:16,0
DA:17,0
LF:17
LH:0
BRDA:1,0,0,0
BRF:1
BRH:0
end_of_record
TN:
SF:libs/api-platform/src/queries/workflows/useWorkflowsStreaming.spec.ts
FNF:0
FNH:0
DA:1,1
DA:2,1
DA:3,1
DA:4,1
DA:5,1
DA:6,1
DA:7,1
DA:8,1
DA:9,1
DA:10,1
DA:11,1
DA:12,1
DA:13,1
DA:14,1
DA:15,1
DA:16,1
DA:17,1
DA:18,1
DA:19,1
DA:20,1
DA:21,1
DA:22,1
DA:23,1
DA:24,1
DA:25,1
DA:26,1
DA:27,1
DA:28,1
DA:29,1
DA:30,1
DA:31,1
DA:32,1
DA:33,1
DA:34,1
DA:35,1
DA:36,1
DA:37,1
DA:38,1
DA:39,1
DA:40,1
DA:41,1
DA:42,1
DA:43,1
DA:44,1
DA:45,1
DA:46,1
DA:47,1
DA:48,1
DA:49,1
DA:50,1
DA:51,1
DA:52,1
DA:53,1
DA:54,1
DA:55,1
DA:56,1
DA:57,1
DA:58,1
DA:59,1
DA:60,1
DA:61,1
DA:62,1
DA:63,1
DA:64,1
DA:65,1
DA:66,1
DA:67,1
DA:68,1
DA:69,1
DA:70,1
DA:71,1
DA:72,1
DA:73,1
DA:74,1
DA:75,1
DA:76,1
DA:77,1
DA:78,1
DA:79,1
DA:80,1
DA:81,1
DA:82,1
DA:83,1
DA:84,1
DA:85,1
DA:86,1
DA:87,1
DA:88,1
DA:89,1
DA:90,1
DA:91,1
DA:92,1
DA:93,1
DA:94,1
DA:95,1
DA:96,1
DA:97,1
DA:98,1
DA:99,1
DA:100,1
DA:101,1
DA:102,1
DA:103,1
DA:104,1
DA:105,1
DA:106,1
DA:107,1
DA:108,1
DA:109,1
DA:110,1
DA:111,1
DA:112,1
DA:113,1
DA:114,1
DA:115,1
DA:116,1
DA:117,1
DA:118,1
DA:119,1
DA:120,1
DA:121,1
LF:121
LH:121
BRF:0
BRH:0
end_of_record
TN:
SF:libs/api-platform/src/queries/workflows/useWorkflowsStreaming.ts
FN:10,useWorkflowsStreaming
FN:31,dataHandler
FNF:2
FNH:2
FNDA:15,useWorkflowsStreaming
FNDA:6,dataHandler
DA:1,1
DA:2,1
DA:3,1
DA:4,1
DA:5,1
DA:6,1
DA:7,1
DA:8,1
DA:9,1
DA:10,1
DA:11,15
DA:12,15
DA:13,15
DA:14,15
DA:15,15
DA:16,15
DA:17,15
DA:18,15
DA:19,15
DA:20,15
DA:21,15
DA:22,15
DA:23,15
DA:24,15
DA:25,15
DA:26,15
DA:27,15
DA:28,15
DA:29,15
DA:30,15
DA:31,15
DA:32,6
DA:33,6
DA:34,6
DA:35,6
DA:36,6
DA:37,6
DA:38,6
DA:39,6
DA:40,6
DA:41,5
DA:42,5
DA:43,4
DA:44,5
DA:45,1
DA:46,1
DA:47,6
DA:48,1
DA:49,1
DA:50,6
DA:51,6
DA:52,6
DA:53,6
DA:54,6
DA:55,6
DA:56,6
DA:57,6
DA:58,6
DA:59,6
DA:60,6
DA:61,6
DA:62,6
DA:63,6
DA:64,6
DA:65,6
DA:66,15
DA:67,15
DA:68,15
DA:69,15
DA:70,15
DA:71,15
DA:72,15
DA:73,15
DA:74,15
LF:74
LH:74
BRDA:10,0,0,15
BRDA:11,1,0,0
BRDA:12,2,0,12
BRDA:12,3,0,3
BRDA:13,4,0,12
BRDA:13,5,0,3
BRDA:31,6,0,6
BRDA:40,7,0,5
BRDA:42,8,0,4
BRDA:44,9,0,1
BRDA:47,10,0,1
BRDA:54,11,0,6
BRDA:57,12,0,4
BRDA:57,13,0,3
BRDA:57,14,0,1
BRDA:58,15,0,3
BRDA:58,16,0,3
BRDA:59,17,0,5
BRDA:59,18,0,1
BRDA:59,19,0,1
BRDA:59,20,0,5
BRDA:59,21,0,3
BRDA:59,22,0,2
BRDA:62,23,0,3
BRDA:62,24,0,3
BRF:25
BRH:24
end_of_record
TN:
SF:libs/api-platform/src/search/auditHistory.ts
FN:1,(empty-report)
FNF:1
FNH:0
FNDA:0,(empty-report)
DA:1,0
DA:2,0
DA:3,0
DA:4,0
DA:5,0
DA:6,0
DA:7,0
DA:8,0
DA:9,0
DA:10,0
DA:11,0
DA:12,0
DA:13,0
DA:14,0
DA:15,0
DA:16,0
DA:17,0
DA:18,0
DA:19,0
DA:20,0
DA:21,0
DA:22,0
DA:23,0
DA:24,0
DA:25,0
DA:26,0
DA:27,0
DA:28,0
DA:29,0
DA:30,0
DA:31,0
DA:32,0
DA:33,0
DA:34,0
DA:35,0
DA:36,0
DA:37,0
DA:38,0
DA:39,0
DA:40,0
DA:41,0
DA:42,0
DA:43,0
DA:44,0
DA:45,0
DA:46,0
DA:47,0
DA:48,0
DA:49,0
DA:50,0
DA:51,0
DA:52,0
DA:53,0
DA:54,0
DA:55,0
DA:56,0
DA:57,0
DA:58,0
DA:59,0
DA:60,0
DA:61,0
DA:62,0
DA:63,0
DA:64,0
DA:65,0
DA:66,0
DA:67,0
DA:68,0
DA:69,0
DA:70,0
DA:71,0
DA:72,0
DA:73,0
DA:74,0
DA:75,0
DA:76,0
DA:77,0
DA:78,0
DA:79,0
DA:80,0
DA:81,0
DA:82,0
DA:83,0
DA:84,0
DA:85,0
DA:86,0
DA:87,0
DA:88,0
DA:89,0
DA:90,0
DA:91,0
DA:92,0
DA:93,0
DA:94,0
DA:95,0
LF:95
LH:0
BRDA:1,0,0,0
BRF:1
BRH:0
end_of_record
TN:
SF:libs/api-platform/src/search/runs.tsx
FN:1,(empty-report)
FNF:1
FNH:0
FNDA:0,(empty-report)
DA:1,0
DA:2,0
DA:3,0
DA:4,0
DA:5,0
DA:6,0
DA:7,0
DA:8,0
DA:9,0
DA:10,0
DA:11,0
DA:12,0
DA:13,0
DA:14,0
DA:15,0
DA:16,0
DA:17,0
DA:18,0
DA:19,0
DA:20,0
DA:21,0
DA:22,0
DA:23,0
DA:24,0
DA:25,0
DA:26,0
DA:27,0
DA:28,0
DA:29,0
DA:30,0
DA:31,0
DA:32,0
DA:33,0
DA:34,0
DA:35,0
DA:36,0
DA:37,0
DA:38,0
DA:39,0
DA:40,0
DA:41,0
DA:42,0
DA:43,0
DA:44,0
DA:45,0
DA:46,0
DA:47,0
DA:48,0
DA:49,0
DA:50,0
DA:51,0
DA:52,0
DA:53,0
DA:54,0
DA:55,0
DA:56,0
DA:57,0
DA:58,0
DA:59,0
DA:60,0
DA:61,0
DA:62,0
DA:63,0
DA:64,0
DA:65,0
DA:66,0
DA:67,0
DA:68,0
DA:69,0
DA:70,0
DA:71,0
DA:72,0
DA:73,0
DA:74,0
DA:75,0
DA:76,0
DA:77,0
DA:78,0
DA:79,0
DA:80,0
DA:81,0
DA:82,0
DA:83,0
DA:84,0
DA:85,0
DA:86,0
DA:87,0
DA:88,0
DA:89,0
DA:90,0
DA:91,0
DA:92,0
DA:93,0
DA:94,0
DA:95,0
DA:96,0
DA:97,0
DA:98,0
DA:99,0
DA:100,0
DA:101,0
DA:102,0
DA:103,0
DA:104,0
DA:105,0
DA:106,0
DA:107,0
DA:108,0
DA:109,0
DA:110,0
DA:111,0
DA:112,0
DA:113,0
DA:114,0
DA:115,0
DA:116,0
DA:117,0
DA:118,0
DA:119,0
DA:120,0
DA:121,0
DA:122,0
DA:123,0
DA:124,0
DA:125,0
DA:126,0
DA:127,0
DA:128,0
DA:129,0
DA:130,0
DA:131,0
DA:132,0
DA:133,0
DA:134,0
DA:135,0
DA:136,0
DA:137,0
DA:138,0
DA:139,0
DA:140,0
DA:141,0
DA:142,0
DA:143,0
DA:144,0
DA:145,0
DA:146,0
DA:147,0
DA:148,0
DA:149,0
DA:150,0
DA:151,0
DA:152,0
DA:153,0
DA:154,0
DA:155,0
DA:156,0
DA:157,0
DA:158,0
DA:159,0
DA:160,0
DA:161,0
DA:162,0
DA:163,0
DA:164,0
DA:165,0
DA:166,0
DA:167,0
DA:168,0
DA:169,0
DA:170,0
DA:171,0
DA:172,0
DA:173,0
DA:174,0
DA:175,0
DA:176,0
DA:177,0
DA:178,0
DA:179,0
DA:180,0
DA:181,0
DA:182,0
DA:183,0
DA:184,0
DA:185,0
DA:186,0
DA:187,0
DA:188,0
DA:189,0
DA:190,0
DA:191,0
DA:192,0
DA:193,0
LF:193
LH:0
BRDA:1,0,0,0
BRF:1
BRH:0
end_of_record
TN:
SF:libs/api-platform/src/useComponentInfo/useComponentInfo.ts
FN:1,(empty-report)
FNF:1
FNH:0
FNDA:0,(empty-report)
DA:1,0
DA:2,0
DA:3,0
DA:4,0
DA:5,0
DA:6,0
DA:7,0
DA:8,0
DA:9,0
DA:10,0
DA:11,0
DA:12,0
DA:13,0
DA:14,0
DA:15,0
DA:16,0
DA:17,0
DA:18,0
DA:19,0
DA:20,0
DA:21,0
DA:22,0
DA:23,0
DA:24,0
DA:25,0
DA:26,0
DA:27,0
DA:28,0
DA:29,0
DA:30,0
DA:31,0
DA:32,0
DA:33,0
DA:34,0
DA:35,0
DA:36,0
LF:36
LH:0
BRDA:1,0,0,0
BRF:1
BRH:0
end_of_record
