{"numFailedTestSuites":0,"numFailedTests":0,"numPassedTestSuites":26,"numPassedTests":67,"numPendingTestSuites":0,"numPendingTests":0,"numRuntimeErrorTestSuites":0,"numTodoTests":0,"numTotalTestSuites":26,"numTotalTests":67,"openHandles":[],"snapshot":{"added":0,"didUpdate":false,"failure":false,"filesAdded":0,"filesRemoved":0,"filesRemovedList":[],"filesUnmatched":0,"filesUpdated":0,"matched":21,"total":21,"unchecked":0,"uncheckedKeysByFile":[],"unmatched":0,"updated":0},"startTime":1728616451955,"success":true,"testResults":[{"assertionResults":[{"ancestorTitles":["APITokenDrawer"],"duration":139,"failureDetails":[],"failureMessages":[],"fullName":"APITokenDrawer should success render drawer with form","invocations":1,"location":null,"numPassingAsserts":9,"retryReasons":[],"status":"passed","title":"should success render drawer with form"},{"ancestorTitles":["APITokenDrawer"],"duration":166,"failureDetails":[],"failureMessages":[],"fullName":"APITokenDrawer drawer should call to onClose callback","invocations":1,"location":null,"numPassingAsserts":4,"retryReasons":[],"status":"passed","title":"drawer should call to onClose callback"},{"ancestorTitles":["APITokenDrawer"],"duration":249,"failureDetails":[],"failureMessages":[],"fullName":"APITokenDrawer valid data should enable \"GENERATE\" button","invocations":1,"location":null,"numPassingAsserts":4,"retryReasons":[],"status":"passed","title":"valid data should enable \"GENERATE\" button"}],"endTime":1728616455331,"message":"","name":"/Users/ranantharaj/projects/nextgen-ui/libs/user-management/src/ProfilePage/components/ApiTokens/APITokenDrawer/index.spec.tsx","startTime":1728616452198,"status":"passed","summary":""},{"assertionResults":[{"ancestorTitles":["ApiTokenModal"],"duration":34,"failureDetails":[],"failureMessages":[],"fullName":"ApiTokenModal should render the modal with the provided token","invocations":1,"location":null,"numPassingAsserts":1,"retryReasons":[],"status":"passed","title":"should render the modal with the provided token"},{"ancestorTitles":["ApiTokenModal"],"duration":15,"failureDetails":[],"failureMessages":[],"fullName":"ApiTokenModal should not close the modal when clicking escapeKeyDown","invocations":1,"location":null,"numPassingAsserts":1,"retryReasons":[],"status":"passed","title":"should not close the modal when clicking escapeKeyDown"},{"ancestorTitles":["ApiTokenModal"],"duration":69,"failureDetails":[],"failureMessages":[],"fullName":"ApiTokenModal should call onClose when the modal is closed","invocations":1,"location":null,"numPassingAsserts":1,"retryReasons":[],"status":"passed","title":"should call onClose when the modal is closed"},{"ancestorTitles":["ApiTokenModal"],"duration":29,"failureDetails":[],"failureMessages":[],"fullName":"ApiTokenModal should copy the token to clipboard when the copy button is clicked","invocations":1,"location":null,"numPassingAsserts":1,"retryReasons":[],"status":"passed","title":"should copy the token to clipboard when the copy button is clicked"}],"endTime":1728616456756,"message":"","name":"/Users/ranantharaj/projects/nextgen-ui/libs/user-management/src/ProfilePage/components/ApiTokens/ApiTokenModal.spec.tsx","startTime":1728616455358,"status":"passed","summary":""},{"assertionResults":[{"ancestorTitles":["DeleteApiTokenModal"],"duration":49,"failureDetails":[],"failureMessages":[],"fullName":"DeleteApiTokenModal clicking delete will call onDelete and handleCLose","invocations":1,"location":null,"numPassingAsserts":2,"retryReasons":[],"status":"passed","title":"clicking delete will call onDelete and handleCLose"},{"ancestorTitles":["DeleteApiTokenModal"],"duration":18,"failureDetails":[],"failureMessages":[],"fullName":"DeleteApiTokenModal clicking cancel will call handleClose","invocations":1,"location":null,"numPassingAsserts":1,"retryReasons":[],"status":"passed","title":"clicking cancel will call handleClose"}],"endTime":1728616457610,"message":"","name":"/Users/ranantharaj/projects/nextgen-ui/libs/user-management/src/ProfilePage/components/ApiTokens/DeleteApiTokenModal.spec.tsx","startTime":1728616456768,"status":"passed","summary":""},{"assertionResults":[{"ancestorTitles":["Profile Page"],"duration":174,"failureDetails":[],"failureMessages":[],"fullName":"Profile Page should match snapshot","invocations":1,"location":null,"numPassingAsserts":1,"retryReasons":[],"status":"passed","title":"should match snapshot"},{"ancestorTitles":["Profile Page"],"duration":86,"failureDetails":[],"failureMessages":[],"fullName":"Profile Page clicking Edit Profile should allow edits","invocations":1,"location":null,"numPassingAsserts":1,"retryReasons":[],"status":"passed","title":"clicking Edit Profile should allow edits"},{"ancestorTitles":["Profile Page"],"duration":32,"failureDetails":[],"failureMessages":[],"fullName":"Profile Page clicking cancel should close the editable fields","invocations":1,"location":null,"numPassingAsserts":2,"retryReasons":[],"status":"passed","title":"clicking cancel should close the editable fields"},{"ancestorTitles":["Profile Page"],"duration":42,"failureDetails":[],"failureMessages":[],"fullName":"Profile Page MFA options are only enabled for internal logins","invocations":1,"location":null,"numPassingAsserts":2,"retryReasons":[],"status":"passed","title":"MFA options are only enabled for internal logins"},{"ancestorTitles":["Profile Page"],"duration":39,"failureDetails":[],"failureMessages":[],"fullName":"Profile Page MFA options are disabled for SSO logins","invocations":1,"location":null,"numPassingAsserts":2,"retryReasons":[],"status":"passed","title":"MFA options are disabled for SSO logins"},{"ancestorTitles":["Profile Page"],"duration":35,"failureDetails":[],"failureMessages":[],"fullName":"Profile Page should show api tokens tab when flag is enabled","invocations":1,"location":null,"numPassingAsserts":1,"retryReasons":[],"status":"passed","title":"should show api tokens tab when flag is enabled"}],"endTime":1728616459837,"message":"","name":"/Users/ranantharaj/projects/nextgen-ui/libs/user-management/src/ProfilePage/ProfilePage.spec.tsx","startTime":1728616457618,"status":"passed","summary":""},{"assertionResults":[{"ancestorTitles":["OrganizationDrawer"],"duration":33,"failureDetails":[],"failureMessages":[],"fullName":"OrganizationDrawer should match snapshot","invocations":1,"location":null,"numPassingAsserts":1,"retryReasons":[],"status":"passed","title":"should match snapshot"}],"endTime":1728616461011,"message":"","name":"/Users/ranantharaj/projects/nextgen-ui/libs/user-management/src/ProfilePage/components/OrganizationDrawer/OrganizationDrawer.spec.tsx","startTime":1728616459894,"status":"passed","summary":""},{"assertionResults":[{"ancestorTitles":["MyAccountOrganizationsTable"],"duration":400,"failureDetails":[],"failureMessages":[],"fullName":"MyAccountOrganizationsTable should be able to expand suborg and leave it if you have multiple user organizations","invocations":1,"location":null,"numPassingAsserts":2,"retryReasons":[],"status":"passed","title":"should be able to expand suborg and leave it if you have multiple user organizations"},{"ancestorTitles":["MyAccountOrganizationsTable"],"duration":513,"failureDetails":[],"failureMessages":[],"fullName":"MyAccountOrganizationsTable should be able to create an organization","invocations":1,"location":null,"numPassingAsserts":1,"retryReasons":[],"status":"passed","title":"should be able to create an organization"}],"endTime":1728616465289,"message":"","name":"/Users/ranantharaj/projects/nextgen-ui/libs/user-management/src/ProfilePage/components/OrganizationsTable/OrganizationsTable.spec.tsx","startTime":1728616461290,"status":"passed","summary":""},{"assertionResults":[{"ancestorTitles":["check UserOrgsContextProvider","check context values if fetch response is ok","check userOrgsList values"],"duration":3,"failureDetails":[],"failureMessages":[],"fullName":"check UserOrgsContextProvider check context values if fetch response is ok check userOrgsList values should provide correct values for userOrgsList","invocations":1,"location":null,"numPassingAsserts":4,"retryReasons":[],"status":"passed","title":"should provide correct values for userOrgsList"},{"ancestorTitles":["check UserOrgsContextProvider","check context values if fetch response is ok","check userOrgsList values"],"duration":3,"failureDetails":[],"failureMessages":[],"fullName":"check UserOrgsContextProvider check context values if fetch response is ok check userOrgsList values should match snapshot","invocations":1,"location":null,"numPassingAsserts":1,"retryReasons":[],"status":"passed","title":"should match snapshot"},{"ancestorTitles":["check UserOrgsContextProvider","check context values if fetch response is ok","check userOrgsWithTeamsList values"],"duration":3,"failureDetails":[],"failureMessages":[],"fullName":"check UserOrgsContextProvider check context values if fetch response is ok check userOrgsWithTeamsList values should provide correct values for userOrgsWithTeamsList","invocations":1,"location":null,"numPassingAsserts":6,"retryReasons":[],"status":"passed","title":"should provide correct values for userOrgsWithTeamsList"},{"ancestorTitles":["check UserOrgsContextProvider","check context values if fetch response is ok","check userOrgsWithTeamsList values"],"duration":2,"failureDetails":[],"failureMessages":[],"fullName":"check UserOrgsContextProvider check context values if fetch response is ok check userOrgsWithTeamsList values should match snapshot","invocations":1,"location":null,"numPassingAsserts":1,"retryReasons":[],"status":"passed","title":"should match snapshot"},{"ancestorTitles":["check UserOrgsContextProvider","check context values if fetch response is ok","check if \"refetch\" method is provided and called"],"duration":11,"failureDetails":[],"failureMessages":[],"fullName":"check UserOrgsContextProvider check context values if fetch response is ok check if \"refetch\" method is provided and called should trigger \"refetch\" function","invocations":1,"location":null,"numPassingAsserts":2,"retryReasons":[],"status":"passed","title":"should trigger \"refetch\" function"},{"ancestorTitles":["check UserOrgsContextProvider","check context values if fetch response is ok","check if \"refetch\" method is provided and called"],"duration":1,"failureDetails":[],"failureMessages":[],"fullName":"check UserOrgsContextProvider check context values if fetch response is ok check if \"refetch\" method is provided and called should match snapshot","invocations":1,"location":null,"numPassingAsserts":1,"retryReasons":[],"status":"passed","title":"should match snapshot"},{"ancestorTitles":["check UserOrgsContextProvider","check context values if fetch response is failed"],"duration":1,"failureDetails":[],"failureMessages":[],"fullName":"check UserOrgsContextProvider check context values if fetch response is failed should provide error value on fetch errors","invocations":1,"location":null,"numPassingAsserts":1,"retryReasons":[],"status":"passed","title":"should provide error value on fetch errors"},{"ancestorTitles":["check UserOrgsContextProvider","check context values if fetch response is failed"],"duration":0,"failureDetails":[],"failureMessages":[],"fullName":"check UserOrgsContextProvider check context values if fetch response is failed should match snapshot","invocations":1,"location":null,"numPassingAsserts":1,"retryReasons":[],"status":"passed","title":"should match snapshot"},{"ancestorTitles":["check UserOrgsContextProvider","check context values in \"loading\" state"],"duration":1,"failureDetails":[],"failureMessages":[],"fullName":"check UserOrgsContextProvider check context values in \"loading\" state should provide loading value","invocations":1,"location":null,"numPassingAsserts":1,"retryReasons":[],"status":"passed","title":"should provide loading value"},{"ancestorTitles":["check UserOrgsContextProvider","check context values in \"loading\" state"],"duration":1,"failureDetails":[],"failureMessages":[],"fullName":"check UserOrgsContextProvider check context values in \"loading\" state should match snapshot","invocations":1,"location":null,"numPassingAsserts":1,"retryReasons":[],"status":"passed","title":"should match snapshot"}],"endTime":1728616466527,"message":"","name":"/Users/ranantharaj/projects/nextgen-ui/libs/user-management/src/context/UserOrgsContext/UserOrgsContextProvider.spec.tsx","startTime":1728616465318,"status":"passed","summary":""},{"assertionResults":[{"ancestorTitles":["CreateSubOrgDrawer"],"duration":494,"failureDetails":[],"failureMessages":[],"fullName":"CreateSubOrgDrawer should be able to create an sub organization","invocations":1,"location":null,"numPassingAsserts":3,"retryReasons":[],"status":"passed","title":"should be able to create an sub organization"},{"ancestorTitles":["CreateSubOrgDrawer"],"duration":323,"failureDetails":[],"failureMessages":[],"fullName":"CreateSubOrgDrawer should be able to open secondary drawer edit parent organization and save","invocations":1,"location":null,"numPassingAsserts":4,"retryReasons":[],"status":"passed","title":"should be able to open secondary drawer edit parent organization and save"},{"ancestorTitles":["CreateSubOrgDrawer"],"duration":47,"failureDetails":[],"failureMessages":[],"fullName":"CreateSubOrgDrawer should be able to close parent drawer and suborg drawer","invocations":1,"location":null,"numPassingAsserts":2,"retryReasons":[],"status":"passed","title":"should be able to close parent drawer and suborg drawer"}],"endTime":1728616468657,"message":"","name":"/Users/ranantharaj/projects/nextgen-ui/libs/user-management/src/OrganizationsPage/components/CreateSubOrgDrawer/CreateSubOrgDrawer.spec.tsx","startTime":1728616466544,"status":"passed","summary":""},{"assertionResults":[{"ancestorTitles":["useSwitchOrg"],"duration":2,"failureDetails":[],"failureMessages":[],"fullName":"useSwitchOrg should initialize correctly","invocations":1,"location":null,"numPassingAsserts":4,"retryReasons":[],"status":"passed","title":"should initialize correctly"},{"ancestorTitles":["useSwitchOrg"],"duration":1,"failureDetails":[],"failureMessages":[],"fullName":"useSwitchOrg should switch organization correctly","invocations":1,"location":null,"numPassingAsserts":1,"retryReasons":[],"status":"passed","title":"should switch organization correctly"},{"ancestorTitles":["useSwitchOrg"],"duration":1,"failureDetails":[],"failureMessages":[],"fullName":"useSwitchOrg should switch organization correctly when domain is not provided","invocations":1,"location":null,"numPassingAsserts":1,"retryReasons":[],"status":"passed","title":"should switch organization correctly when domain is not provided"}],"endTime":1728616469386,"message":"","name":"/Users/ranantharaj/projects/nextgen-ui/libs/user-management/src/hooks/useSwitchOrg.spec.tsx","startTime":1728616468673,"status":"passed","summary":""},{"assertionResults":[{"ancestorTitles":["Organization Form"],"duration":24,"failureDetails":[],"failureMessages":[],"fullName":"Organization Form should match snapshot","invocations":1,"location":null,"numPassingAsserts":1,"retryReasons":[],"status":"passed","title":"should match snapshot"},{"ancestorTitles":["Organization Form"],"duration":142,"failureDetails":[],"failureMessages":[],"fullName":"Organization Form should render form correctly","invocations":1,"location":null,"numPassingAsserts":4,"retryReasons":[],"status":"passed","title":"should render form correctly"}],"endTime":1728616470657,"message":"","name":"/Users/ranantharaj/projects/nextgen-ui/libs/user-management/src/OrganizationsPage/components/CreateOrganizationForm/CreateOrganizationForm.spec.tsx","startTime":1728616469396,"status":"passed","summary":""},{"assertionResults":[{"ancestorTitles":["Preferences Component"],"duration":137,"failureDetails":[],"failureMessages":[],"fullName":"Preferences Component handles error state correctly and sets default values","invocations":1,"location":null,"numPassingAsserts":2,"retryReasons":[],"status":"passed","title":"handles error state correctly and sets default values"},{"ancestorTitles":["Preferences Component"],"duration":199,"failureDetails":[],"failureMessages":[],"fullName":"Preferences Component renders correctly and allows theme change","invocations":1,"location":null,"numPassingAsserts":6,"retryReasons":[],"status":"passed","title":"renders correctly and allows theme change"},{"ancestorTitles":["Preferences Component"],"duration":134,"failureDetails":[],"failureMessages":[],"fullName":"Preferences Component handles timezone preferences correctly","invocations":1,"location":null,"numPassingAsserts":3,"retryReasons":[],"status":"passed","title":"handles timezone preferences correctly"}],"endTime":1728616473085,"message":"","name":"/Users/ranantharaj/projects/nextgen-ui/libs/user-management/src/Preferences/Preferences.spec.tsx","startTime":1728616470920,"status":"passed","summary":""},{"assertionResults":[{"ancestorTitles":["TwoFactorAuthenticationSetup"],"duration":29,"failureDetails":[],"failureMessages":[],"fullName":"TwoFactorAuthenticationSetup should match snapshot","invocations":1,"location":null,"numPassingAsserts":1,"retryReasons":[],"status":"passed","title":"should match snapshot"}],"endTime":1728616473923,"message":"","name":"/Users/ranantharaj/projects/nextgen-ui/libs/user-management/src/multiFactorAuth/manual-setup/TwoFactorAuthenticationManualSetup.spec.tsx","startTime":1728616473111,"status":"passed","summary":""},{"assertionResults":[{"ancestorTitles":["TwoFactorAuthenticationCode"],"duration":14,"failureDetails":[],"failureMessages":[],"fullName":"TwoFactorAuthenticationCode should match snapshot","invocations":1,"location":null,"numPassingAsserts":1,"retryReasons":[],"status":"passed","title":"should match snapshot"}],"endTime":1728616475276,"message":"","name":"/Users/ranantharaj/projects/nextgen-ui/libs/user-management/src/multiFactorAuth/code/TwoFactorAuthenticationCode.spec.tsx","startTime":1728616473932,"status":"passed","summary":""},{"assertionResults":[{"ancestorTitles":["TwoFactorAuthenticationCompleted"],"duration":16,"failureDetails":[],"failureMessages":[],"fullName":"TwoFactorAuthenticationCompleted should match snapshot","invocations":1,"location":null,"numPassingAsserts":1,"retryReasons":[],"status":"passed","title":"should match snapshot"}],"endTime":1728616475962,"message":"","name":"/Users/ranantharaj/projects/nextgen-ui/libs/user-management/src/multiFactorAuth/complete/TwoFactorAuthenticationCompleted.spec.tsx","startTime":1728616475286,"status":"passed","summary":""},{"assertionResults":[{"ancestorTitles":["Organization version tile"],"duration":136,"failureDetails":[],"failureMessages":[],"fullName":"Organization version tile should expand on arrow click and collapse when Edit click","invocations":1,"location":null,"numPassingAsserts":3,"retryReasons":[],"status":"passed","title":"should expand on arrow click and collapse when Edit click"}],"endTime":1728616476999,"message":"","name":"/Users/ranantharaj/projects/nextgen-ui/libs/user-management/src/OrganizationsPage/components/OrganizationVersionTile/OrganizationVersionTile.spec.tsx","startTime":1728616475973,"status":"passed","summary":""},{"assertionResults":[{"ancestorTitles":["TwoFactorAuthenticationSetup"],"duration":14,"failureDetails":[],"failureMessages":[],"fullName":"TwoFactorAuthenticationSetup should match snapshot","invocations":1,"location":null,"numPassingAsserts":1,"retryReasons":[],"status":"passed","title":"should match snapshot"}],"endTime":1728616477693,"message":"","name":"/Users/ranantharaj/projects/nextgen-ui/libs/user-management/src/multiFactorAuth/setup/TwoFactorAuthenticationSetup.spec.tsx","startTime":1728616477008,"status":"passed","summary":""},{"assertionResults":[{"ancestorTitles":["TwoFactorAuthenticationWizard"],"duration":18,"failureDetails":[],"failureMessages":[],"fullName":"TwoFactorAuthenticationWizard should match snapshot","invocations":1,"location":null,"numPassingAsserts":1,"retryReasons":[],"status":"passed","title":"should match snapshot"}],"endTime":1728616478769,"message":"","name":"/Users/ranantharaj/projects/nextgen-ui/libs/user-management/src/multiFactorAuth/wizard/TwoFactorAuthenticationWizard.spec.tsx","startTime":1728616477700,"status":"passed","summary":""},{"assertionResults":[{"ancestorTitles":["ApiTokensPage"],"duration":115,"failureDetails":[],"failureMessages":[],"fullName":"ApiTokensPage should show action button, search filter and table","invocations":1,"location":null,"numPassingAsserts":3,"retryReasons":[],"status":"passed","title":"should show action button, search filter and table"},{"ancestorTitles":["ApiTokensPage"],"duration":374,"failureDetails":[],"failureMessages":[],"fullName":"ApiTokensPage check form validation","invocations":1,"location":null,"numPassingAsserts":4,"retryReasons":[],"status":"passed","title":"check form validation"},{"ancestorTitles":["ApiTokensPage"],"duration":478,"failureDetails":[],"failureMessages":[],"fullName":"ApiTokensPage check custom duration","invocations":1,"location":null,"numPassingAsserts":5,"retryReasons":[],"status":"passed","title":"check custom duration"},{"ancestorTitles":["ApiTokensPage"],"duration":698,"failureDetails":[],"failureMessages":[],"fullName":"ApiTokensPage should generate token and close token modal","invocations":1,"location":null,"numPassingAsserts":8,"retryReasons":[],"status":"passed","title":"should generate token and close token modal"},{"ancestorTitles":["ApiTokensPage"],"duration":91,"failureDetails":[],"failureMessages":[],"fullName":"ApiTokensPage should have open filters","invocations":1,"location":null,"numPassingAsserts":1,"retryReasons":[],"status":"passed","title":"should have open filters"},{"ancestorTitles":["ApiTokensPage"],"duration":193,"failureDetails":[],"failureMessages":[],"fullName":"ApiTokensPage should be able to delete an API token","invocations":1,"location":null,"numPassingAsserts":2,"retryReasons":[],"status":"passed","title":"should be able to delete an API token"}],"endTime":1728616482358,"message":"","name":"/Users/ranantharaj/projects/nextgen-ui/libs/user-management/src/ProfilePage/components/ApiTokens/ApiTokensPage.spec.tsx","startTime":1728616478780,"status":"passed","summary":""},{"assertionResults":[{"ancestorTitles":["LinkAccountModal"],"duration":137,"failureDetails":[],"failureMessages":[],"fullName":"LinkAccountModal should be able to cancel","invocations":1,"location":null,"numPassingAsserts":1,"retryReasons":[],"status":"passed","title":"should be able to cancel"},{"ancestorTitles":["LinkAccountModal"],"duration":25,"failureDetails":[],"failureMessages":[],"fullName":"LinkAccountModal should render loading","invocations":1,"location":null,"numPassingAsserts":1,"retryReasons":[],"status":"passed","title":"should render loading"}],"endTime":1728616484995,"message":"","name":"/Users/ranantharaj/projects/nextgen-ui/libs/user-management/src/ProfilePage/components/LinkAccountModal/LinkAccountModal.spec.tsx","startTime":1728616482661,"status":"passed","summary":""},{"assertionResults":[{"ancestorTitles":["LinkedAccountsContent"],"duration":144,"failureDetails":[],"failureMessages":[],"fullName":"LinkedAccountsContent should be able to unlink an account","invocations":1,"location":null,"numPassingAsserts":1,"retryReasons":[],"status":"passed","title":"should be able to unlink an account"}],"endTime":1728616485964,"message":"","name":"/Users/ranantharaj/projects/nextgen-ui/libs/user-management/src/ProfilePage/LinkedAccountsContent.spec.tsx","startTime":1728616485017,"status":"passed","summary":""},{"assertionResults":[{"ancestorTitles":["ResetPasswordDrawer"],"duration":30,"failureDetails":[],"failureMessages":[],"fullName":"ResetPasswordDrawer should match snapshot","invocations":1,"location":null,"numPassingAsserts":1,"retryReasons":[],"status":"passed","title":"should match snapshot"}],"endTime":1728616486848,"message":"","name":"/Users/ranantharaj/projects/nextgen-ui/libs/user-management/src/AccountSecurity/components/ResetPasswordDrawer/ResetPasswordConfirmationModal.spec.tsx","startTime":1728616485975,"status":"passed","summary":""},{"assertionResults":[{"ancestorTitles":["PasswordRequirement"],"duration":4,"failureDetails":[],"failureMessages":[],"fullName":"PasswordRequirement should match snapshot when status is undefined","invocations":1,"location":null,"numPassingAsserts":1,"retryReasons":[],"status":"passed","title":"should match snapshot when status is undefined"},{"ancestorTitles":["PasswordRequirement"],"duration":3,"failureDetails":[],"failureMessages":[],"fullName":"PasswordRequirement should match snapshot when status is success","invocations":1,"location":null,"numPassingAsserts":1,"retryReasons":[],"status":"passed","title":"should match snapshot when status is success"},{"ancestorTitles":["PasswordRequirement"],"duration":2,"failureDetails":[],"failureMessages":[],"fullName":"PasswordRequirement should match snapshot when status is error","invocations":1,"location":null,"numPassingAsserts":1,"retryReasons":[],"status":"passed","title":"should match snapshot when status is error"}],"endTime":1728616487469,"message":"","name":"/Users/ranantharaj/projects/nextgen-ui/libs/user-management/src/AccountSecurity/components/ResetPasswordDrawer/PasswordRequirement.spec.tsx","startTime":1728616486857,"status":"passed","summary":""},{"assertionResults":[{"ancestorTitles":["UserManagementPackage"],"duration":0,"failureDetails":[],"failureMessages":[],"fullName":"UserManagementPackage should contain package promise","invocations":1,"location":null,"numPassingAsserts":2,"retryReasons":[],"status":"passed","title":"should contain package promise"}],"endTime":1728616488100,"message":"","name":"/Users/ranantharaj/projects/nextgen-ui/libs/user-management/src/ExtPackage/ExtPackage.spec.tsx","startTime":1728616487480,"status":"passed","summary":""},{"assertionResults":[{"ancestorTitles":["UserContextProvider"],"duration":3,"failureDetails":[],"failureMessages":[],"fullName":"UserContextProvider should match snapshot","invocations":1,"location":null,"numPassingAsserts":1,"retryReasons":[],"status":"passed","title":"should match snapshot"},{"ancestorTitles":["UserContextProvider"],"duration":10,"failureDetails":[],"failureMessages":[],"fullName":"UserContextProvider should update user when updateUser is called","invocations":1,"location":null,"numPassingAsserts":2,"retryReasons":[],"status":"passed","title":"should update user when updateUser is called"}],"endTime":1728616488652,"message":"","name":"/Users/ranantharaj/projects/nextgen-ui/libs/user-management/src/context/UserContext/UserContextProvider.spec.tsx","startTime":1728616488108,"status":"passed","summary":""},{"assertionResults":[{"ancestorTitles":["LinkedAccountItem"],"duration":5,"failureDetails":[],"failureMessages":[],"fullName":"LinkedAccountItem should match snapshot","invocations":1,"location":null,"numPassingAsserts":1,"retryReasons":[],"status":"passed","title":"should match snapshot"},{"ancestorTitles":["LinkedAccountItem"],"duration":2,"failureDetails":[],"failureMessages":[],"fullName":"LinkedAccountItem LinkedAccountItem with the NEW tag","invocations":1,"location":null,"numPassingAsserts":1,"retryReasons":[],"status":"passed","title":"LinkedAccountItem with the NEW tag"}],"endTime":1728616489300,"message":"","name":"/Users/ranantharaj/projects/nextgen-ui/libs/user-management/src/ProfilePage/components/LinkedAccountItem/LinkedAccountItem.spec.tsx","startTime":1728616488660,"status":"passed","summary":""},{"assertionResults":[{"ancestorTitles":["isUriValid"],"duration":0,"failureDetails":[],"failureMessages":[],"fullName":"isUriValid should not allow malicious qrcode uri","invocations":1,"location":null,"numPassingAsserts":2,"retryReasons":[],"status":"passed","title":"should not allow malicious qrcode uri"},{"ancestorTitles":["isUriValid"],"duration":0,"failureDetails":[],"failureMessages":[],"fullName":"isUriValid should allow correct qrcode uri","invocations":1,"location":null,"numPassingAsserts":1,"retryReasons":[],"status":"passed","title":"should allow correct qrcode uri"},{"ancestorTitles":["decodeUri"],"duration":0,"failureDetails":[],"failureMessages":[],"fullName":"decodeUri should return a decoded string from a base64 encoded string","invocations":1,"location":null,"numPassingAsserts":1,"retryReasons":[],"status":"passed","title":"should return a decoded string from a base64 encoded string"},{"ancestorTitles":["decodeUri"],"duration":3,"failureDetails":[],"failureMessages":[],"fullName":"decodeUri should return undefined and display a console error from a badly encoded string","invocations":1,"location":null,"numPassingAsserts":2,"retryReasons":[],"status":"passed","title":"should return undefined and display a console error from a badly encoded string"}],"endTime":1728616489786,"message":"","name":"/Users/ranantharaj/projects/nextgen-ui/libs/user-management/src/multiFactorAuth/utils/validateUri.spec.ts","startTime":1728616489309,"status":"passed","summary":""}],"wasInterrupted":false,"coverageMap":{"/Users/ranantharaj/projects/nextgen-ui/libs/user-management/src/AccountSecurity/ResetPasswordSection.tsx":{"path":"/Users/ranantharaj/projects/nextgen-ui/libs/user-management/src/AccountSecurity/ResetPasswordSection.tsx","all":false,"statementMap":{"0":{"start":{"line":1,"column":0},"end":{"line":1,"column":41}},"1":{"start":{"line":2,"column":0},"end":{"line":2,"column":46}},"2":{"start":{"line":3,"column":0},"end":{"line":3,"column":39}},"3":{"start":{"line":4,"column":0},"end":{"line":4,"column":41}},"4":{"start":{"line":5,"column":0},"end":{"line":5,"column":37}},"5":{"start":{"line":6,"column":0},"end":{"line":6,"column":55}},"6":{"start":{"line":7,"column":0},"end":{"line":7,"column":0}},"7":{"start":{"line":8,"column":0},"end":{"line":8,"column":89}},"8":{"start":{"line":9,"column":0},"end":{"line":9,"column":0}},"9":{"start":{"line":10,"column":0},"end":{"line":10,"column":61}},"10":{"start":{"line":11,"column":0},"end":{"line":11,"column":0}},"11":{"start":{"line":12,"column":0},"end":{"line":12,"column":31}},"12":{"start":{"line":13,"column":0},"end":{"line":13,"column":15}},"13":{"start":{"line":14,"column":0},"end":{"line":14,"column":23}},"14":{"start":{"line":15,"column":0},"end":{"line":15,"column":1}},"15":{"start":{"line":16,"column":0},"end":{"line":16,"column":0}},"16":{"start":{"line":17,"column":0},"end":{"line":17,"column":88}},"17":{"start":{"line":18,"column":0},"end":{"line":18,"column":49}},"18":{"start":{"line":19,"column":0},"end":{"line":19,"column":36}},"19":{"start":{"line":20,"column":0},"end":{"line":20,"column":77}},"20":{"start":{"line":21,"column":0},"end":{"line":21,"column":41}},"21":{"start":{"line":22,"column":0},"end":{"line":22,"column":82}},"22":{"start":{"line":23,"column":0},"end":{"line":23,"column":21}},"23":{"start":{"line":24,"column":0},"end":{"line":24,"column":0}},"24":{"start":{"line":25,"column":0},"end":{"line":25,"column":35}},"25":{"start":{"line":26,"column":0},"end":{"line":26,"column":27}},"26":{"start":{"line":27,"column":0},"end":{"line":27,"column":14}},"27":{"start":{"line":28,"column":0},"end":{"line":28,"column":81}},"28":{"start":{"line":29,"column":0},"end":{"line":29,"column":41}},"29":{"start":{"line":30,"column":0},"end":{"line":30,"column":53}},"30":{"start":{"line":31,"column":0},"end":{"line":31,"column":50}},"31":{"start":{"line":32,"column":0},"end":{"line":32,"column":51}},"32":{"start":{"line":33,"column":0},"end":{"line":33,"column":17}},"33":{"start":{"line":34,"column":0},"end":{"line":34,"column":16}},"34":{"start":{"line":35,"column":0},"end":{"line":35,"column":7}},"35":{"start":{"line":36,"column":0},"end":{"line":36,"column":5}},"36":{"start":{"line":37,"column":0},"end":{"line":37,"column":10}},"37":{"start":{"line":38,"column":0},"end":{"line":38,"column":41}},"38":{"start":{"line":39,"column":0},"end":{"line":39,"column":0}},"39":{"start":{"line":40,"column":0},"end":{"line":40,"column":53}},"40":{"start":{"line":41,"column":0},"end":{"line":41,"column":26}},"41":{"start":{"line":42,"column":0},"end":{"line":42,"column":14}},"42":{"start":{"line":43,"column":0},"end":{"line":43,"column":10}},"43":{"start":{"line":44,"column":0},"end":{"line":44,"column":17}},"44":{"start":{"line":45,"column":0},"end":{"line":45,"column":30}},"45":{"start":{"line":46,"column":0},"end":{"line":46,"column":33}},"46":{"start":{"line":47,"column":0},"end":{"line":47,"column":59}},"47":{"start":{"line":48,"column":0},"end":{"line":48,"column":44}},"48":{"start":{"line":49,"column":0},"end":{"line":49,"column":51}},"49":{"start":{"line":50,"column":0},"end":{"line":50,"column":51}},"50":{"start":{"line":51,"column":0},"end":{"line":51,"column":11}},"51":{"start":{"line":52,"column":0},"end":{"line":52,"column":47}},"52":{"start":{"line":53,"column":0},"end":{"line":53,"column":19}},"53":{"start":{"line":54,"column":0},"end":{"line":54,"column":41}},"54":{"start":{"line":55,"column":0},"end":{"line":55,"column":29}},"55":{"start":{"line":56,"column":0},"end":{"line":56,"column":41}},"56":{"start":{"line":57,"column":0},"end":{"line":57,"column":60}},"57":{"start":{"line":58,"column":0},"end":{"line":58,"column":12}},"58":{"start":{"line":59,"column":0},"end":{"line":59,"column":11}},"59":{"start":{"line":60,"column":0},"end":{"line":60,"column":7}},"60":{"start":{"line":61,"column":0},"end":{"line":61,"column":5}},"61":{"start":{"line":62,"column":0},"end":{"line":62,"column":0}},"62":{"start":{"line":63,"column":0},"end":{"line":63,"column":10}},"63":{"start":{"line":64,"column":0},"end":{"line":64,"column":69}},"64":{"start":{"line":65,"column":0},"end":{"line":65,"column":0}},"65":{"start":{"line":66,"column":0},"end":{"line":66,"column":33}},"66":{"start":{"line":67,"column":0},"end":{"line":67,"column":32}},"67":{"start":{"line":68,"column":0},"end":{"line":68,"column":3}},"68":{"start":{"line":69,"column":0},"end":{"line":69,"column":0}},"69":{"start":{"line":70,"column":0},"end":{"line":70,"column":10}},"70":{"start":{"line":71,"column":0},"end":{"line":71,"column":6}},"71":{"start":{"line":72,"column":0},"end":{"line":72,"column":25}},"72":{"start":{"line":73,"column":0},"end":{"line":73,"column":19}},"73":{"start":{"line":74,"column":0},"end":{"line":74,"column":13}},"74":{"start":{"line":75,"column":0},"end":{"line":75,"column":0}},"75":{"start":{"line":76,"column":0},"end":{"line":76,"column":25}},"76":{"start":{"line":77,"column":0},"end":{"line":77,"column":37}},"77":{"start":{"line":78,"column":0},"end":{"line":78,"column":13}},"78":{"start":{"line":79,"column":0},"end":{"line":79,"column":7}},"79":{"start":{"line":80,"column":0},"end":{"line":80,"column":3}},"80":{"start":{"line":81,"column":0},"end":{"line":81,"column":1}}},"s":{"0":1,"1":1,"2":1,"3":1,"4":1,"5":1,"6":1,"7":1,"8":1,"9":1,"10":1,"11":1,"12":1,"13":1,"14":1,"15":1,"16":1,"17":5,"18":5,"19":5,"20":5,"21":5,"22":5,"23":5,"24":5,"25":5,"26":3,"27":3,"28":3,"29":0,"30":3,"31":3,"32":3,"33":3,"34":3,"35":3,"36":2,"37":5,"38":5,"39":5,"40":5,"41":2,"42":2,"43":2,"44":2,"45":2,"46":2,"47":2,"48":2,"49":2,"50":2,"51":2,"52":2,"53":2,"54":2,"55":2,"56":2,"57":2,"58":2,"59":2,"60":2,"61":3,"62":3,"63":5,"64":5,"65":5,"66":5,"67":5,"68":0,"69":0,"70":0,"71":0,"72":0,"73":0,"74":0,"75":0,"76":0,"77":0,"78":0,"79":0,"80":0},"branchMap":{"0":{"type":"branch","line":17,"loc":{"start":{"line":17,"column":36},"end":{"line":81,"column":1}},"locations":[{"start":{"line":17,"column":36},"end":{"line":81,"column":1}}]},"1":{"type":"branch","line":66,"loc":{"start":{"line":66,"column":7},"end":{"line":66,"column":32}},"locations":[{"start":{"line":66,"column":7},"end":{"line":66,"column":32}}]},"2":{"type":"branch","line":68,"loc":{"start":{"line":68,"column":2},"end":{"line":81,"column":1}},"locations":[{"start":{"line":68,"column":2},"end":{"line":81,"column":1}}]},"3":{"type":"branch","line":21,"loc":{"start":{"line":21,"column":34},"end":{"line":23,"column":5}},"locations":[{"start":{"line":21,"column":34},"end":{"line":23,"column":5}}]},"4":{"type":"branch","line":22,"loc":{"start":{"line":22,"column":29},"end":{"line":22,"column":82}},"locations":[{"start":{"line":22,"column":29},"end":{"line":22,"column":82}}]},"5":{"type":"branch","line":25,"loc":{"start":{"line":25,"column":28},"end":{"line":38,"column":5}},"locations":[{"start":{"line":25,"column":28},"end":{"line":38,"column":5}}]},"6":{"type":"branch","line":26,"loc":{"start":{"line":26,"column":26},"end":{"line":36,"column":5}},"locations":[{"start":{"line":26,"column":26},"end":{"line":36,"column":5}}]},"7":{"type":"branch","line":29,"loc":{"start":{"line":29,"column":34},"end":{"line":30,"column":53}},"locations":[{"start":{"line":29,"column":34},"end":{"line":30,"column":53}}]},"8":{"type":"branch","line":32,"loc":{"start":{"line":32,"column":30},"end":{"line":32,"column":51}},"locations":[{"start":{"line":32,"column":30},"end":{"line":32,"column":51}}]},"9":{"type":"branch","line":36,"loc":{"start":{"line":36,"column":4},"end":{"line":38,"column":5}},"locations":[{"start":{"line":36,"column":4},"end":{"line":38,"column":5}}]},"10":{"type":"branch","line":40,"loc":{"start":{"line":40,"column":46},"end":{"line":64,"column":5}},"locations":[{"start":{"line":40,"column":46},"end":{"line":64,"column":5}}]},"11":{"type":"branch","line":41,"loc":{"start":{"line":41,"column":25},"end":{"line":61,"column":5}},"locations":[{"start":{"line":41,"column":25},"end":{"line":61,"column":5}}]},"12":{"type":"branch","line":49,"loc":{"start":{"line":49,"column":38},"end":{"line":49,"column":51}},"locations":[{"start":{"line":49,"column":38},"end":{"line":49,"column":51}}]},"13":{"type":"branch","line":61,"loc":{"start":{"line":61,"column":4},"end":{"line":64,"column":5}},"locations":[{"start":{"line":61,"column":4},"end":{"line":64,"column":5}}]}},"b":{"0":[5],"1":[0],"2":[0],"3":[5],"4":[3],"5":[5],"6":[3],"7":[0],"8":[0],"9":[2],"10":[5],"11":[2],"12":[0],"13":[3]},"fnMap":{"0":{"name":"ResetPasswordSection","decl":{"start":{"line":17,"column":36},"end":{"line":81,"column":1}},"loc":{"start":{"line":17,"column":36},"end":{"line":81,"column":1}},"line":17}},"f":{"0":5}},"/Users/ranantharaj/projects/nextgen-ui/libs/user-management/src/AccountSecurity/components/ResetPasswordDrawer/PasswordRequirement.tsx":{"path":"/Users/ranantharaj/projects/nextgen-ui/libs/user-management/src/AccountSecurity/components/ResetPasswordDrawer/PasswordRequirement.tsx","all":false,"statementMap":{"0":{"start":{"line":1,"column":0},"end":{"line":1,"column":51}},"1":{"start":{"line":2,"column":0},"end":{"line":2,"column":47}},"2":{"start":{"line":3,"column":0},"end":{"line":3,"column":63}},"3":{"start":{"line":4,"column":0},"end":{"line":4,"column":35}},"4":{"start":{"line":5,"column":0},"end":{"line":5,"column":47}},"5":{"start":{"line":6,"column":0},"end":{"line":6,"column":0}},"6":{"start":{"line":7,"column":0},"end":{"line":7,"column":41}},"7":{"start":{"line":8,"column":0},"end":{"line":8,"column":0}},"8":{"start":{"line":9,"column":0},"end":{"line":9,"column":37}},"9":{"start":{"line":10,"column":0},"end":{"line":10,"column":21}},"10":{"start":{"line":11,"column":0},"end":{"line":11,"column":25}},"11":{"start":{"line":12,"column":0},"end":{"line":12,"column":1}},"12":{"start":{"line":13,"column":0},"end":{"line":13,"column":0}},"13":{"start":{"line":14,"column":0},"end":{"line":14,"column":14}},"14":{"start":{"line":15,"column":0},"end":{"line":15,"column":67}},"15":{"start":{"line":16,"column":0},"end":{"line":16,"column":70}},"16":{"start":{"line":17,"column":0},"end":{"line":17,"column":64}},"17":{"start":{"line":18,"column":0},"end":{"line":18,"column":1}},"18":{"start":{"line":19,"column":0},"end":{"line":19,"column":0}},"19":{"start":{"line":20,"column":0},"end":{"line":20,"column":92}},"20":{"start":{"line":21,"column":0},"end":{"line":21,"column":26}},"21":{"start":{"line":22,"column":0},"end":{"line":22,"column":21}},"22":{"start":{"line":23,"column":0},"end":{"line":23,"column":60}},"23":{"start":{"line":24,"column":0},"end":{"line":24,"column":54}},"24":{"start":{"line":25,"column":0},"end":{"line":25,"column":58}},"25":{"start":{"line":26,"column":0},"end":{"line":26,"column":3}},"26":{"start":{"line":27,"column":0},"end":{"line":27,"column":10}},"27":{"start":{"line":28,"column":0},"end":{"line":28,"column":8}},"28":{"start":{"line":29,"column":0},"end":{"line":29,"column":100}},"29":{"start":{"line":30,"column":0},"end":{"line":30,"column":5}},"30":{"start":{"line":31,"column":0},"end":{"line":31,"column":20}},"31":{"start":{"line":32,"column":0},"end":{"line":32,"column":19}},"32":{"start":{"line":33,"column":0},"end":{"line":33,"column":10}},"33":{"start":{"line":34,"column":0},"end":{"line":34,"column":3}},"34":{"start":{"line":35,"column":0},"end":{"line":35,"column":1}}},"s":{"0":1,"1":1,"2":1,"3":1,"4":1,"5":1,"6":1,"7":1,"8":1,"9":1,"10":1,"11":1,"12":1,"13":1,"14":1,"15":1,"16":1,"17":1,"18":1,"19":1,"20":3,"21":3,"22":3,"23":3,"24":3,"25":3,"26":3,"27":3,"28":3,"29":3,"30":3,"31":3,"32":3,"33":3,"34":3},"branchMap":{"0":{"type":"branch","line":20,"loc":{"start":{"line":20,"column":35},"end":{"line":35,"column":1}},"locations":[{"start":{"line":20,"column":35},"end":{"line":35,"column":1}}]}},"b":{"0":[3]},"fnMap":{"0":{"name":"PasswordRequirement","decl":{"start":{"line":20,"column":35},"end":{"line":35,"column":1}},"loc":{"start":{"line":20,"column":35},"end":{"line":35,"column":1}},"line":20}},"f":{"0":3}},"/Users/ranantharaj/projects/nextgen-ui/libs/user-management/src/AccountSecurity/components/ResetPasswordDrawer/ResetPasswordConfirmationModal.tsx":{"path":"/Users/ranantharaj/projects/nextgen-ui/libs/user-management/src/AccountSecurity/components/ResetPasswordDrawer/ResetPasswordConfirmationModal.tsx","all":false,"statementMap":{"0":{"start":{"line":1,"column":0},"end":{"line":1,"column":46}},"1":{"start":{"line":2,"column":0},"end":{"line":2,"column":0}},"2":{"start":{"line":3,"column":0},"end":{"line":3,"column":75}},"3":{"start":{"line":4,"column":0},"end":{"line":4,"column":61}},"4":{"start":{"line":5,"column":0},"end":{"line":5,"column":82}},"5":{"start":{"line":6,"column":0},"end":{"line":6,"column":73}},"6":{"start":{"line":7,"column":0},"end":{"line":7,"column":0}},"7":{"start":{"line":8,"column":0},"end":{"line":8,"column":36}},"8":{"start":{"line":9,"column":0},"end":{"line":9,"column":19}},"9":{"start":{"line":10,"column":0},"end":{"line":10,"column":15}},"10":{"start":{"line":11,"column":0},"end":{"line":11,"column":21}},"11":{"start":{"line":12,"column":0},"end":{"line":12,"column":1}},"12":{"start":{"line":13,"column":0},"end":{"line":13,"column":0}},"13":{"start":{"line":14,"column":0},"end":{"line":14,"column":81}},"14":{"start":{"line":15,"column":0},"end":{"line":15,"column":51}},"15":{"start":{"line":16,"column":0},"end":{"line":16,"column":31}},"16":{"start":{"line":17,"column":0},"end":{"line":17,"column":4}},"17":{"start":{"line":18,"column":0},"end":{"line":18,"column":0}},"18":{"start":{"line":19,"column":0},"end":{"line":19,"column":38}},"19":{"start":{"line":20,"column":0},"end":{"line":20,"column":30}},"20":{"start":{"line":21,"column":0},"end":{"line":21,"column":0}},"21":{"start":{"line":22,"column":0},"end":{"line":22,"column":35}},"22":{"start":{"line":23,"column":0},"end":{"line":23,"column":0}},"23":{"start":{"line":24,"column":0},"end":{"line":24,"column":10}},"24":{"start":{"line":25,"column":0},"end":{"line":25,"column":28}},"25":{"start":{"line":26,"column":0},"end":{"line":26,"column":29}},"26":{"start":{"line":27,"column":0},"end":{"line":27,"column":23}},"27":{"start":{"line":28,"column":0},"end":{"line":28,"column":22}},"28":{"start":{"line":29,"column":0},"end":{"line":29,"column":19}},"29":{"start":{"line":30,"column":0},"end":{"line":30,"column":42}},"30":{"start":{"line":31,"column":0},"end":{"line":31,"column":5}},"31":{"start":{"line":32,"column":0},"end":{"line":32,"column":100}},"32":{"start":{"line":33,"column":0},"end":{"line":33,"column":33}},"33":{"start":{"line":34,"column":0},"end":{"line":34,"column":39}},"34":{"start":{"line":35,"column":0},"end":{"line":35,"column":98}},"35":{"start":{"line":36,"column":0},"end":{"line":36,"column":95}},"36":{"start":{"line":37,"column":0},"end":{"line":37,"column":40}},"37":{"start":{"line":38,"column":0},"end":{"line":38,"column":34}},"38":{"start":{"line":39,"column":0},"end":{"line":39,"column":33}},"39":{"start":{"line":40,"column":0},"end":{"line":40,"column":100}},"40":{"start":{"line":41,"column":0},"end":{"line":41,"column":16}},"41":{"start":{"line":42,"column":0},"end":{"line":42,"column":39}},"42":{"start":{"line":43,"column":0},"end":{"line":43,"column":0}},"43":{"start":{"line":44,"column":0},"end":{"line":44,"column":37}},"44":{"start":{"line":45,"column":0},"end":{"line":45,"column":53}},"45":{"start":{"line":46,"column":0},"end":{"line":46,"column":19}},"46":{"start":{"line":47,"column":0},"end":{"line":47,"column":23}},"47":{"start":{"line":48,"column":0},"end":{"line":48,"column":32}},"48":{"start":{"line":49,"column":0},"end":{"line":49,"column":17}},"49":{"start":{"line":50,"column":0},"end":{"line":50,"column":29}},"50":{"start":{"line":51,"column":0},"end":{"line":51,"column":26}},"51":{"start":{"line":52,"column":0},"end":{"line":52,"column":52}},"52":{"start":{"line":53,"column":0},"end":{"line":53,"column":25}},"53":{"start":{"line":54,"column":0},"end":{"line":54,"column":16}},"54":{"start":{"line":55,"column":0},"end":{"line":55,"column":61}},"55":{"start":{"line":56,"column":0},"end":{"line":56,"column":0}},"56":{"start":{"line":57,"column":0},"end":{"line":57,"column":105}},"57":{"start":{"line":58,"column":0},"end":{"line":58,"column":46}},"58":{"start":{"line":59,"column":0},"end":{"line":59,"column":25}},"59":{"start":{"line":60,"column":0},"end":{"line":60,"column":57}},"60":{"start":{"line":61,"column":0},"end":{"line":61,"column":13}},"61":{"start":{"line":62,"column":0},"end":{"line":62,"column":12}},"62":{"start":{"line":63,"column":0},"end":{"line":63,"column":9}},"63":{"start":{"line":64,"column":0},"end":{"line":64,"column":17}},"64":{"start":{"line":65,"column":0},"end":{"line":65,"column":39}},"65":{"start":{"line":66,"column":0},"end":{"line":66,"column":34}},"66":{"start":{"line":67,"column":0},"end":{"line":67,"column":30}},"67":{"start":{"line":68,"column":0},"end":{"line":68,"column":3}},"68":{"start":{"line":69,"column":0},"end":{"line":69,"column":1}}},"s":{"0":1,"1":1,"2":1,"3":1,"4":1,"5":1,"6":1,"7":1,"8":1,"9":1,"10":1,"11":1,"12":1,"13":1,"14":1,"15":1,"16":1,"17":1,"18":1,"19":1,"20":1,"21":1,"22":1,"23":1,"24":1,"25":1,"26":1,"27":1,"28":1,"29":1,"30":1,"31":1,"32":1,"33":1,"34":1,"35":1,"36":1,"37":1,"38":1,"39":1,"40":1,"41":1,"42":1,"43":1,"44":1,"45":1,"46":1,"47":1,"48":0,"49":0,"50":0,"51":0,"52":0,"53":0,"54":0,"55":0,"56":0,"57":0,"58":0,"59":0,"60":0,"61":0,"62":1,"63":1,"64":1,"65":1,"66":1,"67":1,"68":1},"branchMap":{"0":{"type":"branch","line":14,"loc":{"start":{"line":14,"column":7},"end":{"line":69,"column":1}},"locations":[{"start":{"line":14,"column":7},"end":{"line":69,"column":1}}]}},"b":{"0":[1]},"fnMap":{"0":{"name":"ResetPasswordConfirmationModal","decl":{"start":{"line":14,"column":7},"end":{"line":69,"column":1}},"loc":{"start":{"line":14,"column":7},"end":{"line":69,"column":1}},"line":14}},"f":{"0":1}},"/Users/ranantharaj/projects/nextgen-ui/libs/user-management/src/AccountSecurity/components/ResetPasswordDrawer/utils.ts":{"path":"/Users/ranantharaj/projects/nextgen-ui/libs/user-management/src/AccountSecurity/components/ResetPasswordDrawer/utils.ts","all":true,"statementMap":{"0":{"start":{"line":1,"column":0},"end":{"line":1,"column":64}},"1":{"start":{"line":2,"column":0},"end":{"line":2,"column":68}},"2":{"start":{"line":3,"column":0},"end":{"line":3,"column":68}},"3":{"start":{"line":4,"column":0},"end":{"line":4,"column":65}},"4":{"start":{"line":5,"column":0},"end":{"line":5,"column":63}},"5":{"start":{"line":6,"column":0},"end":{"line":6,"column":45}},"6":{"start":{"line":7,"column":0},"end":{"line":7,"column":25}},"7":{"start":{"line":8,"column":0},"end":{"line":8,"column":28}},"8":{"start":{"line":9,"column":0},"end":{"line":9,"column":28}},"9":{"start":{"line":10,"column":0},"end":{"line":10,"column":25}},"10":{"start":{"line":11,"column":0},"end":{"line":11,"column":23}}},"s":{"0":0,"1":0,"2":0,"3":0,"4":0,"5":0,"6":0,"7":0,"8":0,"9":0,"10":0},"branchMap":{"0":{"type":"branch","line":1,"loc":{"start":{"line":1,"column":0},"end":{"line":11,"column":23}},"locations":[{"start":{"line":1,"column":0},"end":{"line":11,"column":23}}]}},"b":{"0":[0]},"fnMap":{"0":{"name":"(empty-report)","decl":{"start":{"line":1,"column":0},"end":{"line":11,"column":23}},"loc":{"start":{"line":1,"column":0},"end":{"line":11,"column":23}},"line":1}},"f":{"0":0}},"/Users/ranantharaj/projects/nextgen-ui/libs/user-management/src/ExtPackage/ExtPackage.tsx":{"path":"/Users/ranantharaj/projects/nextgen-ui/libs/user-management/src/ExtPackage/ExtPackage.tsx","all":false,"statementMap":{"0":{"start":{"line":1,"column":0},"end":{"line":1,"column":29}},"1":{"start":{"line":2,"column":0},"end":{"line":2,"column":0}},"2":{"start":{"line":3,"column":0},"end":{"line":3,"column":67}},"3":{"start":{"line":4,"column":0},"end":{"line":4,"column":94}},"4":{"start":{"line":5,"column":0},"end":{"line":5,"column":8}},"5":{"start":{"line":6,"column":0},"end":{"line":6,"column":18}},"6":{"start":{"line":7,"column":0},"end":{"line":7,"column":25}},"7":{"start":{"line":8,"column":0},"end":{"line":8,"column":72}},"8":{"start":{"line":9,"column":0},"end":{"line":9,"column":53}},"9":{"start":{"line":10,"column":0},"end":{"line":10,"column":0}},"10":{"start":{"line":11,"column":0},"end":{"line":11,"column":28}},"11":{"start":{"line":12,"column":0},"end":{"line":12,"column":50}},"12":{"start":{"line":13,"column":0},"end":{"line":13,"column":1}},"13":{"start":{"line":14,"column":0},"end":{"line":14,"column":0}},"14":{"start":{"line":15,"column":0},"end":{"line":15,"column":61}},"15":{"start":{"line":16,"column":0},"end":{"line":16,"column":33}},"16":{"start":{"line":17,"column":0},"end":{"line":17,"column":36}},"17":{"start":{"line":18,"column":0},"end":{"line":18,"column":30}},"18":{"start":{"line":19,"column":0},"end":{"line":19,"column":15}},"19":{"start":{"line":20,"column":0},"end":{"line":20,"column":19}},"20":{"start":{"line":21,"column":0},"end":{"line":21,"column":37}},"21":{"start":{"line":22,"column":0},"end":{"line":22,"column":11}},"22":{"start":{"line":23,"column":0},"end":{"line":23,"column":36}},"23":{"start":{"line":24,"column":0},"end":{"line":24,"column":21}},"24":{"start":{"line":25,"column":0},"end":{"line":25,"column":98}},"25":{"start":{"line":26,"column":0},"end":{"line":26,"column":14}},"26":{"start":{"line":27,"column":0},"end":{"line":27,"column":24}},"27":{"start":{"line":28,"column":0},"end":{"line":28,"column":42}},"28":{"start":{"line":29,"column":0},"end":{"line":29,"column":14}},"29":{"start":{"line":30,"column":0},"end":{"line":30,"column":23}},"30":{"start":{"line":31,"column":0},"end":{"line":31,"column":15}},"31":{"start":{"line":32,"column":0},"end":{"line":32,"column":28}},"32":{"start":{"line":33,"column":0},"end":{"line":33,"column":35}},"33":{"start":{"line":34,"column":0},"end":{"line":34,"column":83}},"34":{"start":{"line":35,"column":0},"end":{"line":35,"column":38}},"35":{"start":{"line":36,"column":0},"end":{"line":36,"column":18}},"36":{"start":{"line":37,"column":0},"end":{"line":37,"column":16}},"37":{"start":{"line":38,"column":0},"end":{"line":38,"column":14}},"38":{"start":{"line":39,"column":0},"end":{"line":39,"column":26}},"39":{"start":{"line":40,"column":0},"end":{"line":40,"column":10}},"40":{"start":{"line":41,"column":0},"end":{"line":41,"column":0}},"41":{"start":{"line":42,"column":0},"end":{"line":42,"column":39}},"42":{"start":{"line":43,"column":0},"end":{"line":43,"column":11}},"43":{"start":{"line":44,"column":0},"end":{"line":44,"column":46}},"44":{"start":{"line":45,"column":0},"end":{"line":45,"column":31}},"45":{"start":{"line":46,"column":0},"end":{"line":46,"column":22}},"46":{"start":{"line":47,"column":0},"end":{"line":47,"column":12}},"47":{"start":{"line":48,"column":0},"end":{"line":48,"column":10}},"48":{"start":{"line":49,"column":0},"end":{"line":49,"column":8}},"49":{"start":{"line":50,"column":0},"end":{"line":50,"column":5}},"50":{"start":{"line":51,"column":0},"end":{"line":51,"column":16}},"51":{"start":{"line":52,"column":0},"end":{"line":52,"column":4}},"52":{"start":{"line":53,"column":0},"end":{"line":53,"column":1}},"53":{"start":{"line":54,"column":0},"end":{"line":54,"column":47}}},"s":{"0":1,"1":1,"2":1,"3":1,"4":1,"5":1,"6":1,"7":1,"8":1,"9":1,"10":1,"11":1,"12":1,"13":1,"14":1,"15":1,"16":1,"17":1,"18":1,"19":1,"20":1,"21":1,"22":1,"23":1,"24":1,"25":1,"26":1,"27":1,"28":1,"29":1,"30":1,"31":1,"32":1,"33":0,"34":0,"35":0,"36":1,"37":1,"38":1,"39":1,"40":1,"41":1,"42":1,"43":1,"44":1,"45":1,"46":1,"47":1,"48":1,"49":1,"50":1,"51":1,"52":1,"53":1},"branchMap":{"0":{"type":"branch","line":11,"loc":{"start":{"line":11,"column":10},"end":{"line":13,"column":1}},"locations":[{"start":{"line":11,"column":10},"end":{"line":13,"column":1}}]},"1":{"type":"branch","line":15,"loc":{"start":{"line":15,"column":26},"end":{"line":53,"column":1}},"locations":[{"start":{"line":15,"column":26},"end":{"line":53,"column":1}}]},"2":{"type":"branch","line":16,"loc":{"start":{"line":16,"column":21},"end":{"line":52,"column":4}},"locations":[{"start":{"line":16,"column":21},"end":{"line":52,"column":4}}]}},"b":{"0":[1],"1":[1],"2":[1]},"fnMap":{"0":{"name":"t","decl":{"start":{"line":11,"column":10},"end":{"line":13,"column":1}},"loc":{"start":{"line":11,"column":10},"end":{"line":13,"column":1}},"line":11},"1":{"name":"pkgPromise","decl":{"start":{"line":15,"column":26},"end":{"line":53,"column":1}},"loc":{"start":{"line":15,"column":26},"end":{"line":53,"column":1}},"line":15}},"f":{"0":1,"1":1}},"/Users/ranantharaj/projects/nextgen-ui/libs/user-management/src/OrganizationsPage/components/ConnectedOrgDomainDisplay/ConnectedOrgDomainDisplay.tsx":{"path":"/Users/ranantharaj/projects/nextgen-ui/libs/user-management/src/OrganizationsPage/components/ConnectedOrgDomainDisplay/ConnectedOrgDomainDisplay.tsx","all":false,"statementMap":{"0":{"start":{"line":1,"column":0},"end":{"line":1,"column":46}},"1":{"start":{"line":2,"column":0},"end":{"line":2,"column":35}},"2":{"start":{"line":3,"column":0},"end":{"line":3,"column":49}},"3":{"start":{"line":4,"column":0},"end":{"line":4,"column":41}},"4":{"start":{"line":5,"column":0},"end":{"line":5,"column":0}},"5":{"start":{"line":6,"column":0},"end":{"line":6,"column":78}},"6":{"start":{"line":7,"column":0},"end":{"line":7,"column":0}},"7":{"start":{"line":8,"column":0},"end":{"line":8,"column":48}},"8":{"start":{"line":9,"column":0},"end":{"line":9,"column":91}},"9":{"start":{"line":10,"column":0},"end":{"line":10,"column":70}},"10":{"start":{"line":11,"column":0},"end":{"line":11,"column":0}},"11":{"start":{"line":12,"column":0},"end":{"line":12,"column":47}},"12":{"start":{"line":13,"column":0},"end":{"line":13,"column":0}},"13":{"start":{"line":14,"column":0},"end":{"line":14,"column":10}},"14":{"start":{"line":15,"column":0},"end":{"line":15,"column":9}},"15":{"start":{"line":16,"column":0},"end":{"line":16,"column":44}},"16":{"start":{"line":17,"column":0},"end":{"line":17,"column":78}},"17":{"start":{"line":18,"column":0},"end":{"line":18,"column":29}},"18":{"start":{"line":19,"column":0},"end":{"line":19,"column":16}},"19":{"start":{"line":20,"column":0},"end":{"line":20,"column":49}},"20":{"start":{"line":21,"column":0},"end":{"line":21,"column":48}},"21":{"start":{"line":22,"column":0},"end":{"line":22,"column":17}},"22":{"start":{"line":23,"column":0},"end":{"line":23,"column":13}},"23":{"start":{"line":24,"column":0},"end":{"line":24,"column":28}},"24":{"start":{"line":25,"column":0},"end":{"line":25,"column":10}},"25":{"start":{"line":26,"column":0},"end":{"line":26,"column":19}},"26":{"start":{"line":27,"column":0},"end":{"line":27,"column":10}},"27":{"start":{"line":28,"column":0},"end":{"line":28,"column":3}},"28":{"start":{"line":29,"column":0},"end":{"line":29,"column":1}}},"s":{"0":1,"1":1,"2":1,"3":1,"4":1,"5":1,"6":1,"7":1,"8":33,"9":33,"10":33,"11":33,"12":33,"13":33,"14":33,"15":33,"16":33,"17":33,"18":30,"19":30,"20":30,"21":30,"22":30,"23":33,"24":33,"25":33,"26":33,"27":33,"28":33},"branchMap":{"0":{"type":"branch","line":8,"loc":{"start":{"line":8,"column":41},"end":{"line":29,"column":1}},"locations":[{"start":{"line":8,"column":41},"end":{"line":29,"column":1}}]},"1":{"type":"branch","line":18,"loc":{"start":{"line":18,"column":25},"end":{"line":24,"column":12}},"locations":[{"start":{"line":18,"column":25},"end":{"line":24,"column":12}}]},"2":{"type":"branch","line":24,"loc":{"start":{"line":24,"column":10},"end":{"line":24,"column":28}},"locations":[{"start":{"line":24,"column":10},"end":{"line":24,"column":28}}]}},"b":{"0":[33],"1":[30],"2":[3]},"fnMap":{"0":{"name":"ConnectedOrgDomainDisplay","decl":{"start":{"line":8,"column":41},"end":{"line":29,"column":1}},"loc":{"start":{"line":8,"column":41},"end":{"line":29,"column":1}},"line":8}},"f":{"0":33}},"/Users/ranantharaj/projects/nextgen-ui/libs/user-management/src/OrganizationsPage/components/ConnectedOrgNameField/ConnectedOrgNameField.tsx":{"path":"/Users/ranantharaj/projects/nextgen-ui/libs/user-management/src/OrganizationsPage/components/ConnectedOrgNameField/ConnectedOrgNameField.tsx","all":false,"statementMap":{"0":{"start":{"line":1,"column":0},"end":{"line":1,"column":44}},"1":{"start":{"line":2,"column":0},"end":{"line":2,"column":46}},"2":{"start":{"line":3,"column":0},"end":{"line":3,"column":51}},"3":{"start":{"line":4,"column":0},"end":{"line":4,"column":41}},"4":{"start":{"line":5,"column":0},"end":{"line":5,"column":0}},"5":{"start":{"line":6,"column":0},"end":{"line":6,"column":75}},"6":{"start":{"line":7,"column":0},"end":{"line":7,"column":79}},"7":{"start":{"line":8,"column":0},"end":{"line":8,"column":54}},"8":{"start":{"line":9,"column":0},"end":{"line":9,"column":0}},"9":{"start":{"line":10,"column":0},"end":{"line":10,"column":66}},"10":{"start":{"line":11,"column":0},"end":{"line":11,"column":78}},"11":{"start":{"line":12,"column":0},"end":{"line":12,"column":0}},"12":{"start":{"line":13,"column":0},"end":{"line":13,"column":44}},"13":{"start":{"line":14,"column":0},"end":{"line":14,"column":91}},"14":{"start":{"line":15,"column":0},"end":{"line":15,"column":0}},"15":{"start":{"line":16,"column":0},"end":{"line":16,"column":34}},"16":{"start":{"line":17,"column":0},"end":{"line":17,"column":64}},"17":{"start":{"line":18,"column":0},"end":{"line":18,"column":53}},"18":{"start":{"line":19,"column":0},"end":{"line":19,"column":0}},"19":{"start":{"line":20,"column":0},"end":{"line":20,"column":54}},"20":{"start":{"line":21,"column":0},"end":{"line":21,"column":31}},"21":{"start":{"line":22,"column":0},"end":{"line":22,"column":11}},"22":{"start":{"line":23,"column":0},"end":{"line":23,"column":36}},"23":{"start":{"line":24,"column":0},"end":{"line":24,"column":61}},"24":{"start":{"line":25,"column":0},"end":{"line":25,"column":41}},"25":{"start":{"line":26,"column":0},"end":{"line":26,"column":33}},"26":{"start":{"line":27,"column":0},"end":{"line":27,"column":19}},"27":{"start":{"line":28,"column":0},"end":{"line":28,"column":20}},"28":{"start":{"line":29,"column":0},"end":{"line":29,"column":7}},"29":{"start":{"line":30,"column":0},"end":{"line":30,"column":6}},"30":{"start":{"line":31,"column":0},"end":{"line":31,"column":10}},"31":{"start":{"line":32,"column":0},"end":{"line":32,"column":3}},"32":{"start":{"line":33,"column":0},"end":{"line":33,"column":0}},"33":{"start":{"line":34,"column":0},"end":{"line":34,"column":43}},"34":{"start":{"line":35,"column":0},"end":{"line":35,"column":9}},"35":{"start":{"line":36,"column":0},"end":{"line":36,"column":15}},"36":{"start":{"line":37,"column":0},"end":{"line":37,"column":97}},"37":{"start":{"line":38,"column":0},"end":{"line":38,"column":21}},"38":{"start":{"line":39,"column":0},"end":{"line":39,"column":52}},"39":{"start":{"line":40,"column":0},"end":{"line":40,"column":54}},"40":{"start":{"line":41,"column":0},"end":{"line":41,"column":20}},"41":{"start":{"line":42,"column":0},"end":{"line":42,"column":70}},"42":{"start":{"line":43,"column":0},"end":{"line":43,"column":29}},"43":{"start":{"line":44,"column":0},"end":{"line":44,"column":55}},"44":{"start":{"line":45,"column":0},"end":{"line":45,"column":24}},"45":{"start":{"line":46,"column":0},"end":{"line":46,"column":62}},"46":{"start":{"line":47,"column":0},"end":{"line":47,"column":17}},"47":{"start":{"line":48,"column":0},"end":{"line":48,"column":16}},"48":{"start":{"line":49,"column":0},"end":{"line":49,"column":13}},"49":{"start":{"line":50,"column":0},"end":{"line":50,"column":11}},"50":{"start":{"line":51,"column":0},"end":{"line":51,"column":10}},"51":{"start":{"line":52,"column":0},"end":{"line":52,"column":12}},"52":{"start":{"line":53,"column":0},"end":{"line":53,"column":8}},"53":{"start":{"line":54,"column":0},"end":{"line":54,"column":38}},"54":{"start":{"line":55,"column":0},"end":{"line":55,"column":3}},"55":{"start":{"line":56,"column":0},"end":{"line":56,"column":0}},"56":{"start":{"line":57,"column":0},"end":{"line":57,"column":78}},"57":{"start":{"line":58,"column":0},"end":{"line":58,"column":19}},"58":{"start":{"line":59,"column":0},"end":{"line":59,"column":63}},"59":{"start":{"line":60,"column":0},"end":{"line":60,"column":50}},"60":{"start":{"line":61,"column":0},"end":{"line":61,"column":42}},"61":{"start":{"line":62,"column":0},"end":{"line":62,"column":79}},"62":{"start":{"line":63,"column":0},"end":{"line":63,"column":3}},"63":{"start":{"line":64,"column":0},"end":{"line":64,"column":0}},"64":{"start":{"line":65,"column":0},"end":{"line":65,"column":10}},"65":{"start":{"line":66,"column":0},"end":{"line":66,"column":19}},"66":{"start":{"line":67,"column":0},"end":{"line":67,"column":56}},"67":{"start":{"line":68,"column":0},"end":{"line":68,"column":15}},"68":{"start":{"line":69,"column":0},"end":{"line":69,"column":23}},"69":{"start":{"line":70,"column":0},"end":{"line":70,"column":17}},"70":{"start":{"line":71,"column":0},"end":{"line":71,"column":15}},"71":{"start":{"line":72,"column":0},"end":{"line":72,"column":33}},"72":{"start":{"line":73,"column":0},"end":{"line":73,"column":6}},"73":{"start":{"line":74,"column":0},"end":{"line":74,"column":3}},"74":{"start":{"line":75,"column":0},"end":{"line":75,"column":1}}},"s":{"0":1,"1":1,"2":1,"3":1,"4":1,"5":1,"6":1,"7":1,"8":1,"9":1,"10":1,"11":1,"12":1,"13":33,"14":33,"15":33,"16":33,"17":33,"18":33,"19":33,"20":33,"21":0,"22":0,"23":0,"24":0,"25":0,"26":0,"27":0,"28":0,"29":0,"30":33,"31":33,"32":33,"33":33,"34":33,"35":2,"36":2,"37":0,"38":0,"39":0,"40":0,"41":0,"42":0,"43":0,"44":0,"45":0,"46":0,"47":0,"48":0,"49":0,"50":0,"51":2,"52":2,"53":33,"54":33,"55":33,"56":33,"57":7,"58":7,"59":7,"60":7,"61":7,"62":7,"63":33,"64":33,"65":33,"66":33,"67":33,"68":33,"69":33,"70":33,"71":33,"72":33,"73":33,"74":33},"branchMap":{"0":{"type":"branch","line":13,"loc":{"start":{"line":13,"column":37},"end":{"line":75,"column":1}},"locations":[{"start":{"line":13,"column":37},"end":{"line":75,"column":1}}]},"1":{"type":"branch","line":67,"loc":{"start":{"line":67,"column":36},"end":{"line":67,"column":46}},"locations":[{"start":{"line":67,"column":36},"end":{"line":67,"column":46}}]},"2":{"type":"branch","line":20,"loc":{"start":{"line":20,"column":53},"end":{"line":31,"column":5}},"locations":[{"start":{"line":20,"column":53},"end":{"line":31,"column":5}}]},"3":{"type":"branch","line":35,"loc":{"start":{"line":35,"column":4},"end":{"line":54,"column":5}},"locations":[{"start":{"line":35,"column":4},"end":{"line":54,"column":5}}]},"4":{"type":"branch","line":57,"loc":{"start":{"line":57,"column":27},"end":{"line":63,"column":3}},"locations":[{"start":{"line":57,"column":27},"end":{"line":63,"column":3}}]}},"b":{"0":[33],"1":[0],"2":[33],"3":[2],"4":[7]},"fnMap":{"0":{"name":"ConnectedOrgNameField","decl":{"start":{"line":13,"column":37},"end":{"line":75,"column":1}},"loc":{"start":{"line":13,"column":37},"end":{"line":75,"column":1}},"line":13}},"f":{"0":33}},"/Users/ranantharaj/projects/nextgen-ui/libs/user-management/src/OrganizationsPage/components/ConnectedSubmit/ConnectedSubmit.tsx":{"path":"/Users/ranantharaj/projects/nextgen-ui/libs/user-management/src/OrganizationsPage/components/ConnectedSubmit/ConnectedSubmit.tsx","all":false,"statementMap":{"0":{"start":{"line":1,"column":0},"end":{"line":1,"column":41}},"1":{"start":{"line":2,"column":0},"end":{"line":2,"column":0}},"2":{"start":{"line":3,"column":0},"end":{"line":3,"column":54}},"3":{"start":{"line":4,"column":0},"end":{"line":4,"column":0}},"4":{"start":{"line":5,"column":0},"end":{"line":5,"column":78}},"5":{"start":{"line":6,"column":0},"end":{"line":6,"column":0}},"6":{"start":{"line":7,"column":0},"end":{"line":7,"column":38}},"7":{"start":{"line":8,"column":0},"end":{"line":8,"column":70}},"8":{"start":{"line":9,"column":0},"end":{"line":9,"column":76}},"9":{"start":{"line":10,"column":0},"end":{"line":10,"column":1}}},"s":{"0":1,"1":1,"2":1,"3":1,"4":1,"5":1,"6":1,"7":34,"8":34,"9":34},"branchMap":{"0":{"type":"branch","line":7,"loc":{"start":{"line":7,"column":31},"end":{"line":10,"column":1}},"locations":[{"start":{"line":7,"column":31},"end":{"line":10,"column":1}}]}},"b":{"0":[34]},"fnMap":{"0":{"name":"ConnectedSubmit","decl":{"start":{"line":7,"column":31},"end":{"line":10,"column":1}},"loc":{"start":{"line":7,"column":31},"end":{"line":10,"column":1}},"line":7}},"f":{"0":34}},"/Users/ranantharaj/projects/nextgen-ui/libs/user-management/src/OrganizationsPage/components/CreateOrganizationForm/CreateOrganizationForm.tsx":{"path":"/Users/ranantharaj/projects/nextgen-ui/libs/user-management/src/OrganizationsPage/components/CreateOrganizationForm/CreateOrganizationForm.tsx","all":false,"statementMap":{"0":{"start":{"line":1,"column":0},"end":{"line":1,"column":46}},"1":{"start":{"line":2,"column":0},"end":{"line":2,"column":45}},"2":{"start":{"line":3,"column":0},"end":{"line":3,"column":0}},"3":{"start":{"line":4,"column":0},"end":{"line":4,"column":102}},"4":{"start":{"line":5,"column":0},"end":{"line":5,"column":54}},"5":{"start":{"line":6,"column":0},"end":{"line":6,"column":56}},"6":{"start":{"line":7,"column":0},"end":{"line":7,"column":0}},"7":{"start":{"line":8,"column":0},"end":{"line":8,"column":48}},"8":{"start":{"line":9,"column":0},"end":{"line":9,"column":14}},"9":{"start":{"line":10,"column":0},"end":{"line":10,"column":21}},"10":{"start":{"line":11,"column":0},"end":{"line":11,"column":26}},"11":{"start":{"line":12,"column":0},"end":{"line":12,"column":19}},"12":{"start":{"line":13,"column":0},"end":{"line":13,"column":22}},"13":{"start":{"line":14,"column":0},"end":{"line":14,"column":22}},"14":{"start":{"line":15,"column":0},"end":{"line":15,"column":1}},"15":{"start":{"line":16,"column":0},"end":{"line":16,"column":0}},"16":{"start":{"line":17,"column":0},"end":{"line":17,"column":40}},"17":{"start":{"line":18,"column":0},"end":{"line":18,"column":20}},"18":{"start":{"line":19,"column":0},"end":{"line":19,"column":27}},"19":{"start":{"line":20,"column":0},"end":{"line":20,"column":60}},"20":{"start":{"line":21,"column":0},"end":{"line":21,"column":34}},"21":{"start":{"line":22,"column":0},"end":{"line":22,"column":1}},"22":{"start":{"line":23,"column":0},"end":{"line":23,"column":0}},"23":{"start":{"line":24,"column":0},"end":{"line":24,"column":40}},"24":{"start":{"line":25,"column":0},"end":{"line":25,"column":12}},"25":{"start":{"line":26,"column":0},"end":{"line":26,"column":11}},"26":{"start":{"line":27,"column":0},"end":{"line":27,"column":11}},"27":{"start":{"line":28,"column":0},"end":{"line":28,"column":21}},"28":{"start":{"line":29,"column":0},"end":{"line":29,"column":37}},"29":{"start":{"line":30,"column":0},"end":{"line":30,"column":91}},"30":{"start":{"line":31,"column":0},"end":{"line":31,"column":98}},"31":{"start":{"line":32,"column":0},"end":{"line":32,"column":0}},"32":{"start":{"line":33,"column":0},"end":{"line":33,"column":34}},"33":{"start":{"line":34,"column":0},"end":{"line":34,"column":14}},"34":{"start":{"line":35,"column":0},"end":{"line":35,"column":37}},"35":{"start":{"line":36,"column":0},"end":{"line":36,"column":53}},"36":{"start":{"line":37,"column":0},"end":{"line":37,"column":31}},"37":{"start":{"line":38,"column":0},"end":{"line":38,"column":96}},"38":{"start":{"line":39,"column":0},"end":{"line":39,"column":16}},"39":{"start":{"line":40,"column":0},"end":{"line":40,"column":0}},"40":{"start":{"line":41,"column":0},"end":{"line":41,"column":31}},"41":{"start":{"line":42,"column":0},"end":{"line":42,"column":10}},"42":{"start":{"line":43,"column":0},"end":{"line":43,"column":43}},"43":{"start":{"line":44,"column":0},"end":{"line":44,"column":0}},"44":{"start":{"line":45,"column":0},"end":{"line":45,"column":28}},"45":{"start":{"line":46,"column":0},"end":{"line":46,"column":25}},"46":{"start":{"line":47,"column":0},"end":{"line":47,"column":26}},"47":{"start":{"line":48,"column":0},"end":{"line":48,"column":26}},"48":{"start":{"line":49,"column":0},"end":{"line":49,"column":44}},"49":{"start":{"line":50,"column":0},"end":{"line":50,"column":83}},"50":{"start":{"line":51,"column":0},"end":{"line":51,"column":26}},"51":{"start":{"line":52,"column":0},"end":{"line":52,"column":44}},"52":{"start":{"line":53,"column":0},"end":{"line":53,"column":83}},"53":{"start":{"line":54,"column":0},"end":{"line":54,"column":3}},"54":{"start":{"line":55,"column":0},"end":{"line":55,"column":0}},"55":{"start":{"line":56,"column":0},"end":{"line":56,"column":34}},"56":{"start":{"line":57,"column":0},"end":{"line":57,"column":14}},"57":{"start":{"line":58,"column":0},"end":{"line":58,"column":95}},"58":{"start":{"line":59,"column":0},"end":{"line":59,"column":25}},"59":{"start":{"line":60,"column":0},"end":{"line":60,"column":3}},"60":{"start":{"line":61,"column":0},"end":{"line":61,"column":0}},"61":{"start":{"line":62,"column":0},"end":{"line":62,"column":91}},"62":{"start":{"line":63,"column":0},"end":{"line":63,"column":91}},"63":{"start":{"line":64,"column":0},"end":{"line":64,"column":0}},"64":{"start":{"line":65,"column":0},"end":{"line":65,"column":10}},"65":{"start":{"line":66,"column":0},"end":{"line":66,"column":48}},"66":{"start":{"line":67,"column":0},"end":{"line":67,"column":22}},"67":{"start":{"line":68,"column":0},"end":{"line":68,"column":17}},"68":{"start":{"line":69,"column":0},"end":{"line":69,"column":24}},"69":{"start":{"line":70,"column":0},"end":{"line":70,"column":44}},"70":{"start":{"line":71,"column":0},"end":{"line":71,"column":22}},"71":{"start":{"line":72,"column":0},"end":{"line":72,"column":28}},"72":{"start":{"line":73,"column":0},"end":{"line":73,"column":28}},"73":{"start":{"line":74,"column":0},"end":{"line":74,"column":8}},"74":{"start":{"line":75,"column":0},"end":{"line":75,"column":44}},"75":{"start":{"line":76,"column":0},"end":{"line":76,"column":36}},"76":{"start":{"line":77,"column":0},"end":{"line":77,"column":26}},"77":{"start":{"line":78,"column":0},"end":{"line":78,"column":21}},"78":{"start":{"line":79,"column":0},"end":{"line":79,"column":16}},"79":{"start":{"line":80,"column":0},"end":{"line":80,"column":8}},"80":{"start":{"line":81,"column":0},"end":{"line":81,"column":41}},"81":{"start":{"line":82,"column":0},"end":{"line":82,"column":28}},"82":{"start":{"line":83,"column":0},"end":{"line":83,"column":5}},"83":{"start":{"line":84,"column":0},"end":{"line":84,"column":39}},"84":{"start":{"line":85,"column":0},"end":{"line":85,"column":19}},"85":{"start":{"line":86,"column":0},"end":{"line":86,"column":3}},"86":{"start":{"line":87,"column":0},"end":{"line":87,"column":1}}},"s":{"0":1,"1":1,"2":1,"3":1,"4":1,"5":1,"6":1,"7":1,"8":1,"9":1,"10":1,"11":1,"12":1,"13":1,"14":1,"15":1,"16":1,"17":1,"18":1,"19":1,"20":1,"21":1,"22":1,"23":1,"24":8,"25":8,"26":8,"27":8,"28":8,"29":8,"30":8,"31":8,"32":8,"33":0,"34":0,"35":0,"36":36,"37":36,"38":0,"39":36,"40":36,"41":36,"42":7,"43":8,"44":8,"45":8,"46":8,"47":8,"48":8,"49":8,"50":8,"51":8,"52":8,"53":8,"54":8,"55":8,"56":8,"57":7,"58":7,"59":8,"60":8,"61":8,"62":8,"63":8,"64":8,"65":8,"66":8,"67":8,"68":8,"69":8,"70":8,"71":8,"72":8,"73":8,"74":8,"75":2,"76":2,"77":0,"78":2,"79":2,"80":8,"81":8,"82":8,"83":8,"84":8,"85":8,"86":8},"branchMap":{"0":{"type":"branch","line":24,"loc":{"start":{"line":24,"column":38},"end":{"line":87,"column":1}},"locations":[{"start":{"line":24,"column":38},"end":{"line":87,"column":1}}]},"1":{"type":"branch","line":31,"loc":{"start":{"line":31,"column":58},"end":{"line":31,"column":71}},"locations":[{"start":{"line":31,"column":58},"end":{"line":31,"column":71}}]},"2":{"type":"branch","line":31,"loc":{"start":{"line":31,"column":58},"end":{"line":31,"column":71}},"locations":[{"start":{"line":31,"column":58},"end":{"line":31,"column":71}}]},"3":{"type":"branch","line":31,"loc":{"start":{"line":31,"column":58},"end":{"line":31,"column":75}},"locations":[{"start":{"line":31,"column":58},"end":{"line":31,"column":75}}]},"4":{"type":"branch","line":33,"loc":{"start":{"line":33,"column":25},"end":{"line":42,"column":10}},"locations":[{"start":{"line":33,"column":25},"end":{"line":42,"column":10}}]},"5":{"type":"branch","line":42,"loc":{"start":{"line":42,"column":8},"end":{"line":43,"column":43}},"locations":[{"start":{"line":42,"column":8},"end":{"line":43,"column":43}}]},"6":{"type":"branch","line":57,"loc":{"start":{"line":57,"column":5},"end":{"line":59,"column":25}},"locations":[{"start":{"line":57,"column":5},"end":{"line":59,"column":25}}]},"7":{"type":"branch","line":59,"loc":{"start":{"line":59,"column":8},"end":{"line":59,"column":25}},"locations":[{"start":{"line":59,"column":8},"end":{"line":59,"column":25}}]},"8":{"type":"branch","line":62,"loc":{"start":{"line":62,"column":16},"end":{"line":62,"column":36}},"locations":[{"start":{"line":62,"column":16},"end":{"line":62,"column":36}}]},"9":{"type":"branch","line":62,"loc":{"start":{"line":62,"column":16},"end":{"line":62,"column":36}},"locations":[{"start":{"line":62,"column":16},"end":{"line":62,"column":36}}]},"10":{"type":"branch","line":62,"loc":{"start":{"line":62,"column":16},"end":{"line":62,"column":86}},"locations":[{"start":{"line":62,"column":16},"end":{"line":62,"column":86}}]},"11":{"type":"branch","line":62,"loc":{"start":{"line":62,"column":86},"end":{"line":62,"column":91}},"locations":[{"start":{"line":62,"column":86},"end":{"line":62,"column":91}}]},"12":{"type":"branch","line":63,"loc":{"start":{"line":63,"column":16},"end":{"line":63,"column":36}},"locations":[{"start":{"line":63,"column":16},"end":{"line":63,"column":36}}]},"13":{"type":"branch","line":63,"loc":{"start":{"line":63,"column":16},"end":{"line":63,"column":36}},"locations":[{"start":{"line":63,"column":16},"end":{"line":63,"column":36}}]},"14":{"type":"branch","line":63,"loc":{"start":{"line":63,"column":16},"end":{"line":63,"column":86}},"locations":[{"start":{"line":63,"column":16},"end":{"line":63,"column":86}}]},"15":{"type":"branch","line":63,"loc":{"start":{"line":63,"column":86},"end":{"line":63,"column":91}},"locations":[{"start":{"line":63,"column":86},"end":{"line":63,"column":91}}]},"16":{"type":"branch","line":70,"loc":{"start":{"line":70,"column":25},"end":{"line":70,"column":44}},"locations":[{"start":{"line":70,"column":25},"end":{"line":70,"column":44}}]},"17":{"type":"branch","line":36,"loc":{"start":{"line":36,"column":43},"end":{"line":42,"column":10}},"locations":[{"start":{"line":36,"column":43},"end":{"line":42,"column":10}}]},"18":{"type":"branch","line":38,"loc":{"start":{"line":38,"column":12},"end":{"line":38,"column":21}},"locations":[{"start":{"line":38,"column":12},"end":{"line":38,"column":21}}]},"19":{"type":"branch","line":38,"loc":{"start":{"line":38,"column":12},"end":{"line":38,"column":21}},"locations":[{"start":{"line":38,"column":12},"end":{"line":38,"column":21}}]},"20":{"type":"branch","line":38,"loc":{"start":{"line":38,"column":12},"end":{"line":38,"column":21}},"locations":[{"start":{"line":38,"column":12},"end":{"line":38,"column":21}}]},"21":{"type":"branch","line":38,"loc":{"start":{"line":38,"column":12},"end":{"line":39,"column":16}},"locations":[{"start":{"line":38,"column":12},"end":{"line":39,"column":16}}]},"22":{"type":"branch","line":38,"loc":{"start":{"line":38,"column":60},"end":{"line":38,"column":21}},"locations":[{"start":{"line":38,"column":60},"end":{"line":38,"column":21}}]},"23":{"type":"branch","line":62,"loc":{"start":{"line":62,"column":41},"end":{"line":62,"column":36}},"locations":[{"start":{"line":62,"column":41},"end":{"line":62,"column":36}}]},"24":{"type":"branch","line":63,"loc":{"start":{"line":63,"column":41},"end":{"line":63,"column":36}},"locations":[{"start":{"line":63,"column":41},"end":{"line":63,"column":36}}]},"25":{"type":"branch","line":75,"loc":{"start":{"line":75,"column":16},"end":{"line":80,"column":8}},"locations":[{"start":{"line":75,"column":16},"end":{"line":80,"column":8}}]}},"b":{"0":[8],"1":[7],"2":[0],"3":[7],"4":[0],"5":[7],"6":[7],"7":[0],"8":[7],"9":[7],"10":[0],"11":[7],"12":[7],"13":[7],"14":[0],"15":[7],"16":[7],"17":[36],"18":[0],"19":[0],"20":[0],"21":[0],"22":[36],"23":[5],"24":[10],"25":[2]},"fnMap":{"0":{"name":"CreateOrganizationForm","decl":{"start":{"line":24,"column":38},"end":{"line":87,"column":1}},"loc":{"start":{"line":24,"column":38},"end":{"line":87,"column":1}},"line":24},"1":{"name":"onSubmit","decl":{"start":{"line":75,"column":16},"end":{"line":80,"column":8}},"loc":{"start":{"line":75,"column":16},"end":{"line":80,"column":8}},"line":75}},"f":{"0":8,"1":2}},"/Users/ranantharaj/projects/nextgen-ui/libs/user-management/src/OrganizationsPage/components/CreateOrganizationForm/CreateOrganizationFormFields.tsx":{"path":"/Users/ranantharaj/projects/nextgen-ui/libs/user-management/src/OrganizationsPage/components/CreateOrganizationForm/CreateOrganizationFormFields.tsx","all":false,"statementMap":{"0":{"start":{"line":1,"column":0},"end":{"line":1,"column":46}},"1":{"start":{"line":2,"column":0},"end":{"line":2,"column":35}},"2":{"start":{"line":3,"column":0},"end":{"line":3,"column":0}},"3":{"start":{"line":4,"column":0},"end":{"line":4,"column":54}},"4":{"start":{"line":5,"column":0},"end":{"line":5,"column":81}},"5":{"start":{"line":6,"column":0},"end":{"line":6,"column":0}},"6":{"start":{"line":7,"column":0},"end":{"line":7,"column":72}},"7":{"start":{"line":8,"column":0},"end":{"line":8,"column":64}},"8":{"start":{"line":9,"column":0},"end":{"line":9,"column":68}},"9":{"start":{"line":10,"column":0},"end":{"line":10,"column":0}},"10":{"start":{"line":11,"column":0},"end":{"line":11,"column":51}},"11":{"start":{"line":12,"column":0},"end":{"line":12,"column":91}},"12":{"start":{"line":13,"column":0},"end":{"line":13,"column":0}},"13":{"start":{"line":14,"column":0},"end":{"line":14,"column":44}},"14":{"start":{"line":15,"column":0},"end":{"line":15,"column":46}},"15":{"start":{"line":16,"column":0},"end":{"line":16,"column":0}},"16":{"start":{"line":17,"column":0},"end":{"line":17,"column":10}},"17":{"start":{"line":18,"column":0},"end":{"line":18,"column":83}},"18":{"start":{"line":19,"column":0},"end":{"line":19,"column":31}},"19":{"start":{"line":20,"column":0},"end":{"line":20,"column":35}},"20":{"start":{"line":21,"column":0},"end":{"line":21,"column":21}},"21":{"start":{"line":22,"column":0},"end":{"line":22,"column":17}},"22":{"start":{"line":23,"column":0},"end":{"line":23,"column":17}},"23":{"start":{"line":24,"column":0},"end":{"line":24,"column":16}},"24":{"start":{"line":25,"column":0},"end":{"line":25,
[...]
:269,"column":69}},"269":{"start":{"line":270,"column":0},"end":{"line":270,"column":55}},"270":{"start":{"line":271,"column":0},"end":{"line":271,"column":50}},"271":{"start":{"line":272,"column":0},"end":{"line":272,"column":0}},"272":{"start":{"line":273,"column":0},"end":{"line":273,"column":50}},"273":{"start":{"line":274,"column":0},"end":{"line":274,"column":18}},"274":{"start":{"line":275,"column":0},"end":{"line":275,"column":30}},"275":{"start":{"line":276,"column":0},"end":{"line":276,"column":39}},"276":{"start":{"line":277,"column":0},"end":{"line":277,"column":53}},"277":{"start":{"line":278,"column":0},"end":{"line":278,"column":30}},"278":{"start":{"line":279,"column":0},"end":{"line":279,"column":9}},"279":{"start":{"line":280,"column":0},"end":{"line":280,"column":0}},"280":{"start":{"line":281,"column":0},"end":{"line":281,"column":78}},"281":{"start":{"line":282,"column":0},"end":{"line":282,"column":61}},"282":{"start":{"line":283,"column":0},"end":{"line":283,"column":9}},"283":{"start":{"line":284,"column":0},"end":{"line":284,"column":0}},"284":{"start":{"line":285,"column":0},"end":{"line":285,"column":16}},"285":{"start":{"line":286,"column":0},"end":{"line":286,"column":36}},"286":{"start":{"line":287,"column":0},"end":{"line":287,"column":81}},"287":{"start":{"line":288,"column":0},"end":{"line":288,"column":51}},"288":{"start":{"line":289,"column":0},"end":{"line":289,"column":28}},"289":{"start":{"line":290,"column":0},"end":{"line":290,"column":7}},"290":{"start":{"line":291,"column":0},"end":{"line":291,"column":5}},"291":{"start":{"line":292,"column":0},"end":{"line":292,"column":3}},"292":{"start":{"line":293,"column":0},"end":{"line":293,"column":32}},"293":{"start":{"line":294,"column":0},"end":{"line":294,"column":0}},"294":{"start":{"line":295,"column":0},"end":{"line":295,"column":10}},"295":{"start":{"line":296,"column":0},"end":{"line":296,"column":40}},"296":{"start":{"line":297,"column":0},"end":{"line":297,"column":53}},"297":{"start":{"line":298,"column":0},"end":{"line":298,"column":55}},"298":{"start":{"line":299,"column":0},"end":{"line":299,"column":25}},"299":{"start":{"line":300,"column":0},"end":{"line":300,"column":21}},"300":{"start":{"line":301,"column":0},"end":{"line":301,"column":22}},"301":{"start":{"line":302,"column":0},"end":{"line":302,"column":24}},"302":{"start":{"line":303,"column":0},"end":{"line":303,"column":13}},"303":{"start":{"line":304,"column":0},"end":{"line":304,"column":13}},"304":{"start":{"line":305,"column":0},"end":{"line":305,"column":3}},"305":{"start":{"line":306,"column":0},"end":{"line":306,"column":1}}},"s":{"0":1,"1":1,"2":1,"3":1,"4":1,"5":1,"6":1,"7":1,"8":1,"9":1,"10":1,"11":1,"12":1,"13":1,"14":1,"15":1,"16":1,"17":1,"18":1,"19":1,"20":1,"21":1,"22":1,"23":1,"24":1,"25":1,"26":1,"27":1,"28":1,"29":1,"30":1,"31":1,"32":1,"33":1,"34":1,"35":1,"36":1,"37":1,"38":1,"39":1,"40":1,"41":1,"42":1,"43":1,"44":1,"45":1,"46":3,"47":3,"48":3,"49":3,"50":3,"51":3,"52":3,"53":3,"54":3,"55":3,"56":3,"57":3,"58":3,"59":3,"60":3,"61":3,"62":3,"63":3,"64":3,"65":3,"66":3,"67":3,"68":3,"69":3,"70":0,"71":0,"72":3,"73":0,"74":0,"75":3,"76":3,"77":3,"78":3,"79":3,"80":3,"81":3,"82":0,"83":0,"84":0,"85":0,"86":0,"87":0,"88":0,"89":0,"90":0,"91":0,"92":0,"93":0,"94":3,"95":3,"96":0,"97":0,"98":0,"99":0,"100":0,"101":0,"102":0,"103":0,"104":0,"105":0,"106":0,"107":3,"108":3,"109":3,"110":3,"111":0,"112":0,"113":0,"114":0,"115":0,"116":0,"117":0,"118":0,"119":0,"120":0,"121":0,"122":0,"123":0,"124":0,"125":0,"126":0,"127":0,"128":0,"129":0,"130":0,"131":0,"132":0,"133":0,"134":0,"135":0,"136":0,"137":0,"138":0,"139":0,"140":0,"141":0,"142":0,"143":0,"144":0,"145":0,"146":0,"147":0,"148":0,"149":0,"150":0,"151":0,"152":0,"153":0,"154":0,"155":0,"156":0,"157":0,"158":0,"159":0,"160":0,"161":0,"162":0,"163":0,"164":0,"165":0,"166":0,"167":0,"168":0,"169":0,"170":0,"171":3,"172":3,"173":1,"174":1,"175":1,"176":1,"177":1,"178":1,"179":1,"180":1,"181":1,"182":1,"183":1,"184":1,"185":1,"186":1,"187":1,"188":1,"189":1,"190":1,"191":3,"192":3,"193":3,"194":3,"195":3,"196":3,"197":2,"198":2,"199":2,"200":2,"201":1,"202":1,"203":3,"204":1,"205":1,"206":1,"207":0,"208":1,"209":1,"210":1,"211":1,"212":1,"213":1,"214":1,"215":1,"216":1,"217":0,"218":0,"219":0,"220":0,"221":0,"222":0,"223":0,"224":3,"225":0,"226":0,"227":0,"228":0,"229":0,"230":0,"231":0,"232":0,"233":0,"234":0,"235":0,"236":0,"237":0,"238":0,"239":0,"240":0,"241":0,"242":0,"243":0,"244":0,"245":0,"246":0,"247":3,"248":0,"249":0,"250":0,"251":0,"252":0,"253":0,"254":3,"255":0,"256":0,"257":0,"258":0,"259":0,"260":0,"261":0,"262":0,"263":0,"264":0,"265":0,"266":0,"267":3,"268":0,"269":0,"270":0,"271":0,"272":0,"273":0,"274":0,"275":0,"276":0,"277":0,"278":0,"279":0,"280":0,"281":0,"282":0,"283":0,"284":0,"285":0,"286":0,"287":0,"288":0,"289":0,"290":3,"291":3,"292":3,"293":3,"294":3,"295":3,"296":3,"297":3,"298":3,"299":3,"300":3,"301":3,"302":3,"303":3,"304":3,"305":3},"branchMap":{"0":{"type":"branch","line":46,"loc":{"start":{"line":46,"column":45},"end":{"line":306,"column":1}},"locations":[{"start":{"line":46,"column":45},"end":{"line":306,"column":1}}]},"1":{"type":"branch","line":80,"loc":{"start":{"line":80,"column":20},"end":{"line":80,"column":26}},"locations":[{"start":{"line":80,"column":20},"end":{"line":80,"column":26}}]},"2":{"type":"branch","line":80,"loc":{"start":{"line":80,"column":20},"end":{"line":80,"column":26}},"locations":[{"start":{"line":80,"column":20},"end":{"line":80,"column":26}}]},"3":{"type":"branch","line":173,"loc":{"start":{"line":173,"column":24},"end":{"line":191,"column":3}},"locations":[{"start":{"line":173,"column":24},"end":{"line":191,"column":3}}]},"4":{"type":"branch","line":186,"loc":{"start":{"line":186,"column":13},"end":{"line":186,"column":39}},"locations":[{"start":{"line":186,"column":13},"end":{"line":186,"column":39}}]},"5":{"type":"branch","line":195,"loc":{"start":{"line":195,"column":23},"end":{"line":292,"column":3}},"locations":[{"start":{"line":195,"column":23},"end":{"line":292,"column":3}}]},"6":{"type":"branch","line":197,"loc":{"start":{"line":197,"column":19},"end":{"line":201,"column":5}},"locations":[{"start":{"line":197,"column":19},"end":{"line":201,"column":5}}]},"7":{"type":"branch","line":201,"loc":{"start":{"line":201,"column":4},"end":{"line":203,"column":14}},"locations":[{"start":{"line":201,"column":4},"end":{"line":203,"column":14}}]},"8":{"type":"branch","line":204,"loc":{"start":{"line":204,"column":6},"end":{"line":224,"column":7}},"locations":[{"start":{"line":204,"column":6},"end":{"line":224,"column":7}}]},"9":{"type":"branch","line":207,"loc":{"start":{"line":207,"column":29},"end":{"line":207,"column":70}},"locations":[{"start":{"line":207,"column":29},"end":{"line":207,"column":70}}]},"10":{"type":"branch","line":207,"loc":{"start":{"line":207,"column":68},"end":{"line":208,"column":42}},"locations":[{"start":{"line":207,"column":68},"end":{"line":208,"column":42}}]},"11":{"type":"branch","line":211,"loc":{"start":{"line":211,"column":13},"end":{"line":211,"column":52}},"locations":[{"start":{"line":211,"column":13},"end":{"line":211,"column":52}}]},"12":{"type":"branch","line":217,"loc":{"start":{"line":217,"column":8},"end":{"line":224,"column":7}},"locations":[{"start":{"line":217,"column":8},"end":{"line":224,"column":7}}]},"13":{"type":"branch","line":225,"loc":{"start":{"line":225,"column":6},"end":{"line":247,"column":7}},"locations":[{"start":{"line":225,"column":6},"end":{"line":247,"column":7}}]},"14":{"type":"branch","line":248,"loc":{"start":{"line":248,"column":6},"end":{"line":254,"column":7}},"locations":[{"start":{"line":248,"column":6},"end":{"line":254,"column":7}}]},"15":{"type":"branch","line":255,"loc":{"start":{"line":255,"column":6},"end":{"line":267,"column":7}},"locations":[{"start":{"line":255,"column":6},"end":{"line":267,"column":7}}]},"16":{"type":"branch","line":268,"loc":{"start":{"line":268,"column":6},"end":{"line":290,"column":7}},"locations":[{"start":{"line":268,"column":6},"end":{"line":290,"column":7}}]}},"b":{"0":[3],"1":[0],"2":[0],"3":[1],"4":[0],"5":[3],"6":[2],"7":[1],"8":[1],"9":[0],"10":[0],"11":[0],"12":[0],"13":[0],"14":[0],"15":[0],"16":[0]},"fnMap":{"0":{"name":"TwoFactorAuthenticationWizard","decl":{"start":{"line":46,"column":45},"end":{"line":306,"column":1}},"loc":{"start":{"line":46,"column":45},"end":{"line":306,"column":1}},"line":46},"1":{"name":"validate","decl":{"start":{"line":70,"column":19},"end":{"line":72,"column":3}},"loc":{"start":{"line":70,"column":19},"end":{"line":72,"column":3}},"line":70},"2":{"name":"close","decl":{"start":{"line":73,"column":16},"end":{"line":75,"column":3}},"loc":{"start":{"line":73,"column":16},"end":{"line":75,"column":3}},"line":73},"3":{"name":"displayFooter","decl":{"start":{"line":173,"column":24},"end":{"line":191,"column":3}},"loc":{"start":{"line":173,"column":24},"end":{"line":191,"column":3}},"line":173},"4":{"name":"buildContent","decl":{"start":{"line":195,"column":23},"end":{"line":292,"column":3}},"loc":{"start":{"line":195,"column":23},"end":{"line":292,"column":3}},"line":195}},"f":{"0":3,"1":0,"2":0,"3":1,"4":3}},"/Users/ranantharaj/projects/nextgen-ui/libs/user-management/src/utils/formatDomainName.ts":{"path":"/Users/ranantharaj/projects/nextgen-ui/libs/user-management/src/utils/formatDomainName.ts","all":false,"statementMap":{"0":{"start":{"line":1,"column":0},"end":{"line":1,"column":51}},"1":{"start":{"line":2,"column":0},"end":{"line":2,"column":16}},"2":{"start":{"line":3,"column":0},"end":{"line":3,"column":11}},"3":{"start":{"line":4,"column":0},"end":{"line":4,"column":18}},"4":{"start":{"line":5,"column":0},"end":{"line":5,"column":32}},"5":{"start":{"line":6,"column":0},"end":{"line":6,"column":1}}},"s":{"0":1,"1":7,"2":7,"3":7,"4":7,"5":7},"branchMap":{"0":{"type":"branch","line":1,"loc":{"start":{"line":1,"column":32},"end":{"line":6,"column":1}},"locations":[{"start":{"line":1,"column":32},"end":{"line":6,"column":1}}]},"1":{"type":"branch","line":1,"loc":{"start":{"line":1,"column":33},"end":{"line":1,"column":51}},"locations":[{"start":{"line":1,"column":33},"end":{"line":1,"column":51}}]}},"b":{"0":[7],"1":[0]},"fnMap":{"0":{"name":"formatDomainName","decl":{"start":{"line":1,"column":32},"end":{"line":6,"column":1}},"loc":{"start":{"line":1,"column":32},"end":{"line":6,"column":1}},"line":1}},"f":{"0":7}},"/Users/ranantharaj/projects/nextgen-ui/libs/user-management/src/utils/getVersionPayload.ts":{"path":"/Users/ranantharaj/projects/nextgen-ui/libs/user-management/src/utils/getVersionPayload.ts","all":false,"statementMap":{"0":{"start":{"line":1,"column":0},"end":{"line":1,"column":70}},"1":{"start":{"line":2,"column":0},"end":{"line":2,"column":0}},"2":{"start":{"line":3,"column":0},"end":{"line":3,"column":34}},"3":{"start":{"line":4,"column":0},"end":{"line":4,"column":16}},"4":{"start":{"line":5,"column":0},"end":{"line":5,"column":18}},"5":{"start":{"line":6,"column":0},"end":{"line":6,"column":44}},"6":{"start":{"line":7,"column":0},"end":{"line":7,"column":6}},"7":{"start":{"line":8,"column":0},"end":{"line":8,"column":32}},"8":{"start":{"line":9,"column":0},"end":{"line":9,"column":29}},"9":{"start":{"line":10,"column":0},"end":{"line":10,"column":5}},"10":{"start":{"line":11,"column":0},"end":{"line":11,"column":20}},"11":{"start":{"line":12,"column":0},"end":{"line":12,"column":27}},"12":{"start":{"line":13,"column":0},"end":{"line":13,"column":35}},"13":{"start":{"line":14,"column":0},"end":{"line":14,"column":6}},"14":{"start":{"line":15,"column":0},"end":{"line":15,"column":5}},"15":{"start":{"line":16,"column":0},"end":{"line":16,"column":20}},"16":{"start":{"line":17,"column":0},"end":{"line":17,"column":27}},"17":{"start":{"line":18,"column":0},"end":{"line":18,"column":35}},"18":{"start":{"line":19,"column":0},"end":{"line":19,"column":6}},"19":{"start":{"line":20,"column":0},"end":{"line":20,"column":3}},"20":{"start":{"line":21,"column":0},"end":{"line":21,"column":10}},"21":{"start":{"line":22,"column":0},"end":{"line":22,"column":33}},"22":{"start":{"line":23,"column":0},"end":{"line":23,"column":55}},"23":{"start":{"line":24,"column":0},"end":{"line":24,"column":55}},"24":{"start":{"line":25,"column":0},"end":{"line":25,"column":28}},"25":{"start":{"line":26,"column":0},"end":{"line":26,"column":18}},"26":{"start":{"line":27,"column":0},"end":{"line":27,"column":34}},"27":{"start":{"line":28,"column":0},"end":{"line":28,"column":3}},"28":{"start":{"line":29,"column":0},"end":{"line":29,"column":1}}},"s":{"0":1,"1":1,"2":1,"3":1,"4":1,"5":1,"6":1,"7":1,"8":1,"9":1,"10":1,"11":1,"12":1,"13":1,"14":1,"15":1,"16":1,"17":1,"18":1,"19":1,"20":1,"21":1,"22":1,"23":1,"24":1,"25":1,"26":1,"27":1,"28":1},"branchMap":{"0":{"type":"branch","line":3,"loc":{"start":{"line":3,"column":33},"end":{"line":29,"column":1}},"locations":[{"start":{"line":3,"column":33},"end":{"line":29,"column":1}}]}},"b":{"0":[1]},"fnMap":{"0":{"name":"getVersionPayload","decl":{"start":{"line":3,"column":33},"end":{"line":29,"column":1}},"loc":{"start":{"line":3,"column":33},"end":{"line":29,"column":1}},"line":3}},"f":{"0":1}},"/Users/ranantharaj/projects/nextgen-ui/libs/user-management/src/utils/simplifyOrganization.ts":{"path":"/Users/ranantharaj/projects/nextgen-ui/libs/user-management/src/utils/simplifyOrganization.ts","all":false,"statementMap":{"0":{"start":{"line":1,"column":0},"end":{"line":1,"column":98}},"1":{"start":{"line":2,"column":0},"end":{"line":2,"column":0}},"2":{"start":{"line":3,"column":0},"end":{"line":3,"column":3}},"3":{"start":{"line":4,"column":0},"end":{"line":4,"column":106}},"4":{"start":{"line":5,"column":0},"end":{"line":5,"column":3}},"5":{"start":{"line":6,"column":0},"end":{"line":6,"column":37}},"6":{"start":{"line":7,"column":0},"end":{"line":7,"column":29}},"7":{"start":{"line":8,"column":0},"end":{"line":8,"column":28}},"8":{"start":{"line":9,"column":0},"end":{"line":9,"column":25}},"9":{"start":{"line":10,"column":0},"end":{"line":10,"column":35}},"10":{"start":{"line":11,"column":0},"end":{"line":11,"column":31}},"11":{"start":{"line":12,"column":0},"end":{"line":12,"column":64}},"12":{"start":{"line":13,"column":0},"end":{"line":13,"column":0}},"13":{"start":{"line":14,"column":0},"end":{"line":14,"column":28}},"14":{"start":{"line":15,"column":0},"end":{"line":15,"column":16}},"15":{"start":{"line":16,"column":0},"end":{"line":16,"column":27}},"16":{"start":{"line":17,"column":0},"end":{"line":17,"column":27}},"17":{"start":{"line":18,"column":0},"end":{"line":18,"column":27}},"18":{"start":{"line":19,"column":0},"end":{"line":19,"column":38}},"19":{"start":{"line":20,"column":0},"end":{"line":20,"column":22}},"20":{"start":{"line":21,"column":0},"end":{"line":21,"column":20}},"21":{"start":{"line":22,"column":0},"end":{"line":22,"column":12}},"22":{"start":{"line":23,"column":0},"end":{"line":23,"column":29}},"23":{"start":{"line":24,"column":0},"end":{"line":24,"column":32}},"24":{"start":{"line":25,"column":0},"end":{"line":25,"column":59}},"25":{"start":{"line":26,"column":0},"end":{"line":26,"column":10}},"26":{"start":{"line":27,"column":0},"end":{"line":27,"column":21}},"27":{"start":{"line":28,"column":0},"end":{"line":28,"column":67}},"28":{"start":{"line":29,"column":0},"end":{"line":29,"column":33}},"29":{"start":{"line":30,"column":0},"end":{"line":30,"column":27}},"30":{"start":{"line":31,"column":0},"end":{"line":31,"column":13}},"31":{"start":{"line":32,"column":0},"end":{"line":32,"column":16}},"32":{"start":{"line":33,"column":0},"end":{"line":33,"column":3}},"33":{"start":{"line":34,"column":0},"end":{"line":34,"column":0}},"34":{"start":{"line":35,"column":0},"end":{"line":35,"column":17}},"35":{"start":{"line":36,"column":0},"end":{"line":36,"column":39}},"36":{"start":{"line":37,"column":0},"end":{"line":37,"column":3}},"37":{"start":{"line":38,"column":0},"end":{"line":38,"column":0}},"38":{"start":{"line":39,"column":0},"end":{"line":39,"column":25}},"39":{"start":{"line":40,"column":0},"end":{"line":40,"column":1}}},"s":{"0":1,"1":1,"2":1,"3":1,"4":1,"5":1,"6":27,"7":27,"8":27,"9":27,"10":27,"11":27,"12":27,"13":27,"14":27,"15":27,"16":27,"17":27,"18":27,"19":27,"20":27,"21":27,"22":27,"23":27,"24":0,"25":0,"26":27,"27":18,"28":18,"29":18,"30":18,"31":27,"32":27,"33":27,"34":27,"35":18,"36":18,"37":27,"38":27,"39":27},"branchMap":{"0":{"type":"branch","line":6,"loc":{"start":{"line":6,"column":36},"end":{"line":40,"column":1}},"locations":[{"start":{"line":6,"column":36},"end":{"line":40,"column":1}}]},"1":{"type":"branch","line":8,"loc":{"start":{"line":8,"column":2},"end":{"line":8,"column":22}},"locations":[{"start":{"line":8,"column":2},"end":{"line":8,"column":22}}]},"2":{"type":"branch","line":8,"loc":{"start":{"line":8,"column":2},"end":{"line":8,"column":22}},"locations":[{"start":{"line":8,"column":2},"end":{"line":8,"column":22}}]},"3":{"type":"branch","line":8,"loc":{"start":{"line":8,"column":2},"end":{"line":8,"column":28}},"locations":[{"start":{"line":8,"column":2},"end":{"line":8,"column":28}}]},"4":{"type":"branch","line":9,"loc":{"start":{"line":9,"column":2},"end":{"line":9,"column":25}},"locations":[{"start":{"line":9,"column":2},"end":{"line":9,"column":25}}]},"5":{"type":"branch","line":9,"loc":{"start":{"line":9,"column":2},"end":{"line":9,"column":25}},"locations":[{"start":{"line":9,"column":2},"end":{"line":9,"column":25}}]},"6":{"type":"branch","line":10,"loc":{"start":{"line":10,"column":2},"end":{"line":10,"column":32}},"locations":[{"start":{"line":10,"column":2},"end":{"line":10,"column":32}}]},"7":{"type":"branch","line":10,"loc":{"start":{"line":10,"column":2},"end":{"line":10,"column":32}},"locations":[{"start":{"line":10,"column":2},"end":{"line":10,"column":32}}]},"8":{"type":"branch","line":10,"loc":{"start":{"line":10,"column":2},"end":{"line":10,"column":34}},"locations":[{"start":{"line":10,"column":2},"end":{"line":10,"column":34}}]},"9":{"type":"branch","line":12,"loc":{"start":{"line":12,"column":31},"end":{"line":12,"column":58}},"locations":[{"start":{"line":12,"column":31},"end":{"line":12,"column":58}}]},"10":{"type":"branch","line":12,"loc":{"start":{"line":12,"column":42},"end":{"line":12,"column":64}},"locations":[{"start":{"line":12,"column":42},"end":{"line":12,"column":64}}]},"11":{"type":"branch","line":15,"loc":{"start":{"line":15,"column":8},"end":{"line":15,"column":13}},"locations":[{"start":{"line":15,"column":8},"end":{"line":15,"column":13}}]},"12":{"type":"branch","line":16,"loc":{"start":{"line":16,"column":10},"end":{"line":16,"column":15}},"locations":[{"start":{"line":16,"column":10},"end":{"line":16,"column":15}}]},"13":{"type":"branch","line":23,"loc":{"start":{"line":23,"column":6},"end":{"line":23,"column":11}},"locations":[{"start":{"line":23,"column":6},"end":{"line":23,"column":11}}]},"14":{"type":"branch","line":23,"loc":{"start":{"line":23,"column":6},"end":{"line":23,"column":11}},"locations":[{"start":{"line":23,"column":6},"end":{"line":23,"column":11}}]},"15":{"type":"branch","line":32,"loc":{"start":{"line":32,"column":13},"end":{"line":32,"column":15}},"locations":[{"start":{"line":32,"column":13},"end":{"line":32,"column":15}}]},"16":{"type":"branch","line":35,"loc":{"start":{"line":35,"column":16},"end":{"line":37,"column":3}},"locations":[{"start":{"line":35,"column":16},"end":{"line":37,"column":3}}]},"17":{"type":"branch","line":27,"loc":{"start":{"line":27,"column":13},"end":{"line":32,"column":15}},"locations":[{"start":{"line":27,"column":13},"end":{"line":32,"column":15}}]}},"b":{"0":[27],"1":[18],"2":[18],"3":[9],"4":[18],"5":[9],"6":[18],"7":[18],"8":[9],"9":[18],"10":[9],"11":[0],"12":[0],"13":[0],"14":[0],"15":[0],"16":[18],"17":[18]},"fnMap":{"0":{"name":"simplifyOrganization","decl":{"start":{"line":6,"column":36},"end":{"line":40,"column":1}},"loc":{"start":{"line":6,"column":36},"end":{"line":40,"column":1}},"line":6}},"f":{"0":27}}}}
