TN:
SF:libs/platform-settings/src/ExtPackage.tsx
FN:34,t
FN:38,globalT
FN:186,getPlatformSettingsExtPack
FNF:3
FNH:3
FNDA:21,t
FNDA:1,globalT
FNDA:1,getPlatformSettingsExtPack
DA:1,1
DA:2,1
DA:3,1
DA:4,1
DA:5,1
DA:6,1
DA:7,1
DA:8,1
DA:9,1
DA:10,1
DA:11,1
DA:12,1
DA:13,1
DA:14,1
DA:15,1
DA:16,1
DA:17,1
DA:18,1
DA:19,1
DA:20,1
DA:21,1
DA:22,1
DA:23,1
DA:24,1
DA:25,1
DA:26,1
DA:27,1
DA:28,1
DA:29,1
DA:30,1
DA:31,1
DA:32,1
DA:33,1
DA:34,1
DA:35,21
DA:36,21
DA:37,1
DA:38,1
DA:39,1
DA:40,1
DA:41,1
DA:42,1
DA:43,1
DA:44,1
DA:45,1
DA:46,1
DA:47,1
DA:48,1
DA:49,1
DA:50,1
DA:51,1
DA:52,1
DA:53,1
DA:54,1
DA:55,1
DA:56,1
DA:57,0
DA:58,0
DA:59,0
DA:60,1
DA:61,1
DA:62,1
DA:63,1
DA:64,1
DA:65,1
DA:66,1
DA:67,1
DA:68,1
DA:69,1
DA:70,1
DA:71,1
DA:72,1
DA:73,1
DA:74,0
DA:75,0
DA:76,0
DA:77,0
DA:78,0
DA:79,0
DA:80,0
DA:81,0
DA:82,0
DA:83,0
DA:84,0
DA:85,0
DA:86,0
DA:87,0
DA:88,1
DA:89,1
DA:90,1
DA:91,1
DA:92,1
DA:93,1
DA:94,1
DA:95,1
DA:96,1
DA:97,1
DA:98,1
DA:99,1
DA:100,1
DA:101,1
DA:102,0
DA:103,0
DA:104,0
DA:105,0
DA:106,0
DA:107,1
DA:108,1
DA:109,1
DA:110,1
DA:111,1
DA:112,1
DA:113,1
DA:114,1
DA:115,1
DA:116,1
DA:117,1
DA:118,1
DA:119,1
DA:120,1
DA:121,1
DA:122,1
DA:123,1
DA:124,1
DA:125,0
DA:126,0
DA:127,0
DA:128,0
DA:129,0
DA:130,1
DA:131,1
DA:132,1
DA:133,1
DA:134,1
DA:135,1
DA:136,1
DA:137,1
DA:138,1
DA:139,1
DA:140,1
DA:141,1
DA:142,1
DA:143,1
DA:144,1
DA:145,1
DA:146,1
DA:147,1
DA:148,0
DA:149,0
DA:150,0
DA:151,0
DA:152,0
DA:153,1
DA:154,1
DA:155,1
DA:156,1
DA:157,1
DA:158,1
DA:159,1
DA:160,1
DA:161,1
DA:162,1
DA:163,1
DA:164,1
DA:165,1
DA:166,1
DA:167,1
DA:168,1
DA:169,1
DA:170,1
DA:171,0
DA:172,0
DA:173,0
DA:174,0
DA:175,0
DA:176,1
DA:177,1
DA:178,1
DA:179,1
DA:180,1
DA:181,1
DA:182,1
DA:183,1
DA:184,1
DA:185,1
DA:186,1
DA:187,1
DA:188,1
DA:189,1
DA:190,1
DA:191,1
DA:192,1
DA:193,1
DA:194,1
DA:195,1
DA:196,1
DA:197,1
DA:198,1
DA:199,1
DA:200,1
DA:201,1
DA:202,1
DA:203,1
DA:204,1
DA:205,1
DA:206,1
DA:207,1
DA:208,1
DA:209,1
DA:210,1
DA:211,1
DA:212,1
DA:213,1
DA:214,1
DA:215,1
DA:216,1
DA:217,1
DA:218,1
DA:219,1
DA:220,1
DA:221,1
DA:222,1
DA:223,1
DA:224,1
DA:225,1
DA:226,1
DA:227,1
DA:228,1
DA:229,1
DA:230,1
DA:231,1
DA:232,1
DA:233,1
DA:234,1
DA:235,1
DA:236,1
DA:237,1
DA:238,1
DA:239,1
DA:240,1
DA:241,1
DA:242,1
DA:243,1
DA:244,1
DA:245,1
DA:246,1
DA:247,1
DA:248,1
DA:249,1
DA:250,1
DA:251,1
DA:252,1
DA:253,1
DA:254,1
DA:255,1
DA:256,1
DA:257,1
DA:258,1
DA:259,1
DA:260,1
DA:261,1
DA:262,1
DA:263,1
DA:264,1
DA:265,1
DA:266,1
DA:267,1
DA:268,1
DA:269,1
DA:270,1
DA:271,1
DA:272,1
DA:273,1
DA:274,1
DA:275,1
DA:276,1
DA:277,1
DA:278,1
DA:279,1
DA:280,1
DA:281,1
DA:282,1
DA:283,1
DA:284,1
DA:285,1
DA:286,1
DA:287,1
DA:288,1
DA:289,1
DA:290,1
DA:291,1
DA:292,1
DA:293,1
DA:294,1
DA:295,1
DA:296,1
DA:297,1
DA:298,1
DA:299,1
DA:300,1
DA:301,1
DA:302,1
DA:303,1
DA:304,1
DA:305,1
DA:306,1
DA:307,1
DA:308,1
DA:309,1
DA:310,1
DA:311,1
DA:312,1
DA:313,1
DA:314,1
DA:315,1
DA:316,1
DA:317,1
DA:318,1
DA:319,1
DA:320,1
DA:321,1
DA:322,1
DA:323,1
DA:324,1
DA:325,1
DA:326,1
LF:326
LH:289
BRDA:34,0,0,21
BRDA:38,1,0,1
BRDA:186,2,0,1
BRDA:187,3,0,1
BRF:4
BRH:4
end_of_record
TN:
SF:libs/platform-settings/src/Catalog/CatalogFilter.tsx
FN:21,CatalogFilter
FN:33,handleClick
FNF:2
FNH:2
FNDA:23,CatalogFilter
FNDA:1,handleClick
DA:1,1
DA:2,1
DA:3,1
DA:4,1
DA:5,1
DA:6,1
DA:7,1
DA:8,1
DA:9,1
DA:10,1
DA:11,1
DA:12,1
DA:13,1
DA:14,1
DA:15,1
DA:16,1
DA:17,1
DA:18,1
DA:19,1
DA:20,1
DA:21,1
DA:22,23
DA:23,23
DA:24,23
DA:25,23
DA:26,23
DA:27,23
DA:28,23
DA:29,23
DA:30,23
DA:31,23
DA:32,23
DA:33,23
DA:34,1
DA:35,1
DA:36,1
DA:37,23
DA:38,23
DA:39,23
DA:40,23
DA:41,23
DA:42,23
DA:43,23
DA:44,23
DA:45,23
DA:46,23
DA:47,23
DA:48,23
DA:49,23
DA:50,23
DA:51,23
DA:52,23
DA:53,23
DA:54,23
DA:55,23
DA:56,23
DA:57,23
DA:58,23
DA:59,23
DA:60,23
DA:61,23
DA:62,23
DA:63,23
DA:64,23
DA:65,23
DA:66,23
DA:67,23
DA:68,23
DA:69,23
DA:70,23
DA:71,23
DA:72,23
DA:73,23
DA:74,23
DA:75,23
DA:76,23
DA:77,23
DA:78,23
DA:79,23
DA:80,23
DA:81,23
DA:82,23
DA:83,23
DA:84,23
DA:85,23
DA:86,23
DA:87,23
DA:88,23
DA:89,23
DA:90,23
DA:91,23
DA:92,23
DA:93,23
DA:94,23
LF:94
LH:94
BRDA:21,0,0,23
BRDA:22,1,0,18
BRDA:22,2,0,3
BRDA:23,3,0,18
BRDA:23,4,0,3
BRDA:24,5,0,18
BRDA:24,6,0,3
BRDA:25,7,0,4
BRDA:25,8,0,17
BRDA:26,9,0,4
BRDA:26,10,0,17
BRDA:38,11,0,3
BRDA:33,12,0,1
BRDA:79,13,0,0
BRF:14
BRH:13
end_of_record
TN:
SF:libs/platform-settings/src/Catalog/CatalogHeader.tsx
FN:15,CatalogHeader
FNF:1
FNH:1
FNDA:18,CatalogHeader
DA:1,1
DA:2,1
DA:3,1
DA:4,1
DA:5,1
DA:6,1
DA:7,1
DA:8,1
DA:9,1
DA:10,1
DA:11,1
DA:12,1
DA:13,1
DA:14,1
DA:15,1
DA:16,18
DA:17,18
DA:18,18
DA:19,18
DA:20,18
DA:21,18
DA:22,18
DA:23,18
DA:24,18
DA:25,18
DA:26,18
DA:27,18
DA:28,18
DA:29,18
DA:30,18
DA:31,18
DA:32,18
DA:33,18
DA:34,18
DA:35,18
DA:36,18
DA:37,18
DA:38,18
DA:39,18
DA:40,18
DA:41,18
DA:42,18
DA:43,18
DA:44,18
DA:45,18
DA:46,18
LF:46
LH:46
BRDA:15,0,0,18
BRDA:18,1,0,0
BRDA:18,2,0,17
BRDA:38,3,0,0
BRF:4
BRH:2
end_of_record
TN:
SF:libs/platform-settings/src/Catalog/CatalogItemsConfig.ts
FNF:0
FNH:0
DA:1,1
DA:2,1
DA:3,1
DA:4,1
DA:5,1
DA:6,1
DA:7,1
DA:8,1
DA:9,1
DA:10,1
DA:11,1
DA:12,1
DA:13,1
DA:14,1
DA:15,1
DA:16,1
DA:17,1
DA:18,1
DA:19,1
DA:20,1
DA:21,1
DA:22,1
DA:23,1
DA:24,1
DA:25,1
DA:26,1
DA:27,1
DA:28,1
DA:29,1
DA:30,1
DA:31,1
DA:32,1
DA:33,1
DA:34,1
DA:35,1
DA:36,1
DA:37,1
DA:38,1
DA:39,1
DA:40,1
DA:41,1
DA:42,1
DA:43,1
DA:44,1
DA:45,1
DA:46,1
DA:47,1
DA:48,1
DA:49,1
DA:50,1
DA:51,1
DA:52,1
DA:53,1
DA:54,1
DA:55,1
DA:56,1
DA:57,1
DA:58,1
DA:59,1
DA:60,1
DA:61,1
DA:62,1
DA:63,1
DA:64,1
DA:65,1
DA:66,1
DA:67,1
DA:68,1
DA:69,1
DA:70,1
DA:71,1
DA:72,1
DA:73,1
DA:74,1
DA:75,1
DA:76,1
DA:77,1
DA:78,1
DA:79,1
DA:80,1
DA:81,1
DA:82,1
DA:83,1
DA:84,1
LF:84
LH:84
BRDA:8,0,0,2
BRDA:16,1,0,2
BRF:2
BRH:2
end_of_record
TN:
SF:libs/platform-settings/src/Catalog/CatalogItemsPage.tsx
FN:45,CatalogItemsPage
FN:143,onSuccess
FN:148,onError
FN:159,deleteRow
FNF:4
FNH:3
FNDA:19,CatalogItemsPage
FNDA:1,onSuccess
FNDA:0,onError
FNDA:1,deleteRow
DA:1,1
DA:2,1
DA:3,1
DA:4,1
DA:5,1
DA:6,1
DA:7,1
DA:8,1
DA:9,1
DA:10,1
DA:11,1
DA:12,1
DA:13,1
DA:14,1
DA:15,1
DA:16,1
DA:17,1
DA:18,1
DA:19,1
DA:20,1
DA:21,1
DA:22,1
DA:23,1
DA:24,1
DA:25,1
DA:26,1
DA:27,1
DA:28,1
DA:29,1
DA:30,1
DA:31,1
DA:32,1
DA:33,1
DA:34,1
DA:35,1
DA:36,1
DA:37,1
DA:38,1
DA:39,1
DA:40,1
DA:41,1
DA:42,1
DA:43,1
DA:44,1
DA:45,1
DA:46,19
DA:47,19
DA:48,19
DA:49,19
DA:50,19
DA:51,19
DA:52,19
DA:53,19
DA:54,19
DA:55,19
DA:56,19
DA:57,19
DA:58,19
DA:59,19
DA:60,19
DA:61,19
DA:62,19
DA:63,19
DA:64,19
DA:65,71
DA:66,71
DA:67,71
DA:68,71
DA:69,71
DA:70,71
DA:71,71
DA:72,71
DA:73,71
DA:74,71
DA:75,71
DA:76,71
DA:77,19
DA:78,19
DA:79,19
DA:80,19
DA:81,71
DA:82,71
DA:83,71
DA:84,71
DA:85,71
DA:86,71
DA:87,71
DA:88,19
DA:89,19
DA:90,1
DA:91,17
DA:92,19
DA:93,19
DA:94,19
DA:95,19
DA:96,19
DA:97,19
DA:98,19
DA:99,19
DA:100,19
DA:101,19
DA:102,19
DA:103,19
DA:104,19
DA:105,4
DA:106,4
DA:107,4
DA:108,4
DA:109,4
DA:110,4
DA:111,19
DA:112,19
DA:113,19
DA:114,3
DA:115,3
DA:116,3
DA:117,19
DA:118,19
DA:119,19
DA:120,19
DA:121,3
DA:122,3
DA:123,3
DA:124,19
DA:125,19
DA:126,19
DA:127,19
DA:128,19
DA:129,1
DA:130,1
DA:131,1
DA:132,19
DA:133,19
DA:134,19
DA:135,19
DA:136,1
DA:137,1
DA:138,1
DA:139,1
DA:140,1
DA:141,19
DA:142,19
DA:143,19
DA:144,1
DA:145,1
DA:146,1
DA:147,19
DA:148,19
DA:149,0
DA:150,0
DA:151,19
DA:152,19
DA:153,19
DA:154,19
DA:155,19
DA:156,19
DA:157,19
DA:158,19
DA:159,19
DA:160,1
DA:161,1
DA:162,1
DA:163,19
DA:164,19
DA:165,19
DA:166,19
DA:167,1
DA:168,1
DA:169,17
DA:170,17
DA:171,17
DA:172,17
DA:173,17
DA:174,17
DA:175,17
DA:176,17
DA:177,17
DA:178,17
DA:179,17
DA:180,17
DA:181,17
DA:182,17
DA:183,17
DA:184,17
DA:185,19
DA:186,17
DA:187,17
DA:188,17
DA:189,17
DA:190,17
DA:191,17
DA:192,17
DA:193,19
DA:194,19
DA:195,19
DA:196,19
DA:197,19
DA:198,19
DA:199,19
DA:200,19
DA:201,19
DA:202,19
DA:203,19
DA:204,19
DA:205,19
DA:206,19
DA:207,19
DA:208,19
DA:209,19
DA:210,19
DA:211,19
DA:212,19
DA:213,19
DA:214,19
DA:215,19
DA:216,19
DA:217,19
DA:218,19
DA:219,19
DA:220,19
DA:221,19
DA:222,19
DA:223,19
DA:224,19
DA:225,19
DA:226,19
DA:227,19
DA:228,19
DA:229,19
DA:230,19
DA:231,19
LF:231
LH:229
BRDA:45,0,0,19
BRDA:48,1,0,17
BRDA:48,2,0,1
BRDA:64,3,0,18
BRDA:64,4,0,1
BRDA:64,5,0,17
BRDA:64,6,0,0
BRDA:76,7,0,1
BRDA:89,8,0,1
BRDA:90,9,0,17
BRDA:98,10,0,0
BRDA:98,11,0,18
BRDA:153,12,0,18
BRDA:153,13,0,0
BRDA:153,14,0,18
BRDA:153,15,0,0
BRDA:166,16,0,1
BRDA:168,17,0,17
BRDA:185,18,0,0
BRDA:185,19,0,17
BRDA:185,20,0,17
BRDA:211,21,0,9
BRDA:211,22,0,8
BRDA:64,23,0,71
BRDA:67,24,0,0
BRDA:67,25,0,0
BRDA:73,26,0,11
BRDA:75,27,0,29
BRDA:67,28,0,130
BRDA:80,29,0,71
BRDA:81,30,0,0
BRDA:81,31,0,0
BRDA:104,32,0,4
BRDA:113,33,0,3
BRDA:120,34,0,3
BRDA:128,35,0,1
BRDA:135,36,0,1
BRDA:138,37,0,1
BRDA:143,38,0,1
BRDA:144,39,0,0
BRDA:155,40,0,0
BRDA:155,41,0,0
BRDA:159,42,0,1
BRDA:209,43,0,0
BRF:44
BRH:31
end_of_record
TN:
SF:libs/platform-settings/src/Catalog/CatalogItemsTable.tsx
FN:24,CatalogItemsTable
FN:43,cell
FNF:2
FNH:2
FNDA:47,CatalogItemsTable
FNDA:180,cell
DA:1,1
DA:2,1
DA:3,1
DA:4,1
DA:5,1
DA:6,1
DA:7,1
DA:8,1
DA:9,1
DA:10,1
DA:11,1
DA:12,1
DA:13,1
DA:14,1
DA:15,1
DA:16,1
DA:17,1
DA:18,1
DA:19,1
DA:20,1
DA:21,1
DA:22,1
DA:23,1
DA:24,1
DA:25,47
DA:26,47
DA:27,47
DA:28,47
DA:29,47
DA:30,47
DA:31,47
DA:32,47
DA:33,46
DA:34,46
DA:35,124
DA:36,124
DA:37,124
DA:38,124
DA:39,124
DA:40,46
DA:41,46
DA:42,46
DA:43,46
DA:44,180
DA:45,180
DA:46,11
DA:47,180
DA:48,180
DA:49,180
DA:50,180
DA:51,180
DA:52,180
DA:53,180
DA:54,180
DA:55,180
DA:56,180
DA:57,180
DA:58,180
DA:59,180
DA:60,180
DA:61,180
DA:62,180
DA:63,180
DA:64,180
DA:65,180
DA:66,180
DA:67,180
DA:68,180
DA:69,180
DA:70,180
DA:71,46
DA:72,46
DA:73,46
DA:74,46
DA:75,46
DA:76,47
DA:77,47
DA:78,47
DA:79,47
DA:80,47
LF:80
LH:80
BRDA:24,0,0,47
BRDA:32,1,0,46
BRDA:34,2,0,124
BRDA:37,3,0,0
BRDA:37,4,0,22
BRDA:37,5,0,102
BRDA:43,6,0,180
BRDA:45,7,0,11
BRDA:46,8,0,0
BRF:9
BRH:7
end_of_record
TN:
SF:libs/platform-settings/src/Catalog/CatalogLoading.tsx
FN:5,CatalogLoading
FNF:1
FNH:1
FNDA:2,CatalogLoading
DA:1,1
DA:2,1
DA:3,1
DA:4,1
DA:5,1
DA:6,2
DA:7,2
DA:8,2
DA:9,2
DA:10,2
DA:11,2
DA:12,2
DA:13,2
DA:14,2
DA:15,2
DA:16,2
DA:17,2
DA:18,2
DA:19,2
DA:20,2
DA:21,2
LF:21
LH:21
BRDA:5,0,0,2
BRF:1
BRH:1
end_of_record
TN:
SF:libs/platform-settings/src/Catalog/DeleteRowConfirmationModal.tsx
FN:15,DeleteRowConfirmationModal
FNF:1
FNH:1
FNDA:22,DeleteRowConfirmationModal
DA:1,1
DA:2,1
DA:3,1
DA:4,1
DA:5,1
DA:6,1
DA:7,1
DA:8,1
DA:9,1
DA:10,1
DA:11,1
DA:12,1
DA:13,1
DA:14,1
DA:15,1
DA:16,22
DA:17,22
DA:18,22
DA:19,22
DA:20,22
DA:21,0
DA:22,21
DA:23,22
DA:24,22
DA:25,0
DA:26,0
DA:27,22
DA:28,22
DA:29,22
DA:30,22
DA:31,22
DA:32,22
DA:33,22
DA:34,22
DA:35,22
DA:36,22
DA:37,22
DA:38,22
DA:39,22
DA:40,22
DA:41,22
DA:42,22
DA:43,22
DA:44,22
DA:45,22
DA:46,22
DA:47,22
DA:48,22
DA:49,22
DA:50,22
DA:51,22
DA:52,22
DA:53,22
DA:54,22
DA:55,22
DA:56,22
DA:57,22
DA:58,22
DA:59,22
DA:60,22
DA:61,22
DA:62,22
DA:63,22
DA:64,22
DA:65,22
DA:66,22
LF:66
LH:63
BRDA:15,0,0,22
BRDA:19,1,0,21
BRDA:19,2,0,16
BRDA:19,3,0,5
BRDA:20,4,0,0
BRDA:21,5,0,21
BRDA:24,6,0,21
BRDA:24,7,0,16
BRDA:24,8,0,5
BRDA:24,9,0,0
BRDA:44,10,0,21
BRDA:44,11,0,16
BRDA:44,12,0,5
BRF:13
BRH:11
end_of_record
TN:
SF:libs/platform-settings/src/Catalog/utils.ts
FN:7,getTitleForDrawer
FNF:1
FNH:1
FNDA:26,getTitleForDrawer
DA:1,1
DA:2,1
DA:3,1
DA:4,1
DA:5,1
DA:6,1
DA:7,1
DA:8,26
DA:9,26
DA:10,26
DA:11,26
DA:12,4
DA:13,22
DA:14,26
DA:15,1
DA:16,1
DA:17,1
DA:18,1
DA:19,1
DA:20,1
LF:20
LH:20
BRDA:7,0,0,26
BRDA:11,1,0,4
BRDA:12,2,0,22
BRDA:17,3,0,29
BRDA:17,4,0,42
BRDA:17,5,0,538
BRDA:20,6,0,11
BRDA:20,7,0,60
BRDA:20,8,0,208
BRF:9
BRH:9
end_of_record
TN:
SF:libs/platform-settings/src/Catalog/cells/ApprovalCell.tsx
FN:11,ApprovalCell
FNF:1
FNH:1
FNDA:3,ApprovalCell
DA:1,1
DA:2,1
DA:3,1
DA:4,1
DA:5,1
DA:6,1
DA:7,1
DA:8,1
DA:9,1
DA:10,1
DA:11,1
DA:12,3
DA:13,3
DA:14,3
DA:15,3
DA:16,3
DA:17,3
DA:18,3
DA:19,3
DA:20,3
DA:21,3
DA:22,3
DA:23,3
DA:24,3
DA:25,3
DA:26,3
DA:27,3
DA:28,3
DA:29,3
DA:30,3
DA:31,3
LF:31
LH:31
BRDA:11,0,0,3
BRF:1
BRH:1
end_of_record
TN:
SF:libs/platform-settings/src/Catalog/cells/BaseCell.tsx
FN:5,BaseCell
FNF:1
FNH:1
FNDA:4,BaseCell
DA:1,1
DA:2,1
DA:3,1
DA:4,1
DA:5,1
DA:6,4
DA:7,4
LF:7
LH:7
BRDA:5,0,0,4
BRDA:6,1,0,1
BRDA:6,2,0,3
BRF:3
BRH:3
end_of_record
TN:
SF:libs/platform-settings/src/Catalog/cells/DescriptionCell.tsx
FN:5,DescriptionCell
FNF:1
FNH:1
FNDA:4,DescriptionCell
DA:1,1
DA:2,1
DA:3,1
DA:4,1
DA:5,1
DA:6,4
DA:7,4
LF:7
LH:7
BRDA:5,0,0,4
BRDA:6,1,0,1
BRDA:6,2,0,3
BRF:3
BRH:3
end_of_record
TN:
SF:libs/platform-settings/src/Catalog/cells/FlagsOverviewCell.tsx
FN:11,FlagsOverviewCell
FNF:1
FNH:1
FNDA:2,FlagsOverviewCell
DA:1,1
DA:2,1
DA:3,1
DA:4,1
DA:5,1
DA:6,1
DA:7,1
DA:8,1
DA:9,1
DA:10,1
DA:11,1
DA:12,2
DA:13,2
DA:14,2
DA:15,2
DA:16,2
DA:17,2
DA:18,2
DA:19,2
DA:20,2
DA:21,2
DA:22,2
DA:23,2
DA:24,2
DA:25,2
DA:26,2
DA:27,2
DA:28,2
DA:29,2
DA:30,2
DA:31,2
DA:32,2
DA:33,2
DA:34,2
LF:34
LH:34
BRDA:11,0,0,2
BRDA:23,1,0,0
BRDA:23,2,0,0
BRDA:27,3,0,0
BRDA:28,4,0,0
BRF:5
BRH:1
end_of_record
TN:
SF:libs/platform-settings/src/Catalog/cells/IntegrationStatusCell.tsx
FN:16,IntegrationStatusCell
FNF:1
FNH:1
FNDA:4,IntegrationStatusCell
DA:1,1
DA:2,1
DA:3,1
DA:4,1
DA:5,1
DA:6,1
DA:7,1
DA:8,1
DA:9,1
DA:10,1
DA:11,1
DA:12,1
DA:13,1
DA:14,1
DA:15,1
DA:16,1
DA:17,4
DA:18,4
DA:19,4
DA:20,4
DA:21,4
DA:22,4
DA:23,4
DA:24,4
DA:25,4
DA:26,4
DA:27,4
DA:28,4
DA:29,4
DA:30,4
DA:31,4
DA:32,4
DA:33,4
DA:34,4
DA:35,4
DA:36,4
DA:37,4
DA:38,4
DA:39,4
DA:40,4
DA:41,4
DA:42,4
DA:43,4
DA:44,4
DA:45,4
DA:46,4
DA:47,4
DA:48,4
DA:49,4
DA:50,4
DA:51,4
DA:52,4
DA:53,4
DA:54,4
DA:55,4
DA:56,4
DA:57,4
DA:58,4
DA:59,4
DA:60,4
DA:61,4
DA:62,4
DA:63,4
LF:63
LH:63
BRDA:16,0,0,4
BRDA:20,1,0,1
BRDA:20,2,0,3
BRDA:38,3,0,0
BRF:4
BRH:3
end_of_record
TN:
SF:libs/platform-settings/src/Catalog/cells/NameCell.tsx
FN:4,NameCell
FNF:1
FNH:1
FNDA:496,NameCell
DA:1,1
DA:2,1
DA:3,1
DA:4,1
DA:5,496
DA:6,496
LF:6
LH:6
BRDA:4,0,0,496
BRDA:5,1,0,377
BRDA:5,2,0,119
BRF:3
BRH:3
end_of_record
TN:
SF:libs/platform-settings/src/Catalog/cells/SourceChipCell.tsx
FN:10,SourceChipCell
FNF:1
FNH:1
FNDA:11,SourceChipCell
DA:1,1
DA:2,1
DA:3,1
DA:4,1
DA:5,1
DA:6,1
DA:7,1
DA:8,1
DA:9,1
DA:10,1
DA:11,11
DA:12,11
DA:13,11
DA:14,11
DA:15,11
DA:16,11
DA:17,11
DA:18,11
DA:19,11
DA:20,11
DA:21,11
DA:22,11
DA:23,11
DA:24,11
DA:25,11
LF:25
LH:25
BRDA:10,0,0,11
BRF:1
BRH:1
end_of_record
TN:
SF:libs/platform-settings/src/ContributionEditor/ContributionEditor.tsx
FN:20,ContributionEditor
FNF:1
FNH:1
FNDA:18,ContributionEditor
DA:1,1
DA:2,1
DA:3,1
DA:4,1
DA:5,1
DA:6,1
DA:7,1
DA:8,1
DA:9,1
DA:10,1
DA:11,1
DA:12,1
DA:13,1
DA:14,1
DA:15,1
DA:16,1
DA:17,1
DA:18,1
DA:19,1
DA:20,1
DA:21,18
DA:22,18
DA:23,18
DA:24,18
DA:25,18
DA:26,18
DA:27,18
DA:28,18
DA:29,18
DA:30,18
DA:31,18
DA:32,18
DA:33,17
DA:34,17
DA:35,17
DA:36,18
DA:37,18
DA:38,18
DA:39,18
DA:40,18
DA:41,18
DA:42,18
DA:43,18
DA:44,18
DA:45,18
DA:46,18
DA:47,18
DA:48,18
DA:49,18
DA:50,18
DA:51,18
DA:52,18
DA:53,18
DA:54,18
DA:55,18
DA:56,18
DA:57,18
DA:58,18
DA:59,18
DA:60,18
DA:61,18
DA:62,17
DA:63,17
DA:64,17
DA:65,17
DA:66,17
DA:67,17
DA:68,17
DA:69,17
DA:70,17
DA:71,17
DA:72,17
DA:73,17
DA:74,17
DA:75,17
DA:76,17
DA:77,17
DA:78,17
DA:79,17
LF:79
LH:79
BRDA:20,0,0,18
BRDA:28,1,0,0
BRDA:28,2,0,17
BRDA:32,3,0,0
BRDA:32,4,0,17
BRDA:51,5,0,17
BRDA:51,6,0,17
BRDA:51,7,0,0
BRDA:51,8,0,17
BRDA:52,9,0,0
BRDA:52,10,0,17
BRDA:61,11,0,17
BRF:12
BRH:8
end_of_record
TN:
SF:libs/platform-settings/src/ContributionEditor/handleOperation.ts
FN:8,handleOperation
FN:18,getState
FNF:2
FNH:2
FNDA:29,handleOperation
FNDA:2,getState
DA:1,1
DA:2,1
DA:3,1
DA:4,1
DA:5,1
DA:6,1
DA:7,1
DA:8,1
DA:9,29
DA:10,28
DA:11,28
DA:12,1
DA:13,1
DA:14,29
DA:15,29
DA:16,29
DA:17,29
DA:18,29
DA:19,2
DA:20,2
DA:21,29
DA:22,29
DA:23,29
DA:24,29
DA:25,29
DA:26,29
DA:27,29
DA:28,29
DA:29,29
LF:29
LH:29
BRDA:8,0,0,29
BRDA:9,1,0,15
BRDA:9,2,0,14
BRDA:9,3,0,1
BRDA:9,4,0,28
BRDA:11,5,0,1
BRDA:14,6,0,0
BRDA:15,7,0,1
BRDA:15,8,0,0
BRDA:16,9,0,0
BRDA:16,10,0,1
BRDA:16,11,0,0
BRDA:18,12,0,2
BRF:13
BRH:9
end_of_record
TN:
SF:libs/platform-settings/src/ContributionEditor/useContributionForm.tsx
FN:11,useContributionForm
FNF:1
FNH:1
FNDA:1,useContributionForm
DA:1,1
DA:2,1
DA:3,1
DA:4,1
DA:5,1
DA:6,1
DA:7,1
DA:8,1
DA:9,1
DA:10,1
DA:11,1
DA:12,1
DA:13,1
DA:14,1
DA:15,1
DA:16,1
DA:17,1
DA:18,1
DA:19,1
DA:20,1
DA:21,1
DA:22,1
DA:23,1
LF:23
LH:23
BRDA:11,0,0,1
BRDA:16,1,0,0
BRF:2
BRH:1
end_of_record
TN:
SF:libs/platform-settings/src/ContributionEditor/useContributionFormBase.tsx
FN:34,useContributionFormBase
FN:72,contributionFields.shape.contributionFields.reduce.name._options_fieldsToSkip
FN:104,defineValidation
FN:174,contributionFields.reduce.name
FN:187,endpoint.properties.reduce.id
FN:258,createFormField
FN:306,createFormFieldSection
FN:373,fieldExtensionWeight
FN:393,sectionExtensionWeight
FNF:9
FNH:7
FNDA:8,useContributionFormBase
FNDA:29,contributionFields.shape.contributionFields.reduce.name._options_fieldsToSkip
FNDA:29,defineValidation
FNDA:29,contributionFields.reduce.name
FNDA:19,endpoint.properties.reduce.id
FNDA:29,createFormField
FNDA:8,createFormFieldSection
FNDA:0,fieldExtensionWeight
FNDA:0,sectionExtensionWeight
DA:1,1
DA:2,1
DA:3,1
DA:4,1
DA:5,1
DA:6,1
DA:7,1
DA:8,1
DA:9,1
DA:10,1
DA:11,1
DA:12,1
DA:13,1
DA:14,1
DA:15,1
DA:16,1
DA:17,1
DA:18,1
DA:19,1
DA:20,1
DA:21,1
DA:22,1
DA:23,1
DA:24,1
DA:25,1
DA:26,1
DA:27,1
DA:28,1
DA:29,1
DA:30,1
DA:31,1
DA:32,1
DA:33,1
DA:34,1
DA:35,8
DA:36,8
DA:37,8
DA:38,8
DA:39,8
DA:40,8
DA:41,8
DA:42,8
DA:43,8
DA:44,8
DA:45,8
DA:46,8
DA:47,8
DA:48,8
DA:49,8
DA:50,8
DA:51,8
DA:52,8
DA:53,8
DA:54,8
DA:55,8
DA:56,8
DA:57,8
DA:58,8
DA:59,8
DA:60,8
DA:61,8
DA:62,8
DA:63,8
DA:64,8
DA:65,8
DA:66,8
DA:67,8
DA:68,8
DA:69,8
DA:70,8
DA:71,8
DA:72,8
DA:73,29
DA:74,29
DA:75,29
DA:76,29
DA:77,29
DA:78,29
DA:79,0
DA:80,0
DA:81,29
DA:82,3
DA:83,3
DA:84,29
DA:85,6
DA:86,6
DA:87,29
DA:88,1
DA:89,1
DA:90,29
DA:91,19
DA:92,29
DA:93,29
DA:94,29
DA:95,29
DA:96,4
DA:97,4
DA:98,4
DA:99,4
DA:100,4
DA:101,4
DA:102,29
DA:103,29
DA:104,29
DA:105,29
DA:106,29
DA:107,29
DA:108,29
DA:109,14
DA:110,14
DA:111,14
DA:112,14
DA:113,29
DA:114,29
DA:115,0
DA:116,0
DA:117,0
DA:118,0
DA:119,0
DA:120,0
DA:121,0
DA:122,0
DA:123,0
DA:124,0
DA:125,0
DA:126,0
DA:127,0
DA:128,0
DA:129,0
DA:130,0
DA:131,0
DA:132,0
DA:133,0
DA:134,0
DA:135,0
DA:136,0
DA:137,0
DA:138,0
DA:139,0
DA:140,0
DA:141,0
DA:142,0
DA:143,0
DA:144,0
DA:145,0
DA:146,0
DA:147,0
DA:148,0
DA:149,0
DA:150,0
DA:151,0
DA:152,0
DA:153,0
DA:154,0
DA:155,29
DA:156,29
DA:157,29
DA:158,29
DA:159,29
DA:160,29
DA:161,29
DA:162,29
DA:163,29
DA:164,8
DA:165,8
DA:166,8
DA:167,8
DA:168,0
DA:169,0
DA:170,0
DA:171,8
DA:172,8
DA:173,8
DA:174,8
DA:175,29
DA:176,29
DA:177,29
DA:178,29
DA:179,8
DA:180,8
DA:181,8
DA:182,0
DA:183,8
DA:184,8
DA:185,8
DA:186,8
DA:187,8
DA:188,19
DA:189,19
DA:190,19
DA:191,19
DA:192,19
DA:193,19
DA:194,19
DA:195,11
DA:196,19
DA:197,1
DA:198,8
DA:199,4
DA:200,4
DA:201,19
DA:202,5
DA:203,5
DA:204,5
DA:205,5
DA:206,14
DA:207,14
DA:208,19
DA:209,19
DA:210,19
DA:211,8
DA:212,8
DA:213,8
DA:214,8
DA:215,8
DA:216,8
DA:217,8
DA:218,8
DA:219,8
DA:220,8
DA:221,8
DA:222,8
DA:223,8
DA:224,19
DA:225,19
DA:226,8
DA:227,8
DA:228,5
DA:229,5
DA:230,5
DA:231,5
DA:232,5
DA:233,5
DA:234,5
DA:235,5
DA:236,5
DA:237,0
DA:238,0
DA:239,0
DA:240,0
DA:241,0
DA:242,5
DA:243,5
DA:244,5
DA:245,8
DA:246,8
DA:247,8
DA:248,1
DA:249,7
DA:250,8
DA:251,8
DA:252,8
DA:253,8
DA:254,8
DA:255,8
DA:256,8
DA:257,8
DA:258,8
DA:259,29
DA:260,29
DA:261,29
DA:262,29
DA:263,29
DA:264,29
DA:265,29
DA:266,29
DA:267,29
DA:268,29
DA:269,29
DA:270,29
DA:271,29
DA:272,29
DA:273,29
DA:274,29
DA:275,29
DA:276,29
DA:277,29
DA:278,29
DA:279,29
DA:280,29
DA:281,29
DA:282,29
DA:283,29
DA:284,29
DA:285,29
DA:286,29
DA:287,29
DA:288,0
DA:289,0
DA:290,0
DA:291,29
DA:292,29
DA:293,29
DA:294,29
DA:295,29
DA:296,29
DA:297,29
DA:298,29
DA:299,29
DA:300,29
DA:301,29
DA:302,29
DA:303,29
DA:304,8
DA:305,8
DA:306,8
DA:307,8
DA:308,8
DA:309,8
DA:310,8
DA:311,8
DA:312,8
DA:313,8
DA:314,8
DA:315,8
DA:316,8
DA:317,8
DA:318,8
DA:319,8
DA:320,8
DA:321,0
DA:322,0
DA:323,0
DA:324,0
DA:325,0
DA:326,0
DA:327,0
DA:328,0
DA:329,0
DA:330,0
DA:331,8
DA:332,8
DA:333,8
DA:334,8
DA:335,8
DA:336,8
DA:337,8
DA:338,8
DA:339,8
DA:340,8
DA:341,8
DA:342,8
DA:343,8
DA:344,29
DA:345,29
DA:346,29
DA:347,29
DA:348,8
DA:349,8
DA:350,8
DA:351,8
DA:352,8
DA:353,8
DA:354,8
DA:355,8
DA:356,8
DA:357,8
DA:358,8
DA:359,8
DA:360,8
DA:361,8
DA:362,8
DA:363,8
DA:364,8
DA:365,8
DA:366,8
DA:367,1
DA:368,1
DA:369,1
DA:370,1
DA:371,1
DA:372,1
DA:373,1
DA:374,0
DA:375,0
DA:376,0
DA:377,0
DA:378,0
DA:379,0
DA:380,0
DA:381,0
DA:382,0
DA:383,0
DA:384,0
DA:385,0
DA:386,0
DA:387,1
DA:388,1
DA:389,1
DA:390,1
DA:391,1
DA:392,1
DA:393,1
DA:394,0
DA:395,0
DA:396,0
DA:397,0
DA:398,0
DA:399,0
DA:400,0
DA:401,0
DA:402,0
DA:403,0
DA:404,0
LF:404
LH:316
BRDA:34,0,0,8
BRDA:46,1,0,0
BRDA:51,2,0,0
BRDA:58,3,0,0
BRDA:67,4,0,0
BRDA:165,5,0,0
BRDA:165,6,0,0
BRDA:167,7,0,0
BRDA:173,8,0,0
BRDA:181,9,0,0
BRDA:184,10,0,0
BRDA:212,11,0,0
BRDA:214,12,0,3
BRDA:218,13,0,0
BRDA:222,14,0,0
BRDA:247,15,0,1
BRDA:248,16,0,0
BRDA:248,17,0,7
BRDA:356,18,0,0
BRDA:52,19,0,8
BRDA:53,20,0,0
BRDA:58,21,0,8
BRDA:61,22,0,0
BRDA:72,23,0,29
BRDA:78,24,0,0
BRDA:81,25,0,3
BRDA:84,26,0,6
BRDA:87,27,0,1
BRDA:90,28,0,19
BRDA:95,29,0,4
BRDA:104,30,0,29
BRDA:108,31,0,15
BRDA:108,32,0,14
BRDA:108,33,0,14
BRDA:110,34,0,0
BRDA:114,35,0,14
BRDA:114,36,0,0
BRDA:114,37,0,0
BRDA:174,38,0,29
BRDA:187,39,0,19
BRDA:188,40,0,15
BRDA:188,41,0,4
BRDA:188,42,0,15
BRDA:194,43,0,11
BRDA:196,44,0,8
BRDA:196,45,0,1
BRDA:198,46,0,7
BRDA:198,47,0,4
BRDA:201,48,0,0
BRDA:201,49,0,5
BRDA:205,50,0,14
BRDA:208,51,0,0
BRDA:208,52,0,14
BRDA:201,53,0,67
BRDA:223,54,0,19
BRDA:224,55,0,0
BRDA:227,56,0,5
BRDA:228,57,0,0
BRDA:236,58,0,0
BRDA:258,59,0,29
BRDA:260,60,0,0
BRDA:287,61,0,0
BRDA:287,62,0,0
BRDA:297,63,0,0
BRDA:306,64,0,8
BRDA:320,65,0,0
BRDA:320,66,0,0
BRDA:308,67,0,0
BRDA:343,68,0,29
BRDA:346,69,0,0
BRF:70
BRH:36
end_of_record
TN:
SF:libs/platform-settings/src/ContributionEditor/useContributions.tsx
FN:1,(empty-report)
FNF:1
FNH:0
FNDA:0,(empty-report)
DA:1,0
DA:2,0
DA:3,0
DA:4,0
DA:5,0
DA:6,0
DA:7,0
DA:8,0
DA:9,0
DA:10,0
DA:11,0
DA:12,0
DA:13,0
DA:14,0
DA:15,0
DA:16,0
DA:17,0
DA:18,0
DA:19,0
DA:20,0
DA:21,0
DA:22,0
DA:23,0
DA:24,0
DA:25,0
DA:26,0
DA:27,0
DA:28,0
DA:29,0
DA:30,0
DA:31,0
DA:32,0
DA:33,0
DA:34,0
DA:35,0
DA:36,0
DA:37,0
DA:38,0
DA:39,0
DA:40,0
DA:41,0
DA:42,0
DA:43,0
DA:44,0
DA:45,0
DA:46,0
DA:47,0
DA:48,0
DA:49,0
DA:50,0
DA:51,0
DA:52,0
DA:53,0
DA:54,0
DA:55,0
DA:56,0
DA:57,0
DA:58,0
DA:59,0
DA:60,0
DA:61,0
DA:62,0
DA:63,0
DA:64,0
DA:65,0
DA:66,0
DA:67,0
DA:68,0
DA:69,0
DA:70,0
DA:71,0
DA:72,0
DA:73,0
DA:74,0
DA:75,0
DA:76,0
DA:77,0
DA:78,0
DA:79,0
LF:79
LH:0
BRDA:1,0,0,0
BRF:1
BRH:0
end_of_record
TN:
SF:libs/platform-settings/src/ContributionEditor/utils.ts
FN:3,convertToActionInputsName
FNF:1
FNH:1
FNDA:9,convertToActionInputsName
DA:1,1
DA:2,1
DA:3,1
DA:4,9
DA:5,9
DA:6,9
DA:7,9
DA:8,10
DA:9,1
DA:10,1
DA:11,10
DA:12,7
DA:13,7
DA:14,10
DA:15,10
DA:16,10
DA:17,9
LF:17
LH:17
BRDA:3,0,0,9
BRDA:5,1,0,0
BRDA:5,2,0,0
BRDA:7,3,0,10
BRDA:8,4,0,9
BRDA:8,5,0,1
BRDA:11,6,0,0
BRDA:11,7,0,1
BRDA:13,8,0,0
BRDA:11,9,0,7
BRDA:12,10,0,1
BRDA:12,11,0,6
BRF:12
BRH:8
end_of_record
TN:
SF:libs/platform-settings/src/ContributionEditor/custom/CreateGitHubAppForm.tsx
FN:20,CreateGitHubAppForm
FN:45,onSubmit
FNF:2
FNH:2
FNDA:6,CreateGitHubAppForm
FNDA:6,onSubmit
DA:1,1
DA:2,1
DA:3,1
DA:4,1
DA:5,1
DA:6,1
DA:7,1
DA:8,1
DA:9,1
DA:10,1
DA:11,1
DA:12,1
DA:13,1
DA:14,1
DA:15,1
DA:16,1
DA:17,1
DA:18,1
DA:19,1
DA:20,1
DA:21,6
DA:22,6
DA:23,6
DA:24,6
DA:25,6
DA:26,6
DA:27,6
DA:28,6
DA:29,6
DA:30,6
DA:31,6
DA:32,6
DA:33,6
DA:34,6
DA:35,6
DA:36,6
DA:37,6
DA:38,6
DA:39,6
DA:40,6
DA:41,6
DA:42,6
DA:43,6
DA:44,6
DA:45,6
DA:46,6
DA:47,6
DA:48,6
DA:49,6
DA:50,6
DA:51,6
DA:52,4
DA:53,4
DA:54,4
DA:55,4
DA:56,4
DA:57,4
DA:58,4
DA:59,4
DA:60,4
DA:61,4
DA:62,4
DA:63,4
DA:64,4
DA:65,4
DA:66,4
DA:67,4
DA:68,4
DA:69,4
DA:70,4
DA:71,6
DA:72,2
DA:73,2
DA:74,2
DA:75,6
DA:76,6
DA:77,6
DA:78,6
DA:79,6
DA:80,6
DA:81,6
DA:82,6
DA:83,6
DA:84,6
DA:85,6
DA:86,6
DA:87,6
DA:88,6
DA:89,6
DA:90,6
DA:91,6
DA:92,6
DA:93,6
DA:94,6
DA:95,6
DA:96,6
DA:97,6
DA:98,6
DA:99,6
DA:100,6
DA:101,6
DA:102,6
DA:103,6
DA:104,6
DA:105,6
DA:106,6
DA:107,6
DA:108,6
DA:109,6
DA:110,6
DA:111,6
DA:112,6
LF:112
LH:112
BRDA:20,0,0,6
BRDA:45,1,0,6
BRDA:46,2,0,2
BRDA:46,3,0,4
BRDA:49,4,0,6
BRDA:50,5,0,0
BRDA:51,6,0,4
BRDA:52,7,0,0
BRDA:62,8,0,2
BRDA:71,9,0,2
BRF:10
BRH:8
end_of_record
TN:
SF:libs/platform-settings/src/ContributionEditor/custom/CreateIntegrationForm.tsx
FN:22,CreateIntegrationForm
FN:40,onSubmit
FNF:2
FNH:1
FNDA:2,CreateIntegrationForm
FNDA:0,onSubmit
DA:1,1
DA:2,1
DA:3,1
DA:4,1
DA:5,1
DA:6,1
DA:7,1
DA:8,1
DA:9,1
DA:10,1
DA:11,1
DA:12,1
DA:13,1
DA:14,1
DA:15,1
DA:16,1
DA:17,1
DA:18,1
DA:19,1
DA:20,1
DA:21,1
DA:22,1
DA:23,2
DA:24,2
DA:25,2
DA:26,2
DA:27,2
DA:28,2
DA:29,2
DA:30,2
DA:31,2
DA:32,2
DA:33,2
DA:34,2
DA:35,2
DA:36,2
DA:37,2
DA:38,2
DA:39,2
DA:40,2
DA:41,2
DA:42,2
DA:43,2
DA:44,2
DA:45,2
DA:46,2
DA:47,2
DA:48,2
DA:49,2
DA:50,2
DA:51,2
DA:52,2
DA:53,2
DA:54,2
DA:55,2
DA:56,2
DA:57,2
DA:58,2
LF:58
LH:58
BRDA:22,0,0,2
BRDA:25,1,0,1
BRDA:25,2,0,1
BRDA:28,3,0,1
BRDA:28,4,0,1
BRDA:31,5,0,0
BRDA:31,6,0,0
BRDA:31,7,0,1
BRDA:31,8,0,1
BRDA:31,9,0,1
BRDA:31,10,0,1
BRDA:33,11,0,0
BRF:12
BRH:9
end_of_record
TN:
SF:libs/platform-settings/src/ContributionEditor/custom/FeatureManagementNotifications.tsx
FN:29,FeatureManagementNotifications
FN:120,onChange
FN:161,onChange
FNF:3
FNH:2
FNDA:6,FeatureManagementNotifications
FNDA:2,onChange
FNDA:0,onChange
DA:1,1
DA:2,1
DA:3,1
DA:4,1
DA:5,1
DA:6,1
DA:7,1
DA:8,1
DA:9,1
DA:10,1
DA:11,1
DA:12,1
DA:13,1
DA:14,1
DA:15,1
DA:16,1
DA:17,1
DA:18,1
DA:19,1
DA:20,1
DA:21,1
DA:22,1
DA:23,1
DA:24,1
DA:25,1
DA:26,1
DA:27,1
DA:28,1
DA:29,1
DA:30,6
DA:31,6
DA:32,6
DA:33,6
DA:34,6
DA:35,6
DA:36,6
DA:37,6
DA:38,6
DA:39,6
DA:40,6
DA:41,6
DA:42,6
DA:43,6
DA:44,3
DA:45,3
DA:46,3
DA:47,3
DA:48,3
DA:49,3
DA:50,6
DA:51,6
DA:52,6
DA:53,6
DA:54,6
DA:55,6
DA:56,0
DA:57,0
DA:58,6
DA:59,6
DA:60,6
DA:61,6
DA:62,6
DA:63,6
DA:64,6
DA:65,6
DA:66,6
DA:67,6
DA:68,3
DA:69,3
DA:70,3
DA:71,3
DA:72,0
DA:73,0
DA:74,0
DA:75,0
DA:76,0
DA:77,0
DA:78,0
DA:79,0
DA:80,3
DA:81,3
DA:82,6
DA:83,6
DA:84,6
DA:85,3
DA:86,3
DA:87,3
DA:88,3
DA:89,6
DA:90,6
DA:91,6
DA:92,6
DA:93,6
DA:94,6
DA:95,6
DA:96,6
DA:97,6
DA:98,6
DA:99,6
DA:100,6
DA:101,6
DA:102,6
DA:103,6
DA:104,6
DA:105,6
DA:106,6
DA:107,6
DA:108,6
DA:109,6
DA:110,6
DA:111,6
DA:112,6
DA:113,6
DA:114,6
DA:115,6
DA:116,6
DA:117,6
DA:118,6
DA:119,6
DA:120,6
DA:121,2
DA:122,2
DA:123,2
DA:124,2
DA:125,2
DA:126,2
DA:127,2
DA:128,2
DA:129,2
DA:130,2
DA:131,2
DA:132,2
DA:133,2
DA:134,0
DA:135,0
DA:136,2
DA:137,6
DA:138,6
DA:139,6
DA:140,6
DA:141,6
DA:142,6
DA:143,6
DA:144,6
DA:145,6
DA:146,6
DA:147,6
DA:148,6
DA:149,2
DA:150,0
DA:151,2
DA:152,2
DA:153,2
DA:154,2
DA:155,2
DA:156,2
DA:157,2
DA:158,2
DA:159,2
DA:160,2
DA:161,2
DA:162,0
DA:163,0
DA:164,0
DA:165,0
DA:166,2
DA:167,2
DA:168,2
DA:169,2
DA:170,2
DA:171,2
DA:172,2
DA:173,2
DA:174,2
DA:175,2
DA:176,2
DA:177,2
DA:178,6
DA:179,6
DA:180,6
DA:181,6
LF:181
LH:164
BRDA:29,0,0,6
BRDA:56,1,0,0
BRDA:57,2,0,5
BRDA:59,3,0,5
BRDA:59,4,0,5
BRDA:63,5,0,5
BRDA:63,6,0,5
BRDA:82,7,0,5
BRDA:82,8,0,5
BRDA:82,9,0,0
BRDA:89,10,0,5
BRDA:89,11,0,5
BRDA:89,12,0,0
BRDA:92,13,0,0
BRDA:92,14,0,5
BRDA:96,15,0,0
BRDA:96,16,0,5
BRDA:137,17,0,5
BRDA:137,18,0,3
BRDA:137,19,0,2
BRDA:148,20,0,5
BRDA:148,21,0,3
BRDA:148,22,0,2
BRDA:148,23,0,2
BRDA:149,24,0,0
BRDA:170,25,0,0
BRDA:170,26,0,0
BRDA:43,27,0,3
BRDA:67,28,0,3
BRDA:71,29,0,0
BRDA:71,30,0,0
BRDA:84,31,0,3
BRDA:88,32,0,0
BRDA:120,33,0,2
BRDA:123,34,0,0
BRDA:133,35,0,0
BRDA:123,36,0,4
BRF:37
BRH:24
end_of_record
TN:
SF:libs/platform-settings/src/ContributionEditor/custom/RegisterGitHubAppDrawer.tsx
FN:13,RegisterGitHubAppDrawer
FNF:1
FNH:1
FNDA:1,RegisterGitHubAppDrawer
DA:1,1
DA:2,1
DA:3,1
DA:4,1
DA:5,1
DA:6,1
DA:7,1
DA:8,1
DA:9,1
DA:10,1
DA:11,1
DA:12,1
DA:13,1
DA:14,1
DA:15,1
DA:16,1
DA:17,1
DA:18,1
DA:19,1
DA:20,1
DA:21,1
DA:22,1
DA:23,1
DA:24,1
DA:25,1
DA:26,1
DA:27,1
DA:28,1
DA:29,1
DA:30,1
DA:31,1
LF:31
LH:31
BRDA:13,0,0,1
BRF:1
BRH:1
end_of_record
TN:
SF:libs/platform-settings/src/ContributionEditor/custom/RegisterGitHubAppForm.tsx
FN:25,RegisterGitHubAppForm
FN:37,onSubmit
FNF:2
FNH:2
FNDA:4,RegisterGitHubAppForm
FNDA:2,onSubmit
DA:1,1
DA:2,1
DA:3,1
DA:4,1
DA:5,1
DA:6,1
DA:7,1
DA:8,1
DA:9,1
DA:10,1
DA:11,1
DA:12,1
DA:13,1
DA:14,1
DA:15,1
DA:16,1
DA:17,1
DA:18,1
DA:19,1
DA:20,1
DA:21,1
DA:22,1
DA:23,1
DA:24,1
DA:25,1
DA:26,4
DA:27,4
DA:28,4
DA:29,4
DA:30,4
DA:31,4
DA:32,4
DA:33,4
DA:34,4
DA:35,4
DA:36,4
DA:37,4
DA:38,2
DA:39,2
DA:40,2
DA:41,2
DA:42,2
DA:43,2
DA:44,2
DA:45,2
DA:46,2
DA:47,2
DA:48,2
DA:49,2
DA:50,0
DA:51,0
DA:52,0
DA:53,0
DA:54,2
DA:55,2
DA:56,2
DA:57,4
DA:58,4
DA:59,4
DA:60,4
DA:61,4
DA:62,4
DA:63,4
DA:64,4
DA:65,4
DA:66,4
DA:67,4
DA:68,4
DA:69,4
DA:70,4
DA:71,4
DA:72,4
DA:73,4
DA:74,4
DA:75,4
DA:76,4
DA:77,4
DA:78,4
DA:79,4
DA:80,4
DA:81,4
DA:82,4
DA:83,4
DA:84,4
DA:85,4
DA:86,4
DA:87,4
DA:88,4
DA:89,4
DA:90,4
DA:91,4
DA:92,4
DA:93,4
DA:94,4
DA:95,4
DA:96,4
DA:97,4
DA:98,4
DA:99,4
DA:100,4
LF:100
LH:96
BRDA:25,0,0,4
BRDA:32,1,0,3
BRDA:32,2,0,1
BRDA:32,3,0,2
BRDA:35,4,0,3
BRDA:35,5,0,2
BRDA:35,6,0,1
BRDA:37,7,0,2
BRF:8
BRH:8
end_of_record
TN:
SF:libs/platform-settings/src/ContributionEditor/steps/Contribution.tsx
FN:19,Contribution
FNF:1
FNH:1
FNDA:2,Contribution
DA:1,1
DA:2,1
DA:3,1
DA:4,1
DA:5,1
DA:6,1
DA:7,1
DA:8,1
DA:9,1
DA:10,1
DA:11,1
DA:12,1
DA:13,1
DA:14,1
DA:15,1
DA:16,1
DA:17,1
DA:18,1
DA:19,1
DA:20,2
DA:21,2
DA:22,2
DA:23,2
DA:24,2
DA:25,2
DA:26,2
DA:27,2
DA:28,2
DA:29,2
DA:30,2
DA:31,2
DA:32,2
DA:33,2
DA:34,2
DA:35,2
DA:36,2
DA:37,2
DA:38,2
DA:39,2
DA:40,2
DA:41,2
DA:42,2
DA:43,2
DA:44,2
DA:45,2
DA:46,2
DA:47,2
DA:48,2
DA:49,2
DA:50,2
DA:51,2
DA:52,2
DA:53,2
DA:54,2
DA:55,2
DA:56,2
DA:57,2
DA:58,2
DA:59,2
LF:59
LH:59
BRDA:19,0,0,2
BRDA:21,1,0,0
BRDA:30,2,0,0
BRDA:31,3,0,0
BRDA:51,4,0,0
BRF:5
BRH:1
end_of_record
TN:
SF:libs/platform-settings/src/ContributionEditor/steps/ContributionIcon.tsx
FN:23,ContributionIcon
FNF:1
FNH:1
FNDA:2,ContributionIcon
DA:1,1
DA:2,1
DA:3,1
DA:4,1
DA:5,1
DA:6,1
DA:7,1
DA:8,1
DA:9,1
DA:10,1
DA:11,1
DA:12,1
DA:13,1
DA:14,1
DA:15,1
DA:16,1
DA:17,1
DA:18,1
DA:19,1
DA:20,1
DA:21,1
DA:22,1
DA:23,1
DA:24,2
DA:25,2
DA:26,2
DA:27,2
DA:28,2
DA:29,2
DA:30,2
DA:31,2
DA:32,2
DA:33,2
DA:34,2
DA:35,2
DA:36,2
DA:37,2
DA:38,2
DA:39,2
DA:40,2
DA:41,2
DA:42,2
DA:43,2
DA:44,2
DA:45,2
DA:46,2
DA:47,2
DA:48,2
DA:49,2
DA:50,2
DA:51,2
DA:52,2
DA:53,2
DA:54,2
DA:55,2
DA:56,2
DA:57,2
DA:58,2
DA:59,2
DA:60,2
DA:61,2
DA:62,2
DA:63,2
DA:64,2
DA:65,2
DA:66,2
DA:67,2
LF:67
LH:67
BRDA:23,0,0,2
BRDA:47,1,0,0
BRDA:58,2,0,0
BRDA:60,3,0,0
BRF:4
BRH:1
end_of_record
TN:
SF:libs/platform-settings/src/ContributionEditor/steps/EndpointStep/ActionNameField.tsx
FN:13,ActionNameField
FNF:1
FNH:1
FNDA:1,ActionNameField
DA:1,1
DA:2,1
DA:3,1
DA:4,1
DA:5,1
DA:6,1
DA:7,1
DA:8,1
DA:9,1
DA:10,1
DA:11,1
DA:12,1
DA:13,1
DA:14,1
DA:15,1
DA:16,1
DA:17,1
DA:18,1
DA:19,1
DA:20,1
DA:21,0
DA:22,0
DA:23,0
DA:24,1
DA:25,1
DA:26,1
DA:27,1
DA:28,1
DA:29,1
DA:30,1
DA:31,1
DA:32,1
DA:33,1
DA:34,1
DA:35,1
DA:36,1
DA:37,1
DA:38,1
DA:39,1
LF:39
LH:36
BRDA:13,0,0,1
BRDA:20,1,0,0
BRDA:31,2,0,0
BRDA:32,3,0,0
BRDA:33,4,0,0
BRF:5
BRH:1
end_of_record
TN:
SF:libs/platform-settings/src/ContributionEditor/steps/EndpointStep/ApiButtonField.tsx
FN:21,ApiButtonField
FN:78,TestConnection
FNF:2
FNH:2
FNDA:6,ApiButtonField
FNDA:3,TestConnection
DA:1,1
DA:2,1
DA:3,1
DA:4,1
DA:5,1
DA:6,1
DA:7,1
DA:8,1
DA:9,1
DA:10,1
DA:11,1
DA:12,1
DA:13,1
DA:14,1
DA:15,1
DA:16,1
DA:17,1
DA:18,1
DA:19,1
DA:20,1
DA:21,1
DA:22,6
DA:23,6
DA:24,6
DA:25,6
DA:26,6
DA:27,6
DA:28,6
DA:29,6
DA:30,6
DA:31,6
DA:32,6
DA:33,6
DA:34,4
DA:35,2
DA:36,6
DA:37,2
DA:38,2
DA:39,2
DA:40,2
DA:41,2
DA:42,2
DA:43,2
DA:44,2
DA:45,2
DA:46,2
DA:47,3
DA:48,3
DA:49,3
DA:50,1
DA:51,1
DA:52,1
DA:53,1
DA:54,1
DA:55,1
DA:56,1
DA:57,1
DA:58,1
DA:59,1
DA:60,1
DA:61,1
DA:62,1
DA:63,3
DA:64,3
DA:65,3
DA:66,1
DA:67,1
DA:68,1
DA:69,1
DA:70,1
DA:71,1
DA:72,1
DA:73,1
DA:74,1
DA:75,1
DA:76,1
DA:77,1
DA:78,1
DA:79,3
DA:80,3
DA:81,3
DA:82,3
DA:83,3
DA:84,3
DA:85,3
DA:86,3
DA:87,3
DA:88,3
DA:89,3
DA:90,3
DA:91,3
DA:92,1
DA:93,1
DA:94,3
DA:95,3
DA:96,2
DA:97,2
DA:98,2
DA:99,2
DA:100,2
DA:101,2
DA:102,2
DA:103,2
DA:104,2
DA:105,2
DA:106,2
DA:107,2
DA:108,2
DA:109,2
DA:110,2
DA:111,2
DA:112,2
DA:113,2
DA:114,2
DA:115,2
DA:116,3
DA:117,3
DA:118,3
DA:119,3
DA:120,3
DA:121,3
DA:122,3
DA:123,3
DA:124,3
DA:125,3
DA:126,3
DA:127,3
DA:128,3
DA:129,3
DA:130,3
DA:131,3
DA:132,3
DA:133,3
DA:134,3
DA:135,3
LF:135
LH:135
BRDA:21,0,0,6
BRDA:25,1,0,5
BRDA:25,2,0,3
BRDA:25,3,0,2
BRDA:25,4,0,0
BRDA:25,5,0,0
BRDA:25,6,0,3
BRDA:26,7,0,0
BRDA:33,8,0,4
BRDA:34,9,0,2
BRDA:36,10,0,2
BRDA:46,11,0,3
BRDA:62,12,0,3
BRDA:78,13,0,3
BRDA:91,14,0,1
BRDA:92,15,0,1
BRDA:123,16,0,2
BRDA:95,17,0,2
BRDA:113,18,0,0
BRF:19
BRH:15
end_of_record
TN:
SF:libs/platform-settings/src/ContributionEditor/steps/EndpointStep/CheckboxEndpoint.tsx
FN:14,CheckboxEndpoint
FN:28,onChange
FNF:2
FNH:1
FNDA:5,CheckboxEndpoint
FNDA:0,onChange
DA:1,1
DA:2,1
DA:3,1
DA:4,1
DA:5,1
DA:6,1
DA:7,1
DA:8,1
DA:9,1
DA:10,1
DA:11,1
DA:12,1
DA:13,1
DA:14,1
DA:15,5
DA:16,5
DA:17,5
DA:18,5
DA:19,5
DA:20,5
DA:21,5
DA:22,5
DA:23,5
DA:24,5
DA:25,5
DA:26,5
DA:27,5
DA:28,5
DA:29,0
DA:30,0
DA:31,0
DA:32,5
DA:33,5
DA:34,5
DA:35,5
DA:36,5
DA:37,5
DA:38,5
LF:38
LH:35
BRDA:14,0,0,5
BRDA:25,1,0,2
BRDA:25,2,0,2
BRDA:25,3,0,3
BRF:4
BRH:4
end_of_record
TN:
SF:libs/platform-settings/src/ContributionEditor/steps/EndpointStep/CodeEditorField.tsx
FN:16,CodeEditorField
FNF:1
FNH:1
FNDA:5,CodeEditorField
DA:1,1
DA:2,1
DA:3,1
DA:4,1
DA:5,1
DA:6,1
DA:7,1
DA:8,1
DA:9,1
DA:10,1
DA:11,1
DA:12,1
DA:13,1
DA:14,1
DA:15,1
DA:16,1
DA:17,5
DA:18,5
DA:19,5
DA:20,5
DA:21,5
DA:22,5
DA:23,5
DA:24,5
DA:25,3
DA:26,5
DA:27,5
DA:28,5
DA:29,5
DA:30,5
DA:31,5
DA:32,5
DA:33,5
DA:34,5
DA:35,5
DA:36,5
DA:37,5
DA:38,5
DA:39,5
DA:40,5
DA:41,5
DA:42,5
LF:42
LH:42
BRDA:16,0,0,5
BRDA:17,1,0,0
BRDA:18,2,0,0
BRDA:34,3,0,2
BRDA:34,4,0,3
BRDA:24,5,0,3
BRF:6
BRH:4
end_of_record
TN:
SF:libs/platform-settings/src/ContributionEditor/steps/EndpointStep/DateEndpointField.tsx
FN:10,DateEndpointField
FNF:1
FNH:1
FNDA:2,DateEndpointField
DA:1,1
DA:2,1
DA:3,1
DA:4,1
DA:5,1
DA:6,1
DA:7,1
DA:8,1
DA:9,1
DA:10,1
DA:11,2
DA:12,2
DA:13,2
DA:14,2
DA:15,2
DA:16,2
DA:17,2
DA:18,2
DA:19,2
DA:20,2
DA:21,2
DA:22,2
DA:23,1
DA:24,1
LF:24
LH:24
BRDA:10,0,0,2
BRDA:10,1,0,0
BRDA:17,2,0,1
BRDA:17,3,0,1
BRF:4
BRH:3
end_of_record
TN:
SF:libs/platform-settings/src/ContributionEditor/steps/EndpointStep/DateTimeEndpointField.tsx
FN:10,DateTimeEndpointField
FNF:1
FNH:1
FNDA:1,DateTimeEndpointField
DA:1,1
DA:2,1
DA:3,1
DA:4,1
DA:5,1
DA:6,1
DA:7,1
DA:8,1
DA:9,1
DA:10,1
DA:11,1
DA:12,1
DA:13,1
DA:14,1
DA:15,1
DA:16,1
DA:17,1
DA:18,1
DA:19,1
DA:20,1
DA:21,1
DA:22,1
DA:23,1
DA:24,1
LF:24
LH:24
BRDA:10,0,0,1
BRDA:10,1,0,0
BRDA:17,2,0,0
BRF:3
BRH:1
end_of_record
TN:
SF:libs/platform-settings/src/ContributionEditor/steps/EndpointStep/DockerField.tsx
FN:12,DockerField
FN:16,removeDockerPrefix
FNF:2
FNH:2
FNDA:1,DockerField
FNDA:1,removeDockerPrefix
DA:1,1
DA:2,1
DA:3,1
DA:4,1
DA:5,1
DA:6,1
DA:7,1
DA:8,1
DA:9,1
DA:10,1
DA:11,1
DA:12,1
DA:13,1
DA:14,1
DA:15,1
DA:16,1
DA:17,1
DA:18,1
DA:19,1
DA:20,0
DA:21,0
DA:22,1
DA:23,1
DA:24,0
DA:25,0
DA:26,0
DA:27,1
DA:28,1
DA:29,1
DA:30,1
DA:31,1
DA:32,1
DA:33,1
DA:34,1
DA:35,1
DA:36,1
DA:37,1
DA:38,1
DA:39,1
DA:40,1
DA:41,1
DA:42,1
DA:43,1
DA:44,1
DA:45,1
LF:45
LH:40
BRDA:12,0,0,1
BRDA:34,1,0,0
BRDA:35,2,0,0
BRDA:16,3,0,1
BRDA:19,4,0,0
BRF:5
BRH:2
end_of_record
TN:
SF:libs/platform-settings/src/ContributionEditor/steps/EndpointStep/EndpointField.tsx
FN:26,EndpointField
FNF:1
FNH:1
FNDA:35,EndpointField
DA:1,1
DA:2,1
DA:3,1
DA:4,1
DA:5,1
DA:6,1
DA:7,1
DA:8,1
DA:9,1
DA:10,1
DA:11,1
DA:12,1
DA:13,1
DA:14,1
DA:15,1
DA:16,1
DA:17,1
DA:18,1
DA:19,1
DA:20,1
DA:21,1
DA:22,1
DA:23,1
DA:24,1
DA:25,1
DA:26,1
DA:27,35
DA:28,35
DA:29,35
DA:30,35
DA:31,35
DA:32,35
DA:33,35
DA:34,35
DA:35,35
DA:36,35
DA:37,35
DA:38,35
DA:39,35
DA:40,35
DA:41,1
DA:42,1
DA:43,33
DA:44,33
DA:45,33
DA:46,33
DA:47,33
DA:48,33
DA:49,33
DA:50,35
DA:51,35
DA:52,35
DA:53,35
DA:54,35
DA:55,35
DA:56,35
DA:57,35
DA:58,35
DA:59,35
DA:60,35
DA:61,35
DA:62,35
DA:63,35
DA:64,35
DA:65,0
DA:66,0
DA:67,0
DA:68,0
DA:69,0
DA:70,0
DA:71,0
DA:72,35
DA:73,35
DA:74,35
DA:75,35
DA:76,35
DA:77,35
DA:78,35
DA:79,35
DA:80,35
DA:81,35
DA:82,35
DA:83,35
DA:84,35
DA:85,35
DA:86,35
DA:87,35
DA:88,35
DA:89,35
DA:90,35
DA:91,35
DA:92,35
DA:93,35
DA:94,35
DA:95,35
DA:96,35
DA:97,35
DA:98,35
DA:99,35
DA:100,35
DA:101,35
DA:102,35
DA:103,35
DA:104,35
DA:105,35
DA:106,35
DA:107,35
DA:108,35
DA:109,35
DA:110,35
DA:111,35
DA:112,35
DA:113,35
DA:114,35
DA:115,35
DA:116,35
DA:117,35
DA:118,35
DA:119,35
DA:120,35
DA:121,35
DA:122,35
DA:123,35
DA:124,35
DA:125,35
DA:126,35
DA:127,35
DA:128,35
DA:129,35
DA:130,35
DA:131,35
DA:132,35
DA:133,35
DA:134,35
DA:135,35
DA:136,35
DA:137,35
DA:138,35
DA:139,35
LF:139
LH:132
BRDA:26,0,0,35
BRDA:30,1,0,5
BRDA:30,2,0,29
BRDA:31,3,0,5
BRDA:31,4,0,29
BRDA:32,5,0,5
BRDA:32,6,0,29
BRDA:33,7,0,5
BRDA:33,8,0,29
BRDA:34,9,0,5
BRDA:34,10,0,29
BRDA:40,11,0,34
BRDA:40,12,0,1
BRDA:42,13,0,33
BRDA:50,14,0,15
BRDA:50,15,0,18
BRDA:61,16,0,0
BRDA:64,17,0,0
BRDA:105,18,0,0
BRF:19
BRH:16
end_of_record
TN:
SF:libs/platform-settings/src/ContributionEditor/steps/EndpointStep/EnumEndpointField.tsx
FN:11,EnumEndpointField
FNF:1
FNH:1
FNDA:3,EnumEndpointField
DA:1,1
DA:2,1
DA:3,1
DA:4,1
DA:5,1
DA:6,1
DA:7,1
DA:8,1
DA:9,1
DA:10,1
DA:11,1
DA:12,3
DA:13,3
DA:14,3
DA:15,3
DA:16,3
DA:17,3
DA:18,3
DA:19,3
DA:20,3
DA:21,3
DA:22,3
DA:23,3
DA:24,1
DA:25,1
LF:25
LH:25
BRDA:11,0,0,3
BRDA:11,1,0,0
BRDA:11,2,0,2
BRF:3
BRH:2
end_of_record
TN:
SF:libs/platform-settings/src/ContributionEditor/steps/EndpointStep/GitHubAppRedirectField.tsx
FN:25,GitHubAppRedirectField
FNF:1
FNH:1
FNDA:1,GitHubAppRedirectField
DA:1,1
DA:2,1
DA:3,1
DA:4,1
DA:5,1
DA:6,1
DA:7,1
DA:8,1
DA:9,1
DA:10,1
DA:11,1
DA:12,1
DA:13,1
DA:14,1
DA:15,1
DA:16,1
DA:17,1
DA:18,1
DA:19,1
DA:20,1
DA:21,1
DA:22,1
DA:23,1
DA:24,1
DA:25,1
DA:26,1
DA:27,1
DA:28,1
DA:29,1
DA:30,1
DA:31,1
DA:32,1
DA:33,1
DA:34,1
DA:35,1
DA:36,1
DA:37,0
DA:38,0
DA:39,0
DA:40,0
DA:41,0
DA:42,0
DA:43,0
DA:44,0
DA:45,0
DA:46,1
DA:47,1
DA:48,1
DA:49,1
DA:50,1
DA:51,1
DA:52,0
DA:53,0
DA:54,0
DA:55,0
DA:56,0
DA:57,0
DA:58,0
DA:59,0
DA:60,0
DA:61,0
DA:62,0
DA:63,0
DA:64,0
DA:65,0
DA:66,0
DA:67,0
DA:68,0
DA:69,0
DA:70,0
DA:71,0
DA:72,0
DA:73,0
DA:74,0
DA:75,0
DA:76,0
DA:77,0
DA:78,0
DA:79,0
DA:80,0
DA:81,0
DA:82,0
DA:83,0
DA:84,0
DA:85,0
DA:86,0
DA:87,0
DA:88,0
DA:89,0
DA:90,1
DA:91,1
DA:92,1
DA:93,1
DA:94,1
DA:95,1
DA:96,1
DA:97,1
DA:98,1
DA:99,1
DA:100,1
DA:101,1
DA:102,1
DA:103,1
LF:103
LH:56
BRDA:25,0,0,1
BRDA:36,1,0,0
BRF:2
BRH:1
end_of_record
TN:
SF:libs/platform-settings/src/ContributionEditor/steps/EndpointStep/PrivatePluginInstallation.tsx
FN:10,PrivatePluginInstallation
FNF:1
FNH:0
FNDA:0,PrivatePluginInstallation
DA:1,1
DA:2,1
DA:3,1
DA:4,1
DA:5,1
DA:6,1
DA:7,1
DA:8,1
DA:9,1
DA:10,1
DA:11,0
DA:12,0
DA:13,0
DA:14,0
DA:15,0
DA:16,0
DA:17,0
DA:18,0
DA:19,0
DA:20,0
DA:21,0
DA:22,0
DA:23,0
DA:24,0
DA:25,0
DA:26,0
DA:27,0
DA:28,0
DA:29,0
DA:30,0
LF:30
LH:10
BRF:0
BRH:0
end_of_record
TN:
SF:libs/platform-settings/src/ContributionEditor/steps/EndpointStep/SelectEndpoint.tsx
FN:14,SelectEndpoint
FN:36,onChange
FNF:2
FNH:1
FNDA:3,SelectEndpoint
FNDA:0,onChange
DA:1,1
DA:2,1
DA:3,1
DA:4,1
DA:5,1
DA:6,1
DA:7,1
DA:8,1
DA:9,1
DA:10,1
DA:11,1
DA:12,1
DA:13,1
DA:14,1
DA:15,3
DA:16,3
DA:17,3
DA:18,3
DA:19,2
DA:20,2
DA:21,3
DA:22,0
DA:23,0
DA:24,0
DA:25,0
DA:26,0
DA:27,3
DA:28,3
DA:29,3
DA:30,3
DA:31,3
DA:32,3
DA:33,3
DA:34,3
DA:35,3
DA:36,3
DA:37,0
DA:38,0
DA:39,0
DA:40,0
DA:41,3
DA:42,3
DA:43,3
DA:44,3
DA:45,3
DA:46,3
DA:47,3
DA:48,3
DA:49,3
DA:50,3
DA:51,3
DA:52,3
DA:53,3
DA:54,3
DA:55,3
DA:56,3
DA:57,3
DA:58,3
LF:58
LH:49
BRDA:14,0,0,3
BRDA:18,1,0,2
BRDA:21,2,0,0
BRDA:34,3,0,0
BRF:4
BRH:2
end_of_record
TN:
SF:libs/platform-settings/src/ContributionEditor/steps/EndpointStep/TestConnectionField.tsx
FN:1,(empty-report)
FNF:1
FNH:0
FNDA:0,(empty-report)
DA:1,0
DA:2,0
DA:3,0
DA:4,0
DA:5,0
DA:6,0
DA:7,0
DA:8,0
DA:9,0
DA:10,0
DA:11,0
DA:12,0
DA:13,0
DA:14,0
DA:15,0
DA:16,0
DA:17,0
DA:18,0
DA:19,0
DA:20,0
DA:21,0
DA:22,0
DA:23,0
DA:24,0
DA:25,0
DA:26,0
DA:27,0
DA:28,0
DA:29,0
DA:30,0
DA:31,0
DA:32,0
DA:33,0
DA:34,0
DA:35,0
DA:36,0
DA:37,0
DA:38,0
DA:39,0
DA:40,0
DA:41,0
DA:42,0
DA:43,0
DA:44,0
DA:45,0
DA:46,0
DA:47,0
DA:48,0
DA:49,0
DA:50,0
DA:51,0
DA:52,0
DA:53,0
DA:54,0
DA:55,0
DA:56,0
DA:57,0
DA:58,0
LF:58
LH:0
BRDA:1,0,0,0
BRF:1
BRH:0
end_of_record
TN:
SF:libs/platform-settings/src/ContributionEditor/steps/EndpointStep/TimeEndpointField.tsx
FN:10,TimeEndpointField
FNF:1
FNH:1
FNDA:1,TimeEndpointField
DA:1,1
DA:2,1
DA:3,1
DA:4,1
DA:5,1
DA:6,1
DA:7,1
DA:8,1
DA:9,1
DA:10,1
DA:11,1
DA:12,1
DA:13,1
DA:14,1
DA:15,1
DA:16,1
DA:17,1
DA:18,1
DA:19,1
DA:20,1
DA:21,1
DA:22,1
DA:23,1
DA:24,1
LF:24
LH:24
BRDA:10,0,0,1
BRDA:10,1,0,0
BRDA:17,2,0,0
BRF:3
BRH:1
end_of_record
TN:
SF:libs/platform-settings/src/ContributionEditor/steps/EndpointStep/generateEndpointProperties.ts
FN:12,generateEndpointProperties
FNF:1
FNH:1
FNDA:2,generateEndpointProperties
DA:1,1
DA:2,1
DA:3,1
DA:4,1
DA:5,1
DA:6,1
DA:7,1
DA:8,1
DA:9,1
DA:10,1
DA:11,1
DA:12,1
DA:13,2
DA:14,2
DA:15,2
DA:16,2
DA:17,2
DA:18,2
DA:19,1
DA:20,1
DA:21,1
DA:22,1
DA:23,1
DA:24,1
DA:25,2
DA:26,1
DA:27,1
DA:28,2
DA:29,2
DA:30,2
DA:31,2
DA:32,2
DA:33,10
DA:34,10
DA:35,10
DA:36,10
DA:37,10
DA:38,10
DA:39,10
DA:40,4
DA:41,4
DA:42,10
DA:43,10
DA:44,10
DA:45,10
DA:46,10
DA:47,10
DA:48,2
DA:49,2
DA:50,2
LF:50
LH:50
BRDA:12,0,0,2
BRDA:17,1,0,11
BRDA:17,2,0,0
BRDA:18,3,0,1
BRDA:25,4,0,1
BRDA:31,5,0,11
BRDA:31,6,0,0
BRDA:32,7,0,10
BRDA:42,8,0,1
BRDA:42,9,0,9
BRDA:43,10,0,1
BRDA:43,11,0,9
BRDA:45,12,0,2
BRDA:45,13,0,8
BRDA:46,14,0,2
BRDA:46,15,0,8
BRDA:34,16,0,10
BRDA:37,17,0,2
BRDA:37,18,0,8
BRDA:39,19,0,8
BRDA:39,20,0,6
BRDA:39,21,0,4
BRDA:45,22,0,48
BRDA:46,23,0,48
BRF:24
BRH:22
end_of_record
TN:
SF:libs/platform-settings/src/ContributionEditor/steps/EndpointStep/KeyValueFields/KeyValueFields.tsx
FN:36,Row
FN:63,createId
FN:104,KeyValueFields
FN:126,onRowAdd
FNF:4
FNH:4
FNDA:261,Row
FNDA:1025,createId
FNDA:89,KeyValueFields
FNDA:1,onRowAdd
DA:1,1
DA:2,1
DA:3,1
DA:4,1
DA:5,1
DA:6,1
DA:7,1
DA:8,1
DA:9,1
DA:10,1
DA:11,1
DA:12,1
DA:13,1
DA:14,1
DA:15,1
DA:16,1
DA:17,1
DA:18,1
DA:19,1
DA:20,1
DA:21,1
DA:22,1
DA:23,1
DA:24,1
DA:25,1
DA:26,1
DA:27,1
DA:28,1
DA:29,1
DA:30,1
DA:31,1
DA:32,1
DA:33,1
DA:34,1
DA:35,1
DA:36,1
DA:37,261
DA:38,261
DA:39,261
DA:40,261
DA:41,261
DA:42,261
DA:43,261
DA:44,261
DA:45,261
DA:46,261
DA:47,261
DA:48,259
DA:49,11
DA:50,11
DA:51,11
DA:52,11
DA:53,11
DA:54,248
DA:55,248
DA:56,248
DA:57,248
DA:58,248
DA:59,259
DA:60,259
DA:61,259
DA:62,261
DA:63,261
DA:64,1025
DA:65,1025
DA:66,1025
DA:67,1025
DA:68,1025
DA:69,1025
DA:70,1025
DA:71,1025
DA:72,261
DA:73,261
DA:74,261
DA:75,261
DA:76,261
DA:77,261
DA:78,261
DA:79,261
DA:80,261
DA:81,261
DA:82,261
DA:83,261
DA:84,261
DA:85,261
DA:86,261
DA:87,261
DA:88,261
DA:89,261
DA:90,261
DA:91,261
DA:92,261
DA:93,261
DA:94,261
DA:95,261
DA:96,261
DA:97,261
DA:98,261
DA:99,261
DA:100,261
DA:101,261
DA:102,261
DA:103,1
DA:104,1
DA:105,89
DA:106,89
DA:107,89
DA:108,89
DA:109,89
DA:110,89
DA:111,89
DA:112,89
DA:113,89
DA:114,89
DA:115,89
DA:116,89
DA:117,89
DA:118,89
DA:119,89
DA:120,89
DA:121,89
DA:122,89
DA:123,89
DA:124,89
DA:125,89
DA:126,89
DA:127,1
DA:128,1
DA:129,1
DA:130,1
DA:131,1
DA:132,1
DA:133,1
DA:134,1
DA:135,1
DA:136,1
DA:137,1
DA:138,89
DA:139,89
DA:140,89
DA:141,89
DA:142,89
DA:143,89
DA:144,89
DA:145,89
DA:146,89
LF:146
LH:146
BRDA:36,0,0,261
BRDA:36,1,0,0
BRDA:36,2,0,259
BRDA:36,3,0,0
BRDA:36,4,0,259
BRDA:88,5,0,3
BRDA:88,6,0,256
BRDA:47,7,0,259
BRDA:48,8,0,0
BRDA:48,9,0,248
BRDA:48,10,0,11
BRDA:53,11,0,248
BRDA:58,12,0,247
BRDA:58,13,0,203
BRDA:58,14,0,44
BRDA:63,15,0,1025
BRDA:77,16,0,87
BRDA:77,17,0,172
BRDA:104,18,0,89
BRDA:106,19,0,87
BRDA:106,20,0,0
BRDA:107,21,0,1
BRDA:107,22,0,86
BRDA:119,23,0,0
BRDA:139,24,0,0
BRDA:126,25,0,1
BRDA:127,26,0,1
BRF:27
BRH:21
end_of_record
TN:
SF:libs/platform-settings/src/ContributionEditor/steps/EndpointStep/PrivatePluginAccessKey/AsyncTextField.tsx
FN:8,AsyncTextField
FNF:1
FNH:1
FNDA:6,AsyncTextField
DA:1,1
DA:2,1
DA:3,1
DA:4,1
DA:5,1
DA:6,1
DA:7,1
DA:8,1
DA:9,6
DA:10,6
DA:11,6
DA:12,6
DA:13,6
DA:14,6
DA:15,6
DA:16,6
DA:17,6
DA:18,6
DA:19,6
DA:20,6
DA:21,6
DA:22,6
DA:23,6
DA:24,6
DA:25,1
LF:25
LH:25
BRDA:8,0,0,6
BRF:1
BRH:1
end_of_record
TN:
SF:libs/platform-settings/src/ContributionEditor/steps/EndpointStep/PrivatePluginAccessKey/PrivatePluginAccessKey.tsx
FN:20,PrivatePluginAccessKey
FN:51,handleFocus
FN:55,handlePreviousTextFlash
FN:72,regenerate
FNF:4
FNH:3
FNDA:7,PrivatePluginAccessKey
FNDA:0,handleFocus
FNDA:1,handlePreviousTextFlash
FNDA:1,regenerate
DA:1,1
DA:2,1
DA:3,1
DA:4,1
DA:5,1
DA:6,1
DA:7,1
DA:8,1
DA:9,1
DA:10,1
DA:11,1
DA:12,1
DA:13,1
DA:14,1
DA:15,1
DA:16,1
DA:17,1
DA:18,1
DA:19,1
DA:20,1
DA:21,7
DA:22,7
DA:23,7
DA:24,7
DA:25,7
DA:26,7
DA:27,7
DA:28,7
DA:29,7
DA:30,7
DA:31,7
DA:32,7
DA:33,7
DA:34,7
DA:35,7
DA:36,7
DA:37,7
DA:38,7
DA:39,7
DA:40,7
DA:41,4
DA:42,4
DA:43,7
DA:44,7
DA:45,7
DA:46,7
DA:47,7
DA:48,7
DA:49,7
DA:50,7
DA:51,7
DA:52,0
DA:53,0
DA:54,7
DA:55,7
DA:56,1
DA:57,0
DA:58,0
DA:59,1
DA:60,1
DA:61,7
DA:62,7
DA:63,1
DA:64,1
DA:65,1
DA:66,1
DA:67,1
DA:68,1
DA:69,1
DA:70,1
DA:71,7
DA:72,7
DA:73,1
DA:74,1
DA:75,1
DA:76,1
DA:77,7
DA:78,7
DA:79,5
DA:80,5
DA:81,5
DA:82,5
DA:83,7
DA:84,7
DA:85,7
DA:86,7
DA:87,7
DA:88,7
DA:89,7
DA:90,7
DA:91,7
DA:92,7
DA:93,7
DA:94,7
DA:95,7
DA:96,7
DA:97,7
DA:98,7
DA:99,7
DA:100,7
DA:101,7
DA:102,7
DA:103,7
DA:104,7
DA:105,7
DA:106,7
DA:107,7
DA:108,7
DA:109,7
DA:110,7
DA:111,7
DA:112,7
DA:113,7
DA:114,7
DA:115,7
DA:116,7
DA:117,7
DA:118,7
DA:119,7
DA:120,7
DA:121,7
DA:122,7
LF:122
LH:118
BRDA:20,0,0,7
BRDA:37,1,0,6
BRDA:37,2,0,0
BRDA:37,3,0,6
BRDA:38,4,0,6
BRDA:38,5,0,0
BRDA:38,6,0,6
BRDA:78,7,0,1
BRDA:78,8,0,5
BRDA:90,9,0,5
BRDA:90,10,0,2
BRDA:90,11,0,5
BRDA:107,12,0,1
BRDA:107,13,0,4
BRDA:116,14,0,5
BRDA:116,15,0,0
BRDA:40,16,0,4
BRDA:55,17,0,1
BRDA:62,18,0,1
BRDA:64,19,0,0
BRDA:72,20,0,1
BRF:21
BRH:17
end_of_record
TN:
SF:libs/platform-settings/src/ContributionEditor/steps/EndpointStep/PrivatePluginAccessKey/RegenerateCodeButton.tsx
FN:26,RegenerateCodeButton
FNF:1
FNH:1
FNDA:3,RegenerateCodeButton
DA:1,1
DA:2,1
DA:3,1
DA:4,1
DA:5,1
DA:6,1
DA:7,1
DA:8,1
DA:9,1
DA:10,1
DA:11,1
DA:12,1
DA:13,1
DA:14,1
DA:15,1
DA:16,1
DA:17,1
DA:18,1
DA:19,1
DA:20,1
DA:21,1
DA:22,1
DA:23,1
DA:24,1
DA:25,1
DA:26,1
DA:27,3
DA:28,3
DA:29,3
DA:30,3
DA:31,3
DA:32,3
DA:33,3
DA:34,3
DA:35,3
DA:36,3
DA:37,3
DA:38,3
DA:39,3
DA:40,3
DA:41,3
DA:42,3
DA:43,3
DA:44,3
DA:45,3
LF:45
LH:45
BRDA:14,0,0,0
BRDA:26,1,0,3
BRDA:36,2,0,1
BRDA:36,3,0,1
BRF:4
BRH:3
end_of_record
TN:
SF:libs/platform-settings/src/ContributionEditor/steps/EndpointStep/util/mapCustomProperties/mapCustomProperties.ts
FN:5,mapCustomProperties
FNF:1
FNH:1
FNDA:1,mapCustomProperties
DA:1,1
DA:2,1
DA:3,1
DA:4,1
DA:5,1
DA:6,1
DA:7,1
DA:8,1
DA:9,1
DA:10,3
DA:11,3
DA:12,3
DA:13,3
DA:14,3
DA:15,3
DA:16,3
DA:17,1
DA:18,1
DA:19,1
DA:20,1
DA:21,1
DA:22,2
DA:23,2
DA:24,2
DA:25,2
DA:26,2
DA:27,2
DA:28,2
DA:29,2
DA:30,2
DA:31,1
DA:32,1
DA:33,1
DA:34,1
DA:35,1
DA:36,1
LF:36
LH:36
BRDA:5,0,0,1
BRDA:7,1,0,4
BRDA:7,2,0,0
BRDA:8,3,0,1
BRDA:9,4,0,3
BRDA:16,5,0,1
BRDA:21,6,0,2
BRDA:32,7,0,1
BRF:8
BRH:7
end_of_record
TN:
SF:libs/platform-settings/src/ContributionEditor/steps/EndpointStep/util/mapNotificationProperties/mapNotificationProperties.ts
FN:8,mapNotificationProperties
FNF:1
FNH:1
FNDA:5,mapNotificationProperties
DA:1,1
DA:2,1
DA:3,1
DA:4,1
DA:5,1
DA:6,1
DA:7,1
DA:8,1
DA:9,5
DA:10,5
DA:11,5
DA:12,5
DA:13,5
DA:14,5
DA:15,5
DA:16,9
DA:17,9
DA:18,5
DA:19,4
DA:20,4
DA:21,4
DA:22,4
DA:23,2
DA:24,2
DA:25,2
DA:26,2
DA:27,2
DA:28,4
DA:29,1
DA:30,1
DA:31,1
DA:32,1
DA:33,1
DA:34,1
DA:35,1
DA:36,5
DA:37,5
DA:38,5
DA:39,5
DA:40,5
DA:41,5
DA:42,2
DA:43,2
DA:44,2
DA:45,2
DA:46,2
DA:47,5
DA:48,5
DA:49,5
DA:50,5
DA:51,3
DA:52,2
DA:53,2
DA:54,2
DA:55,2
DA:56,2
DA:57,3
DA:58,5
DA:59,5
DA:60,5
LF:60
LH:60
BRDA:8,0,0,5
BRDA:41,1,0,2
BRDA:44,2,0,1
BRDA:44,3,0,1
BRDA:49,4,0,0
BRDA:50,5,0,3
BRDA:51,6,0,2
BRDA:54,7,0,1
BRDA:54,8,0,1
BRDA:15,9,0,9
BRDA:16,10,0,6
BRDA:18,11,0,4
BRDA:22,12,0,3
BRDA:22,13,0,2
BRDA:28,14,0,1
BRDA:31,15,0,0
BRDA:41,16,0,3
BRDA:49,17,0,5
BRDA:51,18,0,4
BRF:19
BRH:17
end_of_record
TN:
SF:libs/platform-settings/src/ContributionEditor/steps/EndpointStep/util/mapProperties/mapProperties.ts
FN:5,mapProperties
FNF:1
FNH:1
FNDA:1,mapProperties
DA:1,1
DA:2,1
DA:3,1
DA:4,1
DA:5,1
DA:6,1
DA:7,1
DA:8,1
DA:9,1
DA:10,1
DA:11,1
DA:12,3
DA:13,3
DA:14,3
DA:15,3
DA:16,3
DA:17,3
DA:18,3
DA:19,3
DA:20,3
DA:21,1
DA:22,1
DA:23,3
DA:24,3
DA:25,3
DA:26,3
DA:27,3
DA:28,3
DA:29,3
DA:30,3
DA:31,0
DA:32,0
DA:33,0
DA:34,0
DA:35,0
DA:36,3
DA:37,3
DA:38,3
DA:39,1
LF:39
LH:34
BRDA:5,0,0,1
BRDA:10,1,0,4
BRDA:10,2,0,0
BRDA:11,3,0,3
BRDA:14,4,0,0
BRDA:23,5,0,0
BRDA:24,6,0,0
BRDA:26,7,0,0
BRDA:26,8,0,0
BRDA:27,9,0,0
BRDA:27,10,0,0
BRDA:30,11,0,0
BRDA:30,12,0,0
BRDA:30,13,0,0
BRDA:15,14,0,3
BRDA:16,15,0,0
BRDA:18,16,0,0
BRDA:20,17,0,2
BRDA:20,18,0,1
BRDA:26,19,0,7
BRDA:27,20,0,7
BRDA:30,21,0,7
BRF:22
BRH:9
end_of_record
TN:
SF:libs/platform-settings/src/ContributionZeroState/ContributionZeroState.tsx
FN:14,pluralize
FN:18,ContributionZeroState
FNF:2
FNH:1
FNDA:0,pluralize
FNDA:2,ContributionZeroState
DA:1,1
DA:2,1
DA:3,1
DA:4,1
DA:5,1
DA:6,1
DA:7,1
DA:8,1
DA:9,1
DA:10,1
DA:11,1
DA:12,1
DA:13,1
DA:14,1
DA:15,0
DA:16,0
DA:17,1
DA:18,1
DA:19,2
DA:20,2
DA:21,2
DA:22,2
DA:23,2
DA:24,2
DA:25,2
DA:26,2
DA:27,2
DA:28,2
DA:29,2
DA:30,2
DA:31,2
DA:32,2
DA:33,2
DA:34,2
DA:35,2
DA:36,0
DA:37,2
DA:38,2
DA:39,2
DA:40,2
DA:41,2
DA:42,2
DA:43,2
LF:43
LH:40
BRDA:18,0,0,2
BRDA:35,1,0,0
BRDA:38,2,0,0
BRF:3
BRH:1
end_of_record
TN:
SF:libs/platform-settings/src/Properties/PropertiesPage.tsx
FN:35,PropertiesPage
FN:207,onSuccess
FN:212,onError
FN:218,onSuccess
FN:260,deleteProp
FN:273,showDrawer
FN:300,onSubmit
FNF:7
FNH:6
FNDA:23,PropertiesPage
FNDA:3,onSuccess
FNDA:0,onError
FNDA:2,onSuccess
FNDA:1,deleteProp
FNDA:2,showDrawer
FNDA:2,onSubmit
DA:1,1
DA:2,1
DA:3,1
DA:4,1
DA:5,1
DA:6,1
DA:7,1
DA:8,1
DA:9,1
DA:10,1
DA:11,1
DA:12,1
DA:13,1
DA:14,1
DA:15,1
DA:16,1
DA:17,1
DA:18,1
DA:19,1
DA:20,1
DA:21,1
DA:22,1
DA:23,1
DA:24,1
DA:25,1
DA:26,1
DA:27,1
DA:28,1
DA:29,1
DA:30,1
DA:31,1
DA:32,1
DA:33,1
DA:34,1
DA:35,1
DA:36,23
DA:37,23
DA:38,23
DA:39,23
DA:40,23
DA:41,23
DA:42,23
DA:43,23
DA:44,23
DA:45,23
DA:46,14
DA:47,0
DA:48,0
DA:49,14
DA:50,14
DA:51,23
DA:52,23
DA:53,23
DA:54,23
DA:55,23
DA:56,23
DA:57,23
DA:58,23
DA:59,23
DA:60,23
DA:61,23
DA:62,23
DA:63,23
DA:64,23
DA:65,23
DA:66,22
DA:67,21
DA:68,21
DA:69,84
DA:70,84
DA:71,84
DA:72,84
DA:73,84
DA:74,84
DA:75,84
DA:76,84
DA:77,84
DA:78,84
DA:79,84
DA:80,84
DA:81,23
DA:82,23
DA:83,23
DA:84,84
DA:85,42
DA:86,42
DA:87,42
DA:88,168
DA:89,168
DA:90,42
DA:91,42
DA:92,42
DA:93,21
DA:94,23
DA:95,23
DA:96,23
DA:97,23
DA:98,23
DA:99,23
DA:100,23
DA:101,23
DA:102,1
DA:103,1
DA:104,1
DA:105,1
DA:106,23
DA:107,23
DA:108,23
DA:109,23
DA:110,23
DA:111,1
DA:112,1
DA:113,1
DA:114,1
DA:115,23
DA:116,23
DA:117,23
DA:118,23
DA:119,2
DA:120,2
DA:121,2
DA:122,2
DA:123,2
DA:124,23
DA:125,23
DA:126,23
DA:127,23
DA:128,1
DA:129,1
DA:130,1
DA:131,23
DA:132,23
DA:133,23
DA:134,23
DA:135,1
DA:136,1
DA:137,1
DA:138,1
DA:139,23
DA:140,23
DA:141,23
DA:142,23
DA:143,23
DA:144,23
DA:145,23
DA:146,22
DA:147,0
DA:148,0
DA:149,0
DA:150,0
DA:151,0
DA:152,0
DA:153,0
DA:154,0
DA:155,0
DA:156,0
DA:157,0
DA:158,0
DA:159,0
DA:160,0
DA:161,0
DA:162,0
DA:163,0
DA:164,0
DA:165,0
DA:166,0
DA:167,0
DA:168,0
DA:169,22
DA:170,22
DA:171,0
DA:172,0
DA:173,0
DA:174,0
DA:175,0
DA:176,0
DA:177,0
DA:178,0
DA:179,0
DA:180,0
DA:181,0
DA:182,0
DA:183,0
DA:184,0
DA:185,0
DA:186,0
DA:187,0
DA:188,0
DA:189,0
DA:190,0
DA:191,0
DA:192,0
DA:193,0
DA:194,0
DA:195,0
DA:196,0
DA:197,0
DA:198,0
DA:199,0
DA:200,0
DA:201,0
DA:202,22
DA:203,22
DA:204,22
DA:205,23
DA:206,23
DA:207,23
DA:208,3
DA:209,3
DA:210,3
DA:211,23
DA:212,23
DA:213,0
DA:214,0
DA:215,23
DA:216,23
DA:217,23
DA:218,23
DA:219,2
DA:220,2
DA:221,2
DA:222,2
DA:223,23
DA:224,23
DA:225,23
DA:226,23
DA:227,23
DA:228,23
DA:229,23
DA:230,23
DA:231,23
DA:232,23
DA:233,23
DA:234,23
DA:235,2
DA:236,1
DA:237,1
DA:238,1
DA:239,1
DA:240,1
DA:241,1
DA:242,1
DA:243,1
DA:244,1
DA:245,1
DA:246,1
DA:247,1
DA:248,1
DA:249,1
DA:250,1
DA:251,1
DA:252,1
DA:253,1
DA:254,1
DA:255,1
DA:256,1
DA:257,2
DA:258,2
DA:259,23
DA:260,23
DA:261,1
DA:262,1
DA:263,1
DA:264,23
DA:265,23
DA:266,1
DA:267,1
DA:268,21
DA:269,21
DA:270,21
DA:271,23
DA:272,23
DA:273,23
DA:274,2
DA:275,2
DA:276,2
DA:277,23
DA:278,23
DA:279,23
DA:280,23
DA:281,23
DA:282,21
DA:283,21
DA:284,21
DA:285,21
DA:286,21
DA:287,21
DA:288,23
DA:289,23
DA:290,23
DA:291,23
DA:292,23
DA:293,23
DA:294,23
DA:295,23
DA:296,23
DA:297,23
DA:298,23
DA:299,23
DA:300,23
DA:301,2
DA:302,2
DA:303,2
DA:304,2
DA:305,2
DA:306,23
DA:307,23
DA:308,23
DA:309,23
DA:310,23
DA:311,23
DA:312,23
DA:313,23
DA:314,23
DA:315,23
DA:316,23
DA:317,23
DA:318,23
DA:319,23
DA:320,23
DA:321,23
DA:322,23
DA:323,23
DA:324,23
LF:324
LH:267
BRDA:35,0,0,23
BRDA:51,1,0,22
BRDA:51,2,0,0
BRDA:51,3,0,22
BRDA:83,4,0,22
BRDA:83,5,0,1
BRDA:83,6,0,21
BRDA:217,7,0,22
BRDA:217,8,0,22
BRDA:217,9,0,0
BRDA:228,10,0,22
BRDA:228,11,0,22
BRDA:228,12,0,0
BRDA:229,13,0,22
BRDA:229,14,0,18
BRDA:229,15,0,4
BRDA:229,16,0,18
BRDA:265,17,0,1
BRDA:267,18,0,21
BRDA:271,19,0,21
BRDA:271,20,0,0
BRDA:281,21,0,21
BRDA:281,22,0,0
BRDA:281,23,0,21
BRDA:281,24,0,21
BRDA:316,25,0,21
BRDA:316,26,0,17
BRDA:316,27,0,4
BRDA:318,28,0,21
BRDA:318,29,0,17
BRDA:318,30,0,4
BRDA:45,31,0,14
BRDA:46,32,0,0
BRDA:50,33,0,0
BRDA:65,34,0,22
BRDA:66,35,0,1
BRDA:66,36,0,21
BRDA:67,37,0,84
BRDA:68,38,0,84
BRDA:74,39,0,42
BRDA:74,40,0,42
BRDA:75,41,0,63
BRDA:75,42,0,21
BRDA:75,43,0,63
BRDA:76,44,0,63
BRDA:78,45,0,0
BRDA:83,46,0,84
BRDA:84,47,0,42
BRDA:89,48,0,0
BRDA:87,49,0,168
BRDA:87,50,0,42
BRDA:96,51,0,19
BRDA:96,52,0,1
BRDA:96,53,0,18
BRDA:101,54,0,1
BRDA:110,55,0,1
BRDA:118,56,0,2
BRDA:120,57,0,2
BRDA:127,58,0,1
BRDA:134,59,0,1
BRDA:136,60,0,1
BRDA:145,61,0,22
BRDA:146,62,0,0
BRDA:170,63,0,0
BRDA:170,64,0,0
BRDA:207,65,0,3
BRDA:218,66,0,2
BRDA:220,67,0,1
BRDA:220,68,0,1
BRDA:234,69,0,2
BRDA:235,70,0,1
BRDA:235,71,0,0
BRDA:235,72,0,1
BRDA:238,73,0,1
BRDA:241,74,0,0
BRDA:249,75,0,1
BRDA:260,76,0,1
BRDA:273,77,0,2
BRDA:300,78,0,2
BRDA:302,79,0,2
BRF:80
BRH:66
end_of_record
TN:
SF:libs/platform-settings/src/Properties/utils.ts
FN:48,definePropTypeAndValue
FN:62,definePropTypeAmongAllTypes
FN:74,checkNumInDecimalPrecision
FN:84,defineNumberPropType
FN:122,defineBackendPropTypeAndValue
FN:146,createPropReqBody
FN:166,createPropToDeleteReqBody
FN:175,defineFrontEndPropType
FN:188,createPropInitialValues
FN:232,definePropValueFieldType
FN:244,validateDecimalNumber
FNF:11
FNH:8
FNDA:87,definePropTypeAndValue
FNDA:87,definePropTypeAmongAllTypes
FNDA:0,checkNumInDecimalPrecision
FNDA:0,defineNumberPropType
FNDA:3,defineBackendPropTypeAndValue
FNDA:3,createPropReqBody
FNDA:1,createPropToDeleteReqBody
FNDA:3,defineFrontEndPropType
FNDA:19,createPropInitialValues
FNDA:15,definePropValueFieldType
FNDA:0,validateDecimalNumber
DA:1,1
DA:2,1
DA:3,1
DA:4,1
DA:5,1
DA:6,1
DA:7,1
DA:8,1
DA:9,1
DA:10,1
DA:11,1
DA:12,1
DA:13,1
DA:14,1
DA:15,1
DA:16,1
DA:17,1
DA:18,1
DA:19,1
DA:20,1
DA:21,1
DA:22,1
DA:23,1
DA:24,1
DA:25,1
DA:26,1
DA:27,1
DA:28,1
DA:29,1
DA:30,1
DA:31,1
DA:32,1
DA:33,1
DA:34,1
DA:35,1
DA:36,1
DA:37,1
DA:38,1
DA:39,1
DA:40,1
DA:41,1
DA:42,1
DA:43,1
DA:44,1
DA:45,1
DA:46,1
DA:47,1
DA:48,1
DA:49,87
DA:50,87
DA:51,87
DA:52,87
DA:53,1
DA:54,1
DA:55,1
DA:56,1
DA:57,1
DA:58,1
DA:59,1
DA:60,1
DA:61,1
DA:62,1
DA:63,87
DA:64,87
DA:65,1
DA:66,1
DA:67,1
DA:68,1
DA:69,1
DA:70,1
DA:71,1
DA:72,1
DA:73,1
DA:74,1
DA:75,0
DA:76,0
DA:77,1
DA:78,1
DA:79,1
DA:80,1
DA:81,1
DA:82,1
DA:83,1
DA:84,1
DA:85,0
DA:86,0
DA:87,0
DA:88,0
DA:89,0
DA:90,0
DA:91,0
DA:92,0
DA:93,0
DA:94,0
DA:95,0
DA:96,0
DA:97,0
DA:98,0
DA:99,0
DA:100,0
DA:101,0
DA:102,0
DA:103,0
DA:104,0
DA:105,0
DA:106,0
DA:107,0
DA:108,0
DA:109,0
DA:110,0
DA:111,0
DA:112,0
DA:113,0
DA:114,1
DA:115,1
DA:116,1
DA:117,1
DA:118,1
DA:119,1
DA:120,1
DA:121,1
DA:122,1
DA:123,3
DA:124,3
DA:125,3
DA:126,3
DA:127,3
DA:128,3
DA:129,0
DA:130,3
DA:131,0
DA:132,0
DA:133,0
DA:134,3
DA:135,0
DA:136,0
DA:137,0
DA:138,0
DA:139,0
DA:140,1
DA:141,1
DA:142,1
DA:143,1
DA:144,1
DA:145,1
DA:146,1
DA:147,3
DA:148,3
DA:149,3
DA:150,3
DA:151,3
DA:152,3
DA:153,3
DA:154,3
DA:155,3
DA:156,3
DA:157,3
DA:158,3
DA:159,3
DA:160,1
DA:161,1
DA:162,1
DA:163,1
DA:164,1
DA:165,1
DA:166,1
DA:167,1
DA:168,1
DA:169,1
DA:170,1
DA:171,1
DA:172,1
DA:173,1
DA:174,1
DA:175,1
DA:176,3
DA:177,2
DA:178,3
DA:179,2
DA:180,2
DA:181,1
DA:182,1
DA:183,1
DA:184,1
DA:185,1
DA:186,1
DA:187,1
DA:188,1
DA:189,19
DA:190,19
DA:191,19
DA:192,19
DA:193,19
DA:194,19
DA:195,19
DA:196,19
DA:197,19
DA:198,19
DA:199,19
DA:200,19
DA:201,19
DA:202,16
DA:203,16
DA:204,3
DA:205,3
DA:206,3
DA:207,3
DA:208,3
DA:209,19
DA:210,0
DA:211,0
DA:212,3
DA:213,3
DA:214,3
DA:215,3
DA:216,3
DA:217,3
DA:218,3
DA:219,19
DA:220,19
DA:221,19
DA:222,19
DA:223,19
DA:224,19
DA:225,1
DA:226,1
DA:227,1
DA:228,1
DA:229,1
DA:230,1
DA:231,1
DA:232,1
DA:233,15
DA:234,0
DA:235,0
DA:236,15
DA:237,15
DA:238,1
DA:239,1
DA:240,1
DA:241,1
DA:242,1
DA:243,1
DA:244,1
DA:245,0
DA:246,0
DA:247,0
DA:248,0
DA:249,0
DA:250,0
DA:251,0
DA:252,0
LF:252
LH:200
BRDA:48,0,0,87
BRDA:51,1,0,22
BRDA:51,2,0,65
BRDA:62,3,0,87
BRDA:122,4,0,3
BRDA:128,5,0,0
BRDA:130,6,0,0
BRDA:134,7,0,0
BRDA:146,8,0,3
BRDA:150,9,0,2
BRDA:150,10,0,2
BRDA:150,11,0,1
BRDA:150,12,0,2
BRDA:155,13,0,1
BRDA:156,14,0,2
BRDA:166,15,0,1
BRDA:175,16,0,3
BRDA:176,17,0,1
BRDA:176,18,0,2
BRDA:178,19,0,0
BRDA:178,20,0,2
BRDA:188,21,0,19
BRDA:201,22,0,18
BRDA:201,23,0,16
BRDA:203,24,0,3
BRDA:209,25,0,0
BRDA:211,26,0,3
BRDA:219,27,0,2
BRDA:220,28,0,2
BRDA:220,29,0,1
BRDA:220,30,0,0
BRDA:220,31,0,0
BRDA:232,32,0,15
BRDA:233,33,0,0
BRF:34
BRH:26
end_of_record
TN:
SF:libs/platform-settings/src/Properties/DeletePropertyConfirmationModal/DeletePropertyConfirmationModal.tsx
FN:13,DeletePropertyConfirmationModal
FNF:1
FNH:1
FNDA:23,DeletePropertyConfirmationModal
DA:1,1
DA:2,1
DA:3,1
DA:4,1
DA:5,1
DA:6,1
DA:7,1
DA:8,1
DA:9,1
DA:10,1
DA:11,1
DA:12,1
DA:13,1
DA:14,23
DA:15,23
DA:16,23
DA:17,23
DA:18,23
DA:19,23
DA:20,23
DA:21,23
DA:22,23
DA:23,23
DA:24,23
DA:25,23
DA:26,23
DA:27,23
DA:28,23
DA:29,23
DA:30,23
DA:31,23
DA:32,23
DA:33,23
DA:34,23
DA:35,23
DA:36,23
DA:37,23
DA:38,23
DA:39,23
DA:40,23
DA:41,23
DA:42,23
DA:43,23
DA:44,23
DA:45,23
DA:46,23
DA:47,23
DA:48,23
DA:49,23
DA:50,23
DA:51,23
DA:52,23
DA:53,23
DA:54,23
DA:55,23
DA:56,23
DA:57,23
DA:58,23
DA:59,23
DA:60,23
DA:61,23
LF:61
LH:61
BRDA:13,0,0,23
BRDA:28,1,0,1
BRDA:28,2,0,21
BRF:3
BRH:3
end_of_record
TN:
SF:libs/platform-settings/src/Properties/PropertiesFilters/PropertiesFilters.tsx
FN:17,PropertiesFilters
FN:26,handleClick
FNF:2
FNH:2
FNDA:23,PropertiesFilters
FNDA:1,handleClick
DA:1,1
DA:2,1
DA:3,1
DA:4,1
DA:5,1
DA:6,1
DA:7,1
DA:8,1
DA:9,1
DA:10,1
DA:11,1
DA:12,1
DA:13,1
DA:14,1
DA:15,1
DA:16,1
DA:17,1
DA:18,23
DA:19,23
DA:20,23
DA:21,23
DA:22,23
DA:23,23
DA:24,23
DA:25,23
DA:26,23
DA:27,1
DA:28,1
DA:29,1
DA:30,23
DA:31,23
DA:32,23
DA:33,23
DA:34,23
DA:35,23
DA:36,23
DA:37,23
DA:38,23
DA:39,23
DA:40,23
DA:41,23
DA:42,23
DA:43,23
DA:44,23
DA:45,23
DA:46,23
DA:47,23
DA:48,23
DA:49,23
DA:50,23
DA:51,23
DA:52,23
DA:53,23
DA:54,23
DA:55,23
DA:56,23
DA:57,23
DA:58,23
DA:59,23
DA:60,23
DA:61,23
DA:62,23
DA:63,23
DA:64,23
DA:65,23
DA:66,23
DA:67,23
DA:68,23
DA:69,23
DA:70,23
DA:71,23
DA:72,23
DA:73,23
DA:74,23
DA:75,23
DA:76,23
DA:77,23
DA:78,23
DA:79,23
DA:80,23
DA:81,23
DA:82,23
DA:83,23
DA:84,23
DA:85,23
DA:86,23
DA:87,23
DA:88,23
DA:89,23
DA:90,23
DA:91,23
DA:92,23
DA:93,23
DA:94,23
DA:95,23
DA:96,23
DA:97,23
DA:98,23
DA:99,23
DA:100,23
DA:101,23
DA:102,23
DA:103,23
DA:104,23
DA:105,23
DA:106,23
LF:106
LH:106
BRDA:17,0,0,23
BRDA:77,1,0,4
BRDA:77,2,0,18
BRDA:94,3,0,4
BRDA:94,4,0,18
BRDA:26,5,0,1
BRF:6
BRH:6
end_of_record
TN:
SF:libs/platform-settings/src/Properties/PropertiesPageHeader/PropertiesPageHeader.tsx
FN:13,PropertiesPageHeader
FNF:1
FNH:1
FNDA:23,PropertiesPageHeader
DA:1,1
DA:2,1
DA:3,1
DA:4,1
DA:5,1
DA:6,1
DA:7,1
DA:8,1
DA:9,1
DA:10,1
DA:11,1
DA:12,1
DA:13,1
DA:14,23
DA:15,23
DA:16,23
DA:17,23
DA:18,23
DA:19,23
DA:20,23
DA:21,23
DA:22,23
DA:23,23
DA:24,23
DA:25,23
DA:26,23
DA:27,23
DA:28,23
DA:29,23
DA:30,23
DA:31,23
LF:31
LH:31
BRDA:13,0,0,23
BRF:1
BRH:1
end_of_record
TN:
SF:libs/platform-settings/src/Properties/PropertiesTable/PropertiesTable.tsx
FN:87,PropertiesTable
FNF:1
FNH:1
FNDA:56,PropertiesTable
DA:1,1
DA:2,1
DA:3,1
DA:4,1
DA:5,1
DA:6,1
DA:7,1
DA:8,1
DA:9,1
DA:10,1
DA:11,1
DA:12,1
DA:13,1
DA:14,1
DA:15,1
DA:16,1
DA:17,1
DA:18,1
DA:19,1
DA:20,1
DA:21,1
DA:22,1
DA:23,1
DA:24,1
DA:25,1
DA:26,1
DA:27,1
DA:28,1
DA:29,1
DA:30,1
DA:31,1
DA:32,1
DA:33,1
DA:34,1
DA:35,1
DA:36,1
DA:37,1
DA:38,1
DA:39,1
DA:40,1
DA:41,1
DA:42,1
DA:43,1
DA:44,1
DA:45,1
DA:46,1
DA:47,1
DA:48,1
DA:49,1
DA:50,1
DA:51,1
DA:52,1
DA:53,1
DA:54,1
DA:55,1
DA:56,1
DA:57,1
DA:58,1
DA:59,1
DA:60,1
DA:61,1
DA:62,1
DA:63,1
DA:64,1
DA:65,1
DA:66,1
DA:67,1
DA:68,1
DA:69,1
DA:70,1
DA:71,1
DA:72,1
DA:73,1
DA:74,1
DA:75,1
DA:76,1
DA:77,1
DA:78,1
DA:79,1
DA:80,1
DA:81,1
DA:82,1
DA:83,1
DA:84,1
DA:85,1
DA:86,1
DA:87,1
DA:88,56
DA:89,56
DA:90,56
DA:91,56
DA:92,56
DA:93,56
DA:94,56
DA:95,56
DA:96,56
DA:97,56
DA:98,56
DA:99,56
DA:100,56
DA:101,56
DA:102,56
DA:103,56
DA:104,56
DA:105,56
DA:106,56
DA:107,56
DA:108,56
DA:109,56
DA:110,56
DA:111,56
DA:112,56
LF:112
LH:112
BRDA:87,0,0,56
BRF:1
BRH:1
end_of_record
TN:
SF:libs/platform-settings/src/Properties/PropertiesTable/Cells/PropertiesActionsCell.tsx
FN:18,PropertiesActionsCell
FN:41,onClick
FN:51,onClick
FN:65,onClick
FN:75,onClick
FN:89,onClick
FNF:6
FNH:4
FNDA:239,PropertiesActionsCell
FNDA:1,onClick
FNDA:1,onClick
FNDA:0,onClick
FNDA:0,onClick
FNDA:1,onClick
DA:1,1
DA:2,1
DA:3,1
DA:4,1
DA:5,1
DA:6,1
DA:7,1
DA:8,1
DA:9,1
DA:10,1
DA:11,1
DA:12,1
DA:13,1
DA:14,1
DA:15,1
DA:16,1
DA:17,1
DA:18,1
DA:19,239
DA:20,239
DA:21,239
DA:22,239
DA:23,239
DA:24,239
DA:25,239
DA:26,239
DA:27,239
DA:28,239
DA:29,239
DA:30,239
DA:31,239
DA:32,239
DA:33,239
DA:34,239
DA:35,180
DA:36,180
DA:37,180
DA:38,180
DA:39,180
DA:40,180
DA:41,180
DA:42,1
DA:43,1
DA:44,180
DA:45,180
DA:46,180
DA:47,180
DA:48,180
DA:49,180
DA:50,180
DA:51,180
DA:52,1
DA:53,1
DA:54,180
DA:55,180
DA:56,180
DA:57,180
DA:58,180
DA:59,180
DA:60,180
DA:61,180
DA:62,180
DA:63,180
DA:64,180
DA:65,180
DA:66,0
DA:67,0
DA:68,180
DA:69,180
DA:70,180
DA:71,180
DA:72,180
DA:73,180
DA:74,180
DA:75,180
DA:76,0
DA:77,0
DA:78,180
DA:79,180
DA:80,180
DA:81,180
DA:82,180
DA:83,180
DA:84,180
DA:85,180
DA:86,180
DA:87,180
DA:88,180
DA:89,180
DA:90,1
DA:91,1
DA:92,180
DA:93,180
DA:94,180
DA:95,180
DA:96,180
DA:97,180
DA:98,180
DA:99,180
DA:100,180
DA:101,180
DA:102,239
DA:103,239
LF:103
LH:99
BRDA:18,0,0,239
BRDA:32,1,0,116
BRDA:34,2,0,180
BRDA:34,3,0,0
BRDA:34,4,0,180
BRDA:85,5,0,58
BRDA:101,6,0,58
BRDA:41,7,0,1
BRDA:51,8,0,1
BRDA:89,9,0,1
BRF:10
BRH:9
end_of_record
TN:
SF:libs/platform-settings/src/Properties/PropertiesTable/Cells/SourceCell.tsx
FN:11,SourceCell
FNF:1
FNH:1
FNDA:238,SourceCell
DA:1,1
DA:2,1
DA:3,1
DA:4,1
DA:5,1
DA:6,1
DA:7,1
DA:8,1
DA:9,1
DA:10,1
DA:11,1
DA:12,238
DA:13,238
DA:14,238
DA:15,238
DA:16,238
DA:17,238
DA:18,238
DA:19,238
DA:20,238
DA:21,238
DA:22,238
DA:23,238
DA:24,238
DA:25,238
DA:26,238
DA:27,238
DA:28,238
DA:29,238
DA:30,238
DA:31,238
DA:32,238
DA:33,238
DA:34,238
DA:35,238
DA:36,238
DA:37,238
DA:38,238
DA:39,238
LF:39
LH:39
BRDA:11,0,0,238
BRF:1
BRH:1
end_of_record
TN:
SF:libs/platform-settings/src/Properties/PropertiesTable/Cells/ValueCell.tsx
FN:9,ValueCell
FN:25,calculateWidth
FNF:2
FNH:2
FNDA:238,ValueCell
FNDA:238,calculateWidth
DA:1,1
DA:2,1
DA:3,1
DA:4,1
DA:5,1
DA:6,1
DA:7,1
DA:8,1
DA:9,1
DA:10,238
DA:11,238
DA:12,238
DA:13,238
DA:14,238
DA:15,238
DA:16,238
DA:17,238
DA:18,238
DA:19,238
DA:20,238
DA:21,238
DA:22,238
DA:23,238
DA:24,238
DA:25,238
DA:26,238
DA:27,0
DA:28,238
DA:29,0
DA:30,238
DA:31,0
DA:32,238
DA:33,0
DA:34,238
DA:35,0
DA:36,238
DA:37,238
DA:38,238
DA:39,238
DA:40,238
DA:41,238
DA:42,238
DA:43,238
DA:44,238
DA:45,238
DA:46,238
DA:47,238
DA:48,238
DA:49,238
DA:50,238
DA:51,238
DA:52,238
DA:53,238
DA:54,238
DA:55,238
DA:56,238
DA:57,238
DA:58,238
DA:59,238
DA:60,238
DA:61,238
DA:62,238
DA:63,238
DA:64,238
DA:65,238
DA:66,238
DA:67,238
DA:68,238
DA:69,238
DA:70,238
DA:71,238
DA:72,238
DA:73,238
DA:74,238
DA:75,238
DA:76,238
DA:77,238
DA:78,238
DA:79,238
LF:79
LH:74
BRDA:9,0,0,238
BRDA:25,1,0,238
BRDA:26,2,0,0
BRDA:28,3,0,0
BRDA:30,4,0,0
BRDA:32,5,0,0
BRDA:34,6,0,0
BRF:7
BRH:2
end_of_record
TN:
SF:libs/platform-settings/src/Properties/PropertyDrawer/PropertyDrawer.tsx
FN:18,PropertyDrawer
FN:29,onCloseAndReset
FNF:2
FNH:1
FNDA:49,PropertyDrawer
FNDA:0,onCloseAndReset
DA:1,1
DA:2,1
DA:3,1
DA:4,1
DA:5,1
DA:6,1
DA:7,1
DA:8,1
DA:9,1
DA:10,1
DA:11,1
DA:12,1
DA:13,1
DA:14,1
DA:15,1
DA:16,1
DA:17,1
DA:18,1
DA:19,49
DA:20,49
DA:21,49
DA:22,49
DA:23,49
DA:24,49
DA:25,49
DA:26,49
DA:27,49
DA:28,49
DA:29,49
DA:30,0
DA:31,0
DA:32,0
DA:33,0
DA:34,0
DA:35,49
DA:36,49
DA:37,49
DA:38,49
DA:39,49
DA:40,49
DA:41,49
DA:42,49
DA:43,49
DA:44,49
DA:45,49
DA:46,49
DA:47,49
DA:48,49
DA:49,49
DA:50,49
DA:51,49
DA:52,49
DA:53,49
DA:54,49
DA:55,49
DA:56,49
DA:57,49
DA:58,49
DA:59,49
DA:60,49
LF:60
LH:55
BRDA:18,0,0,49
BRDA:19,1,0,0
BRDA:19,2,0,48
BRDA:44,3,0,1
BRDA:44,4,0,47
BRDA:44,5,0,4
BRDA:44,6,0,43
BRDA:50,7,0,47
BRF:8
BRH:7
end_of_record
TN:
SF:libs/platform-settings/src/Properties/PropertyForm/PropertyForm.tsx
FN:11,PropertyForm
FNF:1
FNH:1
FNDA:16,PropertyForm
DA:1,1
DA:2,1
DA:3,1
DA:4,1
DA:5,1
DA:6,1
DA:7,1
DA:8,1
DA:9,1
DA:10,1
DA:11,1
DA:12,16
DA:13,16
DA:14,16
DA:15,16
DA:16,16
DA:17,16
DA:18,16
DA:19,16
DA:20,16
DA:21,16
DA:22,16
DA:23,16
LF:23
LH:23
BRDA:11,0,0,16
BRF:1
BRH:1
end_of_record
TN:
SF:libs/platform-settings/src/Properties/PropertyForm/PropertyTypeField/PreventOverrideCheckbox.tsx
FN:8,PreventOverrideCheckbox
FNF:1
FNH:1
FNDA:16,PreventOverrideCheckbox
DA:1,1
DA:2,1
DA:3,1
DA:4,1
DA:5,1
DA:6,1
DA:7,1
DA:8,1
DA:9,16
DA:10,16
DA:11,16
DA:12,16
DA:13,16
DA:14,16
DA:15,16
DA:16,16
DA:17,16
DA:18,16
DA:19,16
DA:20,16
DA:21,16
DA:22,16
DA:23,16
DA:24,16
LF:24
LH:24
BRDA:8,0,0,16
BRF:1
BRH:1
end_of_record
TN:
SF:libs/platform-settings/src/Properties/PropertyForm/PropertyTypeField/PropertyTypeField.tsx
FN:15,PropertyTypeField
FN:23,handleSecretCheckboxChange
FN:32,setTypeAndValueFields
FNF:3
FNH:1
FNDA:16,PropertyTypeField
FNDA:0,handleSecretCheckboxChange
FNDA:0,setTypeAndValueFields
DA:1,1
DA:2,1
DA:3,1
DA:4,1
DA:5,1
DA:6,1
DA:7,1
DA:8,1
DA:9,1
DA:10,1
DA:11,1
DA:12,1
DA:13,1
DA:14,1
DA:15,1
DA:16,16
DA:17,16
DA:18,16
DA:19,16
DA:20,16
DA:21,16
DA:22,16
DA:23,16
DA:24,0
DA:25,0
DA:26,0
DA:27,0
DA:28,0
DA:29,0
DA:30,0
DA:31,16
DA:32,16
DA:33,0
DA:34,0
DA:35,0
DA:36,0
DA:37,0
DA:38,0
DA:39,0
DA:40,0
DA:41,0
DA:42,16
DA:43,16
DA:44,16
DA:45,16
DA:46,16
DA:47,16
DA:48,16
DA:49,16
DA:50,16
DA:51,16
DA:52,16
DA:53,16
DA:54,16
DA:55,16
DA:56,16
DA:57,15
DA:58,15
DA:59,15
DA:60,15
DA:61,15
DA:62,15
DA:63,15
DA:64,15
DA:65,15
DA:66,15
DA:67,15
DA:68,15
DA:69,15
DA:70,15
DA:71,15
DA:72,15
DA:73,15
DA:74,15
DA:75,15
DA:76,15
DA:77,15
DA:78,15
DA:79,15
DA:80,15
DA:81,15
DA:82,15
DA:83,15
DA:84,15
DA:85,16
DA:86,16
DA:87,16
DA:88,16
DA:89,16
DA:90,16
DA:91,16
DA:92,16
DA:93,16
DA:94,16
DA:95,16
DA:96,16
DA:97,16
DA:98,16
DA:99,16
DA:100,16
LF:100
LH:84
BRDA:15,0,0,16
BRDA:43,1,0,15
BRDA:43,2,0,0
BRDA:43,3,0,15
BRDA:50,4,0,15
BRDA:50,5,0,15
BRDA:50,6,0,0
BRDA:56,7,0,15
BRDA:56,8,0,0
BRDA:56,9,0,15
BRDA:56,10,0,15
BRDA:63,11,0,0
BRF:12
BRH:8
end_of_record
