TN:
SF:libs/platform-analytics/src/CIInsights/CIInsights.tsx
FN:48,NoAccess
FN:78,getTooltype
FN:93,CIInsights
FNF:3
FNH:3
FNDA:2,NoAccess
FNDA:8,getTooltype
FNDA:7,CIInsights
DA:1,1
DA:2,1
DA:3,1
DA:4,1
DA:5,1
DA:6,1
DA:7,1
DA:8,1
DA:9,1
DA:10,1
DA:11,1
DA:12,1
DA:13,1
DA:14,1
DA:15,1
DA:16,1
DA:17,1
DA:18,1
DA:19,1
DA:20,1
DA:21,1
DA:22,1
DA:23,1
DA:24,1
DA:25,1
DA:26,1
DA:27,1
DA:28,1
DA:29,1
DA:30,1
DA:31,1
DA:32,1
DA:33,1
DA:34,1
DA:35,1
DA:36,1
DA:37,1
DA:38,1
DA:39,1
DA:40,1
DA:41,1
DA:42,1
DA:43,1
DA:44,1
DA:45,1
DA:46,1
DA:47,1
DA:48,1
DA:49,2
DA:50,2
DA:51,2
DA:52,2
DA:53,2
DA:54,2
DA:55,2
DA:56,2
DA:57,2
DA:58,2
DA:59,2
DA:60,2
DA:61,2
DA:62,2
DA:63,2
DA:64,2
DA:65,2
DA:66,2
DA:67,2
DA:68,2
DA:69,2
DA:70,2
DA:71,2
DA:72,2
DA:73,2
DA:74,2
DA:75,2
DA:76,2
DA:77,1
DA:78,1
DA:79,8
DA:80,8
DA:81,1
DA:82,8
DA:83,4
DA:84,8
DA:85,1
DA:86,8
DA:87,1
DA:88,8
DA:89,1
DA:90,8
DA:91,8
DA:92,1
DA:93,1
DA:94,7
DA:95,7
DA:96,7
DA:97,7
DA:98,7
DA:99,7
DA:100,7
DA:101,7
DA:102,7
DA:103,4
DA:104,3
DA:105,3
DA:106,3
DA:107,3
DA:108,3
DA:109,3
DA:110,3
DA:111,3
DA:112,3
DA:113,3
DA:114,3
DA:115,3
DA:116,3
DA:117,3
DA:118,3
DA:119,3
DA:120,7
DA:121,7
DA:122,7
DA:123,7
DA:124,7
DA:125,7
DA:126,7
DA:127,7
DA:128,7
DA:129,7
DA:130,7
DA:131,7
DA:132,7
DA:133,7
DA:134,7
DA:135,7
DA:136,7
DA:137,7
DA:138,7
DA:139,7
DA:140,7
DA:141,7
DA:142,7
DA:143,7
DA:144,7
DA:145,6
DA:146,6
DA:147,4
DA:148,4
DA:149,4
DA:150,4
DA:151,4
DA:152,4
DA:153,4
DA:154,4
DA:155,4
DA:156,4
DA:157,4
DA:158,4
DA:159,7
DA:160,7
DA:161,7
LF:161
LH:161
BRDA:48,0,0,2
BRDA:50,1,0,0
BRDA:78,2,0,8
BRDA:80,3,0,1
BRDA:82,4,0,4
BRDA:84,5,0,1
BRDA:86,6,0,1
BRDA:88,7,0,1
BRDA:93,8,0,7
BRDA:120,9,0,0
BRDA:144,10,0,1
BRDA:144,11,0,6
BRDA:146,12,0,4
BRDA:150,13,0,0
BRDA:150,14,0,2
BRDA:150,15,0,2
BRDA:150,16,0,0
BRDA:154,17,0,0
BRDA:155,18,0,0
BRDA:159,19,0,2
BRDA:102,20,0,4
BRDA:103,21,0,0
BRDA:103,22,0,3
BRDA:105,23,0,0
BRDA:105,24,0,0
BRDA:107,25,0,0
BRDA:108,26,0,0
BRDA:109,27,0,0
BRDA:111,28,0,0
BRDA:111,29,0,0
BRDA:111,30,0,0
BRDA:112,31,0,0
BRDA:113,32,0,0
BRDA:113,33,0,0
BRDA:113,34,0,0
BRDA:113,35,0,0
BRDA:111,36,0,3
BRDA:111,37,0,0
BRDA:114,38,0,0
BRDA:123,39,0,7
BRDA:130,40,0,0
BRDA:130,41,0,4
BRDA:130,42,0,3
BRDA:130,43,0,3
BRDA:150,44,0,2
BRF:45
BRH:22
end_of_record
TN:
SF:libs/platform-analytics/src/CIInsights/CIInsightsContainer/CIInsightsContainer.tsx
FN:30,WidgetStatic
FN:48,RenderWidget
FN:69,handleCJOCClearData
FN:231,RenderCJOCContent
FN:272,CIInsightsContainer
FNF:5
FNH:5
FNDA:4,WidgetStatic
FNDA:10,RenderWidget
FNDA:1,handleCJOCClearData
FNDA:6,RenderCJOCContent
FNDA:23,CIInsightsContainer
DA:1,1
DA:2,1
DA:3,1
DA:4,1
DA:5,1
DA:6,1
DA:7,1
DA:8,1
DA:9,1
DA:10,1
DA:11,1
DA:12,1
DA:13,1
DA:14,1
DA:15,1
DA:16,1
DA:17,1
DA:18,1
DA:19,1
DA:20,1
DA:21,1
DA:22,1
DA:23,1
DA:24,1
DA:25,1
DA:26,1
DA:27,1
DA:28,1
DA:29,1
DA:30,1
DA:31,4
DA:32,4
DA:33,4
DA:34,4
DA:35,4
DA:36,4
DA:37,4
DA:38,4
DA:39,4
DA:40,4
DA:41,4
DA:42,4
DA:43,4
DA:44,4
DA:45,4
DA:46,4
DA:47,1
DA:48,1
DA:49,10
DA:50,10
DA:51,10
DA:52,10
DA:53,10
DA:54,10
DA:55,10
DA:56,10
DA:57,10
DA:58,10
DA:59,10
DA:60,10
DA:61,10
DA:62,10
DA:63,10
DA:64,10
DA:65,0
DA:66,0
DA:67,0
DA:68,10
DA:69,10
DA:70,1
DA:71,1
DA:72,10
DA:73,10
DA:74,10
DA:75,10
DA:76,10
DA:77,10
DA:78,10
DA:79,10
DA:80,10
DA:81,10
DA:82,0
DA:83,10
DA:84,10
DA:85,10
DA:86,10
DA:87,10
DA:88,10
DA:89,10
DA:90,10
DA:91,10
DA:92,10
DA:93,10
DA:94,10
DA:95,10
DA:96,10
DA:97,10
DA:98,10
DA:99,10
DA:100,10
DA:101,10
DA:102,10
DA:103,10
DA:104,10
DA:105,10
DA:106,10
DA:107,10
DA:108,10
DA:109,10
DA:110,10
DA:111,10
DA:112,10
DA:113,10
DA:114,10
DA:115,10
DA:116,10
DA:117,0
DA:118,10
DA:119,10
DA:120,10
DA:121,10
DA:122,10
DA:123,10
DA:124,10
DA:125,10
DA:126,10
DA:127,10
DA:128,10
DA:129,10
DA:130,10
DA:131,10
DA:132,10
DA:133,10
DA:134,10
DA:135,10
DA:136,10
DA:137,10
DA:138,10
DA:139,10
DA:140,10
DA:141,10
DA:142,10
DA:143,10
DA:144,10
DA:145,10
DA:146,10
DA:147,10
DA:148,10
DA:149,10
DA:150,10
DA:151,10
DA:152,10
DA:153,10
DA:154,10
DA:155,10
DA:156,10
DA:157,10
DA:158,10
DA:159,10
DA:160,10
DA:161,10
DA:162,10
DA:163,10
DA:164,10
DA:165,10
DA:166,10
DA:167,10
DA:168,10
DA:169,10
DA:170,10
DA:171,10
DA:172,10
DA:173,10
DA:174,10
DA:175,10
DA:176,10
DA:177,10
DA:178,10
DA:179,10
DA:180,10
DA:181,0
DA:182,10
DA:183,10
DA:184,10
DA:185,10
DA:186,10
DA:187,10
DA:188,10
DA:189,10
DA:190,10
DA:191,10
DA:192,10
DA:193,10
DA:194,10
DA:195,10
DA:196,10
DA:197,10
DA:198,10
DA:199,10
DA:200,10
DA:201,10
DA:202,10
DA:203,10
DA:204,10
DA:205,10
DA:206,10
DA:207,10
DA:208,10
DA:209,10
DA:210,4
DA:211,6
DA:212,1
DA:213,5
DA:214,0
DA:215,0
DA:216,0
DA:217,0
DA:218,5
DA:219,5
DA:220,10
DA:221,10
DA:222,10
DA:223,10
DA:224,10
DA:225,10
DA:226,10
DA:227,10
DA:228,10
DA:229,10
DA:230,1
DA:231,1
DA:232,6
DA:233,6
DA:234,6
DA:235,6
DA:236,6
DA:237,1
DA:238,1
DA:239,1
DA:240,1
DA:241,1
DA:242,1
DA:243,1
DA:244,1
DA:245,1
DA:246,1
DA:247,1
DA:248,1
DA:249,6
DA:250,6
DA:251,6
DA:252,6
DA:253,6
DA:254,6
DA:255,6
DA:256,6
DA:257,6
DA:258,6
DA:259,6
DA:260,6
DA:261,6
DA:262,6
DA:263,6
DA:264,6
DA:265,6
DA:266,6
DA:267,6
DA:268,6
DA:269,6
DA:270,6
DA:271,1
DA:272,1
DA:273,23
DA:274,23
DA:275,23
DA:276,23
DA:277,23
DA:278,23
DA:279,23
DA:280,23
DA:281,23
DA:282,23
DA:283,23
DA:284,23
DA:285,23
DA:286,23
DA:287,23
DA:288,12
DA:289,23
DA:290,23
DA:291,14
DA:292,14
DA:293,15
DA:294,1
DA:295,1
DA:296,1
DA:297,13
DA:298,13
DA:299,2
DA:300,11
DA:301,6
DA:302,5
DA:303,5
DA:304,23
DA:305,23
LF:305
LH:295
BRDA:30,0,0,4
BRDA:32,1,0,0
BRDA:48,2,0,10
BRDA:62,3,0,0
BRDA:62,4,0,9
BRDA:63,5,0,0
BRDA:63,6,0,0
BRDA:65,7,0,0
BRDA:66,8,0,0
BRDA:64,9,0,0
BRDA:81,10,0,0
BRDA:82,11,0,0
BRDA:91,12,0,0
BRDA:91,13,0,2
BRDA:91,14,0,0
BRDA:96,15,0,0
BRDA:226,16,0,1
BRDA:69,17,0,1
BRDA:106,18,0,10
BRDA:113,19,0,0
BRDA:113,20,0,9
BRDA:114,21,0,0
BRDA:116,22,0,0
BRDA:116,23,0,0
BRDA:116,24,0,0
BRDA:116,25,0,0
BRDA:138,26,0,0
BRDA:150,27,0,0
BRDA:170,28,0,0
BRDA:180,29,0,0
BRDA:208,30,0,0
BRDA:209,31,0,4
BRDA:210,32,0,6
BRDA:211,33,0,0
BRDA:211,34,0,5
BRDA:211,35,0,0
BRDA:211,36,0,1
BRDA:212,37,0,5
BRDA:213,38,0,0
BRDA:231,39,0,6
BRDA:234,40,0,0
BRDA:234,41,0,0
BRDA:236,42,0,0
BRDA:236,43,0,1
BRDA:236,44,0,5
BRDA:236,45,0,5
BRDA:236,46,0,1
BRDA:251,47,0,0
BRDA:272,48,0,23
BRDA:282,49,0,11
BRDA:282,50,0,12
BRDA:282,51,0,11
BRDA:283,52,0,0
BRDA:287,53,0,12
BRDA:287,54,0,11
BRDA:287,55,0,0
BRDA:287,56,0,0
BRDA:287,57,0,12
BRDA:290,58,0,9
BRDA:290,59,0,15
BRDA:290,60,0,14
BRDA:293,61,0,1
BRDA:296,62,0,13
BRDA:298,63,0,2
BRDA:299,64,0,0
BRDA:299,65,0,11
BRDA:300,66,0,6
BRDA:301,67,0,5
BRDA:284,68,0,0
BRDA:284,69,0,0
BRDA:284,70,0,9
BRDA:284,71,0,12
BRDA:287,72,0,11
BRDA:287,73,0,0
BRF:74
BRH:37
end_of_record
TN:
SF:libs/platform-analytics/src/CIInsights/CIInsightsContainer/CIInsightsInstallationInstructions.tsx
FN:33,CIInsightsInstallationInstructions
FN:139,onSubmit
FNF:2
FNH:1
FNDA:5,CIInsightsInstallationInstructions
FNDA:0,onSubmit
DA:1,1
DA:2,1
DA:3,1
DA:4,1
DA:5,1
DA:6,1
DA:7,1
DA:8,1
DA:9,1
DA:10,1
DA:11,1
DA:12,1
DA:13,1
DA:14,1
DA:15,1
DA:16,1
DA:17,1
DA:18,1
DA:19,1
DA:20,1
DA:21,1
DA:22,1
DA:23,1
DA:24,1
DA:25,1
DA:26,1
DA:27,1
DA:28,1
DA:29,1
DA:30,1
DA:31,1
DA:32,1
DA:33,1
DA:34,5
DA:35,5
DA:36,5
DA:37,5
DA:38,5
DA:39,5
DA:40,5
DA:41,5
DA:42,5
DA:43,5
DA:44,5
DA:45,5
DA:46,5
DA:47,5
DA:48,5
DA:49,5
DA:50,5
DA:51,5
DA:52,5
DA:53,5
DA:54,5
DA:55,5
DA:56,5
DA:57,5
DA:58,5
DA:59,5
DA:60,5
DA:61,0
DA:62,0
DA:63,0
DA:64,0
DA:65,0
DA:66,0
DA:67,0
DA:68,0
DA:69,0
DA:70,0
DA:71,0
DA:72,0
DA:73,0
DA:74,0
DA:75,0
DA:76,0
DA:77,0
DA:78,0
DA:79,0
DA:80,0
DA:81,0
DA:82,0
DA:83,0
DA:84,0
DA:85,0
DA:86,0
DA:87,0
DA:88,0
DA:89,0
DA:90,0
DA:91,0
DA:92,0
DA:93,0
DA:94,0
DA:95,0
DA:96,0
DA:97,0
DA:98,0
DA:99,0
DA:100,0
DA:101,0
DA:102,0
DA:103,0
DA:104,0
DA:105,0
DA:106,0
DA:107,0
DA:108,0
DA:109,0
DA:110,0
DA:111,0
DA:112,0
DA:113,0
DA:114,0
DA:115,0
DA:116,0
DA:117,0
DA:118,0
DA:119,0
DA:120,0
DA:121,0
DA:122,0
DA:123,0
DA:124,0
DA:125,0
DA:126,0
DA:127,5
DA:128,5
DA:129,5
DA:130,5
DA:131,5
DA:132,5
DA:133,5
DA:134,5
DA:135,5
DA:136,5
DA:137,5
DA:138,5
DA:139,5
DA:140,0
DA:141,0
DA:142,5
DA:143,5
DA:144,5
DA:145,5
DA:146,5
DA:147,5
DA:148,5
DA:149,5
DA:150,5
DA:151,5
DA:152,5
DA:153,5
DA:154,5
DA:155,5
DA:156,5
DA:157,5
DA:158,5
DA:159,5
DA:160,5
DA:161,5
DA:162,5
DA:163,5
DA:164,5
DA:165,5
DA:166,5
DA:167,5
DA:168,5
DA:169,5
DA:170,5
DA:171,5
DA:172,5
DA:173,5
DA:174,5
DA:175,5
DA:176,5
DA:177,5
DA:178,5
DA:179,5
DA:180,5
DA:181,5
DA:182,5
DA:183,5
DA:184,5
DA:185,5
DA:186,5
DA:187,5
DA:188,5
DA:189,5
DA:190,5
DA:191,5
DA:192,5
DA:193,5
DA:194,5
DA:195,5
DA:196,5
DA:197,5
DA:198,5
DA:199,5
DA:200,5
DA:201,5
DA:202,5
DA:203,5
DA:204,5
DA:205,5
DA:206,5
DA:207,5
DA:208,5
DA:209,5
DA:210,5
DA:211,5
DA:212,5
DA:213,5
DA:214,2
DA:215,2
DA:216,2
DA:217,2
DA:218,2
DA:219,2
DA:220,2
DA:221,2
DA:222,2
DA:223,2
DA:224,2
DA:225,2
DA:226,2
DA:227,1
DA:228,1
DA:229,1
DA:230,1
DA:231,1
DA:232,1
DA:233,1
DA:234,2
DA:235,2
DA:236,2
DA:237,2
DA:238,2
DA:239,2
DA:240,5
DA:241,5
DA:242,5
DA:243,5
DA:244,5
DA:245,5
DA:246,5
DA:247,5
DA:248,5
DA:249,5
DA:250,5
DA:251,5
LF:251
LH:183
BRDA:33,0,0,5
BRDA:40,1,0,0
BRDA:43,2,0,2
BRDA:43,3,0,3
BRDA:43,4,0,2
BRDA:44,5,0,3
BRDA:44,6,0,2
BRDA:52,7,0,3
BRDA:52,8,0,2
BRDA:53,9,0,3
BRDA:53,10,0,2
BRDA:128,11,0,0
BRDA:128,12,0,0
BRDA:132,13,0,0
BRDA:208,14,0,0
BRDA:213,15,0,3
BRDA:213,16,0,2
BRDA:213,17,0,2
BRDA:216,18,0,0
BRDA:226,19,0,1
BRDA:233,20,0,1
BRDA:41,21,0,0
BRDA:41,22,0,0
BRDA:41,23,0,0
BRDA:129,24,0,6
BRDA:133,25,0,6
BRF:26
BRH:17
end_of_record
TN:
SF:libs/platform-analytics/src/CIInsights/CIInsightsContainer/CIInsightsNotInstalled.tsx
FN:23,CIInsightsNotInstalled
FNF:1
FNH:1
FNDA:2,CIInsightsNotInstalled
DA:1,1
DA:2,1
DA:3,1
DA:4,1
DA:5,1
DA:6,1
DA:7,1
DA:8,1
DA:9,1
DA:10,1
DA:11,1
DA:12,1
DA:13,1
DA:14,1
DA:15,1
DA:16,1
DA:17,1
DA:18,1
DA:19,1
DA:20,1
DA:21,1
DA:22,1
DA:23,1
DA:24,2
DA:25,2
DA:26,2
DA:27,2
DA:28,2
DA:29,2
DA:30,2
DA:31,2
DA:32,2
DA:33,2
DA:34,0
DA:35,0
DA:36,2
DA:37,2
DA:38,0
DA:39,0
DA:40,0
DA:41,2
DA:42,2
DA:43,2
DA:44,2
DA:45,2
DA:46,2
DA:47,2
DA:48,2
DA:49,2
DA:50,2
DA:51,2
DA:52,2
DA:53,2
DA:54,2
DA:55,2
DA:56,2
DA:57,2
DA:58,2
DA:59,2
DA:60,2
DA:61,2
DA:62,2
DA:63,2
DA:64,2
DA:65,2
DA:66,2
LF:66
LH:61
BRDA:23,0,0,2
BRDA:26,1,0,0
BRDA:44,2,0,0
BRDA:44,3,0,0
BRDA:32,4,0,2
BRDA:37,5,0,0
BRF:6
BRH:2
end_of_record
TN:
SF:libs/platform-analytics/src/CIInsights/CIInsightsContainer/CIInsightsNotInstalledContainer.tsx
FN:7,CIInsightsNotInstalledContainer
FN:11,onSuccess
FNF:2
FNH:1
FNDA:2,CIInsightsNotInstalledContainer
FNDA:0,onSuccess
DA:1,1
DA:2,1
DA:3,1
DA:4,1
DA:5,1
DA:6,1
DA:7,1
DA:8,2
DA:9,2
DA:10,2
DA:11,2
DA:12,0
DA:13,0
DA:14,0
DA:15,2
DA:16,2
DA:17,2
DA:18,2
DA:19,2
DA:20,2
DA:21,2
DA:22,2
DA:23,2
DA:24,2
DA:25,2
DA:26,2
DA:27,0
DA:28,0
DA:29,2
DA:30,2
DA:31,2
DA:32,2
DA:33,2
DA:34,2
DA:35,2
DA:36,2
LF:36
LH:31
BRDA:7,0,0,2
BRDA:26,1,0,0
BRF:2
BRH:1
end_of_record
TN:
SF:libs/platform-analytics/src/CIInsights/CIInsightsDrawer/CIInsightsChartsDrawerContainer/CIInsightsChartsDrawerContainer.tsx
FN:17,CIInsightsChartsDrawerContainer
FNF:1
FNH:1
FNDA:7,CIInsightsChartsDrawerContainer
DA:1,1
DA:2,1
DA:3,1
DA:4,1
DA:5,1
DA:6,1
DA:7,1
DA:8,1
DA:9,1
DA:10,1
DA:11,1
DA:12,1
DA:13,1
DA:14,1
DA:15,1
DA:16,1
DA:17,1
DA:18,7
DA:19,7
DA:20,7
DA:21,7
DA:22,7
DA:23,7
DA:24,7
DA:25,7
DA:26,7
DA:27,7
DA:28,7
DA:29,7
DA:30,7
DA:31,7
DA:32,7
DA:33,7
DA:34,7
DA:35,7
DA:36,7
DA:37,7
DA:38,7
DA:39,7
DA:40,7
DA:41,7
DA:42,7
DA:43,7
DA:44,7
DA:45,7
DA:46,7
DA:47,7
DA:48,7
DA:49,7
DA:50,7
DA:51,7
DA:52,7
DA:53,7
DA:54,7
DA:55,7
DA:56,7
DA:57,7
DA:58,7
DA:59,7
DA:60,7
DA:61,7
DA:62,7
DA:63,7
DA:64,7
DA:65,7
DA:66,7
DA:67,7
DA:68,7
DA:69,7
DA:70,7
DA:71,7
DA:72,7
DA:73,7
DA:74,7
DA:75,7
DA:76,7
DA:77,7
DA:78,7
DA:79,7
DA:80,7
DA:81,7
DA:82,7
DA:83,7
DA:84,7
DA:85,7
DA:86,7
DA:87,7
DA:88,7
DA:89,7
DA:90,7
DA:91,7
DA:92,7
DA:93,7
DA:94,7
DA:95,7
DA:96,7
DA:97,7
DA:98,7
DA:99,7
DA:100,7
DA:101,7
DA:102,7
DA:103,7
DA:104,7
DA:105,7
DA:106,7
DA:107,7
DA:108,7
DA:109,7
DA:110,7
DA:111,7
DA:112,7
DA:113,7
DA:114,7
DA:115,7
DA:116,7
DA:117,7
DA:118,7
DA:119,7
DA:120,7
DA:121,7
DA:122,7
DA:123,7
DA:124,7
DA:125,7
DA:126,7
DA:127,7
DA:128,7
DA:129,7
DA:130,7
DA:131,7
DA:132,7
DA:133,7
DA:134,7
DA:135,7
DA:136,7
DA:137,7
DA:138,7
DA:139,7
DA:140,7
DA:141,7
DA:142,7
DA:143,7
DA:144,7
DA:145,7
DA:146,7
DA:147,7
DA:148,7
DA:149,7
DA:150,7
DA:151,7
DA:152,7
DA:153,7
DA:154,7
DA:155,7
DA:156,7
DA:157,7
DA:158,7
DA:159,7
DA:160,7
DA:161,7
DA:162,7
DA:163,7
DA:164,7
DA:165,7
DA:166,7
DA:167,7
DA:168,7
DA:169,7
DA:170,7
DA:171,7
DA:172,7
DA:173,7
DA:174,7
DA:175,7
DA:176,7
DA:177,7
DA:178,7
DA:179,7
DA:180,7
DA:181,7
DA:182,7
DA:183,7
DA:184,7
DA:185,7
LF:185
LH:185
BRDA:17,0,0,7
BRDA:23,1,0,2
BRDA:23,2,0,5
BRDA:34,3,0,2
BRDA:34,4,0,5
BRDA:42,5,0,2
BRDA:42,6,0,5
BRDA:61,7,0,2
BRDA:61,8,0,5
BRDA:69,9,0,2
BRDA:69,10,0,5
BRDA:88,11,0,2
BRDA:88,12,0,5
BRDA:96,13,0,2
BRDA:96,14,0,5
BRDA:121,15,0,2
BRDA:121,16,0,5
BRDA:124,17,0,0
BRDA:124,18,0,2
BRDA:124,19,0,5
BRDA:167,20,0,2
BRDA:167,21,0,5
BRDA:167,22,0,0
BRDA:168,23,0,2
BRDA:168,24,0,5
BRDA:168,25,0,0
BRDA:169,26,0,2
BRDA:169,27,0,5
BRDA:169,28,0,0
BRDA:170,29,0,2
BRDA:170,30,0,5
BRDA:170,31,0,0
BRF:32
BRH:27
end_of_record
TN:
SF:libs/platform-analytics/src/CIInsights/CIInsightsDrawer/CIInsightsDrawerContainer/CIInsightsDrawerContainer.tsx
FN:18,CIInsightsDrawerContainer
FN:30,onClose
FNF:2
FNH:1
FNDA:2,CIInsightsDrawerContainer
FNDA:0,onClose
DA:1,1
DA:2,1
DA:3,1
DA:4,1
DA:5,1
DA:6,1
DA:7,1
DA:8,1
DA:9,1
DA:10,1
DA:11,1
DA:12,1
DA:13,1
DA:14,1
DA:15,1
DA:16,1
DA:17,1
DA:18,1
DA:19,2
DA:20,2
DA:21,2
DA:22,2
DA:23,2
DA:24,2
DA:25,2
DA:26,2
DA:27,2
DA:28,2
DA:29,2
DA:30,2
DA:31,0
DA:32,0
DA:33,2
DA:34,2
DA:35,2
DA:36,2
DA:37,2
DA:38,2
DA:39,2
DA:40,2
DA:41,2
DA:42,2
DA:43,2
DA:44,2
DA:45,0
DA:46,0
DA:47,2
DA:48,2
DA:49,2
DA:50,2
DA:51,2
DA:52,0
DA:53,0
DA:54,2
DA:55,2
DA:56,2
DA:57,2
DA:58,2
DA:59,2
DA:60,2
DA:61,2
DA:62,2
DA:63,2
DA:64,2
DA:65,2
DA:66,0
DA:67,0
DA:68,2
DA:69,2
DA:70,2
DA:71,2
DA:72,2
DA:73,2
DA:74,2
DA:75,2
DA:76,0
DA:77,0
DA:78,0
DA:79,2
DA:80,2
DA:81,2
DA:82,2
DA:83,2
DA:84,2
DA:85,2
DA:86,2
DA:87,2
DA:88,2
DA:89,2
DA:90,2
LF:90
LH:79
BRDA:18,0,0,2
BRDA:42,1,0,0
BRDA:42,2,0,0
BRDA:43,3,0,0
BRDA:44,4,0,0
BRDA:51,5,0,0
BRDA:52,6,0,0
BRDA:56,7,0,0
BRDA:56,8,0,0
BRDA:56,9,0,0
BRDA:63,10,0,0
BRDA:64,11,0,0
BRDA:65,12,0,0
BRDA:65,13,0,0
BRDA:65,14,0,0
BRDA:65,15,0,0
BRDA:66,16,0,0
BRDA:75,17,0,0
BRDA:75,18,0,0
BRDA:79,19,0,0
BRDA:80,20,0,0
BRF:21
BRH:1
end_of_record
TN:
SF:libs/platform-analytics/src/CIInsights/CIInsightsDrawer/CIInsightsDrawerTable/CIInsightsDrawerTable.tsx
FN:8,CIInsightsDrawerTable
FNF:1
FNH:1
FNDA:6,CIInsightsDrawerTable
DA:1,1
DA:2,1
DA:3,1
DA:4,1
DA:5,1
DA:6,1
DA:7,1
DA:8,1
DA:9,6
DA:10,6
DA:11,6
DA:12,6
DA:13,6
DA:14,6
DA:15,6
DA:16,6
DA:17,6
DA:18,6
LF:18
LH:18
BRDA:8,0,0,6
BRDA:14,1,0,0
BRDA:14,2,0,0
BRF:3
BRH:1
end_of_record
TN:
SF:libs/platform-analytics/src/CIInsights/CIInsightsDrawer/CIInsightsDrawerTable/ciInsightsTableInfo.tsx
FN:11,ciInsightsTableInfo
FN:19,cell
FN:43,cell
FN:71,cell
FN:97,cell
FNF:5
FNH:5
FNDA:6,ciInsightsTableInfo
FNDA:12,cell
FNDA:12,cell
FNDA:12,cell
FNDA:12,cell
DA:1,1
DA:2,1
DA:3,1
DA:4,1
DA:5,1
DA:6,1
DA:7,1
DA:8,1
DA:9,1
DA:10,1
DA:11,1
DA:12,6
DA:13,6
DA:14,6
DA:15,6
DA:16,6
DA:17,6
DA:18,6
DA:19,6
DA:20,12
DA:21,12
DA:22,12
DA:23,12
DA:24,12
DA:25,12
DA:26,12
DA:27,12
DA:28,12
DA:29,12
DA:30,12
DA:31,12
DA:32,12
DA:33,12
DA:34,12
DA:35,12
DA:36,12
DA:37,12
DA:38,12
DA:39,12
DA:40,6
DA:41,6
DA:42,6
DA:43,6
DA:44,12
DA:45,12
DA:46,12
DA:47,12
DA:48,0
DA:49,0
DA:50,0
DA:51,0
DA:52,0
DA:53,0
DA:54,0
DA:55,0
DA:56,0
DA:57,0
DA:58,0
DA:59,0
DA:60,12
DA:61,12
DA:62,12
DA:63,12
DA:64,12
DA:65,12
DA:66,12
DA:67,12
DA:68,6
DA:69,6
DA:70,6
DA:71,6
DA:72,12
DA:73,12
DA:74,12
DA:75,2
DA:76,2
DA:77,2
DA:78,2
DA:79,2
DA:80,2
DA:81,2
DA:82,2
DA:83,2
DA:84,12
DA:85,12
DA:86,12
DA:87,12
DA:88,12
DA:89,12
DA:90,12
DA:91,12
DA:92,12
DA:93,12
DA:94,6
DA:95,6
DA:96,6
DA:97,6
DA:98,12
DA:99,12
DA:100,6
DA:101,6
DA:102,6
DA:103,6
DA:104,6
DA:105,6
DA:106,6
DA:107,6
DA:108,6
LF:108
LH:96
BRDA:11,0,0,6
BRDA:106,1,0,0
BRDA:19,2,0,12
BRDA:30,3,0,0
BRDA:30,4,0,0
BRDA:35,5,0,0
BRDA:35,6,0,0
BRDA:43,7,0,12
BRDA:47,8,0,0
BRDA:47,9,0,0
BRDA:47,10,0,0
BRDA:47,11,0,0
BRDA:71,12,0,12
BRDA:74,13,0,0
BRDA:74,14,0,0
BRDA:74,15,0,2
BRDA:76,16,0,0
BRDA:76,17,0,0
BRDA:80,18,0,0
BRDA:80,19,0,0
BRDA:87,20,0,0
BRDA:87,21,0,0
BRDA:97,22,0,12
BRDA:98,23,0,0
BRDA:98,24,0,0
BRF:25
BRH:6
end_of_record
TN:
SF:libs/platform-analytics/src/CIInsights/CIInsightsDrawer/CIInsightsDrawerTableFilters/CIInsightsDrawerTableFilters.tsx
FN:17,CIInsightsDrawerTableFilters
FN:27,handleClick
FNF:2
FNH:2
FNDA:17,CIInsightsDrawerTableFilters
FNDA:1,handleClick
DA:1,1
DA:2,1
DA:3,1
DA:4,1
DA:5,1
DA:6,1
DA:7,1
DA:8,1
DA:9,1
DA:10,1
DA:11,1
DA:12,1
DA:13,1
DA:14,1
DA:15,1
DA:16,1
DA:17,1
DA:18,17
DA:19,17
DA:20,17
DA:21,17
DA:22,17
DA:23,17
DA:24,17
DA:25,17
DA:26,17
DA:27,17
DA:28,1
DA:29,1
DA:30,1
DA:31,17
DA:32,17
DA:33,17
DA:34,17
DA:35,17
DA:36,17
DA:37,17
DA:38,17
DA:39,17
DA:40,17
DA:41,17
DA:42,17
DA:43,17
DA:44,17
DA:45,17
DA:46,17
DA:47,17
DA:48,17
DA:49,17
DA:50,17
DA:51,17
DA:52,17
DA:53,17
DA:54,17
DA:55,17
DA:56,17
DA:57,17
DA:58,17
DA:59,17
DA:60,17
DA:61,17
DA:62,17
DA:63,17
DA:64,17
DA:65,17
DA:66,17
DA:67,17
DA:68,17
DA:69,17
DA:70,17
DA:71,17
DA:72,17
DA:73,17
DA:74,17
DA:75,17
DA:76,17
DA:77,17
DA:78,17
DA:79,17
DA:80,17
DA:81,17
DA:82,17
DA:83,17
DA:84,17
DA:85,17
LF:85
LH:85
BRDA:17,0,0,17
BRDA:26,1,0,16
BRDA:26,2,0,0
BRDA:37,3,0,16
BRDA:37,4,0,0
BRDA:37,5,0,16
BRDA:37,6,0,16
BRDA:37,7,0,0
BRDA:37,8,0,16
BRDA:46,9,0,16
BRDA:46,10,0,0
BRDA:46,11,0,16
BRDA:46,12,0,16
BRDA:46,13,0,0
BRDA:46,14,0,16
BRDA:59,15,0,0
BRDA:59,16,0,0
BRDA:59,17,0,0
BRDA:26,18,0,16
BRDA:27,19,0,1
BRDA:70,20,0,0
BRDA:73,21,0,0
BRF:22
BRH:12
end_of_record
TN:
SF:libs/platform-analytics/src/CIInsights/CIInsightsTopBar/CIInsightsTopBar.tsx
FN:33,AppliedFilters
FN:56,FilterContent
FN:67,Filters
FN:78,DashboardFilterSelect
FN:93,handleChange
FN:148,DashboardFilterDurationSelect
FN:172,CIInsightsTopBar
FN:193,handleClick
FN:197,handleApplyClick
FN:202,handleClose
FNF:10
FNH:8
FNDA:15,AppliedFilters
FNDA:16,FilterContent
FNDA:4,Filters
FNDA:3,DashboardFilterSelect
FNDA:0,handleChange
FNDA:1,DashboardFilterDurationSelect
FNDA:12,CIInsightsTopBar
FNDA:2,handleClick
FNDA:1,handleApplyClick
FNDA:0,handleClose
DA:1,1
DA:2,1
DA:3,1
DA:4,1
DA:5,1
DA:6,1
DA:7,1
DA:8,1
DA:9,1
DA:10,1
DA:11,1
DA:12,1
DA:13,1
DA:14,1
DA:15,1
DA:16,1
DA:17,1
DA:18,1
DA:19,1
DA:20,1
DA:21,1
DA:22,1
DA:23,1
DA:24,1
DA:25,1
DA:26,1
DA:27,1
DA:28,1
DA:29,1
DA:30,1
DA:31,1
DA:32,1
DA:33,1
DA:34,15
DA:35,15
DA:36,15
DA:37,15
DA:38,15
DA:39,15
DA:40,15
DA:41,8
DA:42,8
DA:43,8
DA:44,8
DA:45,8
DA:46,8
DA:47,8
DA:48,8
DA:49,8
DA:50,8
DA:51,15
DA:52,15
DA:53,15
DA:54,15
DA:55,15
DA:56,1
DA:57,16
DA:58,16
DA:59,4
DA:60,4
DA:61,4
DA:62,4
DA:63,16
DA:64,16
DA:65,16
DA:66,16
DA:67,1
DA:68,4
DA:69,4
DA:70,4
DA:71,4
DA:72,4
DA:73,4
DA:74,4
DA:75,4
DA:76,4
DA:77,1
DA:78,1
DA:79,3
DA:80,3
DA:81,3
DA:82,3
DA:83,3
DA:84,3
DA:85,3
DA:86,3
DA:87,3
DA:88,3
DA:89,3
DA:90,3
DA:91,3
DA:92,3
DA:93,3
DA:94,0
DA:95,0
DA:96,0
DA:97,0
DA:98,0
DA:99,0
DA:100,0
DA:101,3
DA:102,3
DA:103,2
DA:104,2
DA:105,3
DA:106,3
DA:107,3
DA:108,3
DA:109,3
DA:110,3
DA:111,3
DA:112,3
DA:113,3
DA:114,3
DA:115,3
DA:116,3
DA:117,3
DA:118,3
DA:119,3
DA:120,3
DA:121,3
DA:122,3
DA:123,6
DA:124,6
DA:125,6
DA:126,6
DA:127,6
DA:128,6
DA:129,6
DA:130,6
DA:131,6
DA:132,6
DA:133,6
DA:134,6
DA:135,6
DA:136,6
DA:137,6
DA:138,6
DA:139,6
DA:140,6
DA:141,6
DA:142,6
DA:143,3
DA:144,3
DA:145,3
DA:146,3
DA:147,1
DA:148,1
DA:149,1
DA:150,1
DA:151,1
DA:152,1
DA:153,1
DA:154,1
DA:155,1
DA:156,1
DA:157,1
DA:158,1
DA:159,1
DA:160,1
DA:161,1
DA:162,1
DA:163,1
DA:164,1
DA:165,1
DA:166,1
DA:167,1
DA:168,1
DA:169,1
DA:170,1
DA:171,1
DA:172,1
DA:173,12
DA:174,12
DA:175,12
DA:176,12
DA:177,12
DA:178,12
DA:179,12
DA:180,12
DA:181,12
DA:182,12
DA:183,12
DA:184,12
DA:185,12
DA:186,12
DA:187,12
DA:188,12
DA:189,12
DA:190,12
DA:191,12
DA:192,12
DA:193,12
DA:194,2
DA:195,2
DA:196,12
DA:197,12
DA:198,1
DA:199,1
DA:200,1
DA:201,12
DA:202,12
DA:203,0
DA:204,0
DA:205,0
DA:206,12
DA:207,12
DA:208,12
DA:209,12
DA:210,12
DA:211,12
DA:212,12
DA:213,12
DA:214,12
DA:215,12
DA:216,12
DA:217,12
DA:218,12
DA:219,12
DA:220,12
DA:221,12
DA:222,12
DA:223,12
DA:224,12
DA:225,12
DA:226,12
DA:227,12
DA:228,12
DA:229,12
DA:230,12
DA:231,12
DA:232,12
DA:233,12
DA:234,12
DA:235,12
DA:236,12
DA:237,12
DA:238,12
DA:239,12
DA:240,12
DA:241,12
DA:242,12
DA:243,12
DA:244,12
DA:245,12
DA:246,12
DA:247,12
DA:248,12
DA:249,12
DA:250,12
DA:251,12
LF:251
LH:241
BRDA:33,0,0,15
BRDA:40,1,0,8
BRDA:41,2,0,0
BRDA:41,3,0,6
BRDA:41,4,0,2
BRDA:56,5,0,16
BRDA:65,6,0,15
BRDA:65,7,0,0
BRDA:65,8,0,15
BRDA:65,9,0,4
BRDA:58,10,0,4
BRDA:67,11,0,4
BRDA:74,12,0,0
BRDA:70,13,0,3
BRDA:71,14,0,1
BRDA:78,15,0,3
BRDA:102,16,0,2
BRDA:122,17,0,6
BRDA:125,18,0,0
BRDA:132,19,0,0
BRDA:132,20,0,3
BRDA:132,21,0,3
BRDA:135,22,0,0
BRDA:137,23,0,0
BRDA:148,24,0,1
BRDA:172,25,0,12
BRDA:185,26,0,0
BRDA:186,27,0,0
BRDA:187,28,0,0
BRDA:190,29,0,6
BRDA:190,30,0,6
BRDA:188,31,0,0
BRDA:207,32,0,0
BRDA:236,33,0,0
BRDA:236,34,0,0
BRDA:193,35,0,2
BRDA:197,36,0,1
BRF:37
BRH:23
end_of_record
TN:
SF:libs/platform-analytics/src/CIInsights/CJOCInsights/CJOCInsightsContainer/CJOCInsightsContainer.tsx
FN:23,CJOCInsightsContainer
FN:59,handleViewModeChange
FN:63,handleChange
FNF:3
FNH:1
FNDA:8,CJOCInsightsContainer
FNDA:0,handleViewModeChange
FNDA:0,handleChange
DA:1,1
DA:2,1
DA:3,1
DA:4,1
DA:5,1
DA:6,1
DA:7,1
DA:8,1
DA:9,1
DA:10,1
DA:11,1
DA:12,1
DA:13,1
DA:14,1
DA:15,1
DA:16,1
DA:17,1
DA:18,1
DA:19,1
DA:20,1
DA:21,1
DA:22,1
DA:23,1
DA:24,8
DA:25,8
DA:26,8
DA:27,8
DA:28,8
DA:29,8
DA:30,8
DA:31,8
DA:32,8
DA:33,8
DA:34,4
DA:35,4
DA:36,4
DA:37,4
DA:38,4
DA:39,4
DA:40,4
DA:41,0
DA:42,0
DA:43,0
DA:44,0
DA:45,0
DA:46,0
DA:47,4
DA:48,4
DA:49,4
DA:50,8
DA:51,8
DA:52,8
DA:53,8
DA:54,8
DA:55,8
DA:56,8
DA:57,8
DA:58,8
DA:59,8
DA:60,0
DA:61,0
DA:62,8
DA:63,8
DA:64,0
DA:65,0
DA:66,0
DA:67,0
DA:68,8
DA:69,8
DA:70,8
DA:71,8
DA:72,8
DA:73,8
DA:74,8
DA:75,8
DA:76,8
DA:77,8
DA:78,8
DA:79,8
DA:80,8
DA:81,8
DA:82,8
DA:83,8
DA:84,8
DA:85,8
DA:86,8
DA:87,8
DA:88,8
DA:89,8
DA:90,8
DA:91,8
DA:92,8
DA:93,8
DA:94,8
DA:95,8
DA:96,8
DA:97,8
DA:98,8
DA:99,8
DA:100,8
DA:101,8
DA:102,8
DA:103,8
DA:104,8
DA:105,8
DA:106,8
DA:107,8
DA:108,8
DA:109,8
DA:110,8
DA:111,8
DA:112,8
DA:113,8
DA:114,8
DA:115,8
DA:116,8
DA:117,8
DA:118,8
DA:119,8
DA:120,8
DA:121,8
DA:122,8
DA:123,8
DA:124,8
DA:125,8
DA:126,8
DA:127,8
LF:127
LH:115
BRDA:23,0,0,8
BRDA:26,1,0,0
BRDA:50,2,0,0
BRDA:56,3,0,0
BRDA:56,4,0,0
BRDA:74,5,0,0
BRDA:78,6,0,0
BRDA:33,7,0,4
BRDA:36,8,0,0
BRDA:37,9,0,0
BRDA:37,10,0,0
BRDA:40,11,0,0
BRDA:40,12,0,0
BRDA:49,13,0,0
BRDA:38,14,0,0
BRDA:56,15,0,8
BRDA:111,16,0,0
BRDA:112,17,0,0
BRF:18
BRH:3
end_of_record
TN:
SF:libs/platform-analytics/src/CIInsights/CJOCInsights/CJOCInsightsTable/CJOCInsightsTable.tsx
FN:22,CJOCInsightsTable
FN:28,handleCjocInsightsTableName
FNF:2
FNH:2
FNDA:10,CJOCInsightsTable
FNDA:2,handleCjocInsightsTableName
DA:1,1
DA:2,1
DA:3,1
DA:4,1
DA:5,1
DA:6,1
DA:7,1
DA:8,1
DA:9,1
DA:10,1
DA:11,1
DA:12,1
DA:13,1
DA:14,1
DA:15,1
DA:16,1
DA:17,1
DA:18,1
DA:19,1
DA:20,1
DA:21,1
DA:22,1
DA:23,10
DA:24,10
DA:25,10
DA:26,10
DA:27,10
DA:28,10
DA:29,2
DA:30,2
DA:31,2
DA:32,2
DA:33,2
DA:34,2
DA:35,2
DA:36,10
DA:37,10
DA:38,10
DA:39,10
DA:40,10
DA:41,10
DA:42,10
DA:43,10
DA:44,10
DA:45,10
DA:46,10
DA:47,10
DA:48,10
DA:49,10
DA:50,10
DA:51,10
DA:52,10
DA:53,10
DA:54,10
DA:55,10
DA:56,10
DA:57,10
DA:58,10
DA:59,10
DA:60,10
DA:61,10
DA:62,10
DA:63,10
DA:64,10
DA:65,10
DA:66,10
DA:67,10
DA:68,10
DA:69,10
DA:70,10
DA:71,10
DA:72,10
DA:73,10
DA:74,10
DA:75,10
DA:76,10
DA:77,10
DA:78,10
DA:79,10
DA:80,10
DA:81,10
DA:82,10
DA:83,10
DA:84,10
DA:85,10
DA:86,10
DA:87,10
DA:88,10
DA:89,16
DA:90,2
DA:91,14
DA:92,4
DA:93,10
DA:94,10
DA:95,10
DA:96,10
DA:97,10
DA:98,10
DA:99,10
DA:100,10
DA:101,10
DA:102,10
DA:103,10
DA:104,10
DA:105,10
DA:106,10
DA:107,10
DA:108,10
DA:109,10
DA:110,10
DA:111,10
DA:112,10
DA:113,10
DA:114,10
DA:115,10
DA:116,10
DA:117,10
DA:118,10
DA:119,10
DA:120,10
DA:121,10
DA:122,10
DA:123,10
DA:124,10
DA:125,10
DA:126,10
DA:127,10
DA:128,10
DA:129,10
DA:130,10
DA:131,10
DA:132,10
DA:133,10
DA:134,10
DA:135,10
DA:136,10
DA:137,10
DA:138,10
DA:139,10
DA:140,10
DA:141,10
DA:142,10
DA:143,10
DA:144,10
DA:145,10
DA:146,10
DA:147,10
DA:148,10
DA:149,10
DA:150,10
DA:151,10
DA:152,10
DA:153,10
DA:154,10
DA:155,10
DA:156,10
DA:157,10
DA:158,10
DA:159,10
DA:160,10
DA:161,10
DA:162,10
DA:163,10
LF:163
LH:163
BRDA:22,0,0,10
BRDA:83,1,0,0
BRDA:83,2,0,0
BRDA:28,3,0,2
BRDA:88,4,0,0
BRDA:88,5,0,8
BRDA:88,6,0,0
BRDA:88,7,0,0
BRDA:89,8,0,16
BRDA:89,9,0,2
BRDA:91,10,0,14
BRDA:92,11,0,4
BRDA:112,12,0,0
BRDA:112,13,0,0
BRDA:118,14,0,0
BRDA:125,15,0,0
BRDA:134,16,0,0
BRDA:134,17,0,0
BRDA:140,18,0,0
BRDA:149,19,0,0
BRDA:149,20,0,0
BRDA:155,21,0,0
BRDA:98,22,0,0
BRDA:99,23,0,0
BRDA:100,24,0,0
BRDA:101,25,0,0
BRF:26
BRH:7
end_of_record
TN:
SF:libs/platform-analytics/src/CIInsights/ErrorConfigurationAlert/ErrorConfigurationAlert.tsx
FN:12,ErrorConfigurationAlert
FNF:1
FNH:1
FNDA:1,ErrorConfigurationAlert
DA:1,1
DA:2,1
DA:3,1
DA:4,1
DA:5,1
DA:6,1
DA:7,1
DA:8,1
DA:9,1
DA:10,1
DA:11,1
DA:12,1
DA:13,1
DA:14,1
DA:15,1
DA:16,1
DA:17,1
DA:18,1
DA:19,1
DA:20,1
DA:21,1
DA:22,1
DA:23,1
DA:24,1
DA:25,1
DA:26,1
DA:27,1
DA:28,1
DA:29,1
DA:30,1
DA:31,1
DA:32,1
DA:33,1
LF:33
LH:33
BRDA:12,0,0,1
BRF:1
BRH:1
end_of_record
TN:
SF:libs/platform-analytics/src/CIInsights/WidgetsComponents/CompletedRuns/CompletedRuns.tsx
FN:11,CompletedRuns
FNF:1
FNH:1
FNDA:4,CompletedRuns
DA:1,1
DA:2,1
DA:3,1
DA:4,1
DA:5,1
DA:6,1
DA:7,1
DA:8,1
DA:9,1
DA:10,1
DA:11,1
DA:12,4
DA:13,4
DA:14,4
DA:15,1
DA:16,1
DA:17,1
DA:18,1
DA:19,1
DA:20,1
DA:21,1
DA:22,1
DA:23,1
DA:24,1
DA:25,1
DA:26,1
DA:27,1
DA:28,1
DA:29,1
DA:30,4
DA:31,4
DA:32,4
DA:33,4
DA:34,4
DA:35,4
DA:36,4
DA:37,4
DA:38,4
DA:39,4
LF:39
LH:39
BRDA:11,0,0,4
BRDA:14,1,0,0
BRDA:14,2,0,1
BRDA:30,3,0,0
BRF:4
BRH:2
end_of_record
TN:
SF:libs/platform-analytics/src/CIInsights/WidgetsComponents/CompletedRuns/CompletedRunsContent.tsx
FN:11,CompletedRunsContent
FNF:1
FNH:1
FNDA:6,CompletedRunsContent
DA:1,1
DA:2,1
DA:3,1
DA:4,1
DA:5,1
DA:6,1
DA:7,1
DA:8,1
DA:9,1
DA:10,1
DA:11,1
DA:12,6
DA:13,6
DA:14,6
DA:15,6
DA:16,6
DA:17,6
DA:18,6
DA:19,6
DA:20,6
DA:21,6
DA:22,6
DA:23,6
DA:24,6
DA:25,1
DA:26,1
DA:27,1
DA:28,1
DA:29,1
DA:30,1
DA:31,1
DA:32,1
DA:33,1
DA:34,1
DA:35,1
DA:36,1
DA:37,1
DA:38,1
DA:39,1
DA:40,1
DA:41,1
DA:42,1
DA:43,1
DA:44,1
DA:45,1
DA:46,1
DA:47,1
DA:48,1
DA:49,1
DA:50,1
DA:51,6
DA:52,6
DA:53,6
DA:54,6
DA:55,6
DA:56,6
DA:57,6
DA:58,6
DA:59,6
DA:60,6
DA:61,6
DA:62,6
DA:63,6
DA:64,6
DA:65,6
DA:66,6
DA:67,6
DA:68,6
LF:68
LH:68
BRDA:11,0,0,6
BRDA:24,1,0,1
BRF:2
BRH:2
end_of_record
TN:
SF:libs/platform-analytics/src/CIInsights/WidgetsComponents/ProjectTypes/ProjectTypes.tsx
FN:7,ProjectTypes
FNF:1
FNH:1
FNDA:4,ProjectTypes
DA:1,1
DA:2,1
DA:3,1
DA:4,1
DA:5,1
DA:6,1
DA:7,1
DA:8,4
DA:9,4
DA:10,4
DA:11,4
DA:12,4
DA:13,4
DA:14,4
DA:15,4
DA:16,4
DA:17,4
DA:18,4
DA:19,4
DA:20,4
DA:21,4
DA:22,4
DA:23,4
DA:24,4
DA:25,3
DA:26,6
DA:27,6
DA:28,6
DA:29,6
DA:30,6
DA:31,6
DA:32,6
DA:33,6
DA:34,6
DA:35,6
DA:36,6
DA:37,6
DA:38,6
DA:39,6
DA:40,6
DA:41,6
DA:42,6
DA:43,6
DA:44,6
DA:45,6
DA:46,6
DA:47,6
DA:48,6
DA:49,6
DA:50,6
DA:51,6
DA:52,6
DA:53,4
DA:54,1
DA:55,1
DA:56,1
DA:57,4
DA:58,4
DA:59,4
LF:59
LH:59
BRDA:7,0,0,4
BRDA:21,1,0,0
BRDA:22,2,0,0
BRDA:22,3,0,0
BRDA:23,4,0,0
BRDA:23,5,0,0
BRDA:24,6,0,3
BRDA:24,7,0,0
BRDA:24,8,0,0
BRDA:53,9,0,1
BRDA:23,10,0,5
BRDA:23,11,0,0
BRDA:25,12,0,6
BRDA:26,13,0,0
BRDA:44,14,0,0
BRDA:47,15,0,0
BRF:16
BRH:5
end_of_record
TN:
SF:libs/platform-analytics/src/CIInsights/WidgetsComponents/ProjectsActivity/ProjectActivityTable.tsx
FN:22,ProjectsActivityTable
FN:32,cell
FN:60,cell
FN:94,cell
FNF:4
FNH:4
FNDA:30,ProjectsActivityTable
FNDA:25,cell
FNDA:25,cell
FNDA:26,cell
DA:1,1
DA:2,1
DA:3,1
DA:4,1
DA:5,1
DA:6,1
DA:7,1
DA:8,1
DA:9,1
DA:10,1
DA:11,1
DA:12,1
DA:13,1
DA:14,1
DA:15,1
DA:16,1
DA:17,1
DA:18,1
DA:19,1
DA:20,1
DA:21,1
DA:22,1
DA:23,30
DA:24,30
DA:25,30
DA:26,30
DA:27,30
DA:28,30
DA:29,30
DA:30,30
DA:31,30
DA:32,30
DA:33,25
DA:34,2
DA:35,2
DA:36,2
DA:37,2
DA:38,2
DA:39,2
DA:40,2
DA:41,2
DA:42,2
DA:43,2
DA:44,2
DA:45,2
DA:46,2
DA:47,2
DA:48,25
DA:49,25
DA:50,25
DA:51,30
DA:52,30
DA:53,30
DA:54,30
DA:55,3
DA:56,3
DA:57,30
DA:58,30
DA:59,30
DA:60,30
DA:61,25
DA:62,25
DA:63,25
DA:64,25
DA:65,25
DA:66,25
DA:67,25
DA:68,25
DA:69,25
DA:70,25
DA:71,25
DA:72,25
DA:73,25
DA:74,25
DA:75,25
DA:76,25
DA:77,25
DA:78,25
DA:79,25
DA:80,25
DA:81,30
DA:82,30
DA:83,30
DA:84,30
DA:85,30
DA:86,30
DA:87,30
DA:88,30
DA:89,30
DA:90,30
DA:91,30
DA:92,30
DA:93,30
DA:94,30
DA:95,26
DA:96,25
DA:97,25
DA:98,25
DA:99,25
DA:100,25
DA:101,25
DA:102,25
DA:103,25
DA:104,25
DA:105,25
DA:106,25
DA:107,25
DA:108,25
DA:109,25
DA:110,26
DA:111,26
DA:112,30
DA:113,30
DA:114,30
DA:115,30
DA:116,30
DA:117,30
DA:118,30
DA:119,30
DA:120,30
DA:121,30
DA:122,30
DA:123,30
DA:124,30
DA:125,30
DA:126,30
DA:127,30
DA:128,30
DA:129,30
DA:130,30
DA:131,30
DA:132,30
DA:133,30
DA:134,30
DA:135,30
DA:136,30
DA:137,30
DA:138,30
DA:139,30
DA:140,30
DA:141,30
DA:142,30
DA:143,30
DA:144,30
DA:145,30
DA:146,30
LF:146
LH:146
BRDA:22,0,0,30
BRDA:25,1,0,29
BRDA:25,2,0,0
BRDA:25,3,0,29
BRDA:25,4,0,0
BRDA:32,5,0,25
BRDA:33,6,0,4
BRDA:33,7,0,0
BRDA:33,8,0,2
BRDA:34,9,0,0
BRDA:34,10,0,0
BRDA:44,11,0,0
BRDA:44,12,0,0
BRDA:48,13,0,0
BRDA:48,14,0,0
BRDA:54,15,0,6
BRDA:54,16,0,0
BRDA:54,17,0,3
BRDA:56,18,0,26
BRDA:60,19,0,25
BRDA:61,20,0,0
BRDA:61,21,0,0
BRDA:65,22,0,0
BRDA:65,23,0,0
BRDA:77,24,0,0
BRDA:77,25,0,0
BRDA:94,26,0,26
BRDA:95,27,0,25
BRDA:95,28,0,0
BRDA:95,29,0,25
BRDA:95,30,0,0
BRDA:95,31,0,25
BRDA:95,32,0,25
BRDA:106,33,0,0
BRDA:106,34,0,0
BRDA:109,35,0,0
BRDA:110,36,0,0
BRDA:110,37,0,0
BRF:38
BRH:15
end_of_record
TN:
SF:libs/platform-analytics/src/CIInsights/WidgetsComponents/ProjectsActivity/ProjectsActivity.tsx
FN:8,ProjectsActivity
FNF:1
FNH:1
FNDA:10,ProjectsActivity
DA:1,1
DA:2,1
DA:3,1
DA:4,1
DA:5,1
DA:6,1
DA:7,1
DA:8,1
DA:9,10
DA:10,10
DA:11,10
DA:12,10
DA:13,10
DA:14,10
DA:15,10
LF:15
LH:15
BRDA:8,0,0,10
BRDA:10,1,0,9
BRDA:10,2,0,0
BRDA:10,3,0,9
BRDA:10,4,0,0
BRDA:11,5,0,9
BRDA:11,6,0,0
BRDA:11,7,0,9
BRDA:12,8,0,9
BRDA:12,9,0,0
BRDA:12,10,0,9
BRF:11
BRH:7
end_of_record
TN:
SF:libs/platform-analytics/src/CIInsights/WidgetsComponents/ProjectsActivity/ProjectsActivityFilters/ProjectsActivityFilters.tsx
FN:30,ProjectsActivityFilters
FN:39,handleClick
FN:43,handleChange
FN:53,resetFilters
FN:58,handleClose
FNF:5
FNH:4
FNDA:16,ProjectsActivityFilters
FNDA:2,handleClick
FNDA:2,handleChange
FNDA:1,resetFilters
FNDA:0,handleClose
DA:1,1
DA:2,1
DA:3,1
DA:4,1
DA:5,1
DA:6,1
DA:7,1
DA:8,1
DA:9,1
DA:10,1
DA:11,1
DA:12,1
DA:13,1
DA:14,1
DA:15,1
DA:16,1
DA:17,1
DA:18,1
DA:19,1
DA:20,1
DA:21,1
DA:22,1
DA:23,1
DA:24,1
DA:25,1
DA:26,1
DA:27,1
DA:28,1
DA:29,1
DA:30,1
DA:31,16
DA:32,16
DA:33,16
DA:34,16
DA:35,16
DA:36,16
DA:37,16
DA:38,16
DA:39,16
DA:40,2
DA:41,2
DA:42,16
DA:43,16
DA:44,2
DA:45,2
DA:46,2
DA:47,16
DA:48,16
DA:49,11
DA:50,11
DA:51,16
DA:52,16
DA:53,16
DA:54,1
DA:55,1
DA:56,1
DA:57,16
DA:58,16
DA:59,0
DA:60,0
DA:61,16
DA:62,16
DA:63,16
DA:64,16
DA:65,16
DA:66,16
DA:67,16
DA:68,16
DA:69,16
DA:70,16
DA:71,16
DA:72,16
DA:73,16
DA:74,16
DA:75,16
DA:76,16
DA:77,16
DA:78,16
DA:79,16
DA:80,16
DA:81,16
DA:82,16
DA:83,16
DA:84,16
DA:85,16
DA:86,16
DA:87,16
DA:88,16
DA:89,16
DA:90,16
DA:91,16
DA:92,16
DA:93,16
DA:94,16
DA:95,16
DA:96,16
DA:97,16
DA:98,16
DA:99,16
DA:100,16
DA:101,16
DA:102,16
DA:103,16
DA:104,16
DA:105,16
DA:106,16
DA:107,16
DA:108,16
DA:109,16
DA:110,16
DA:111,16
DA:112,16
DA:113,16
DA:114,16
DA:115,16
DA:116,16
DA:117,16
DA:118,16
DA:119,16
DA:120,16
DA:121,16
DA:122,16
DA:123,16
DA:124,16
DA:125,16
DA:126,16
DA:127,16
DA:128,16
DA:129,16
DA:130,16
DA:131,16
DA:132,16
DA:133,16
DA:134,16
DA:135,16
DA:136,16
DA:137,16
DA:138,16
DA:139,16
DA:140,16
DA:141,16
DA:142,16
LF:142
LH:140
BRDA:30,0,0,16
BRDA:75,1,0,15
BRDA:75,2,0,0
BRDA:75,3,0,15
BRDA:97,4,0,15
BRDA:97,5,0,0
BRDA:97,6,0,15
BRDA:122,7,0,0
BRDA:122,8,0,15
BRDA:39,9,0,2
BRDA:43,10,0,2
BRDA:48,11,0,11
BRDA:53,12,0,1
BRF:13
BRH:10
end_of_record
TN:
SF:libs/platform-analytics/src/CIInsights/WidgetsComponents/RunsOverview/RunsOverview.tsx
FN:18,RunsOverview
FNF:1
FNH:1
FNDA:3,RunsOverview
DA:1,1
DA:2,1
DA:3,1
DA:4,1
DA:5,1
DA:6,1
DA:7,1
DA:8,1
DA:9,1
DA:10,1
DA:11,1
DA:12,1
DA:13,1
DA:14,1
DA:15,1
DA:16,1
DA:17,1
DA:18,1
DA:19,3
DA:20,3
DA:21,3
DA:22,3
DA:23,3
DA:24,3
DA:25,3
DA:26,3
DA:27,3
DA:28,3
DA:29,3
DA:30,3
DA:31,3
DA:32,3
DA:33,3
DA:34,3
DA:35,3
DA:36,3
DA:37,3
DA:38,3
DA:39,3
DA:40,3
DA:41,3
DA:42,3
DA:43,3
DA:44,3
DA:45,3
DA:46,3
DA:47,3
DA:48,3
DA:49,3
DA:50,3
DA:51,3
DA:52,3
DA:53,3
DA:54,3
DA:55,3
DA:56,3
DA:57,3
DA:58,3
LF:58
LH:58
BRDA:18,0,0,3
BRDA:40,1,0,0
BRDA:43,2,0,0
BRDA:45,3,0,0
BRDA:49,4,0,0
BRDA:50,5,0,0
BRF:6
BRH:1
end_of_record
TN:
SF:libs/platform-analytics/src/CIInsights/WidgetsComponents/SystemHealth/SystemHealth.tsx
FN:11,SystemHealth
FNF:1
FNH:1
FNDA:5,SystemHealth
DA:1,1
DA:2,1
DA:3,1
DA:4,1
DA:5,1
DA:6,1
DA:7,1
DA:8,1
DA:9,1
DA:10,1
DA:11,1
DA:12,5
DA:13,5
DA:14,5
DA:15,5
DA:16,5
DA:17,5
DA:18,5
DA:19,5
DA:20,5
DA:21,5
DA:22,5
DA:23,5
DA:24,5
DA:25,5
DA:26,5
DA:27,5
DA:28,5
DA:29,5
DA:30,5
DA:31,5
DA:32,5
DA:33,5
DA:34,5
DA:35,5
DA:36,5
DA:37,5
DA:38,5
DA:39,5
DA:40,5
DA:41,5
DA:42,5
DA:43,5
DA:44,5
DA:45,5
DA:46,5
DA:47,5
DA:48,5
DA:49,5
DA:50,4
DA:51,4
DA:52,4
DA:53,4
DA:54,4
DA:55,4
DA:56,4
DA:57,4
DA:58,4
DA:59,4
DA:60,5
DA:61,5
DA:62,5
DA:63,5
DA:64,5
DA:65,5
DA:66,5
DA:67,5
DA:68,5
DA:69,5
DA:70,5
DA:71,5
DA:72,5
DA:73,5
DA:74,5
DA:75,5
LF:75
LH:75
BRDA:11,0,0,5
BRDA:24,1,0,0
BRDA:30,2,0,0
BRDA:33,3,0,0
BRDA:33,4,0,0
BRDA:33,5,0,0
BRDA:34,6,0,0
BRDA:34,7,0,0
BRDA:44,8,0,0
BRDA:49,9,0,0
BRDA:49,10,0,4
BRF:11
BRH:2
end_of_record
TN:
SF:libs/platform-analytics/src/CIInsights/WidgetsComponents/SystemInformation/SystemInformation.tsx
FN:13,SystemInformation
FNF:1
FNH:1
FNDA:7,SystemInformation
DA:1,1
DA:2,1
DA:3,1
DA:4,1
DA:5,1
DA:6,1
DA:7,1
DA:8,1
DA:9,1
DA:10,1
DA:11,1
DA:12,1
DA:13,1
DA:14,7
DA:15,7
DA:16,7
DA:17,7
DA:18,7
DA:19,7
DA:20,7
DA:21,7
DA:22,7
DA:23,7
DA:24,7
DA:25,7
DA:26,7
DA:27,7
DA:28,7
DA:29,7
DA:30,7
DA:31,1
DA:32,1
DA:33,1
DA:34,1
DA:35,1
DA:36,1
DA:37,1
DA:38,7
DA:39,6
DA:40,6
DA:41,6
DA:42,6
DA:43,6
DA:44,6
DA:45,6
DA:46,6
DA:47,7
DA:48,7
DA:49,7
DA:50,7
DA:51,7
DA:52,7
DA:53,7
DA:54,7
DA:55,7
DA:56,7
DA:57,7
DA:58,7
DA:59,7
DA:60,7
DA:61,7
DA:62,7
DA:63,7
DA:64,7
DA:65,7
DA:66,7
DA:67,7
DA:68,7
DA:69,7
DA:70,7
DA:71,7
DA:72,7
DA:73,7
DA:74,7
DA:75,7
DA:76,7
DA:77,7
DA:78,7
DA:79,7
DA:80,7
DA:81,7
DA:82,7
DA:83,7
DA:84,7
DA:85,7
DA:86,7
DA:87,7
DA:88,7
DA:89,7
DA:90,7
DA:91,7
DA:92,7
DA:93,7
DA:94,7
DA:95,7
DA:96,7
DA:97,7
DA:98,7
DA:99,7
DA:100,7
DA:101,7
DA:102,7
DA:103,7
DA:104,7
DA:105,7
DA:106,7
DA:107,7
DA:108,7
DA:109,7
DA:110,7
DA:111,7
DA:112,7
DA:113,7
DA:114,7
DA:115,7
DA:116,7
DA:117,7
DA:118,7
DA:119,7
LF:119
LH:119
BRDA:13,0,0,7
BRDA:15,1,0,0
BRDA:15,2,0,0
BRDA:18,3,0,0
BRDA:18,4,0,0
BRDA:18,5,0,0
BRDA:19,6,0,0
BRDA:19,7,0,0
BRDA:19,8,0,0
BRDA:28,9,0,0
BRDA:29,10,0,0
BRDA:30,11,0,0
BRDA:30,12,0,1
BRDA:34,13,0,0
BRDA:38,14,0,6
BRDA:38,15,0,0
BRDA:40,16,0,0
BRDA:42,17,0,0
BRDA:66,18,0,0
BRDA:66,19,0,0
BRDA:81,20,0,0
BRDA:89,21,0,0
BRDA:112,22,0,0
BRF:23
BRH:3
end_of_record
TN:
SF:libs/platform-analytics/src/CIInsights/WidgetsComponents/UsagePatterns/UsagePatterns.tsx
FN:16,UsagePatterns
FN:27,handleChange
FNF:2
FNH:2
FNDA:6,UsagePatterns
FNDA:4,handleChange
DA:1,1
DA:2,1
DA:3,1
DA:4,1
DA:5,1
DA:6,1
DA:7,1
DA:8,1
DA:9,1
DA:10,1
DA:11,1
DA:12,1
DA:13,1
DA:14,1
DA:15,1
DA:16,1
DA:17,6
DA:18,6
DA:19,6
DA:20,6
DA:21,6
DA:22,6
DA:23,6
DA:24,6
DA:25,6
DA:26,6
DA:27,6
DA:28,4
DA:29,4
DA:30,4
DA:31,6
DA:32,6
DA:33,6
DA:34,6
DA:35,6
DA:36,6
DA:37,6
DA:38,6
DA:39,6
DA:40,6
DA:41,6
DA:42,6
DA:43,6
DA:44,6
DA:45,6
DA:46,6
DA:47,6
DA:48,6
DA:49,6
DA:50,6
DA:51,6
DA:52,6
DA:53,6
DA:54,6
DA:55,6
DA:56,6
DA:57,6
DA:58,6
DA:59,6
DA:60,6
DA:61,6
DA:62,6
DA:63,6
DA:64,6
DA:65,6
DA:66,6
DA:67,6
DA:68,6
DA:69,6
DA:70,6
DA:71,6
DA:72,6
DA:73,6
DA:74,6
DA:75,6
DA:76,6
DA:77,6
DA:78,6
DA:79,6
DA:80,6
DA:81,6
DA:82,6
DA:83,6
DA:84,6
LF:84
LH:84
BRDA:16,0,0,6
BRDA:24,1,0,0
BRDA:24,2,0,0
BRDA:72,3,0,0
BRDA:74,4,0,0
BRDA:75,5,0,0
BRDA:24,6,0,6
BRDA:27,7,0,4
BRDA:32,8,0,6
BRF:9
BRH:4
end_of_record
TN:
SF:libs/platform-analytics/src/Configuration/Configuration.tsx
FN:29,Configuration
FN:55,onSuccess
FN:139,onSuccess
FN:144,onError
FN:175,onSubmit
FNF:5
FNH:1
FNDA:6,Configuration
FNDA:0,onSuccess
FNDA:0,onSuccess
FNDA:0,onError
FNDA:0,onSubmit
DA:1,1
DA:2,1
DA:3,1
DA:4,1
DA:5,1
DA:6,1
DA:7,1
DA:8,1
DA:9,1
DA:10,1
DA:11,1
DA:12,1
DA:13,1
DA:14,1
DA:15,1
DA:16,1
DA:17,1
DA:18,1
DA:19,1
DA:20,1
DA:21,1
DA:22,1
DA:23,1
DA:24,1
DA:25,1
DA:26,1
DA:27,1
DA:28,1
DA:29,1
DA:30,6
DA:31,6
DA:32,6
DA:33,6
DA:34,6
DA:35,6
DA:36,6
DA:37,6
DA:38,6
DA:39,6
DA:40,6
DA:41,6
DA:42,6
DA:43,6
DA:44,6
DA:45,6
DA:46,6
DA:47,6
DA:48,6
DA:49,6
DA:50,6
DA:51,6
DA:52,6
DA:53,6
DA:54,6
DA:55,6
DA:56,0
DA:57,0
DA:58,0
DA:59,0
DA:60,0
DA:61,0
DA:62,6
DA:63,6
DA:64,6
DA:65,6
DA:66,6
DA:67,6
DA:68,6
DA:69,6
DA:70,6
DA:71,6
DA:72,6
DA:73,6
DA:74,6
DA:75,6
DA:76,6
DA:77,6
DA:78,6
DA:79,6
DA:80,6
DA:81,6
DA:82,6
DA:83,4
DA:84,2
DA:85,2
DA:86,6
DA:87,6
DA:88,6
DA:89,4
DA:90,0
DA:91,0
DA:92,6
DA:93,6
DA:94,6
DA:95,6
DA:96,0
DA:97,0
DA:98,0
DA:99,0
DA:100,6
DA:101,6
DA:102,6
DA:103,6
DA:104,0
DA:105,0
DA:106,0
DA:107,6
DA:108,6
DA:109,6
DA:110,6
DA:111,0
DA:112,0
DA:113,0
DA:114,6
DA:115,6
DA:116,6
DA:117,6
DA:118,0
DA:119,0
DA:120,6
DA:121,6
DA:122,6
DA:123,0
DA:124,0
DA:125,0
DA:126,0
DA:127,0
DA:128,0
DA:129,0
DA:130,0
DA:131,6
DA:132,6
DA:133,0
DA:134,0
DA:135,0
DA:136,0
DA:137,0
DA:138,6
DA:139,6
DA:140,0
DA:141,0
DA:142,0
DA:143,6
DA:144,6
DA:145,0
DA:146,0
DA:147,6
DA:148,6
DA:149,5
DA:150,5
DA:151,5
DA:152,6
DA:153,6
DA:154,6
DA:155,6
DA:156,6
DA:157,6
DA:158,5
DA:159,5
DA:160,5
DA:161,5
DA:162,5
DA:163,5
DA:164,5
DA:165,6
DA:166,6
DA:167,6
DA:168,6
DA:169,6
DA:170,6
DA:171,6
DA:172,6
DA:173,6
DA:174,6
DA:175,6
DA:176,0
DA:177,0
DA:178,0
DA:179,0
DA:180,0
DA:181,0
DA:182,6
DA:183,6
DA:184,6
DA:185,6
DA:186,6
DA:187,6
DA:188,6
DA:189,6
DA:190,6
DA:191,6
DA:192,6
DA:193,6
DA:194,6
DA:195,6
DA:196,6
DA:197,6
DA:198,6
DA:199,6
DA:200,6
DA:201,6
DA:202,6
DA:203,6
LF:203
LH:159
BRDA:29,0,0,6
BRDA:86,1,0,2
BRDA:86,2,0,4
BRDA:92,3,0,1
BRDA:92,4,0,5
BRDA:148,5,0,5
BRDA:148,6,0,1
BRDA:148,7,0,5
BRDA:152,8,0,0
BRDA:155,9,0,5
BRDA:155,10,0,0
BRDA:155,11,0,5
BRDA:157,12,0,5
BRDA:160,13,0,0
BRDA:162,14,0,0
BRDA:184,15,0,0
BRDA:82,16,0,4
BRDA:83,17,0,2
BRDA:83,18,0,2
BRDA:83,19,0,2
BRDA:84,20,0,0
BRDA:88,21,0,4
BRDA:89,22,0,1
BRDA:89,23,0,3
BRDA:89,24,0,0
BRDA:89,25,0,0
BRF:26
BRH:18
end_of_record
TN:
SF:libs/platform-analytics/src/Configuration/ConfigurationDrawer/ConfigurationDrawer.tsx
FN:17,ConfigurationDrawer
FN:28,onCloseStepper
FNF:2
FNH:2
FNDA:6,ConfigurationDrawer
FNDA:1,onCloseStepper
DA:1,1
DA:2,1
DA:3,1
DA:4,1
DA:5,1
DA:6,1
DA:7,1
DA:8,1
DA:9,1
DA:10,1
DA:11,1
DA:12,1
DA:13,1
DA:14,1
DA:15,1
DA:16,1
DA:17,1
DA:18,6
DA:19,6
DA:20,6
DA:21,6
DA:22,6
DA:23,6
DA:24,6
DA:25,6
DA:26,6
DA:27,6
DA:28,6
DA:29,1
DA:30,1
DA:31,1
DA:32,6
DA:33,6
DA:34,6
DA:35,1
DA:36,4
DA:37,4
DA:38,4
DA:39,4
DA:40,6
DA:41,6
DA:42,6
DA:43,6
DA:44,6
DA:45,6
DA:46,6
DA:47,6
DA:48,6
DA:49,6
DA:50,6
DA:51,6
DA:52,6
DA:53,6
DA:54,6
DA:55,6
DA:56,6
DA:57,6
DA:58,6
LF:58
LH:58
BRDA:17,0,0,6
BRDA:34,1,0,1
BRDA:35,2,0,4
BRDA:28,3,0,1
BRF:4
BRH:4
end_of_record
TN:
SF:libs/platform-analytics/src/Configuration/ConfigurationHeader/ConfigurationHeader.tsx
FN:12,ConfigurationHeader
FNF:1
FNH:1
FNDA:8,ConfigurationHeader
DA:1,1
DA:2,1
DA:3,1
DA:4,1
DA:5,1
DA:6,1
DA:7,1
DA:8,1
DA:9,1
DA:10,1
DA:11,1
DA:12,1
DA:13,8
DA:14,8
DA:15,8
DA:16,8
DA:17,8
DA:18,8
DA:19,8
DA:20,8
DA:21,8
DA:22,8
DA:23,8
DA:24,8
DA:25,8
DA:26,8
DA:27,8
DA:28,8
DA:29,8
DA:30,8
DA:31,8
DA:32,8
LF:32
LH:32
BRDA:12,0,0,8
BRF:1
BRH:1
end_of_record
TN:
SF:libs/platform-analytics/src/Configuration/ConfigurationTable/ConfigurationTable.tsx
FN:36,cell
FN:43,onClick
FN:51,onClick
FN:65,ConfigurationTable
FNF:4
FNH:4
FNDA:7,cell
FNDA:1,onClick
FNDA:1,onClick
FNDA:4,ConfigurationTable
DA:1,1
DA:2,1
DA:3,1
DA:4,1
DA:5,1
DA:6,1
DA:7,1
DA:8,1
DA:9,1
DA:10,1
DA:11,1
DA:12,1
DA:13,1
DA:14,1
DA:15,1
DA:16,1
DA:17,1
DA:18,1
DA:19,1
DA:20,1
DA:21,1
DA:22,1
DA:23,1
DA:24,1
DA:25,1
DA:26,1
DA:27,1
DA:28,1
DA:29,1
DA:30,1
DA:31,1
DA:32,1
DA:33,1
DA:34,1
DA:35,1
DA:36,1
DA:37,7
DA:38,7
DA:39,7
DA:40,7
DA:41,7
DA:42,7
DA:43,7
DA:44,1
DA:45,1
DA:46,7
DA:47,7
DA:48,7
DA:49,7
DA:50,7
DA:51,7
DA:52,1
DA:53,1
DA:54,7
DA:55,7
DA:56,7
DA:57,7
DA:58,7
DA:59,7
DA:60,7
DA:61,7
DA:62,1
DA:63,1
DA:64,1
DA:65,1
DA:66,4
DA:67,4
DA:68,4
DA:69,4
DA:70,4
DA:71,4
DA:72,4
DA:73,4
DA:74,4
DA:75,4
DA:76,4
DA:77,4
DA:78,4
DA:79,4
DA:80,4
DA:81,4
DA:82,4
LF:82
LH:82
BRDA:36,0,0,7
BRDA:43,1,0,1
BRDA:51,2,0,1
BRDA:65,3,0,4
BRF:4
BRH:4
end_of_record
TN:
SF:libs/platform-analytics/src/Configuration/DeleteConfigurationModal/DeleteConfigurationModal.tsx
FN:12,DeleteConfigurationModal
FNF:1
FNH:1
FNDA:5,DeleteConfigurationModal
DA:1,1
DA:2,1
DA:3,1
DA:4,1
DA:5,1
DA:6,1
DA:7,1
DA:8,1
DA:9,1
DA:10,1
DA:11,1
DA:12,1
DA:13,5
DA:14,5
DA:15,5
DA:16,5
DA:17,5
DA:18,5
DA:19,5
DA:20,5
DA:21,5
DA:22,5
DA:23,5
DA:24,5
DA:25,5
DA:26,5
DA:27,5
DA:28,5
DA:29,5
DA:30,5
DA:31,5
DA:32,5
DA:33,5
DA:34,5
DA:35,5
DA:36,5
DA:37,5
DA:38,5
DA:39,5
DA:40,5
DA:41,5
DA:42,5
DA:43,5
DA:44,5
DA:45,5
DA:46,5
DA:47,5
DA:48,5
DA:49,5
DA:50,5
DA:51,5
DA:52,5
LF:52
LH:52
BRDA:12,0,0,5
BRF:1
BRH:1
end_of_record
TN:
SF:libs/platform-analytics/src/Configuration/Steps/FlowItemsMapping/FlowItemsMapping.spec.tsx
FNF:0
FNH:0
DA:1,1
DA:2,1
DA:3,1
DA:4,1
DA:5,1
DA:6,1
DA:7,1
DA:8,1
DA:9,1
DA:10,1
DA:11,1
DA:12,1
DA:13,1
DA:14,1
DA:15,1
DA:16,1
DA:17,1
DA:18,1
DA:19,1
DA:20,1
DA:21,1
DA:22,1
DA:23,1
DA:24,1
DA:25,1
DA:26,1
DA:27,1
DA:28,1
DA:29,1
DA:30,1
DA:31,1
DA:32,1
DA:33,1
DA:34,1
DA:35,1
DA:36,1
DA:37,1
DA:38,1
DA:39,1
DA:40,1
DA:41,1
DA:42,1
DA:43,1
DA:44,1
DA:45,1
DA:46,1
DA:47,1
DA:48,1
DA:49,1
DA:50,1
DA:51,1
DA:52,1
DA:53,1
DA:54,1
DA:55,1
DA:56,1
DA:57,1
DA:58,1
DA:59,1
DA:60,1
DA:61,1
DA:62,1
DA:63,1
DA:64,1
DA:65,1
DA:66,1
DA:67,1
DA:68,1
DA:69,1
DA:70,1
DA:71,1
DA:72,1
DA:73,1
DA:74,1
DA:75,1
DA:76,1
DA:77,1
DA:78,1
DA:79,1
DA:80,1
DA:81,1
DA:82,1
DA:83,1
DA:84,1
DA:85,1
DA:86,1
DA:87,1
DA:88,1
DA:89,1
DA:90,1
DA:91,1
DA:92,1
DA:93,1
DA:94,1
DA:95,1
DA:96,1
DA:97,1
DA:98,1
DA:99,1
DA:100,1
DA:101,1
DA:102,1
DA:103,1
DA:104,1
DA:105,1
DA:106,1
DA:107,1
DA:108,1
DA:109,1
DA:110,1
DA:111,1
DA:112,1
DA:113,1
DA:114,1
DA:115,1
DA:116,1
DA:117,1
DA:118,1
DA:119,1
DA:120,1
DA:121,1
DA:122,1
DA:123,1
DA:124,1
DA:125,1
DA:126,1
DA:127,1
DA:128,1
DA:129,1
DA:130,1
DA:131,1
DA:132,1
DA:133,1
DA:134,1
DA:135,1
DA:136,1
DA:137,1
DA:138,1
DA:139,1
DA:140,1
DA:141,1
DA:142,1
DA:143,1
DA:144,1
DA:145,1
DA:146,1
DA:147,1
DA:148,1
DA:149,1
DA:150,1
DA:151,1
DA:152,1
DA:153,1
DA:154,1
DA:155,1
DA:156,1
DA:157,1
DA:158,1
DA:159,1
DA:160,1
DA:161,1
DA:162,1
DA:163,1
DA:164,1
DA:165,1
DA:166,1
DA:167,1
DA:168,1
DA:169,1
DA:170,1
DA:171,1
DA:172,1
DA:173,1
DA:174,1
DA:175,1
DA:176,1
DA:177,1
DA:178,1
DA:179,1
DA:180,1
DA:181,1
DA:182,1
DA:183,1
DA:184,1
DA:185,1
DA:186,1
DA:187,1
DA:188,1
DA:189,1
DA:190,1
DA:191,1
DA:192,1
DA:193,1
DA:194,1
DA:195,1
DA:196,1
DA:197,1
DA:198,1
DA:199,1
DA:200,1
DA:201,1
DA:202,1
DA:203,1
DA:204,1
DA:205,1
DA:206,1
DA:207,1
DA:208,1
DA:209,1
DA:210,1
DA:211,1
DA:212,1
DA:213,1
DA:214,1
DA:215,1
DA:216,1
DA:217,1
DA:218,1
DA:219,1
DA:220,1
DA:221,1
DA:222,1
DA:223,1
DA:224,1
DA:225,1
DA:226,1
DA:227,1
DA:228,1
DA:229,1
DA:230,1
DA:231,1
DA:232,1
DA:233,1
DA:234,1
DA:235,1
DA:236,1
DA:237,1
DA:238,1
DA:239,1
DA:240,1
DA:241,1
DA:242,1
DA:243,1
DA:244,1
DA:245,1
DA:246,1
DA:247,1
DA:248,1
DA:249,1
DA:250,1
DA:251,1
DA:252,1
DA:253,1
DA:254,1
DA:255,1
DA:256,1
DA:257,1
DA:258,1
DA:259,1
DA:260,1
DA:261,1
DA:262,1
DA:263,1
DA:264,1
DA:265,1
DA:266,1
DA:267,1
DA:268,1
DA:269,1
DA:270,1
DA:271,1
DA:272,1
DA:273,1
DA:274,1
DA:275,1
DA:276,1
DA:277,1
LF:277
LH:277
BRF:0
BRH:0
end_of_record
TN:
SF:libs/platform-analytics/src/Configuration/Steps/FlowItemsMapping/FlowItemsMapping.tsx
FN:18,FlowItemsMapping
FN:67,onChange
FNF:2
FNH:2
FNDA:8,FlowItemsMapping
FNDA:2,onChange
DA:1,1
DA:2,1
DA:3,1
DA:4,1
DA:5,1
DA:6,1
DA:7,1
DA:8,1
DA:9,1
DA:10,1
DA:11,1
DA:12,1
DA:13,1
DA:14,1
DA:15,1
DA:16,1
DA:17,1
DA:18,1
DA:19,8
DA:20,8
DA:21,8
DA:22,8
DA:23,8
DA:24,8
DA:25,8
DA:26,8
DA:27,8
DA:28,8
DA:29,7
DA:30,7
DA:31,7
DA:32,7
DA:33,7
DA:34,8
DA:35,8
DA:36,8
DA:37,8
DA:38,8
DA:39,5
DA:40,5
DA:41,5
DA:42,5
DA:43,5
DA:44,2
DA:45,2
DA:46,2
DA:47,2
DA:48,2
DA:49,2
DA:50,2
DA:51,2
DA:52,2
DA:53,5
DA:54,5
DA:55,5
DA:56,5
DA:57,5
DA:58,5
DA:59,5
DA:60,5
DA:61,5
DA:62,5
DA:63,5
DA:64,5
DA:65,5
DA:66,5
DA:67,5
DA:68,2
DA:69,2
DA:70,2
DA:71,2
DA:72,2
DA:73,2
DA:74,5
DA:75,5
DA:76,5
DA:77,5
DA:78,5
DA:79,8
DA:80,8
DA:81,8
DA:82,8
DA:83,8
DA:84,8
DA:85,8
DA:86,8
DA:87,8
DA:88,8
DA:89,8
DA:90,8
LF:90
LH:90
BRDA:18,0,0,8
BRDA:34,1,0,0
BRDA:38,2,0,7
BRDA:38,3,0,0
BRDA:38,4,0,7
BRDA:28,5,0,7
BRDA:30,6,0,0
BRDA:30,7,0,0
BRDA:30,8,0,0
BRDA:32,9,0,0
BRDA:31,10,0,0
BRDA:31,11,0,0
BRDA:32,12,0,0
BRDA:38,13,0,5
BRDA:43,14,0,2
BRDA:48,15,0,0
BRDA:67,16,0,2
BRDA:71,17,0,1
BRDA:71,18,0,1
BRDA:82,19,0,0
BRF:20
BRH:9
end_of_record
TN:
SF:libs/platform-analytics/src/Configuration/Steps/SelectProject/SelectProject.tsx
FN:14,SelectProject
FN:53,customRenderFn
FN:73,renderOption
FNF:3
FNH:2
FNDA:4,SelectProject
FNDA:8,customRenderFn
FNDA:0,renderOption
DA:1,1
DA:2,1
DA:3,1
DA:4,1
DA:5,1
DA:6,1
DA:7,1
DA:8,1
DA:9,1
DA:10,1
DA:11,1
DA:12,1
DA:13,1
DA:14,1
DA:15,4
DA:16,4
DA:17,4
DA:18,4
DA:19,4
DA:20,4
DA:21,4
DA:22,4
DA:23,4
DA:24,4
DA:25,4
DA:26,4
DA:27,4
DA:28,4
DA:29,4
DA:30,4
DA:31,4
DA:32,4
DA:33,4
DA:34,4
DA:35,4
DA:36,4
DA:37,4
DA:38,4
DA:39,4
DA:40,4
DA:41,4
DA:42,4
DA:43,4
DA:44,4
DA:45,4
DA:46,4
DA:47,4
DA:48,4
DA:49,4
DA:50,4
DA:51,4
DA:52,4
DA:53,4
DA:54,8
DA:55,8
DA:56,4
DA:57,4
DA:58,4
DA:59,4
DA:60,4
DA:61,4
DA:62,4
DA:63,4
DA:64,4
DA:65,4
DA:66,3
DA:67,3
DA:68,4
DA:69,4
DA:70,4
DA:71,4
DA:72,4
DA:73,4
DA:74,0
DA:75,0
DA:76,0
DA:77,0
DA:78,0
DA:79,0
DA:80,0
DA:81,0
DA:82,4
DA:83,4
DA:84,4
DA:85,4
DA:86,4
DA:87,4
DA:88,4
DA:89,4
DA:90,4
DA:91,4
DA:92,4
DA:93,4
DA:94,4
DA:95,4
DA:96,4
LF:96
LH:88
BRDA:14,0,0,4
BRDA:50,1,0,0
BRDA:61,2,0,0
BRDA:68,3,0,0
BRDA:88,4,0,0
BRDA:88,5,0,3
BRDA:88,6,0,0
BRDA:26,7,0,4
BRDA:27,8,0,1
BRDA:27,9,0,3
BRDA:27,10,0,1
BRDA:27,11,0,5
BRDA:27,12,0,0
BRDA:27,13,0,0
BRDA:30,14,0,4
BRDA:33,15,0,1
BRDA:33,16,0,3
BRDA:33,17,0,1
BRDA:33,18,0,5
BRDA:33,19,0,0
BRDA:33,20,0,0
BRDA:37,21,0,4
BRDA:40,22,0,1
BRDA:40,23,0,3
BRDA:40,24,0,1
BRDA:40,25,0,3
BRDA:40,26,0,0
BRDA:40,27,0,0
BRDA:53,28,0,8
BRDA:54,29,0,0
BRDA:54,30,0,0
BRDA:54,31,0,12
BRDA:65,32,0,3
BRDA:66,33,0,0
BRDA:66,34,0,0
BRDA:66,35,0,0
BRDA:68,36,0,6
BRDA:68,37,0,0
BRDA:71,38,0,0
BRDA:71,39,0,4
BRDA:71,40,0,18
BRDA:71,41,0,4
BRDA:71,42,0,18
BRDA:71,43,0,0
BRF:44
BRH:25
end_of_record
TN:
SF:libs/platform-analytics/src/Configuration/Steps/WorkStatusMapping/WorkStatusMapping.tsx
FN:13,WorkStatusMapping
FNF:1
FNH:1
FNDA:3,WorkStatusMapping
DA:1,1
DA:2,1
DA:3,1
DA:4,1
DA:5,1
DA:6,1
DA:7,1
DA:8,1
DA:9,1
DA:10,1
DA:11,1
DA:12,1
DA:13,1
DA:14,3
DA:15,3
DA:16,3
DA:17,3
DA:18,3
DA:19,3
DA:20,3
DA:21,3
DA:22,3
DA:23,3
DA:24,3
DA:25,3
DA:26,3
DA:27,3
DA:28,3
DA:29,3
DA:30,3
DA:31,3
DA:32,3
DA:33,3
DA:34,3
DA:35,3
DA:36,3
DA:37,3
DA:38,3
DA:39,3
DA:40,3
DA:41,3
DA:42,3
DA:43,3
DA:44,3
DA:45,3
DA:46,3
DA:47,3
DA:48,3
DA:49,3
DA:50,3
DA:51,3
DA:52,3
DA:53,3
DA:54,3
DA:55,3
DA:56,3
DA:57,3
DA:58,3
DA:59,3
LF:59
LH:59
BRDA:13,0,0,3
BRDA:42,1,0,0
BRDA:52,2,0,0
BRDA:24,3,0,3
BRDA:25,4,0,0
BRDA:25,5,0,0
BRDA:29,6,0,0
BRDA:29,7,0,0
BRDA:30,8,0,0
BRDA:30,9,0,0
BRDA:26,10,0,0
BRDA:26,11,0,0
BRDA:27,12,0,0
BRF:13
BRH:2
end_of_record
TN:
SF:libs/platform-analytics/src/DoraMetrics/DoraMetrics.tsx
FN:34,DoraMetrics
FNF:1
FNH:1
FNDA:4,DoraMetrics
DA:1,1
DA:2,1
DA:3,1
DA:4,1
DA:5,1
DA:6,1
DA:7,1
DA:8,1
DA:9,1
DA:10,1
DA:11,1
DA:12,1
DA:13,1
DA:14,1
DA:15,1
DA:16,1
DA:17,1
DA:18,1
DA:19,1
DA:20,1
DA:21,1
DA:22,1
DA:23,1
DA:24,1
DA:25,1
DA:26,1
DA:27,1
DA:28,1
DA:29,1
DA:30,1
DA:31,1
DA:32,1
DA:33,1
DA:34,1
DA:35,4
DA:36,4
DA:37,4
DA:38,4
DA:39,4
DA:40,4
DA:41,4
DA:42,4
DA:43,4
DA:44,4
DA:45,4
DA:46,4
DA:47,4
DA:48,4
DA:49,3
DA:50,1
DA:51,1
DA:52,4
DA:53,4
DA:54,4
DA:55,3
DA:56,0
DA:57,0
DA:58,0
DA:59,0
DA:60,0
DA:61,0
DA:62,0
DA:63,4
DA:64,4
DA:65,4
DA:66,4
DA:67,4
DA:68,4
DA:69,4
DA:70,4
DA:71,4
DA:72,4
DA:73,4
DA:74,4
DA:75,4
DA:76,4
DA:77,4
DA:78,4
DA:79,4
DA:80,4
DA:81,4
DA:82,4
DA:83,4
DA:84,4
DA:85,4
DA:86,4
DA:87,4
DA:88,4
DA:89,4
DA:90,4
DA:91,4
DA:92,4
DA:93,4
DA:94,4
DA:95,4
DA:96,4
DA:97,2
DA:98,2
DA:99,2
DA:100,2
DA:101,2
DA:102,2
DA:103,2
DA:104,2
DA:105,2
DA:106,2
DA:107,4
DA:108,4
DA:109,4
DA:110,4
DA:111,4
DA:112,4
DA:113,4
DA:114,4
LF:114
LH:107
BRDA:34,0,0,4
BRDA:63,1,0,0
BRDA:96,2,0,3
BRDA:96,3,0,2
BRDA:107,4,0,0
BRDA:107,5,0,2
BRDA:48,6,0,3
BRDA:49,7,0,1
BRDA:54,8,0,3
BRDA:55,9,0,0
BRDA:55,10,0,0
BRDA:55,11,0,0
BRDA:66,12,0,4
BRDA:73,13,0,0
BRDA:82,14,0,0
BRF:15
BRH:8
end_of_record
TN:
SF:libs/platform-analytics/src/FlowMetrics/FlowMetrics.tsx
FN:32,FlowMetrics
FNF:1
FNH:1
FNDA:7,FlowMetrics
DA:1,1
DA:2,1
DA:3,1
DA:4,1
DA:5,1
DA:6,1
DA:7,1
DA:8,1
DA:9,1
DA:10,1
DA:11,1
DA:12,1
DA:13,1
DA:14,1
DA:15,1
DA:16,1
DA:17,1
DA:18,1
DA:19,1
DA:20,1
DA:21,1
DA:22,1
DA:23,1
DA:24,1
DA:25,1
DA:26,1
DA:27,1
DA:28,1
DA:29,1
DA:30,1
DA:31,1
DA:32,1
DA:33,7
DA:34,7
DA:35,7
DA:36,7
DA:37,7
DA:38,7
DA:39,7
DA:40,7
DA:41,7
DA:42,7
DA:43,7
DA:44,7
DA:45,4
DA:46,3
DA:47,3
DA:48,7
DA:49,7
DA:50,7
DA:51,7
DA:52,7
DA:53,7
DA:54,7
DA:55,7
DA:56,7
DA:57,7
DA:58,7
DA:59,7
DA:60,7
DA:61,7
DA:62,7
DA:63,7
DA:64,7
DA:65,7
DA:66,7
DA:67,7
DA:68,7
DA:69,7
DA:70,7
DA:71,7
DA:72,7
DA:73,7
DA:74,6
DA:75,6
DA:76,6
DA:77,6
DA:78,6
DA:79,6
DA:80,6
DA:81,6
DA:82,6
DA:83,6
DA:84,7
DA:85,7
DA:86,7
DA:87,7
DA:88,7
DA:89,7
DA:90,7
DA:91,7
LF:91
LH:91
BRDA:32,0,0,7
BRDA:73,1,0,1
BRDA:73,2,0,6
BRDA:84,3,0,0
BRDA:84,4,0,6
BRDA:44,5,0,4
BRDA:45,6,0,3
BRDA:51,7,0,7
BRDA:58,8,0,0
BRF:9
BRH:7
end_of_record
TN:
SF:libs/platform-analytics/src/SecurityInsights/SecurityInsights.tsx
FN:32,SecurityInsights
FNF:1
FNH:1
FNDA:7,SecurityInsights
DA:1,1
DA:2,1
DA:3,1
DA:4,1
DA:5,1
DA:6,1
DA:7,1
DA:8,1
DA:9,1
DA:10,1
DA:11,1
DA:12,1
DA:13,1
DA:14,1
DA:15,1
DA:16,1
DA:17,1
DA:18,1
DA:19,1
DA:20,1
DA:21,1
DA:22,1
DA:23,1
DA:24,1
DA:25,1
DA:26,1
DA:27,1
DA:28,1
DA:29,1
DA:30,1
DA:31,1
DA:32,1
DA:33,7
DA:34,7
DA:35,7
DA:36,7
DA:37,7
DA:38,7
DA:39,7
DA:40,7
DA:41,7
DA:42,7
DA:43,7
DA:44,7
DA:45,4
DA:46,3
DA:47,3
DA:48,7
DA:49,7
DA:50,7
DA:51,7
DA:52,7
DA:53,7
DA:54,7
DA:55,7
DA:56,7
DA:57,7
DA:58,7
DA:59,7
DA:60,7
DA:61,7
DA:62,7
DA:63,7
DA:64,7
DA:65,7
DA:66,7
DA:67,7
DA:68,7
DA:69,7
DA:70,7
DA:71,7
DA:72,7
DA:73,7
DA:74,6
DA:75,6
DA:76,6
DA:77,6
DA:78,6
DA:79,6
DA:80,6
DA:81,6
DA:82,6
DA:83,6
DA:84,7
DA:85,7
DA:86,7
DA:87,7
DA:88,7
DA:89,7
DA:90,7
DA:91,7
LF:91
LH:91
BRDA:32,0,0,7
BRDA:73,1,0,1
BRDA:73,2,0,6
BRDA:84,3,0,0
BRDA:84,4,0,6
BRDA:44,5,0,4
BRDA:45,6,0,3
BRDA:51,7,0,7
BRDA:58,8,0,0
BRF:9
BRH:7
end_of_record
TN:
SF:libs/platform-analytics/src/SoftwareDeliveryActivity/SoftwareDeliveryActivity.tsx
FN:32,SoftwareDeliveryActivity
FNF:1
FNH:1
FNDA:5,SoftwareDeliveryActivity
DA:1,1
DA:2,1
DA:3,1
DA:4,1
DA:5,1
DA:6,1
DA:7,1
DA:8,1
DA:9,1
DA:10,1
DA:11,1
DA:12,1
DA:13,1
DA:14,1
DA:15,1
DA:16,1
DA:17,1
DA:18,1
DA:19,1
DA:20,1
DA:21,1
DA:22,1
DA:23,1
DA:24,1
DA:25,1
DA:26,1
DA:27,1
DA:28,1
DA:29,1
DA:30,1
DA:31,1
DA:32,1
DA:33,5
DA:34,5
DA:35,5
DA:36,5
DA:37,5
DA:38,5
DA:39,5
DA:40,5
DA:41,5
DA:42,5
DA:43,5
DA:44,5
DA:45,3
DA:46,2
DA:47,2
DA:48,5
DA:49,5
DA:50,5
DA:51,5
DA:52,5
DA:53,5
DA:54,5
DA:55,5
DA:56,5
DA:57,5
DA:58,5
DA:59,5
DA:60,5
DA:61,5
DA:62,5
DA:63,5
DA:64,5
DA:65,5
DA:66,5
DA:67,5
DA:68,5
DA:69,5
DA:70,5
DA:71,5
DA:72,5
DA:73,5
DA:74,4
DA:75,4
DA:76,4
DA:77,4
DA:78,4
DA:79,4
DA:80,4
DA:81,4
DA:82,4
DA:83,4
DA:84,5
DA:85,5
DA:86,5
DA:87,5
DA:88,5
DA:89,5
DA:90,5
DA:91,5
LF:91
LH:91
BRDA:32,0,0,5
BRDA:73,1,0,1
BRDA:73,2,0,4
BRDA:84,3,0,0
BRDA:84,4,0,4
BRDA:44,5,0,3
BRDA:45,6,0,2
BRDA:51,7,0,5
BRDA:58,8,0,0
BRF:9
BRH:7
end_of_record
TN:
SF:libs/platform-analytics/src/TestInsights/TestInsights.tsx
FN:31,TestInsights
FNF:1
FNH:1
FNDA:5,TestInsights
DA:1,1
DA:2,1
DA:3,1
DA:4,1
DA:5,1
DA:6,1
DA:7,1
DA:8,1
DA:9,1
DA:10,1
DA:11,1
DA:12,1
DA:13,1
DA:14,1
DA:15,1
DA:16,1
DA:17,1
DA:18,1
DA:19,1
DA:20,1
DA:21,1
DA:22,1
DA:23,1
DA:24,1
DA:25,1
DA:26,1
DA:27,1
DA:28,1
DA:29,1
DA:30,1
DA:31,1
DA:32,5
DA:33,5
DA:34,5
DA:35,5
DA:36,5
DA:37,5
DA:38,5
DA:39,5
DA:40,5
DA:41,5
DA:42,5
DA:43,5
DA:44,3
DA:45,2
DA:46,2
DA:47,5
DA:48,5
DA:49,5
DA:50,5
DA:51,5
DA:52,5
DA:53,5
DA:54,5
DA:55,5
DA:56,5
DA:57,5
DA:58,5
DA:59,5
DA:60,5
DA:61,5
DA:62,5
DA:63,5
DA:64,5
DA:65,5
DA:66,5
DA:67,5
DA:68,5
DA:69,5
DA:70,5
DA:71,5
DA:72,5
DA:73,4
DA:74,4
DA:75,4
DA:76,4
DA:77,4
DA:78,4
DA:79,4
DA:80,4
DA:81,4
DA:82,4
DA:83,4
DA:84,4
DA:85,4
DA:86,4
DA:87,4
DA:88,4
DA:89,4
DA:90,4
LF:90
LH:90
BRDA:31,0,0,5
BRDA:72,1,0,1
BRDA:72,2,0,4
BRDA:43,3,0,3
BRDA:44,4,0,2
BRDA:50,5,0,5
BRDA:57,6,0,0
BRF:7
BRH:6
end_of_record
TN:
SF:libs/platform-analytics/src/Transition/Transition.tsx
FN:38,TransitionActions
FN:136,TransitionWarning
FN:161,TransitionWarnings
FN:193,Transition
FNF:4
FNH:4
FNDA:12,TransitionActions
FNDA:6,TransitionWarning
FNDA:12,TransitionWarnings
FNDA:12,Transition
DA:1,1
DA:2,1
DA:3,1
DA:4,1
DA:5,1
DA:6,1
DA:7,1
DA:8,1
DA:9,1
DA:10,1
DA:11,1
DA:12,1
DA:13,1
DA:14,1
DA:15,1
DA:16,1
DA:17,1
DA:18,1
DA:19,1
DA:20,1
DA:21,1
DA:22,1
DA:23,1
DA:24,1
DA:25,1
DA:26,1
DA:27,1
DA:28,1
DA:29,1
DA:30,1
DA:31,1
DA:32,1
DA:33,1
DA:34,1
DA:35,1
DA:36,1
DA:37,1
DA:38,1
DA:39,12
DA:40,12
DA:41,12
DA:42,12
DA:43,12
DA:44,12
DA:45,12
DA:46,12
DA:47,12
DA:48,12
DA:49,12
DA:50,12
DA:51,12
DA:52,12
DA:53,12
DA:54,12
DA:55,12
DA:56,12
DA:57,12
DA:58,12
DA:59,12
DA:60,12
DA:61,12
DA:62,12
DA:63,12
DA:64,12
DA:65,12
DA:66,12
DA:67,12
DA:68,12
DA:69,12
DA:70,12
DA:71,12
DA:72,12
DA:73,12
DA:74,12
DA:75,12
DA:76,12
DA:77,12
DA:78,12
DA:79,12
DA:80,12
DA:81,12
DA:82,12
DA:83,12
DA:84,12
DA:85,12
DA:86,12
DA:87,12
DA:88,12
DA:89,12
DA:90,12
DA:91,12
DA:92,12
DA:93,12
DA:94,12
DA:95,12
DA:96,12
DA:97,12
DA:98,12
DA:99,12
DA:100,12
DA:101,12
DA:102,12
DA:103,12
DA:104,12
DA:105,12
DA:106,12
DA:107,12
DA:108,12
DA:109,12
DA:110,12
DA:111,12
DA:112,12
DA:113,12
DA:114,12
DA:115,12
DA:116,12
DA:117,12
DA:118,12
DA:119,12
DA:120,12
DA:121,12
DA:122,12
DA:123,12
DA:124,12
DA:125,12
DA:126,12
DA:127,12
DA:128,12
DA:129,12
DA:130,12
DA:131,12
DA:132,12
DA:133,12
DA:134,12
DA:135,1
DA:136,1
DA:137,6
DA:138,6
DA:139,6
DA:140,6
DA:141,6
DA:142,6
DA:143,6
DA:144,6
DA:145,6
DA:146,6
DA:147,6
DA:148,6
DA:149,6
DA:150,6
DA:151,6
DA:152,6
DA:153,6
DA:154,6
DA:155,6
DA:156,6
DA:157,6
DA:158,6
DA:159,6
DA:160,1
DA:161,1
DA:162,12
DA:163,12
DA:164,12
DA:165,12
DA:166,12
DA:167,12
DA:168,12
DA:169,12
DA:170,12
DA:171,12
DA:172,12
DA:173,12
DA:174,12
DA:175,12
DA:176,2
DA:177,12
DA:178,12
DA:179,12
DA:180,12
DA:181,12
DA:182,2
DA:183,12
DA:184,12
DA:185,12
DA:186,12
DA:187,12
DA:188,12
DA:189,6
DA:190,12
DA:191,12
DA:192,1
DA:193,1
DA:194,12
DA:195,12
DA:196,12
DA:197,12
DA:198,12
DA:199,12
DA:200,12
DA:201,12
DA:202,12
DA:203,12
DA:204,12
DA:205,12
DA:206,12
DA:207,12
DA:208,12
DA:209,12
DA:210,12
DA:211,12
DA:212,12
DA:213,12
DA:214,12
DA:215,12
DA:216,12
DA:217,12
DA:218,12
DA:219,12
DA:220,12
DA:221,12
DA:222,12
DA:223,12
DA:224,12
DA:225,12
DA:226,12
DA:227,12
DA:228,12
DA:229,12
DA:230,12
DA:231,12
DA:232,12
DA:233,12
DA:234,12
DA:235,12
DA:236,12
DA:237,12
DA:238,12
DA:239,12
DA:240,12
DA:241,12
DA:242,12
DA:243,12
DA:244,12
DA:245,12
DA:246,12
DA:247,12
DA:248,12
DA:249,12
DA:250,12
DA:251,12
LF:251
LH:251
BRDA:38,0,0,12
BRDA:114,1,0,0
BRDA:133,2,0,0
BRDA:136,3,0,6
BRDA:143,4,0,0
BRDA:161,5,0,12
BRDA:173,6,0,11
BRDA:173,7,0,6
BRDA:175,8,0,2
BRDA:181,9,0,2
BRDA:186,10,0,2
BRDA:188,11,0,6
BRDA:193,12,0,12
BRDA:247,13,0,0
BRF:14
BRH:10
end_of_record
TN:
SF:libs/platform-analytics/src/Transition/utils.tsx
FN:52,transitionStatusIcon
FNF:1
FNH:1
FNDA:29,transitionStatusIcon
DA:1,1
DA:2,1
DA:3,1
DA:4,1
DA:5,1
DA:6,1
DA:7,1
DA:8,1
DA:9,1
DA:10,1
DA:11,1
DA:12,1
DA:13,1
DA:14,1
DA:15,1
DA:16,1
DA:17,1
DA:18,1
DA:19,1
DA:20,1
DA:21,1
DA:22,1
DA:23,1
DA:24,1
DA:25,1
DA:26,1
DA:27,1
DA:28,1
DA:29,1
DA:30,1
DA:31,1
DA:32,1
DA:33,1
DA:34,1
DA:35,1
DA:36,1
DA:37,1
DA:38,1
DA:39,1
DA:40,1
DA:41,1
DA:42,1
DA:43,1
DA:44,1
DA:45,1
DA:46,1
DA:47,1
DA:48,1
DA:49,1
DA:50,1
DA:51,1
DA:52,1
DA:53,29
DA:54,29
DA:55,29
DA:56,29
DA:57,14
DA:58,29
DA:59,29
DA:60,1
DA:61,1
DA:62,1
DA:63,1
DA:64,1
DA:65,1
DA:66,1
LF:66
LH:66
BRDA:52,0,0,29
BRDA:56,1,0,14
BRF:2
BRH:2
end_of_record
TN:
SF:libs/platform-analytics/src/Transition/TransitionActions/CommonAction/CommonAction.tsx
FN:18,CommonAction
FNF:1
FNH:1
FNDA:18,CommonAction
DA:1,1
DA:2,1
DA:3,1
DA:4,1
DA:5,1
DA:6,1
DA:7,1
DA:8,1
DA:9,1
DA:10,1
DA:11,1
DA:12,1
DA:13,1
DA:14,1
DA:15,1
DA:16,1
DA:17,1
DA:18,1
DA:19,18
DA:20,18
DA:21,18
DA:22,18
DA:23,18
DA:24,18
DA:25,18
DA:26,18
DA:27,18
DA:28,18
DA:29,18
DA:30,18
DA:31,18
DA:32,18
DA:33,18
DA:34,18
DA:35,18
DA:36,18
DA:37,18
DA:38,18
DA:39,18
DA:40,18
DA:41,18
DA:42,18
DA:43,18
DA:44,18
DA:45,18
DA:46,18
DA:47,18
DA:48,18
DA:49,18
DA:50,18
DA:51,18
DA:52,18
DA:53,18
DA:54,18
DA:55,18
DA:56,18
DA:57,18
DA:58,18
DA:59,18
DA:60,18
DA:61,18
LF:61
LH:61
BRDA:18,0,0,18
BRDA:20,1,0,0
BRDA:31,2,0,9
BRDA:31,3,0,9
BRF:4
BRH:3
end_of_record
TN:
SF:libs/platform-analytics/src/Transition/TransitionActions/WorkflowAction/WorkflowAction.tsx
FN:23,WorkflowAction
FN:36,handleCreateWorkflow
FN:52,navigateToWorkflow
FNF:3
FNH:3
FNDA:11,WorkflowAction
FNDA:2,handleCreateWorkflow
FNDA:1,navigateToWorkflow
DA:1,1
DA:2,1
DA:3,1
DA:4,1
DA:5,1
DA:6,1
DA:7,1
DA:8,1
DA:9,1
DA:10,1
DA:11,1
DA:12,1
DA:13,1
DA:14,1
DA:15,1
DA:16,1
DA:17,1
DA:18,1
DA:19,1
DA:20,1
DA:21,1
DA:22,1
DA:23,1
DA:24,11
DA:25,11
DA:26,11
DA:27,11
DA:28,11
DA:29,11
DA:30,11
DA:31,11
DA:32,11
DA:33,11
DA:34,11
DA:35,11
DA:36,11
DA:37,2
DA:38,2
DA:39,2
DA:40,2
DA:41,2
DA:42,0
DA:43,2
DA:44,2
DA:45,2
DA:46,1
DA:47,1
DA:48,1
DA:49,2
DA:50,2
DA:51,11
DA:52,11
DA:53,1
DA:54,1
DA:55,1
DA:56,1
DA:57,1
DA:58,1
DA:59,1
DA:60,1
DA:61,11
DA:62,11
DA:63,11
DA:64,11
DA:65,11
DA:66,11
DA:67,11
DA:68,11
DA:69,11
DA:70,11
DA:71,11
DA:72,11
DA:73,11
DA:74,11
DA:75,11
DA:76,11
DA:77,11
DA:78,11
DA:79,11
DA:80,11
DA:81,11
DA:82,11
DA:83,11
DA:84,11
DA:85,11
DA:86,11
DA:87,11
DA:88,11
DA:89,11
DA:90,11
DA:91,11
DA:92,11
DA:93,11
DA:94,11
DA:95,11
DA:96,11
DA:97,11
DA:98,11
DA:99,11
DA:100,11
LF:100
LH:99
BRDA:23,0,0,11
BRDA:28,1,0,0
BRDA:28,2,0,0
BRDA:70,3,0,6
BRDA:70,4,0,5
BRDA:76,5,0,6
BRDA:80,6,0,0
BRDA:85,7,0,0
BRDA:36,8,0,2
BRDA:37,9,0,0
BRDA:41,10,0,0
BRDA:43,11,0,1
BRDA:43,12,0,1
BRDA:45,13,0,1
BRDA:46,14,0,0
BRDA:46,15,0,0
BRDA:46,16,0,0
BRDA:46,17,0,1
BRDA:52,18,0,1
BRF:19
BRH:10
end_of_record
TN:
SF:libs/platform-analytics/src/Transition/TransitionActions/WorkflowAction/WorkflowDrawer/WorkflowDrawer.tsx
FN:28,WorkflowDrawer
FN:54,handleGotoWorkflowClick
FNF:2
FNH:2
FNDA:14,WorkflowDrawer
FNDA:2,handleGotoWorkflowClick
DA:1,1
DA:2,1
DA:3,1
DA:4,1
DA:5,1
DA:6,1
DA:7,1
DA:8,1
DA:9,1
DA:10,1
DA:11,1
DA:12,1
DA:13,1
DA:14,1
DA:15,1
DA:16,1
DA:17,1
DA:18,1
DA:19,1
DA:20,1
DA:21,1
DA:22,1
DA:23,1
DA:24,1
DA:25,1
DA:26,1
DA:27,1
DA:28,1
DA:29,14
DA:30,14
DA:31,14
DA:32,14
DA:33,14
DA:34,14
DA:35,14
DA:36,14
DA:37,14
DA:38,14
DA:39,14
DA:40,14
DA:41,14
DA:42,14
DA:43,14
DA:44,14
DA:45,14
DA:46,14
DA:47,12
DA:48,12
DA:49,12
DA:50,12
DA:51,14
DA:52,14
DA:53,14
DA:54,14
DA:55,2
DA:56,2
DA:57,2
DA:58,2
DA:59,2
DA:60,2
DA:61,2
DA:62,2
DA:63,2
DA:64,2
DA:65,2
DA:66,2
DA:67,2
DA:68,14
DA:69,14
DA:70,14
DA:71,14
DA:72,14
DA:73,14
DA:74,14
DA:75,14
DA:76,14
DA:77,14
DA:78,14
DA:79,14
DA:80,14
DA:81,14
DA:82,14
DA:83,14
DA:84,14
DA:85,14
DA:86,14
DA:87,14
DA:88,14
DA:89,14
DA:90,14
DA:91,14
DA:92,14
DA:93,14
DA:94,14
DA:95,14
DA:96,14
DA:97,14
DA:98,14
DA:99,14
DA:100,14
DA:101,14
DA:102,14
DA:103,14
DA:104,14
DA:105,14
DA:106,14
DA:107,14
DA:108,14
DA:109,14
DA:110,14
DA:111,14
DA:112,14
DA:113,14
DA:114,14
LF:114
LH:114
BRDA:28,0,0,14
BRDA:31,1,0,0
BRDA:31,2,0,0
BRDA:33,3,0,11
BRDA:75,4,0,0
BRDA:83,5,0,11
BRDA:83,6,0,0
BRDA:105,7,0,0
BRDA:105,8,0,6
BRDA:105,9,0,0
BRDA:46,10,0,12
BRDA:47,11,0,0
BRDA:47,12,0,0
BRDA:48,13,0,0
BRDA:49,14,0,0
BRDA:54,15,0,2
BRDA:58,16,0,0
BRDA:58,17,0,0
BRDA:58,18,0,0
BRDA:91,19,0,0
BRF:20
BRH:6
end_of_record
