TN:
SF:libs/shared-auth/src/userUtils.ts
FN:3,getUserDisplayName
FNF:1
FNH:1
FNDA:3,getUserDisplayName
DA:1,1
DA:2,1
DA:3,1
DA:4,3
DA:5,3
DA:6,3
DA:7,1
DA:8,3
DA:9,3
LF:9
LH:9
BRDA:3,0,0,3
BRDA:5,1,0,2
BRDA:6,2,0,1
BRDA:6,3,0,1
BRDA:6,4,0,1
BRF:5
BRH:5
end_of_record
TN:
SF:libs/shared-auth/src/AuthProvider/AuthProvider.tsx
FN:33,getKeycloakAccessToken
FN:42,removeAuthSearchParams
FN:53,useAuth
FN:98,loginWithRedirect
FN:108,buildAuthorizeUrl
FN:120,OpenIdAuthProvider
FN:147,onSigninCallback
FN:158,SignOutButton
FN:168,AuthProvider
FNF:9
FNH:4
FNDA:0,getKeycloakAccessToken
FNDA:1,removeAuthSearchParams
FNDA:2,useAuth
FNDA:0,loginWithRedirect
FNDA:0,buildAuthorizeUrl
FNDA:2,OpenIdAuthProvider
FNDA:0,onSigninCallback
FNDA:0,SignOutButton
FNDA:2,AuthProvider
DA:1,1
DA:2,1
DA:3,1
DA:4,1
DA:5,1
DA:6,1
DA:7,1
DA:8,1
DA:9,1
DA:10,1
DA:11,1
DA:12,1
DA:13,1
DA:14,1
DA:15,1
DA:16,1
DA:17,1
DA:18,1
DA:19,1
DA:20,1
DA:21,1
DA:22,1
DA:23,1
DA:24,1
DA:25,1
DA:26,1
DA:27,1
DA:28,1
DA:29,1
DA:30,1
DA:31,1
DA:32,1
DA:33,0
DA:34,0
DA:35,0
DA:36,0
DA:37,0
DA:38,0
DA:39,0
DA:40,0
DA:41,1
DA:42,1
DA:43,1
DA:44,1
DA:45,1
DA:46,1
DA:47,1
DA:48,1
DA:49,1
DA:50,1
DA:51,1
DA:52,1
DA:53,1
DA:54,2
DA:55,2
DA:56,2
DA:57,2
DA:58,2
DA:59,2
DA:60,2
DA:61,2
DA:62,2
DA:63,2
DA:64,2
DA:65,2
DA:66,2
DA:67,2
DA:68,2
DA:69,2
DA:70,2
DA:71,2
DA:72,2
DA:73,2
DA:74,2
DA:75,2
DA:76,2
DA:77,2
DA:78,2
DA:79,2
DA:80,2
DA:81,2
DA:82,2
DA:83,2
DA:84,2
DA:85,2
DA:86,2
DA:87,2
DA:88,0
DA:89,0
DA:90,2
DA:91,2
DA:92,0
DA:93,0
DA:94,0
DA:95,0
DA:96,2
DA:97,2
DA:98,2
DA:99,0
DA:100,0
DA:101,0
DA:102,0
DA:103,0
DA:104,0
DA:105,0
DA:106,0
DA:107,0
DA:108,2
DA:109,0
DA:110,0
DA:111,2
DA:112,2
DA:113,2
DA:114,2
DA:115,2
DA:116,1
DA:117,1
DA:118,1
DA:119,1
DA:120,1
DA:121,2
DA:122,2
DA:123,2
DA:124,2
DA:125,2
DA:126,2
DA:127,2
DA:128,2
DA:129,2
DA:130,2
DA:131,2
DA:132,1
DA:133,1
DA:134,1
DA:135,1
DA:136,1
DA:137,1
DA:138,2
DA:139,2
DA:140,2
DA:141,2
DA:142,2
DA:143,2
DA:144,2
DA:145,2
DA:146,2
DA:147,2
DA:148,0
DA:149,0
DA:150,0
DA:151,0
DA:152,2
DA:153,2
DA:154,2
DA:155,2
DA:156,2
DA:157,1
DA:158,1
DA:159,0
DA:160,0
DA:161,0
DA:162,0
DA:163,0
DA:164,0
DA:165,0
DA:166,0
DA:167,1
DA:168,1
DA:169,2
DA:170,2
DA:171,2
DA:172,2
DA:173,2
DA:174,2
DA:175,2
DA:176,2
DA:177,2
DA:178,2
DA:179,2
DA:180,2
DA:181,2
DA:182,2
DA:183,2
DA:184,2
DA:185,2
DA:186,0
DA:187,0
DA:188,0
DA:189,0
DA:190,0
DA:191,2
DA:192,2
DA:193,2
DA:194,2
DA:195,2
DA:196,2
DA:197,2
LF:197
LH:155
BRDA:42,0,0,1
BRDA:53,1,0,2
BRDA:60,2,0,0
BRDA:62,3,0,0
BRDA:64,4,0,0
BRDA:64,5,0,0
BRDA:74,6,0,2
BRDA:75,7,0,0
BRDA:76,8,0,0
BRDA:77,9,0,0
BRDA:78,10,0,0
BRDA:79,11,0,0
BRDA:86,12,0,2
BRDA:90,13,0,0
BRDA:120,14,0,2
BRDA:124,15,0,0
BRDA:124,16,0,1
BRDA:127,17,0,1
BRDA:127,18,0,0
BRDA:129,19,0,1
BRDA:129,20,0,0
BRDA:145,21,0,1
BRDA:145,22,0,0
BRDA:131,23,0,1
BRDA:168,24,0,2
BRDA:185,25,0,0
BRF:26
BRH:11
end_of_record
TN:
SF:libs/shared-auth/src/AuthProvider/useKeycloakEnabled.tsx
FN:4,useKeycloakEnabled
FNF:1
FNH:1
FNDA:4,useKeycloakEnabled
DA:1,1
DA:2,1
DA:3,1
DA:4,1
DA:5,4
DA:6,4
DA:7,4
DA:8,2
DA:9,2
DA:10,4
LF:10
LH:10
BRDA:4,0,0,4
BRDA:7,1,0,2
BRDA:8,2,0,2
BRF:3
BRH:3
end_of_record
TN:
SF:libs/shared-auth/src/RequireAuthenticatedUser/RequireAuthenticatedUser.tsx
FN:25,RequireAuthenticatedUser
FN:54,accessTokenExpiredCallback
FNF:2
FNH:1
FNDA:3,RequireAuthenticatedUser
FNDA:0,accessTokenExpiredCallback
DA:1,1
DA:2,1
DA:3,1
DA:4,1
DA:5,1
DA:6,1
DA:7,1
DA:8,1
DA:9,1
DA:10,1
DA:11,1
DA:12,1
DA:13,1
DA:14,1
DA:15,1
DA:16,1
DA:17,1
DA:18,1
DA:19,1
DA:20,1
DA:21,1
DA:22,1
DA:23,1
DA:24,1
DA:25,1
DA:26,3
DA:27,3
DA:28,3
DA:29,3
DA:30,3
DA:31,3
DA:32,3
DA:33,3
DA:34,3
DA:35,3
DA:36,3
DA:37,3
DA:38,3
DA:39,3
DA:40,3
DA:41,3
DA:42,3
DA:43,3
DA:44,3
DA:45,3
DA:46,3
DA:47,3
DA:48,3
DA:49,3
DA:50,3
DA:51,3
DA:52,3
DA:53,3
DA:54,3
DA:55,0
DA:56,0
DA:57,0
DA:58,3
DA:59,3
DA:60,1
DA:61,1
DA:62,1
DA:63,1
DA:64,1
DA:65,1
DA:66,0
DA:67,0
DA:68,1
DA:69,1
DA:70,0
DA:71,0
DA:72,1
DA:73,1
DA:74,1
DA:75,3
DA:76,3
DA:77,2
DA:78,2
DA:79,1
DA:80,1
DA:81,1
DA:82,1
DA:83,2
DA:84,3
DA:85,3
DA:86,3
DA:87,3
DA:88,3
DA:89,3
DA:90,3
DA:91,3
DA:92,3
DA:93,3
DA:94,3
DA:95,3
DA:96,3
DA:97,3
DA:98,3
DA:99,3
DA:100,1
DA:101,1
DA:102,1
DA:103,1
DA:104,1
DA:105,1
DA:106,1
DA:107,1
DA:108,1
DA:109,1
DA:110,1
DA:111,1
DA:112,1
DA:113,1
DA:114,2
DA:115,3
DA:116,1
DA:117,1
DA:118,1
DA:119,1
DA:120,1
DA:121,1
DA:122,1
LF:122
LH:115
BRDA:18,0,0,0
BRDA:18,1,0,0
BRDA:20,2,0,0
BRDA:20,3,0,0
BRDA:21,4,0,0
BRDA:21,5,0,0
BRDA:22,6,0,0
BRDA:22,7,0,0
BRDA:23,8,0,0
BRDA:23,9,0,0
BRDA:25,10,0,3
BRDA:99,11,0,1
BRDA:113,12,0,2
BRDA:115,13,0,1
BRDA:52,14,0,3
BRDA:76,15,0,2
BRDA:78,16,0,1
BRDA:59,17,0,1
BRDA:65,18,0,0
BRDA:69,19,0,0
BRDA:85,20,0,3
BRF:21
BRH:9
end_of_record
TN:
SF:libs/shared-auth/src/RequireOrganization/RequireOrganization.tsx
FN:25,useOrganizationContext
FN:61,RequireOrganization
FN:80,useOrganizationId
FNF:3
FNH:3
FNDA:3,useOrganizationContext
FNDA:2,RequireOrganization
FNDA:1,useOrganizationId
DA:1,1
DA:2,1
DA:3,1
DA:4,1
DA:5,1
DA:6,1
DA:7,1
DA:8,1
DA:9,1
DA:10,1
DA:11,1
DA:12,1
DA:13,1
DA:14,1
DA:15,1
DA:16,1
DA:17,1
DA:18,1
DA:19,1
DA:20,1
DA:21,1
DA:22,1
DA:23,1
DA:24,1
DA:25,1
DA:26,3
DA:27,3
DA:28,3
DA:29,3
DA:30,3
DA:31,3
DA:32,3
DA:33,3
DA:34,3
DA:35,3
DA:36,3
DA:37,3
DA:38,3
DA:39,3
DA:40,2
DA:41,2
DA:42,2
DA:43,2
DA:44,2
DA:45,2
DA:46,3
DA:47,3
DA:48,3
DA:49,3
DA:50,3
DA:51,3
DA:52,3
DA:53,3
DA:54,3
DA:55,3
DA:56,1
DA:57,1
DA:58,1
DA:59,1
DA:60,1
DA:61,1
DA:62,2
DA:63,2
DA:64,2
DA:65,2
DA:66,2
DA:67,2
DA:68,2
DA:69,2
DA:70,2
DA:71,2
DA:72,0
DA:73,0
DA:74,2
DA:75,2
DA:76,2
DA:77,2
DA:78,2
DA:79,1
DA:80,1
DA:81,1
DA:82,1
DA:83,1
DA:84,1
DA:85,1
DA:86,1
DA:87,1
LF:87
LH:85
BRDA:25,0,0,3
BRDA:29,1,0,1
BRDA:29,2,0,2
BRDA:29,3,0,2
BRDA:29,4,0,1
BRDA:30,5,0,1
BRDA:30,6,0,2
BRDA:30,7,0,2
BRDA:30,8,0,1
BRDA:31,9,0,1
BRDA:31,10,0,2
BRDA:31,11,0,2
BRDA:31,12,0,1
BRDA:32,13,0,1
BRDA:32,14,0,2
BRDA:33,15,0,1
BRDA:33,16,0,2
BRDA:34,17,0,1
BRDA:34,18,0,2
BRDA:34,19,0,1
BRDA:34,20,0,2
BRDA:39,21,0,2
BRDA:48,22,0,1
BRDA:48,23,0,2
BRDA:48,24,0,2
BRDA:48,25,0,1
BRDA:49,26,0,1
BRDA:49,27,0,2
BRDA:49,28,0,2
BRDA:49,29,0,1
BRDA:50,30,0,1
BRDA:50,31,0,2
BRDA:50,32,0,2
BRDA:50,33,0,1
BRDA:51,34,0,1
BRDA:51,35,0,2
BRDA:52,36,0,1
BRDA:52,37,0,2
BRDA:61,38,0,2
BRDA:68,39,0,0
BRDA:68,40,0,0
BRDA:68,41,0,0
BRDA:71,42,0,0
BRDA:80,43,0,1
BRDA:84,44,0,0
BRF:45
BRH:40
end_of_record
